#! /usr/bin/vvp
:ivl_version "10.3 (stable)";
:ivl_delay_selection "TYPICAL";
:vpi_time_precision + 0;
:vpi_module "system";
:vpi_module "vhdl_sys";
:vpi_module "v2005_math";
:vpi_module "va_math";
S_0x55631f03f490 .scope module, "ALU_tb" "ALU_tb" 2 1;
 .timescale 0 0;
v0x55631f056c60_0 .net "Cr", 0 0, L_0x55631f0572a0;  1 drivers
v0x55631f056d20_0 .net "O", 0 0, L_0x55631f0575d0;  1 drivers
v0x55631f056dc0_0 .net "P", 0 0, L_0x55631f057510;  1 drivers
v0x55631f056e60_0 .net "S", 0 0, L_0x55631f057360;  1 drivers
v0x55631f056f00_0 .var "X", 15 0;
v0x55631f056fa0_0 .var "Y", 15 0;
v0x55631f057040_0 .net "Z", 15 0, L_0x55631f0571e0;  1 drivers
v0x55631f057110_0 .net "Ze", 0 0, L_0x55631f057420;  1 drivers
S_0x55631f03f610 .scope module, "DUT" "ALU" 2 5, 3 1 0, S_0x55631f03f490;
 .timescale 0 0;
    .port_info 0 /INPUT 16 "X"
    .port_info 1 /INPUT 16 "Y"
    .port_info 2 /OUTPUT 16 "Z"
    .port_info 3 /OUTPUT 1 "Sign"
    .port_info 4 /OUTPUT 1 "Carry"
    .port_info 5 /OUTPUT 1 "Zero"
    .port_info 6 /OUTPUT 1 "Parity"
    .port_info 7 /OUTPUT 1 "Overflow"
L_0x55631f0571e0 .functor BUFZ 16, v0x55631f056820_0, C4<0000000000000000>, C4<0000000000000000>, C4<0000000000000000>;
L_0x55631f0572a0 .functor BUFZ 1, v0x55631f056010_0, C4<0>, C4<0>, C4<0>;
L_0x55631f057360 .functor BUFZ 1, v0x55631f0564c0_0, C4<0>, C4<0>, C4<0>;
L_0x55631f057420 .functor BUFZ 1, v0x55631f0569c0_0, C4<0>, C4<0>, C4<0>;
L_0x55631f057510 .functor BUFZ 1, v0x55631f056340_0, C4<0>, C4<0>, C4<0>;
L_0x55631f0575d0 .functor BUFZ 1, v0x55631f056170_0, C4<0>, C4<0>, C4<0>;
v0x55631f006100_0 .net "Carry", 0 0, L_0x55631f0572a0;  alias, 1 drivers
v0x55631f056010_0 .var "Carry_reg", 0 0;
v0x55631f0560d0_0 .net "Overflow", 0 0, L_0x55631f0575d0;  alias, 1 drivers
v0x55631f056170_0 .var "Overflow_reg", 0 0;
v0x55631f056230_0 .net "Parity", 0 0, L_0x55631f057510;  alias, 1 drivers
v0x55631f056340_0 .var "Parity_reg", 0 0;
v0x55631f056400_0 .net "Sign", 0 0, L_0x55631f057360;  alias, 1 drivers
v0x55631f0564c0_0 .var "Sign_reg", 0 0;
v0x55631f056580_0 .net "X", 15 0, v0x55631f056f00_0;  1 drivers
v0x55631f056660_0 .net "Y", 15 0, v0x55631f056fa0_0;  1 drivers
v0x55631f056740_0 .net "Z", 15 0, L_0x55631f0571e0;  alias, 1 drivers
v0x55631f056820_0 .var "Z_reg", 15 0;
v0x55631f056900_0 .net "Zero", 0 0, L_0x55631f057420;  alias, 1 drivers
v0x55631f0569c0_0 .var "Zero_reg", 0 0;
v0x55631f056a80_0 .var "temp_sum", 16 0;
E_0x55631f03bb90 .event edge, v0x55631f056580_0, v0x55631f056660_0, v0x55631f056a80_0, v0x55631f056820_0;
    .scope S_0x55631f03f610;
T_0 ;
    %wait E_0x55631f03bb90;
    %load/vec4 v0x55631f056580_0;
    %pad/u 17;
    %load/vec4 v0x55631f056660_0;
    %pad/u 17;
    %add;
    %store/vec4 v0x55631f056a80_0, 0, 17;
    %load/vec4 v0x55631f056a80_0;
    %parti/s 16, 0, 2;
    %store/vec4 v0x55631f056820_0, 0, 16;
    %load/vec4 v0x55631f056a80_0;
    %parti/s 1, 16, 6;
    %store/vec4 v0x55631f056010_0, 0, 1;
    %load/vec4 v0x55631f056820_0;
    %parti/s 1, 15, 5;
    %store/vec4 v0x55631f0564c0_0, 0, 1;
    %load/vec4 v0x55631f056820_0;
    %pushi/vec4 0, 0, 16;
    %cmp/e;
    %flag_get/vec4 4;
    %store/vec4 v0x55631f0569c0_0, 0, 1;
    %load/vec4 v0x55631f056820_0;
    %xor/r;
    %store/vec4 v0x55631f056340_0, 0, 1;
    %load/vec4 v0x55631f056580_0;
    %parti/s 1, 15, 5;
    %load/vec4 v0x55631f056660_0;
    %parti/s 1, 15, 5;
    %cmp/e;
    %flag_get/vec4 4;
    %load/vec4 v0x55631f056820_0;
    %parti/s 1, 15, 5;
    %load/vec4 v0x55631f056580_0;
    %parti/s 1, 15, 5;
    %cmp/e;
    %flag_get/vec4 4;
    %inv;
    %and;
    %store/vec4 v0x55631f056170_0, 0, 1;
    %jmp T_0;
    .thread T_0, $push;
    .scope S_0x55631f03f490;
T_1 ;
    %vpi_call 2 8 "$dumpfile", "sim_rtl/alu_rtl_1.vcd" {0 0 0};
    %vpi_call 2 9 "$dumpvars", 32'sb00000000000000000000000000000000, S_0x55631f03f490 {0 0 0};
    %vpi_call 2 10 "$monitor", $time, "X=%h,Y=%h,Z=%h,S=%b,Cr=%b,Ze=%b,P=%b,O=%b", v0x55631f056f00_0, v0x55631f056fa0_0, v0x55631f057040_0, v0x55631f056e60_0, v0x55631f056c60_0, v0x55631f057110_0, v0x55631f056dc0_0, v0x55631f056d20_0 {0 0 0};
    %delay 2, 0;
    %pushi/vec4 20358, 0, 16;
    %store/vec4 v0x55631f056f00_0, 0, 16;
    %pushi/vec4 4664, 0, 16;
    %store/vec4 v0x55631f056fa0_0, 0, 16;
    %delay 7, 0;
    %pushi/vec4 20357, 0, 16;
    %store/vec4 v0x55631f056f00_0, 0, 16;
    %pushi/vec4 32768, 0, 16;
    %store/vec4 v0x55631f056fa0_0, 0, 16;
    %delay 6, 0;
    %pushi/vec4 43690, 0, 16;
    %store/vec4 v0x55631f056f00_0, 0, 16;
    %pushi/vec4 21847, 0, 16;
    %store/vec4 v0x55631f056fa0_0, 0, 16;
    %delay 15, 0;
    %vpi_call 2 14 "$finish" {0 0 0};
    %end;
    .thread T_1;
# The file index is used to find the file name in the following table.
:file_names 4;
    "N/A";
    "<interactive>";
    "tb/alu_16_tb1.v";
    "rtl/alu_16.v";
