#! /usr/bin/vvp
:ivl_version "10.3 (stable)";
:ivl_delay_selection "TYPICAL";
:vpi_time_precision + 0;
:vpi_module "system";
:vpi_module "vhdl_sys";
:vpi_module "v2005_math";
:vpi_module "va_math";
S_0x55dff449a490 .scope module, "ALU_tb" "ALU_tb" 2 1;
 .timescale 0 0;
v0x55dff44b1be0_0 .net "Cr", 0 0, L_0x55dff44b2220;  1 drivers
v0x55dff44b1ca0_0 .net "O", 0 0, L_0x55dff44b2550;  1 drivers
v0x55dff44b1d40_0 .net "P", 0 0, L_0x55dff44b2490;  1 drivers
v0x55dff44b1de0_0 .net "S", 0 0, L_0x55dff44b22e0;  1 drivers
v0x55dff44b1e80_0 .var "X", 15 0;
v0x55dff44b1f20_0 .var "Y", 15 0;
v0x55dff44b1fc0_0 .net "Z", 15 0, L_0x55dff44b2160;  1 drivers
v0x55dff44b2090_0 .net "Ze", 0 0, L_0x55dff44b23a0;  1 drivers
S_0x55dff449a610 .scope module, "DUT" "ALU" 2 5, 3 1 0, S_0x55dff449a490;
 .timescale 0 0;
    .port_info 0 /INPUT 16 "X"
    .port_info 1 /INPUT 16 "Y"
    .port_info 2 /OUTPUT 16 "Z"
    .port_info 3 /OUTPUT 1 "Sign"
    .port_info 4 /OUTPUT 1 "Carry"
    .port_info 5 /OUTPUT 1 "Zero"
    .port_info 6 /OUTPUT 1 "Parity"
    .port_info 7 /OUTPUT 1 "Overflow"
L_0x55dff44b2160 .functor BUFZ 16, v0x55dff44b17a0_0, C4<0000000000000000>, C4<0000000000000000>, C4<0000000000000000>;
L_0x55dff44b2220 .functor BUFZ 1, v0x55dff44b0f90_0, C4<0>, C4<0>, C4<0>;
L_0x55dff44b22e0 .functor BUFZ 1, v0x55dff44b1440_0, C4<0>, C4<0>, C4<0>;
L_0x55dff44b23a0 .functor BUFZ 1, v0x55dff44b1940_0, C4<0>, C4<0>, C4<0>;
L_0x55dff44b2490 .functor BUFZ 1, v0x55dff44b12c0_0, C4<0>, C4<0>, C4<0>;
L_0x55dff44b2550 .functor BUFZ 1, v0x55dff44b10f0_0, C4<0>, C4<0>, C4<0>;
v0x55dff4461100_0 .net "Carry", 0 0, L_0x55dff44b2220;  alias, 1 drivers
v0x55dff44b0f90_0 .var "Carry_reg", 0 0;
v0x55dff44b1050_0 .net "Overflow", 0 0, L_0x55dff44b2550;  alias, 1 drivers
v0x55dff44b10f0_0 .var "Overflow_reg", 0 0;
v0x55dff44b11b0_0 .net "Parity", 0 0, L_0x55dff44b2490;  alias, 1 drivers
v0x55dff44b12c0_0 .var "Parity_reg", 0 0;
v0x55dff44b1380_0 .net "Sign", 0 0, L_0x55dff44b22e0;  alias, 1 drivers
v0x55dff44b1440_0 .var "Sign_reg", 0 0;
v0x55dff44b1500_0 .net "X", 15 0, v0x55dff44b1e80_0;  1 drivers
v0x55dff44b15e0_0 .net "Y", 15 0, v0x55dff44b1f20_0;  1 drivers
v0x55dff44b16c0_0 .net "Z", 15 0, L_0x55dff44b2160;  alias, 1 drivers
v0x55dff44b17a0_0 .var "Z_reg", 15 0;
v0x55dff44b1880_0 .net "Zero", 0 0, L_0x55dff44b23a0;  alias, 1 drivers
v0x55dff44b1940_0 .var "Zero_reg", 0 0;
v0x55dff44b1a00_0 .var "temp_sum", 16 0;
E_0x55dff4496b90 .event edge, v0x55dff44b1500_0, v0x55dff44b15e0_0, v0x55dff44b1a00_0, v0x55dff44b17a0_0;
    .scope S_0x55dff449a610;
T_0 ;
    %wait E_0x55dff4496b90;
    %load/vec4 v0x55dff44b1500_0;
    %pad/u 17;
    %load/vec4 v0x55dff44b15e0_0;
    %pad/u 17;
    %add;
    %store/vec4 v0x55dff44b1a00_0, 0, 17;
    %load/vec4 v0x55dff44b1a00_0;
    %parti/s 16, 0, 2;
    %store/vec4 v0x55dff44b17a0_0, 0, 16;
    %load/vec4 v0x55dff44b1a00_0;
    %parti/s 1, 16, 6;
    %store/vec4 v0x55dff44b0f90_0, 0, 1;
    %load/vec4 v0x55dff44b17a0_0;
    %parti/s 1, 15, 5;
    %store/vec4 v0x55dff44b1440_0, 0, 1;
    %load/vec4 v0x55dff44b17a0_0;
    %pushi/vec4 0, 0, 16;
    %cmp/e;
    %flag_get/vec4 4;
    %store/vec4 v0x55dff44b1940_0, 0, 1;
    %load/vec4 v0x55dff44b17a0_0;
    %xor/r;
    %store/vec4 v0x55dff44b12c0_0, 0, 1;
    %load/vec4 v0x55dff44b1500_0;
    %parti/s 1, 15, 5;
    %load/vec4 v0x55dff44b15e0_0;
    %parti/s 1, 15, 5;
    %cmp/e;
    %flag_get/vec4 4;
    %load/vec4 v0x55dff44b17a0_0;
    %parti/s 1, 15, 5;
    %load/vec4 v0x55dff44b1500_0;
    %parti/s 1, 15, 5;
    %cmp/e;
    %flag_get/vec4 4;
    %inv;
    %and;
    %store/vec4 v0x55dff44b10f0_0, 0, 1;
    %jmp T_0;
    .thread T_0, $push;
    .scope S_0x55dff449a490;
T_1 ;
    %vpi_call 2 8 "$dumpfile", "sim_rtl/alu_rtl.vcd" {0 0 0};
    %vpi_call 2 9 "$dumpvars", 32'sb00000000000000000000000000000000, S_0x55dff449a490 {0 0 0};
    %vpi_call 2 10 "$monitor", $time, "X=%h,Y=%h,Z=%h,S=%b,Cr=%b,Ze=%b,P=%b,O=%b", v0x55dff44b1e80_0, v0x55dff44b1f20_0, v0x55dff44b1fc0_0, v0x55dff44b1de0_0, v0x55dff44b1be0_0, v0x55dff44b2090_0, v0x55dff44b1d40_0, v0x55dff44b1ca0_0 {0 0 0};
    %delay 5, 0;
    %pushi/vec4 20358, 0, 16;
    %store/vec4 v0x55dff44b1e80_0, 0, 16;
    %pushi/vec4 4660, 0, 16;
    %store/vec4 v0x55dff44b1f20_0, 0, 16;
    %delay 5, 0;
    %pushi/vec4 20359, 0, 16;
    %store/vec4 v0x55dff44b1e80_0, 0, 16;
    %pushi/vec4 32768, 0, 16;
    %store/vec4 v0x55dff44b1f20_0, 0, 16;
    %delay 5, 0;
    %pushi/vec4 43690, 0, 16;
    %store/vec4 v0x55dff44b1e80_0, 0, 16;
    %pushi/vec4 21845, 0, 16;
    %store/vec4 v0x55dff44b1f20_0, 0, 16;
    %delay 5, 0;
    %vpi_call 2 14 "$finish" {0 0 0};
    %end;
    .thread T_1;
# The file index is used to find the file name in the following table.
:file_names 4;
    "N/A";
    "<interactive>";
    "tb/alu_16_tb.v";
    "rtl/alu_16.v";
