#! /usr/bin/vvp
:ivl_version "10.3 (stable)";
:ivl_delay_selection "TYPICAL";
:vpi_time_precision + 0;
:vpi_module "system";
:vpi_module "vhdl_sys";
:vpi_module "v2005_math";
:vpi_module "va_math";
S_0x55a5aeffd120 .scope module, "counter_tb" "counter_tb" 2 1;
 .timescale 0 0;
v0x55a5af00d420_0 .var "clk", 0 0;
v0x55a5af00d4f0_0 .net "count", 3 0, v0x55a5af00d220_0;  1 drivers
v0x55a5af00d5c0_0 .var "rst", 0 0;
S_0x55a5aeffd2a0 .scope module, "uut" "counter" 2 7, 3 2 0, S_0x55a5aeffd120;
 .timescale 0 0;
    .port_info 0 /INPUT 1 "clk"
    .port_info 1 /INPUT 1 "rst"
    .port_info 2 /OUTPUT 4 "count"
v0x55a5aefc70a0_0 .net "clk", 0 0, v0x55a5af00d420_0;  1 drivers
v0x55a5af00d220_0 .var "count", 3 0;
v0x55a5af00d300_0 .net "rst", 0 0, v0x55a5af00d5c0_0;  1 drivers
E_0x55a5aeffd750/0 .event negedge, v0x55a5aefc70a0_0;
E_0x55a5aeffd750/1 .event posedge, v0x55a5af00d300_0;
E_0x55a5aeffd750 .event/or E_0x55a5aeffd750/0, E_0x55a5aeffd750/1;
    .scope S_0x55a5aeffd2a0;
T_0 ;
    %wait E_0x55a5aeffd750;
    %load/vec4 v0x55a5af00d300_0;
    %flag_set/vec4 8;
    %jmp/0xz  T_0.0, 8;
    %pushi/vec4 0, 0, 4;
    %assign/vec4 v0x55a5af00d220_0, 0;
    %jmp T_0.1;
T_0.0 ;
    %load/vec4 v0x55a5af00d220_0;
    %addi 1, 0, 4;
    %assign/vec4 v0x55a5af00d220_0, 0;
T_0.1 ;
    %jmp T_0;
    .thread T_0;
    .scope S_0x55a5aeffd120;
T_1 ;
    %delay 5, 0;
    %load/vec4 v0x55a5af00d420_0;
    %inv;
    %store/vec4 v0x55a5af00d420_0, 0, 1;
    %jmp T_1;
    .thread T_1;
    .scope S_0x55a5aeffd120;
T_2 ;
    %vpi_call 2 17 "$dumpfile", "sim_rtl/counter_rtl.vcd" {0 0 0};
    %vpi_call 2 18 "$dumpvars", 32'sb00000000000000000000000000000000, S_0x55a5aeffd120 {0 0 0};
    %pushi/vec4 0, 0, 1;
    %store/vec4 v0x55a5af00d420_0, 0, 1;
    %pushi/vec4 1, 0, 1;
    %store/vec4 v0x55a5af00d5c0_0, 0, 1;
    %delay 5, 0;
    %pushi/vec4 0, 0, 1;
    %store/vec4 v0x55a5af00d5c0_0, 0, 1;
    %delay 20, 0;
    %vpi_call 2 24 "$finish" {0 0 0};
    %end;
    .thread T_2;
# The file index is used to find the file name in the following table.
:file_names 4;
    "N/A";
    "<interactive>";
    "tb/counter_tb.v";
    "rtl/counter.v";
