#! /usr/bin/vvp
:ivl_version "11.0 (stable)";
:ivl_delay_selection "TYPICAL";
:vpi_time_precision - 12;
:vpi_module "/usr/lib/x86_64-linux-gnu/ivl/system.vpi";
:vpi_module "/usr/lib/x86_64-linux-gnu/ivl/vhdl_sys.vpi";
:vpi_module "/usr/lib/x86_64-linux-gnu/ivl/vhdl_textio.vpi";
:vpi_module "/usr/lib/x86_64-linux-gnu/ivl/v2005_math.vpi";
:vpi_module "/usr/lib/x86_64-linux-gnu/ivl/va_math.vpi";
S_0x627001b98a20 .scope module, "decoder2x4_tb3" "decoder2x4_tb3" 2 23;
 .timescale -9 -12;
v0x627001baa9c0_0 .var "in", 1 0;
v0x627001baaa80_0 .net "out", 3 0, v0x627001b60ba0_0;  1 drivers
S_0x627001b98bb0 .scope module, "dut" "decoder2x4" 2 27, 3 23 0, S_0x627001b98a20;
 .timescale -9 -12;
    .port_info 0 /INPUT 2 "in";
    .port_info 1 /OUTPUT 4 "out";
v0x627001b607b0_0 .net "in", 1 0, v0x627001baa9c0_0;  1 drivers
v0x627001b60ba0_0 .var "out", 3 0;
E_0x627001b5f7d0 .event edge, v0x627001b607b0_0;
    .scope S_0x627001b98bb0;
T_0 ;
    %wait E_0x627001b5f7d0;
    %load/vec4 v0x627001b607b0_0;
    %dup/vec4;
    %pushi/vec4 0, 0, 2;
    %cmp/u;
    %jmp/1 T_0.0, 6;
    %dup/vec4;
    %pushi/vec4 1, 0, 2;
    %cmp/u;
    %jmp/1 T_0.1, 6;
    %dup/vec4;
    %pushi/vec4 2, 0, 2;
    %cmp/u;
    %jmp/1 T_0.2, 6;
    %dup/vec4;
    %pushi/vec4 3, 0, 2;
    %cmp/u;
    %jmp/1 T_0.3, 6;
    %jmp T_0.4;
T_0.0 ;
    %pushi/vec4 1, 0, 4;
    %store/vec4 v0x627001b60ba0_0, 0, 4;
    %jmp T_0.4;
T_0.1 ;
    %pushi/vec4 2, 0, 4;
    %store/vec4 v0x627001b60ba0_0, 0, 4;
    %jmp T_0.4;
T_0.2 ;
    %pushi/vec4 4, 0, 4;
    %store/vec4 v0x627001b60ba0_0, 0, 4;
    %jmp T_0.4;
T_0.3 ;
    %pushi/vec4 8, 0, 4;
    %store/vec4 v0x627001b60ba0_0, 0, 4;
    %jmp T_0.4;
T_0.4 ;
    %pop/vec4 1;
    %jmp T_0;
    .thread T_0, $push;
    .scope S_0x627001b98a20;
T_1 ;
    %vpi_call 2 30 "$dumpfile", "vcd/decoder2x4_rtl3.vcd" {0 0 0};
    %vpi_call 2 31 "$dumpvars", 32'sb00000000000000000000000000000000, S_0x627001b98a20 {0 0 0};
    %end;
    .thread T_1;
    .scope S_0x627001b98a20;
T_2 ;
    %pushi/vec4 0, 0, 2;
    %store/vec4 v0x627001baa9c0_0, 0, 2;
    %delay 5000, 0;
    %pushi/vec4 1, 0, 2;
    %store/vec4 v0x627001baa9c0_0, 0, 2;
    %delay 5000, 0;
    %pushi/vec4 2, 0, 2;
    %store/vec4 v0x627001baa9c0_0, 0, 2;
    %delay 10000, 0;
    %pushi/vec4 3, 0, 2;
    %store/vec4 v0x627001baa9c0_0, 0, 2;
    %delay 7000, 0;
    %pushi/vec4 3, 0, 2;
    %store/vec4 v0x627001baa9c0_0, 0, 2;
    %delay 8000, 0;
    %pushi/vec4 1, 0, 2;
    %store/vec4 v0x627001baa9c0_0, 0, 2;
    %delay 5000, 0;
    %pushi/vec4 0, 0, 2;
    %store/vec4 v0x627001baa9c0_0, 0, 2;
    %delay 12000, 0;
    %vpi_call 2 48 "$finish" {0 0 0};
    %end;
    .thread T_2;
# The file index is used to find the file name in the following table.
:file_names 4;
    "N/A";
    "<interactive>";
    "tb/decoder2x4_tb3.v";
    "rtl/decoder2x4.v";
