#! /usr/bin/vvp
:ivl_version "11.0 (stable)";
:ivl_delay_selection "TYPICAL";
:vpi_time_precision - 12;
:vpi_module "/usr/lib/x86_64-linux-gnu/ivl/system.vpi";
:vpi_module "/usr/lib/x86_64-linux-gnu/ivl/vhdl_sys.vpi";
:vpi_module "/usr/lib/x86_64-linux-gnu/ivl/vhdl_textio.vpi";
:vpi_module "/usr/lib/x86_64-linux-gnu/ivl/v2005_math.vpi";
:vpi_module "/usr/lib/x86_64-linux-gnu/ivl/va_math.vpi";
S_0x63e1328e4c60 .scope module, "demux1x4_tb" "demux1x4_tb" 2 23;
 .timescale -9 -12;
v0x63e1328fa180_0 .var "a", 3 0;
v0x63e1328fa260_0 .net "o0", 0 0, v0x63e1328f9cb0_0;  1 drivers
v0x63e1328fa330_0 .net "o1", 0 0, v0x63e1328f9d70_0;  1 drivers
v0x63e1328fa430_0 .net "o2", 0 0, v0x63e1328f9e10_0;  1 drivers
v0x63e1328fa500_0 .net "o3", 0 0, v0x63e1328f9ed0_0;  1 drivers
v0x63e1328fa5f0_0 .var "sel", 1 0;
S_0x63e1328e4df0 .scope module, "dut" "demux1x4" 2 28, 3 23 0, S_0x63e1328e4c60;
 .timescale -9 -12;
    .port_info 0 /INPUT 4 "a";
    .port_info 1 /INPUT 2 "sel";
    .port_info 2 /OUTPUT 1 "o0";
    .port_info 3 /OUTPUT 1 "o1";
    .port_info 4 /OUTPUT 1 "o2";
    .port_info 5 /OUTPUT 1 "o3";
v0x63e1328a9cf0_0 .net "a", 3 0, v0x63e1328fa180_0;  1 drivers
v0x63e1328f9cb0_0 .var "o0", 0 0;
v0x63e1328f9d70_0 .var "o1", 0 0;
v0x63e1328f9e10_0 .var "o2", 0 0;
v0x63e1328f9ed0_0 .var "o3", 0 0;
v0x63e1328f9fe0_0 .net "sel", 1 0, v0x63e1328fa5f0_0;  1 drivers
E_0x63e1328e2ce0 .event edge, v0x63e1328f9fe0_0, v0x63e1328a9cf0_0;
    .scope S_0x63e1328e4df0;
T_0 ;
    %wait E_0x63e1328e2ce0;
    %pushi/vec4 0, 0, 1;
    %store/vec4 v0x63e1328f9cb0_0, 0, 1;
    %pushi/vec4 0, 0, 1;
    %store/vec4 v0x63e1328f9d70_0, 0, 1;
    %pushi/vec4 0, 0, 1;
    %store/vec4 v0x63e1328f9e10_0, 0, 1;
    %pushi/vec4 0, 0, 1;
    %store/vec4 v0x63e1328f9ed0_0, 0, 1;
    %load/vec4 v0x63e1328f9fe0_0;
    %dup/vec4;
    %pushi/vec4 0, 0, 2;
    %cmp/u;
    %jmp/1 T_0.0, 6;
    %dup/vec4;
    %pushi/vec4 1, 0, 2;
    %cmp/u;
    %jmp/1 T_0.1, 6;
    %dup/vec4;
    %pushi/vec4 2, 0, 2;
    %cmp/u;
    %jmp/1 T_0.2, 6;
    %dup/vec4;
    %pushi/vec4 3, 0, 2;
    %cmp/u;
    %jmp/1 T_0.3, 6;
    %jmp T_0.4;
T_0.0 ;
    %load/vec4 v0x63e1328a9cf0_0;
    %parti/s 1, 0, 2;
    %store/vec4 v0x63e1328f9cb0_0, 0, 1;
    %jmp T_0.4;
T_0.1 ;
    %load/vec4 v0x63e1328a9cf0_0;
    %parti/s 1, 1, 2;
    %store/vec4 v0x63e1328f9d70_0, 0, 1;
    %jmp T_0.4;
T_0.2 ;
    %load/vec4 v0x63e1328a9cf0_0;
    %parti/s 1, 2, 3;
    %store/vec4 v0x63e1328f9e10_0, 0, 1;
    %jmp T_0.4;
T_0.3 ;
    %load/vec4 v0x63e1328a9cf0_0;
    %parti/s 1, 3, 3;
    %store/vec4 v0x63e1328f9ed0_0, 0, 1;
    %jmp T_0.4;
T_0.4 ;
    %pop/vec4 1;
    %jmp T_0;
    .thread T_0, $push;
    .scope S_0x63e1328e4c60;
T_1 ;
    %vpi_call 2 31 "$dumpfile", "vcd/demux1x4_rtl.vcd" {0 0 0};
    %vpi_call 2 32 "$dumpvars", 32'sb00000000000000000000000000000000, S_0x63e1328e4c60 {0 0 0};
    %end;
    .thread T_1;
    .scope S_0x63e1328e4c60;
T_2 ;
    %pushi/vec4 0, 0, 2;
    %store/vec4 v0x63e1328fa5f0_0, 0, 2;
    %pushi/vec4 5, 0, 4;
    %store/vec4 v0x63e1328fa180_0, 0, 4;
    %delay 5000, 0;
    %pushi/vec4 1, 0, 2;
    %store/vec4 v0x63e1328fa5f0_0, 0, 2;
    %pushi/vec4 5, 0, 4;
    %store/vec4 v0x63e1328fa180_0, 0, 4;
    %delay 6000, 0;
    %pushi/vec4 2, 0, 2;
    %store/vec4 v0x63e1328fa5f0_0, 0, 2;
    %pushi/vec4 5, 0, 4;
    %store/vec4 v0x63e1328fa180_0, 0, 4;
    %delay 7000, 0;
    %pushi/vec4 3, 0, 2;
    %store/vec4 v0x63e1328fa5f0_0, 0, 2;
    %pushi/vec4 7, 0, 4;
    %store/vec4 v0x63e1328fa180_0, 0, 4;
    %delay 8000, 0;
    %pushi/vec4 1, 0, 2;
    %store/vec4 v0x63e1328fa5f0_0, 0, 2;
    %pushi/vec4 5, 0, 4;
    %store/vec4 v0x63e1328fa180_0, 0, 4;
    %delay 9000, 0;
    %pushi/vec4 0, 0, 2;
    %store/vec4 v0x63e1328fa5f0_0, 0, 2;
    %pushi/vec4 13, 0, 4;
    %store/vec4 v0x63e1328fa180_0, 0, 4;
    %delay 5000, 0;
    %pushi/vec4 2, 0, 2;
    %store/vec4 v0x63e1328fa5f0_0, 0, 2;
    %pushi/vec4 8, 0, 4;
    %store/vec4 v0x63e1328fa180_0, 0, 4;
    %delay 10000, 0;
    %vpi_call 2 49 "$finish" {0 0 0};
    %end;
    .thread T_2;
# The file index is used to find the file name in the following table.
:file_names 4;
    "N/A";
    "<interactive>";
    "tb/demux1x4_tb.v";
    "rtl/demux1x4.v";
