#! /usr/bin/vvp
:ivl_version "10.3 (stable)";
:ivl_delay_selection "TYPICAL";
:vpi_time_precision + 0;
:vpi_module "system";
:vpi_module "vhdl_sys";
:vpi_module "v2005_math";
:vpi_module "va_math";
S_0x564b13698f50 .scope module, "dff_tb" "dff_tb" 2 1;
 .timescale 0 0;
v0x564b136aa9b0_0 .var "D", 0 0;
v0x564b136aaa70_0 .net "Q", 0 0, v0x564b136aa6b0_0;  1 drivers
v0x564b136aab40_0 .net "Q_bar", 0 0, v0x564b136aa770_0;  1 drivers
v0x564b136aac40_0 .var "clk", 0 0;
S_0x564b136990d0 .scope module, "DUT" "dff" 2 4, 3 1 0, S_0x564b13698f50;
 .timescale 0 0;
    .port_info 0 /INPUT 1 "D"
    .port_info 1 /INPUT 1 "clk"
    .port_info 2 /OUTPUT 1 "Q"
    .port_info 3 /OUTPUT 1 "Q_bar"
v0x564b13663030_0 .net "D", 0 0, v0x564b136aa9b0_0;  1 drivers
v0x564b136aa6b0_0 .var "Q", 0 0;
v0x564b136aa770_0 .var "Q_bar", 0 0;
v0x564b136aa840_0 .net "clk", 0 0, v0x564b136aac40_0;  1 drivers
E_0x564b136639d0 .event negedge, v0x564b136aa840_0;
    .scope S_0x564b136990d0;
T_0 ;
    %wait E_0x564b136639d0;
    %load/vec4 v0x564b13663030_0;
    %store/vec4 v0x564b136aa6b0_0, 0, 1;
    %load/vec4 v0x564b13663030_0;
    %inv;
    %store/vec4 v0x564b136aa770_0, 0, 1;
    %jmp T_0;
    .thread T_0;
    .scope S_0x564b13698f50;
T_1 ;
    %delay 7, 0;
    %load/vec4 v0x564b136aac40_0;
    %inv;
    %store/vec4 v0x564b136aac40_0, 0, 1;
    %jmp T_1;
    .thread T_1;
    .scope S_0x564b13698f50;
T_2 ;
    %pushi/vec4 0, 0, 1;
    %store/vec4 v0x564b136aac40_0, 0, 1;
    %pushi/vec4 1, 0, 1;
    %store/vec4 v0x564b136aa9b0_0, 0, 1;
    %vpi_call 2 10 "$dumpfile", "sim_rtl/dff_rtl_2.vcd" {0 0 0};
    %vpi_call 2 11 "$dumpvars", 32'sb00000000000000000000000000000000, S_0x564b13698f50 {0 0 0};
    %vpi_call 2 12 "$monitor", $time, "D=%b,Q=%b,Q_bar=%b", v0x564b136aa9b0_0, v0x564b136aaa70_0, v0x564b136aab40_0 {0 0 0};
    %delay 2, 0;
    %pushi/vec4 0, 0, 1;
    %store/vec4 v0x564b136aa9b0_0, 0, 1;
    %delay 12, 0;
    %pushi/vec4 1, 0, 1;
    %store/vec4 v0x564b136aa9b0_0, 0, 1;
    %delay 20, 0;
    %vpi_call 2 15 "$finish" {0 0 0};
    %end;
    .thread T_2;
# The file index is used to find the file name in the following table.
:file_names 4;
    "N/A";
    "<interactive>";
    "tb/dff_tb2.v";
    "rtl/dff.v";
