#! /usr/bin/vvp
:ivl_version "11.0 (stable)";
:ivl_delay_selection "TYPICAL";
:vpi_time_precision - 12;
:vpi_module "/usr/lib/x86_64-linux-gnu/ivl/system.vpi";
:vpi_module "/usr/lib/x86_64-linux-gnu/ivl/vhdl_sys.vpi";
:vpi_module "/usr/lib/x86_64-linux-gnu/ivl/vhdl_textio.vpi";
:vpi_module "/usr/lib/x86_64-linux-gnu/ivl/v2005_math.vpi";
:vpi_module "/usr/lib/x86_64-linux-gnu/ivl/va_math.vpi";
S_0x566b2925ebb0 .scope module, "encoder4x2_tb" "encoder4x2_tb" 2 23;
 .timescale -9 -12;
v0x566b29271420_0 .var "d", 3 0;
v0x566b292714e0_0 .net "out", 1 0, v0x566b29226ba0_0;  1 drivers
S_0x566b2925ed40 .scope module, "dut" "encoder4x2" 2 27, 3 23 0, S_0x566b2925ebb0;
 .timescale -9 -12;
    .port_info 0 /INPUT 4 "d";
    .port_info 1 /OUTPUT 2 "out";
v0x566b292267b0_0 .net "d", 3 0, v0x566b29271420_0;  1 drivers
v0x566b29226ba0_0 .var "out", 1 0;
E_0x566b29225460 .event edge, v0x566b292267b0_0;
    .scope S_0x566b2925ed40;
T_0 ;
    %wait E_0x566b29225460;
    %load/vec4 v0x566b292267b0_0;
    %dup/vec4;
    %pushi/vec4 1, 0, 4;
    %cmp/u;
    %jmp/1 T_0.0, 6;
    %dup/vec4;
    %pushi/vec4 2, 0, 4;
    %cmp/u;
    %jmp/1 T_0.1, 6;
    %dup/vec4;
    %pushi/vec4 4, 0, 4;
    %cmp/u;
    %jmp/1 T_0.2, 6;
    %dup/vec4;
    %pushi/vec4 8, 0, 4;
    %cmp/u;
    %jmp/1 T_0.3, 6;
    %pushi/vec4 0, 0, 2;
    %store/vec4 v0x566b29226ba0_0, 0, 2;
    %jmp T_0.5;
T_0.0 ;
    %pushi/vec4 0, 0, 2;
    %store/vec4 v0x566b29226ba0_0, 0, 2;
    %jmp T_0.5;
T_0.1 ;
    %pushi/vec4 1, 0, 2;
    %store/vec4 v0x566b29226ba0_0, 0, 2;
    %jmp T_0.5;
T_0.2 ;
    %pushi/vec4 2, 0, 2;
    %store/vec4 v0x566b29226ba0_0, 0, 2;
    %jmp T_0.5;
T_0.3 ;
    %pushi/vec4 3, 0, 2;
    %store/vec4 v0x566b29226ba0_0, 0, 2;
    %jmp T_0.5;
T_0.5 ;
    %pop/vec4 1;
    %jmp T_0;
    .thread T_0, $push;
    .scope S_0x566b2925ebb0;
T_1 ;
    %vpi_call 2 30 "$dumpfile", "vcd/encoder4x2_rtl.vcd" {0 0 0};
    %vpi_call 2 31 "$dumpvars", 32'sb00000000000000000000000000000000, S_0x566b2925ebb0 {0 0 0};
    %end;
    .thread T_1;
    .scope S_0x566b2925ebb0;
T_2 ;
    %pushi/vec4 0, 0, 4;
    %store/vec4 v0x566b29271420_0, 0, 4;
    %delay 5000, 0;
    %pushi/vec4 1, 0, 4;
    %store/vec4 v0x566b29271420_0, 0, 4;
    %delay 5000, 0;
    %pushi/vec4 2, 0, 4;
    %store/vec4 v0x566b29271420_0, 0, 4;
    %delay 5000, 0;
    %pushi/vec4 4, 0, 4;
    %store/vec4 v0x566b29271420_0, 0, 4;
    %delay 5000, 0;
    %pushi/vec4 8, 0, 4;
    %store/vec4 v0x566b29271420_0, 0, 4;
    %delay 5000, 0;
    %pushi/vec4 2, 0, 4;
    %store/vec4 v0x566b29271420_0, 0, 4;
    %delay 5000, 0;
    %pushi/vec4 4, 0, 4;
    %store/vec4 v0x566b29271420_0, 0, 4;
    %delay 5000, 0;
    %pushi/vec4 2, 0, 4;
    %store/vec4 v0x566b29271420_0, 0, 4;
    %delay 5000, 0;
    %pushi/vec4 8, 0, 4;
    %store/vec4 v0x566b29271420_0, 0, 4;
    %delay 5000, 0;
    %vpi_call 2 52 "$finish" {0 0 0};
    %end;
    .thread T_2;
# The file index is used to find the file name in the following table.
:file_names 4;
    "N/A";
    "<interactive>";
    "tb/encoder4x2_tb.v";
    "rtl/encoder4x2.v";
