#! /usr/bin/vvp
:ivl_version "10.3 (stable)";
:ivl_delay_selection "TYPICAL";
:vpi_time_precision + 0;
:vpi_module "system";
:vpi_module "vhdl_sys";
:vpi_module "v2005_math";
:vpi_module "va_math";
S_0x55a60f7c7060 .scope module, "evm_tb" "evm_tb" 2 1;
 .timescale 0 0;
v0x55a60f818ea0_0 .var "button1", 0 0;
v0x55a60f818fb0_0 .var "button2", 0 0;
v0x55a60f8190c0_0 .var "button3", 0 0;
v0x55a60f8191b0_0 .var "button4", 0 0;
v0x55a60f8192a0_0 .var "clk", 0 0;
v0x55a60f819390_0 .net "led", 7 0, v0x55a60f8153b0_0;  1 drivers
v0x55a60f819480_0 .var "mode", 0 0;
v0x55a60f819520_0 .var "reset", 0 0;
S_0x55a60f7c71e0 .scope module, "dut" "votingMachine" 2 11, 3 127 0, S_0x55a60f7c7060;
 .timescale 0 0;
    .port_info 0 /INPUT 1 "clk"
    .port_info 1 /INPUT 1 "reset"
    .port_info 2 /INPUT 1 "mode"
    .port_info 3 /INPUT 1 "button1"
    .port_info 4 /INPUT 1 "button2"
    .port_info 5 /INPUT 1 "button3"
    .port_info 6 /INPUT 1 "button4"
    .port_info 7 /OUTPUT 8 "led"
L_0x55a60f8195c0 .functor OR 1, v0x55a60f816800_0, v0x55a60f816e70_0, C4<0>, C4<0>;
L_0x55a60f8196c0 .functor OR 1, L_0x55a60f8195c0, v0x55a60f8176c0_0, C4<0>, C4<0>;
L_0x55a60f8197e0 .functor OR 1, L_0x55a60f8196c0, v0x55a60f817d00_0, C4<0>, C4<0>;
v0x55a60f817ec0_0 .net *"_s0", 0 0, L_0x55a60f8195c0;  1 drivers
v0x55a60f817fc0_0 .net *"_s2", 0 0, L_0x55a60f8196c0;  1 drivers
v0x55a60f8180a0_0 .net "anyValidVote", 0 0, L_0x55a60f8197e0;  1 drivers
v0x55a60f818140_0 .net "button1", 0 0, v0x55a60f818ea0_0;  1 drivers
v0x55a60f8181e0_0 .net "button2", 0 0, v0x55a60f818fb0_0;  1 drivers
v0x55a60f8182d0_0 .net "button3", 0 0, v0x55a60f8190c0_0;  1 drivers
v0x55a60f818370_0 .net "button4", 0 0, v0x55a60f8191b0_0;  1 drivers
v0x55a60f818440_0 .net "cand1_vote_recvd", 7 0, v0x55a60f815a10_0;  1 drivers
v0x55a60f818530_0 .net "cand2_vote_recvd", 7 0, v0x55a60f815b70_0;  1 drivers
v0x55a60f818660_0 .net "cand3_vote_recvd", 7 0, v0x55a60f815cb0_0;  1 drivers
v0x55a60f818750_0 .net "cand4_vote_recvd", 7 0, v0x55a60f815e70_0;  1 drivers
v0x55a60f818840_0 .net "clk", 0 0, v0x55a60f8192a0_0;  1 drivers
v0x55a60f8188e0_0 .net "led", 7 0, v0x55a60f8153b0_0;  alias, 1 drivers
v0x55a60f818980_0 .net "mode", 0 0, v0x55a60f819480_0;  1 drivers
v0x55a60f818a70_0 .net "reset", 0 0, v0x55a60f819520_0;  1 drivers
v0x55a60f818b10_0 .net "valid_vote_1", 0 0, v0x55a60f816800_0;  1 drivers
v0x55a60f818bb0_0 .net "valid_vote_2", 0 0, v0x55a60f816e70_0;  1 drivers
v0x55a60f818c50_0 .net "valid_vote_3", 0 0, v0x55a60f8176c0_0;  1 drivers
v0x55a60f818cf0_0 .net "valid_vote_4", 0 0, v0x55a60f817d00_0;  1 drivers
S_0x55a60f7b69b0 .scope module, "MC" "modeControl" 3 191, 3 35 0, S_0x55a60f7c71e0;
 .timescale 0 0;
    .port_info 0 /INPUT 1 "clk"
    .port_info 1 /INPUT 1 "reset"
    .port_info 2 /INPUT 1 "mode"
    .port_info 3 /INPUT 1 "valid_vote_casted"
    .port_info 4 /INPUT 8 "cand1_vote"
    .port_info 5 /INPUT 8 "cand2_vote"
    .port_info 6 /INPUT 8 "cand3_vote"
    .port_info 7 /INPUT 8 "cand4_vote"
    .port_info 8 /INPUT 1 "cand1_button_press"
    .port_info 9 /INPUT 1 "cand2_button_press"
    .port_info 10 /INPUT 1 "cand3_button_press"
    .port_info 11 /INPUT 1 "cand4_button_press"
    .port_info 12 /OUTPUT 8 "leds"
v0x55a60f7ae330_0 .net "cand1_button_press", 0 0, v0x55a60f816800_0;  alias, 1 drivers
v0x55a60f7ac560_0 .net "cand1_vote", 7 0, v0x55a60f815a10_0;  alias, 1 drivers
v0x55a60f7acdc0_0 .net "cand2_button_press", 0 0, v0x55a60f816e70_0;  alias, 1 drivers
v0x55a60f7aaf30_0 .net "cand2_vote", 7 0, v0x55a60f815b70_0;  alias, 1 drivers
v0x55a60f7ab7f0_0 .net "cand3_button_press", 0 0, v0x55a60f8176c0_0;  alias, 1 drivers
v0x55a60f7b1360_0 .net "cand3_vote", 7 0, v0x55a60f815cb0_0;  alias, 1 drivers
v0x55a60f7b2440_0 .net "cand4_button_press", 0 0, v0x55a60f817d00_0;  alias, 1 drivers
v0x55a60f815130_0 .net "cand4_vote", 7 0, v0x55a60f815e70_0;  alias, 1 drivers
v0x55a60f815210_0 .net "clk", 0 0, v0x55a60f8192a0_0;  alias, 1 drivers
v0x55a60f8152d0_0 .var "counter", 30 0;
v0x55a60f8153b0_0 .var "leds", 7 0;
v0x55a60f815490_0 .net "mode", 0 0, v0x55a60f819480_0;  alias, 1 drivers
v0x55a60f815550_0 .net "reset", 0 0, v0x55a60f819520_0;  alias, 1 drivers
v0x55a60f815610_0 .net "valid_vote_casted", 0 0, L_0x55a60f8197e0;  alias, 1 drivers
E_0x55a60f77f650 .event posedge, v0x55a60f815210_0;
S_0x55a60f815870 .scope module, "VL" "voteLogger" 3 177, 3 91 0, S_0x55a60f7c71e0;
 .timescale 0 0;
    .port_info 0 /INPUT 1 "clk"
    .port_info 1 /INPUT 1 "reset"
    .port_info 2 /INPUT 1 "mode"
    .port_info 3 /INPUT 1 "cand1_vote_valid"
    .port_info 4 /INPUT 1 "cand2_vote_valid"
    .port_info 5 /INPUT 1 "cand3_vote_valid"
    .port_info 6 /INPUT 1 "cand4_vote_valid"
    .port_info 7 /OUTPUT 8 "cand1_vote_recvd"
    .port_info 8 /OUTPUT 8 "cand2_vote_recvd"
    .port_info 9 /OUTPUT 8 "cand3_vote_recvd"
    .port_info 10 /OUTPUT 8 "cand4_vote_recvd"
v0x55a60f815a10_0 .var "cand1_vote_recvd", 7 0;
v0x55a60f815ad0_0 .net "cand1_vote_valid", 0 0, v0x55a60f816800_0;  alias, 1 drivers
v0x55a60f815b70_0 .var "cand2_vote_recvd", 7 0;
v0x55a60f815c10_0 .net "cand2_vote_valid", 0 0, v0x55a60f816e70_0;  alias, 1 drivers
v0x55a60f815cb0_0 .var "cand3_vote_recvd", 7 0;
v0x55a60f815da0_0 .net "cand3_vote_valid", 0 0, v0x55a60f8176c0_0;  alias, 1 drivers
v0x55a60f815e70_0 .var "cand4_vote_recvd", 7 0;
v0x55a60f815f40_0 .net "cand4_vote_valid", 0 0, v0x55a60f817d00_0;  alias, 1 drivers
v0x55a60f816010_0 .net "clk", 0 0, v0x55a60f8192a0_0;  alias, 1 drivers
v0x55a60f8160e0_0 .net "mode", 0 0, v0x55a60f819480_0;  alias, 1 drivers
v0x55a60f8161b0_0 .net "reset", 0 0, v0x55a60f819520_0;  alias, 1 drivers
S_0x55a60f8162c0 .scope module, "bc1" "buttonControl" 3 149, 3 1 0, S_0x55a60f7c71e0;
 .timescale 0 0;
    .port_info 0 /INPUT 1 "clk"
    .port_info 1 /INPUT 1 "reset"
    .port_info 2 /INPUT 1 "button"
    .port_info 3 /OUTPUT 1 "valid_vote"
v0x55a60f8164a0_0 .net "button", 0 0, v0x55a60f818ea0_0;  alias, 1 drivers
v0x55a60f816560_0 .net "clk", 0 0, v0x55a60f8192a0_0;  alias, 1 drivers
v0x55a60f816670_0 .var "counter", 30 0;
v0x55a60f816710_0 .net "reset", 0 0, v0x55a60f819520_0;  alias, 1 drivers
v0x55a60f816800_0 .var "valid_vote", 0 0;
S_0x55a60f8169c0 .scope module, "bc2" "buttonControl" 3 156, 3 1 0, S_0x55a60f7c71e0;
 .timescale 0 0;
    .port_info 0 /INPUT 1 "clk"
    .port_info 1 /INPUT 1 "reset"
    .port_info 2 /INPUT 1 "button"
    .port_info 3 /OUTPUT 1 "valid_vote"
v0x55a60f816b90_0 .net "button", 0 0, v0x55a60f818fb0_0;  alias, 1 drivers
v0x55a60f816c70_0 .net "clk", 0 0, v0x55a60f8192a0_0;  alias, 1 drivers
v0x55a60f816d30_0 .var "counter", 30 0;
v0x55a60f816dd0_0 .net "reset", 0 0, v0x55a60f819520_0;  alias, 1 drivers
v0x55a60f816e70_0 .var "valid_vote", 0 0;
S_0x55a60f817030 .scope module, "bc3" "buttonControl" 3 163, 3 1 0, S_0x55a60f7c71e0;
 .timescale 0 0;
    .port_info 0 /INPUT 1 "clk"
    .port_info 1 /INPUT 1 "reset"
    .port_info 2 /INPUT 1 "button"
    .port_info 3 /OUTPUT 1 "valid_vote"
v0x55a60f8172c0_0 .net "button", 0 0, v0x55a60f8190c0_0;  alias, 1 drivers
v0x55a60f8173a0_0 .net "clk", 0 0, v0x55a60f8192a0_0;  alias, 1 drivers
v0x55a60f8174f0_0 .var "counter", 30 0;
v0x55a60f817590_0 .net "reset", 0 0, v0x55a60f819520_0;  alias, 1 drivers
v0x55a60f8176c0_0 .var "valid_vote", 0 0;
S_0x55a60f8177e0 .scope module, "bc4" "buttonControl" 3 170, 3 1 0, S_0x55a60f7c71e0;
 .timescale 0 0;
    .port_info 0 /INPUT 1 "clk"
    .port_info 1 /INPUT 1 "reset"
    .port_info 2 /INPUT 1 "button"
    .port_info 3 /OUTPUT 1 "valid_vote"
v0x55a60f817a20_0 .net "button", 0 0, v0x55a60f8191b0_0;  alias, 1 drivers
v0x55a60f817b00_0 .net "clk", 0 0, v0x55a60f8192a0_0;  alias, 1 drivers
v0x55a60f817bc0_0 .var "counter", 30 0;
v0x55a60f817c60_0 .net "reset", 0 0, v0x55a60f819520_0;  alias, 1 drivers
v0x55a60f817d00_0 .var "valid_vote", 0 0;
    .scope S_0x55a60f8162c0;
T_0 ;
    %wait E_0x55a60f77f650;
    %load/vec4 v0x55a60f816710_0;
    %flag_set/vec4 8;
    %jmp/0xz  T_0.0, 8;
    %pushi/vec4 0, 0, 31;
    %assign/vec4 v0x55a60f816670_0, 0;
    %jmp T_0.1;
T_0.0 ;
    %load/vec4 v0x55a60f8164a0_0;
    %load/vec4 v0x55a60f816670_0;
    %pad/u 32;
    %cmpi/u 11, 0, 32;
    %flag_get/vec4 5;
    %and;
    %flag_set/vec4 8;
    %jmp/0xz  T_0.2, 8;
    %load/vec4 v0x55a60f816670_0;
    %addi 1, 0, 31;
    %assign/vec4 v0x55a60f816670_0, 0;
    %jmp T_0.3;
T_0.2 ;
    %load/vec4 v0x55a60f8164a0_0;
    %nor/r;
    %flag_set/vec4 8;
    %jmp/0xz  T_0.4, 8;
    %pushi/vec4 0, 0, 31;
    %assign/vec4 v0x55a60f816670_0, 0;
T_0.4 ;
T_0.3 ;
T_0.1 ;
    %jmp T_0;
    .thread T_0;
    .scope S_0x55a60f8162c0;
T_1 ;
    %wait E_0x55a60f77f650;
    %load/vec4 v0x55a60f816710_0;
    %flag_set/vec4 8;
    %jmp/0xz  T_1.0, 8;
    %pushi/vec4 0, 0, 1;
    %assign/vec4 v0x55a60f816800_0, 0;
    %jmp T_1.1;
T_1.0 ;
    %load/vec4 v0x55a60f816670_0;
    %pad/u 32;
    %cmpi/e 10, 0, 32;
    %jmp/0xz  T_1.2, 4;
    %pushi/vec4 1, 0, 1;
    %assign/vec4 v0x55a60f816800_0, 0;
    %jmp T_1.3;
T_1.2 ;
    %pushi/vec4 0, 0, 1;
    %assign/vec4 v0x55a60f816800_0, 0;
T_1.3 ;
T_1.1 ;
    %jmp T_1;
    .thread T_1;
    .scope S_0x55a60f8169c0;
T_2 ;
    %wait E_0x55a60f77f650;
    %load/vec4 v0x55a60f816dd0_0;
    %flag_set/vec4 8;
    %jmp/0xz  T_2.0, 8;
    %pushi/vec4 0, 0, 31;
    %assign/vec4 v0x55a60f816d30_0, 0;
    %jmp T_2.1;
T_2.0 ;
    %load/vec4 v0x55a60f816b90_0;
    %load/vec4 v0x55a60f816d30_0;
    %pad/u 32;
    %cmpi/u 11, 0, 32;
    %flag_get/vec4 5;
    %and;
    %flag_set/vec4 8;
    %jmp/0xz  T_2.2, 8;
    %load/vec4 v0x55a60f816d30_0;
    %addi 1, 0, 31;
    %assign/vec4 v0x55a60f816d30_0, 0;
    %jmp T_2.3;
T_2.2 ;
    %load/vec4 v0x55a60f816b90_0;
    %nor/r;
    %flag_set/vec4 8;
    %jmp/0xz  T_2.4, 8;
    %pushi/vec4 0, 0, 31;
    %assign/vec4 v0x55a60f816d30_0, 0;
T_2.4 ;
T_2.3 ;
T_2.1 ;
    %jmp T_2;
    .thread T_2;
    .scope S_0x55a60f8169c0;
T_3 ;
    %wait E_0x55a60f77f650;
    %load/vec4 v0x55a60f816dd0_0;
    %flag_set/vec4 8;
    %jmp/0xz  T_3.0, 8;
    %pushi/vec4 0, 0, 1;
    %assign/vec4 v0x55a60f816e70_0, 0;
    %jmp T_3.1;
T_3.0 ;
    %load/vec4 v0x55a60f816d30_0;
    %pad/u 32;
    %cmpi/e 10, 0, 32;
    %jmp/0xz  T_3.2, 4;
    %pushi/vec4 1, 0, 1;
    %assign/vec4 v0x55a60f816e70_0, 0;
    %jmp T_3.3;
T_3.2 ;
    %pushi/vec4 0, 0, 1;
    %assign/vec4 v0x55a60f816e70_0, 0;
T_3.3 ;
T_3.1 ;
    %jmp T_3;
    .thread T_3;
    .scope S_0x55a60f817030;
T_4 ;
    %wait E_0x55a60f77f650;
    %load/vec4 v0x55a60f817590_0;
    %flag_set/vec4 8;
    %jmp/0xz  T_4.0, 8;
    %pushi/vec4 0, 0, 31;
    %assign/vec4 v0x55a60f8174f0_0, 0;
    %jmp T_4.1;
T_4.0 ;
    %load/vec4 v0x55a60f8172c0_0;
    %load/vec4 v0x55a60f8174f0_0;
    %pad/u 32;
    %cmpi/u 11, 0, 32;
    %flag_get/vec4 5;
    %and;
    %flag_set/vec4 8;
    %jmp/0xz  T_4.2, 8;
    %load/vec4 v0x55a60f8174f0_0;
    %addi 1, 0, 31;
    %assign/vec4 v0x55a60f8174f0_0, 0;
    %jmp T_4.3;
T_4.2 ;
    %load/vec4 v0x55a60f8172c0_0;
    %nor/r;
    %flag_set/vec4 8;
    %jmp/0xz  T_4.4, 8;
    %pushi/vec4 0, 0, 31;
    %assign/vec4 v0x55a60f8174f0_0, 0;
T_4.4 ;
T_4.3 ;
T_4.1 ;
    %jmp T_4;
    .thread T_4;
    .scope S_0x55a60f817030;
T_5 ;
    %wait E_0x55a60f77f650;
    %load/vec4 v0x55a60f817590_0;
    %flag_set/vec4 8;
    %jmp/0xz  T_5.0, 8;
    %pushi/vec4 0, 0, 1;
    %assign/vec4 v0x55a60f8176c0_0, 0;
    %jmp T_5.1;
T_5.0 ;
    %load/vec4 v0x55a60f8174f0_0;
    %pad/u 32;
    %cmpi/e 10, 0, 32;
    %jmp/0xz  T_5.2, 4;
    %pushi/vec4 1, 0, 1;
    %assign/vec4 v0x55a60f8176c0_0, 0;
    %jmp T_5.3;
T_5.2 ;
    %pushi/vec4 0, 0, 1;
    %assign/vec4 v0x55a60f8176c0_0, 0;
T_5.3 ;
T_5.1 ;
    %jmp T_5;
    .thread T_5;
    .scope S_0x55a60f8177e0;
T_6 ;
    %wait E_0x55a60f77f650;
    %load/vec4 v0x55a60f817c60_0;
    %flag_set/vec4 8;
    %jmp/0xz  T_6.0, 8;
    %pushi/vec4 0, 0, 31;
    %assign/vec4 v0x55a60f817bc0_0, 0;
    %jmp T_6.1;
T_6.0 ;
    %load/vec4 v0x55a60f817a20_0;
    %load/vec4 v0x55a60f817bc0_0;
    %pad/u 32;
    %cmpi/u 11, 0, 32;
    %flag_get/vec4 5;
    %and;
    %flag_set/vec4 8;
    %jmp/0xz  T_6.2, 8;
    %load/vec4 v0x55a60f817bc0_0;
    %addi 1, 0, 31;
    %assign/vec4 v0x55a60f817bc0_0, 0;
    %jmp T_6.3;
T_6.2 ;
    %load/vec4 v0x55a60f817a20_0;
    %nor/r;
    %flag_set/vec4 8;
    %jmp/0xz  T_6.4, 8;
    %pushi/vec4 0, 0, 31;
    %assign/vec4 v0x55a60f817bc0_0, 0;
T_6.4 ;
T_6.3 ;
T_6.1 ;
    %jmp T_6;
    .thread T_6;
    .scope S_0x55a60f8177e0;
T_7 ;
    %wait E_0x55a60f77f650;
    %load/vec4 v0x55a60f817c60_0;
    %flag_set/vec4 8;
    %jmp/0xz  T_7.0, 8;
    %pushi/vec4 0, 0, 1;
    %assign/vec4 v0x55a60f817d00_0, 0;
    %jmp T_7.1;
T_7.0 ;
    %load/vec4 v0x55a60f817bc0_0;
    %pad/u 32;
    %cmpi/e 10, 0, 32;
    %jmp/0xz  T_7.2, 4;
    %pushi/vec4 1, 0, 1;
    %assign/vec4 v0x55a60f817d00_0, 0;
    %jmp T_7.3;
T_7.2 ;
    %pushi/vec4 0, 0, 1;
    %assign/vec4 v0x55a60f817d00_0, 0;
T_7.3 ;
T_7.1 ;
    %jmp T_7;
    .thread T_7;
    .scope S_0x55a60f815870;
T_8 ;
    %wait E_0x55a60f77f650;
    %load/vec4 v0x55a60f8161b0_0;
    %flag_set/vec4 8;
    %jmp/0xz  T_8.0, 8;
    %pushi/vec4 0, 0, 8;
    %assign/vec4 v0x55a60f815a10_0, 0;
    %pushi/vec4 0, 0, 8;
    %assign/vec4 v0x55a60f815b70_0, 0;
    %pushi/vec4 0, 0, 8;
    %assign/vec4 v0x55a60f815cb0_0, 0;
    %pushi/vec4 0, 0, 8;
    %assign/vec4 v0x55a60f815e70_0, 0;
    %jmp T_8.1;
T_8.0 ;
    %load/vec4 v0x55a60f815ad0_0;
    %load/vec4 v0x55a60f8160e0_0;
    %pad/u 32;
    %pushi/vec4 0, 0, 32;
    %cmp/e;
    %flag_get/vec4 4;
    %and;
    %flag_set/vec4 8;
    %jmp/0xz  T_8.2, 8;
    %load/vec4 v0x55a60f815a10_0;
    %addi 1, 0, 8;
    %assign/vec4 v0x55a60f815a10_0, 0;
    %jmp T_8.3;
T_8.2 ;
    %load/vec4 v0x55a60f815c10_0;
    %load/vec4 v0x55a60f8160e0_0;
    %pad/u 32;
    %pushi/vec4 0, 0, 32;
    %cmp/e;
    %flag_get/vec4 4;
    %and;
    %flag_set/vec4 8;
    %jmp/0xz  T_8.4, 8;
    %load/vec4 v0x55a60f815b70_0;
    %addi 1, 0, 8;
    %assign/vec4 v0x55a60f815b70_0, 0;
    %jmp T_8.5;
T_8.4 ;
    %load/vec4 v0x55a60f815da0_0;
    %load/vec4 v0x55a60f8160e0_0;
    %pad/u 32;
    %pushi/vec4 0, 0, 32;
    %cmp/e;
    %flag_get/vec4 4;
    %and;
    %flag_set/vec4 8;
    %jmp/0xz  T_8.6, 8;
    %load/vec4 v0x55a60f815cb0_0;
    %addi 1, 0, 8;
    %assign/vec4 v0x55a60f815cb0_0, 0;
    %jmp T_8.7;
T_8.6 ;
    %load/vec4 v0x55a60f815f40_0;
    %load/vec4 v0x55a60f8160e0_0;
    %pad/u 32;
    %pushi/vec4 0, 0, 32;
    %cmp/e;
    %flag_get/vec4 4;
    %and;
    %flag_set/vec4 8;
    %jmp/0xz  T_8.8, 8;
    %load/vec4 v0x55a60f815e70_0;
    %addi 1, 0, 8;
    %assign/vec4 v0x55a60f815e70_0, 0;
T_8.8 ;
T_8.7 ;
T_8.5 ;
T_8.3 ;
T_8.1 ;
    %jmp T_8;
    .thread T_8;
    .scope S_0x55a60f7b69b0;
T_9 ;
    %wait E_0x55a60f77f650;
    %load/vec4 v0x55a60f815550_0;
    %flag_set/vec4 8;
    %jmp/0xz  T_9.0, 8;
    %pushi/vec4 0, 0, 31;
    %assign/vec4 v0x55a60f8152d0_0, 0;
    %jmp T_9.1;
T_9.0 ;
    %load/vec4 v0x55a60f815610_0;
    %flag_set/vec4 8;
    %jmp/0xz  T_9.2, 8;
    %load/vec4 v0x55a60f8152d0_0;
    %addi 1, 0, 31;
    %assign/vec4 v0x55a60f8152d0_0, 0;
    %jmp T_9.3;
T_9.2 ;
    %load/vec4 v0x55a60f8152d0_0;
    %pad/u 32;
    %pushi/vec4 0, 0, 32;
    %cmp/e;
    %flag_get/vec4 4;
    %inv;
    %load/vec4 v0x55a60f8152d0_0;
    %pad/u 32;
    %cmpi/u 10, 0, 32;
    %flag_get/vec4 5;
    %and;
    %flag_set/vec4 8;
    %jmp/0xz  T_9.4, 8;
    %load/vec4 v0x55a60f8152d0_0;
    %addi 1, 0, 31;
    %assign/vec4 v0x55a60f8152d0_0, 0;
    %jmp T_9.5;
T_9.4 ;
    %pushi/vec4 0, 0, 31;
    %assign/vec4 v0x55a60f8152d0_0, 0;
T_9.5 ;
T_9.3 ;
T_9.1 ;
    %jmp T_9;
    .thread T_9;
    .scope S_0x55a60f7b69b0;
T_10 ;
    %wait E_0x55a60f77f650;
    %load/vec4 v0x55a60f815550_0;
    %flag_set/vec4 8;
    %jmp/0xz  T_10.0, 8;
    %pushi/vec4 0, 0, 8;
    %assign/vec4 v0x55a60f8153b0_0, 0;
    %jmp T_10.1;
T_10.0 ;
    %load/vec4 v0x55a60f815490_0;
    %pad/u 32;
    %pushi/vec4 0, 0, 32;
    %cmp/e;
    %flag_get/vec4 4;
    %pushi/vec4 0, 0, 32;
    %load/vec4 v0x55a60f8152d0_0;
    %pad/u 32;
    %cmp/u;
    %flag_get/vec4 5;
    %and;
    %flag_set/vec4 8;
    %jmp/0xz  T_10.2, 8;
    %pushi/vec4 255, 0, 8;
    %assign/vec4 v0x55a60f8153b0_0, 0;
    %jmp T_10.3;
T_10.2 ;
    %load/vec4 v0x55a60f815490_0;
    %pad/u 32;
    %cmpi/e 0, 0, 32;
    %jmp/0xz  T_10.4, 4;
    %pushi/vec4 0, 0, 8;
    %assign/vec4 v0x55a60f8153b0_0, 0;
    %jmp T_10.5;
T_10.4 ;
    %load/vec4 v0x55a60f815490_0;
    %pad/u 32;
    %cmpi/e 1, 0, 32;
    %jmp/0xz  T_10.6, 4;
    %load/vec4 v0x55a60f7ae330_0;
    %flag_set/vec4 8;
    %jmp/0xz  T_10.8, 8;
    %load/vec4 v0x55a60f7ac560_0;
    %assign/vec4 v0x55a60f8153b0_0, 0;
    %jmp T_10.9;
T_10.8 ;
    %load/vec4 v0x55a60f7acdc0_0;
    %flag_set/vec4 8;
    %jmp/0xz  T_10.10, 8;
    %load/vec4 v0x55a60f7aaf30_0;
    %assign/vec4 v0x55a60f8153b0_0, 0;
    %jmp T_10.11;
T_10.10 ;
    %load/vec4 v0x55a60f7acdc0_0;
    %flag_set/vec4 8;
    %jmp/0xz  T_10.12, 8;
    %load/vec4 v0x55a60f7aaf30_0;
    %assign/vec4 v0x55a60f8153b0_0, 0;
    %jmp T_10.13;
T_10.12 ;
    %load/vec4 v0x55a60f7ab7f0_0;
    %flag_set/vec4 8;
    %jmp/0xz  T_10.14, 8;
    %load/vec4 v0x55a60f7b1360_0;
    %assign/vec4 v0x55a60f8153b0_0, 0;
    %jmp T_10.15;
T_10.14 ;
    %load/vec4 v0x55a60f7b2440_0;
    %flag_set/vec4 8;
    %jmp/0xz  T_10.16, 8;
    %load/vec4 v0x55a60f815130_0;
    %assign/vec4 v0x55a60f8153b0_0, 0;
T_10.16 ;
T_10.15 ;
T_10.13 ;
T_10.11 ;
T_10.9 ;
T_10.6 ;
T_10.5 ;
T_10.3 ;
T_10.1 ;
    %jmp T_10;
    .thread T_10;
    .scope S_0x55a60f7c7060;
T_11 ;
    %pushi/vec4 0, 0, 1;
    %store/vec4 v0x55a60f8192a0_0, 0, 1;
T_11.0 ;
    %delay 5, 0;
    %load/vec4 v0x55a60f8192a0_0;
    %inv;
    %store/vec4 v0x55a60f8192a0_0, 0, 1;
    %jmp T_11.0;
    %end;
    .thread T_11;
    .scope S_0x55a60f7c7060;
T_12 ;
    %pushi/vec4 1, 0, 1;
    %store/vec4 v0x55a60f819520_0, 0, 1;
    %pushi/vec4 0, 0, 1;
    %store/vec4 v0x55a60f819480_0, 0, 1;
    %pushi/vec4 0, 0, 1;
    %store/vec4 v0x55a60f818ea0_0, 0, 1;
    %pushi/vec4 0, 0, 1;
    %store/vec4 v0x55a60f818fb0_0, 0, 1;
    %pushi/vec4 0, 0, 1;
    %store/vec4 v0x55a60f8190c0_0, 0, 1;
    %pushi/vec4 0, 0, 1;
    %store/vec4 v0x55a60f8191b0_0, 0, 1;
    %delay 100, 0;
    %delay 100, 0;
    %pushi/vec4 0, 0, 1;
    %store/vec4 v0x55a60f819520_0, 0, 1;
    %pushi/vec4 0, 0, 1;
    %store/vec4 v0x55a60f819480_0, 0, 1;
    %pushi/vec4 0, 0, 1;
    %store/vec4 v0x55a60f818ea0_0, 0, 1;
    %pushi/vec4 0, 0, 1;
    %store/vec4 v0x55a60f818fb0_0, 0, 1;
    %pushi/vec4 0, 0, 1;
    %store/vec4 v0x55a60f8190c0_0, 0, 1;
    %pushi/vec4 0, 0, 1;
    %store/vec4 v0x55a60f8191b0_0, 0, 1;
    %delay 5, 0;
    %pushi/vec4 0, 0, 1;
    %store/vec4 v0x55a60f819520_0, 0, 1;
    %pushi/vec4 0, 0, 1;
    %store/vec4 v0x55a60f819480_0, 0, 1;
    %pushi/vec4 0, 0, 1;
    %store/vec4 v0x55a60f818ea0_0, 0, 1;
    %pushi/vec4 0, 0, 1;
    %store/vec4 v0x55a60f818fb0_0, 0, 1;
    %pushi/vec4 1, 0, 1;
    %store/vec4 v0x55a60f8190c0_0, 0, 1;
    %pushi/vec4 0, 0, 1;
    %store/vec4 v0x55a60f8191b0_0, 0, 1;
    %delay 10, 0;
    %pushi/vec4 0, 0, 1;
    %store/vec4 v0x55a60f819520_0, 0, 1;
    %pushi/vec4 0, 0, 1;
    %store/vec4 v0x55a60f819480_0, 0, 1;
    %pushi/vec4 0, 0, 1;
    %store/vec4 v0x55a60f818ea0_0, 0, 1;
    %pushi/vec4 0, 0, 1;
    %store/vec4 v0x55a60f818fb0_0, 0, 1;
    %pushi/vec4 0, 0, 1;
    %store/vec4 v0x55a60f8190c0_0, 0, 1;
    %pushi/vec4 0, 0, 1;
    %store/vec4 v0x55a60f8191b0_0, 0, 1;
    %delay 5, 0;
    %pushi/vec4 0, 0, 1;
    %store/vec4 v0x55a60f819520_0, 0, 1;
    %pushi/vec4 0, 0, 1;
    %store/vec4 v0x55a60f819480_0, 0, 1;
    %pushi/vec4 1, 0, 1;
    %store/vec4 v0x55a60f818ea0_0, 0, 1;
    %pushi/vec4 0, 0, 1;
    %store/vec4 v0x55a60f818fb0_0, 0, 1;
    %pushi/vec4 0, 0, 1;
    %store/vec4 v0x55a60f8190c0_0, 0, 1;
    %pushi/vec4 0, 0, 1;
    %store/vec4 v0x55a60f8191b0_0, 0, 1;
    %delay 200, 0;
    %pushi/vec4 0, 0, 1;
    %store/vec4 v0x55a60f819520_0, 0, 1;
    %pushi/vec4 0, 0, 1;
    %store/vec4 v0x55a60f819480_0, 0, 1;
    %pushi/vec4 0, 0, 1;
    %store/vec4 v0x55a60f818ea0_0, 0, 1;
    %pushi/vec4 0, 0, 1;
    %store/vec4 v0x55a60f818fb0_0, 0, 1;
    %pushi/vec4 0, 0, 1;
    %store/vec4 v0x55a60f8190c0_0, 0, 1;
    %pushi/vec4 0, 0, 1;
    %store/vec4 v0x55a60f8191b0_0, 0, 1;
    %delay 5, 0;
    %pushi/vec4 0, 0, 1;
    %store/vec4 v0x55a60f819520_0, 0, 1;
    %pushi/vec4 0, 0, 1;
    %store/vec4 v0x55a60f819480_0, 0, 1;
    %pushi/vec4 0, 0, 1;
    %store/vec4 v0x55a60f818ea0_0, 0, 1;
    %pushi/vec4 0, 0, 1;
    %store/vec4 v0x55a60f818fb0_0, 0, 1;
    %pushi/vec4 0, 0, 1;
    %store/vec4 v0x55a60f8190c0_0, 0, 1;
    %pushi/vec4 0, 0, 1;
    %store/vec4 v0x55a60f8191b0_0, 0, 1;
    %delay 10, 0;
    %pushi/vec4 0, 0, 1;
    %store/vec4 v0x55a60f819520_0, 0, 1;
    %pushi/vec4 0, 0, 1;
    %store/vec4 v0x55a60f819480_0, 0, 1;
    %pushi/vec4 0, 0, 1;
    %store/vec4 v0x55a60f818ea0_0, 0, 1;
    %pushi/vec4 0, 0, 1;
    %store/vec4 v0x55a60f818fb0_0, 0, 1;
    %pushi/vec4 0, 0, 1;
    %store/vec4 v0x55a60f8190c0_0, 0, 1;
    %pushi/vec4 0, 0, 1;
    %store/vec4 v0x55a60f8191b0_0, 0, 1;
    %delay 5, 0;
    %pushi/vec4 0, 0, 1;
    %store/vec4 v0x55a60f819520_0, 0, 1;
    %pushi/vec4 0, 0, 1;
    %store/vec4 v0x55a60f819480_0, 0, 1;
    %pushi/vec4 0, 0, 1;
    %store/vec4 v0x55a60f818ea0_0, 0, 1;
    %pushi/vec4 0, 0, 1;
    %store/vec4 v0x55a60f818fb0_0, 0, 1;
    %pushi/vec4 0, 0, 1;
    %store/vec4 v0x55a60f8190c0_0, 0, 1;
    %pushi/vec4 0, 0, 1;
    %store/vec4 v0x55a60f8191b0_0, 0, 1;
    %delay 5, 0;
    %pushi/vec4 0, 0, 1;
    %store/vec4 v0x55a60f819520_0, 0, 1;
    %pushi/vec4 0, 0, 1;
    %store/vec4 v0x55a60f819480_0, 0, 1;
    %pushi/vec4 0, 0, 1;
    %store/vec4 v0x55a60f818ea0_0, 0, 1;
    %pushi/vec4 1, 0, 1;
    %store/vec4 v0x55a60f818fb0_0, 0, 1;
    %pushi/vec4 0, 0, 1;
    %store/vec4 v0x55a60f8190c0_0, 0, 1;
    %pushi/vec4 0, 0, 1;
    %store/vec4 v0x55a60f8191b0_0, 0, 1;
    %delay 200, 0;
    %pushi/vec4 0, 0, 1;
    %store/vec4 v0x55a60f819520_0, 0, 1;
    %pushi/vec4 0, 0, 1;
    %store/vec4 v0x55a60f819480_0, 0, 1;
    %pushi/vec4 0, 0, 1;
    %store/vec4 v0x55a60f818ea0_0, 0, 1;
    %pushi/vec4 0, 0, 1;
    %store/vec4 v0x55a60f818fb0_0, 0, 1;
    %pushi/vec4 0, 0, 1;
    %store/vec4 v0x55a60f8190c0_0, 0, 1;
    %pushi/vec4 0, 0, 1;
    %store/vec4 v0x55a60f8191b0_0, 0, 1;
    %delay 5, 0;
    %pushi/vec4 0, 0, 1;
    %store/vec4 v0x55a60f819520_0, 0, 1;
    %pushi/vec4 0, 0, 1;
    %store/vec4 v0x55a60f819480_0, 0, 1;
    %pushi/vec4 0, 0, 1;
    %store/vec4 v0x55a60f818ea0_0, 0, 1;
    %pushi/vec4 0, 0, 1;
    %store/vec4 v0x55a60f818fb0_0, 0, 1;
    %pushi/vec4 0, 0, 1;
    %store/vec4 v0x55a60f8190c0_0, 0, 1;
    %pushi/vec4 0, 0, 1;
    %store/vec4 v0x55a60f8191b0_0, 0, 1;
    %delay 10, 0;
    %pushi/vec4 0, 0, 1;
    %store/vec4 v0x55a60f819520_0, 0, 1;
    %pushi/vec4 0, 0, 1;
    %store/vec4 v0x55a60f819480_0, 0, 1;
    %pushi/vec4 0, 0, 1;
    %store/vec4 v0x55a60f818ea0_0, 0, 1;
    %pushi/vec4 0, 0, 1;
    %store/vec4 v0x55a60f818fb0_0, 0, 1;
    %pushi/vec4 0, 0, 1;
    %store/vec4 v0x55a60f8190c0_0, 0, 1;
    %pushi/vec4 0, 0, 1;
    %store/vec4 v0x55a60f8191b0_0, 0, 1;
    %delay 5, 0;
    %pushi/vec4 0, 0, 1;
    %store/vec4 v0x55a60f819520_0, 0, 1;
    %pushi/vec4 0, 0, 1;
    %store/vec4 v0x55a60f819480_0, 0, 1;
    %pushi/vec4 0, 0, 1;
    %store/vec4 v0x55a60f818ea0_0, 0, 1;
    %pushi/vec4 0, 0, 1;
    %store/vec4 v0x55a60f818fb0_0, 0, 1;
    %pushi/vec4 0, 0, 1;
    %store/vec4 v0x55a60f8190c0_0, 0, 1;
    %pushi/vec4 0, 0, 1;
    %store/vec4 v0x55a60f8191b0_0, 0, 1;
    %delay 5, 0;
    %pushi/vec4 0, 0, 1;
    %store/vec4 v0x55a60f819520_0, 0, 1;
    %pushi/vec4 0, 0, 1;
    %store/vec4 v0x55a60f819480_0, 0, 1;
    %pushi/vec4 0, 0, 1;
    %store/vec4 v0x55a60f818ea0_0, 0, 1;
    %pushi/vec4 1, 0, 1;
    %store/vec4 v0x55a60f818fb0_0, 0, 1;
    %pushi/vec4 1, 0, 1;
    %store/vec4 v0x55a60f8190c0_0, 0, 1;
    %pushi/vec4 0, 0, 1;
    %store/vec4 v0x55a60f8191b0_0, 0, 1;
    %delay 200, 0;
    %pushi/vec4 0, 0, 1;
    %store/vec4 v0x55a60f819520_0, 0, 1;
    %pushi/vec4 0, 0, 1;
    %store/vec4 v0x55a60f819480_0, 0, 1;
    %pushi/vec4 0, 0, 1;
    %store/vec4 v0x55a60f818ea0_0, 0, 1;
    %pushi/vec4 0, 0, 1;
    %store/vec4 v0x55a60f818fb0_0, 0, 1;
    %pushi/vec4 0, 0, 1;
    %store/vec4 v0x55a60f8190c0_0, 0, 1;
    %pushi/vec4 0, 0, 1;
    %store/vec4 v0x55a60f8191b0_0, 0, 1;
    %delay 5, 0;
    %pushi/vec4 0, 0, 1;
    %store/vec4 v0x55a60f819520_0, 0, 1;
    %pushi/vec4 0, 0, 1;
    %store/vec4 v0x55a60f819480_0, 0, 1;
    %pushi/vec4 1, 0, 1;
    %store/vec4 v0x55a60f818ea0_0, 0, 1;
    %pushi/vec4 0, 0, 1;
    %store/vec4 v0x55a60f818fb0_0, 0, 1;
    %pushi/vec4 0, 0, 1;
    %store/vec4 v0x55a60f8190c0_0, 0, 1;
    %pushi/vec4 0, 0, 1;
    %store/vec4 v0x55a60f8191b0_0, 0, 1;
    %delay 10, 0;
    %pushi/vec4 0, 0, 1;
    %store/vec4 v0x55a60f819520_0, 0, 1;
    %pushi/vec4 0, 0, 1;
    %store/vec4 v0x55a60f819480_0, 0, 1;
    %pushi/vec4 0, 0, 1;
    %store/vec4 v0x55a60f818ea0_0, 0, 1;
    %pushi/vec4 0, 0, 1;
    %store/vec4 v0x55a60f818fb0_0, 0, 1;
    %pushi/vec4 0, 0, 1;
    %store/vec4 v0x55a60f8190c0_0, 0, 1;
    %pushi/vec4 0, 0, 1;
    %store/vec4 v0x55a60f8191b0_0, 0, 1;
    %delay 5, 0;
    %pushi/vec4 0, 0, 1;
    %store/vec4 v0x55a60f819520_0, 0, 1;
    %pushi/vec4 0, 0, 1;
    %store/vec4 v0x55a60f819480_0, 0, 1;
    %pushi/vec4 0, 0, 1;
    %store/vec4 v0x55a60f818ea0_0, 0, 1;
    %pushi/vec4 0, 0, 1;
    %store/vec4 v0x55a60f818fb0_0, 0, 1;
    %pushi/vec4 0, 0, 1;
    %store/vec4 v0x55a60f8190c0_0, 0, 1;
    %pushi/vec4 0, 0, 1;
    %store/vec4 v0x55a60f8191b0_0, 0, 1;
    %delay 5, 0;
    %pushi/vec4 0, 0, 1;
    %store/vec4 v0x55a60f819520_0, 0, 1;
    %pushi/vec4 1, 0, 1;
    %store/vec4 v0x55a60f819480_0, 0, 1;
    %pushi/vec4 0, 0, 1;
    %store/vec4 v0x55a60f818ea0_0, 0, 1;
    %pushi/vec4 1, 0, 1;
    %store/vec4 v0x55a60f818fb0_0, 0, 1;
    %pushi/vec4 0, 0, 1;
    %store/vec4 v0x55a60f8190c0_0, 0, 1;
    %pushi/vec4 0, 0, 1;
    %store/vec4 v0x55a60f8191b0_0, 0, 1;
    %delay 200, 0;
    %pushi/vec4 0, 0, 1;
    %store/vec4 v0x55a60f819520_0, 0, 1;
    %pushi/vec4 1, 0, 1;
    %store/vec4 v0x55a60f819480_0, 0, 1;
    %pushi/vec4 0, 0, 1;
    %store/vec4 v0x55a60f818ea0_0, 0, 1;
    %pushi/vec4 0, 0, 1;
    %store/vec4 v0x55a60f818fb0_0, 0, 1;
    %pushi/vec4 1, 0, 1;
    %store/vec4 v0x55a60f8190c0_0, 0, 1;
    %pushi/vec4 0, 0, 1;
    %store/vec4 v0x55a60f8191b0_0, 0, 1;
    %delay 5, 0;
    %pushi/vec4 0, 0, 1;
    %store/vec4 v0x55a60f819520_0, 0, 1;
    %pushi/vec4 0, 0, 1;
    %store/vec4 v0x55a60f819480_0, 0, 1;
    %pushi/vec4 0, 0, 1;
    %store/vec4 v0x55a60f818ea0_0, 0, 1;
    %pushi/vec4 0, 0, 1;
    %store/vec4 v0x55a60f818fb0_0, 0, 1;
    %pushi/vec4 0, 0, 1;
    %store/vec4 v0x55a60f8190c0_0, 0, 1;
    %pushi/vec4 0, 0, 1;
    %store/vec4 v0x55a60f8191b0_0, 0, 1;
    %delay 10, 0;
    %pushi/vec4 0, 0, 1;
    %store/vec4 v0x55a60f819520_0, 0, 1;
    %pushi/vec4 0, 0, 1;
    %store/vec4 v0x55a60f819480_0, 0, 1;
    %pushi/vec4 0, 0, 1;
    %store/vec4 v0x55a60f818ea0_0, 0, 1;
    %pushi/vec4 0, 0, 1;
    %store/vec4 v0x55a60f818fb0_0, 0, 1;
    %pushi/vec4 0, 0, 1;
    %store/vec4 v0x55a60f8190c0_0, 0, 1;
    %pushi/vec4 0, 0, 1;
    %store/vec4 v0x55a60f8191b0_0, 0, 1;
    %delay 5, 0;
    %pushi/vec4 0, 0, 1;
    %store/vec4 v0x55a60f819520_0, 0, 1;
    %pushi/vec4 0, 0, 1;
    %store/vec4 v0x55a60f819480_0, 0, 1;
    %pushi/vec4 0, 0, 1;
    %store/vec4 v0x55a60f818ea0_0, 0, 1;
    %pushi/vec4 0, 0, 1;
    %store/vec4 v0x55a60f818fb0_0, 0, 1;
    %pushi/vec4 0, 0, 1;
    %store/vec4 v0x55a60f8190c0_0, 0, 1;
    %pushi/vec4 0, 0, 1;
    %store/vec4 v0x55a60f8191b0_0, 0, 1;
    %delay 5, 0;
    %pushi/vec4 0, 0, 1;
    %store/vec4 v0x55a60f819520_0, 0, 1;
    %pushi/vec4 0, 0, 1;
    %store/vec4 v0x55a60f819480_0, 0, 1;
    %pushi/vec4 0, 0, 1;
    %store/vec4 v0x55a60f818ea0_0, 0, 1;
    %pushi/vec4 0, 0, 1;
    %store/vec4 v0x55a60f818fb0_0, 0, 1;
    %pushi/vec4 1, 0, 1;
    %store/vec4 v0x55a60f8190c0_0, 0, 1;
    %pushi/vec4 0, 0, 1;
    %store/vec4 v0x55a60f8191b0_0, 0, 1;
    %delay 200, 0;
    %pushi/vec4 0, 0, 1;
    %store/vec4 v0x55a60f819520_0, 0, 1;
    %pushi/vec4 0, 0, 1;
    %store/vec4 v0x55a60f819480_0, 0, 1;
    %pushi/vec4 0, 0, 1;
    %store/vec4 v0x55a60f818ea0_0, 0, 1;
    %pushi/vec4 0, 0, 1;
    %store/vec4 v0x55a60f818fb0_0, 0, 1;
    %pushi/vec4 0, 0, 1;
    %store/vec4 v0x55a60f8190c0_0, 0, 1;
    %pushi/vec4 0, 0, 1;
    %store/vec4 v0x55a60f8191b0_0, 0, 1;
    %delay 5, 0;
    %pushi/vec4 0, 0, 1;
    %store/vec4 v0x55a60f819520_0, 0, 1;
    %pushi/vec4 0, 0, 1;
    %store/vec4 v0x55a60f819480_0, 0, 1;
    %pushi/vec4 0, 0, 1;
    %store/vec4 v0x55a60f818ea0_0, 0, 1;
    %pushi/vec4 0, 0, 1;
    %store/vec4 v0x55a60f818fb0_0, 0, 1;
    %pushi/vec4 0, 0, 1;
    %store/vec4 v0x55a60f8190c0_0, 0, 1;
    %pushi/vec4 0, 0, 1;
    %store/vec4 v0x55a60f8191b0_0, 0, 1;
    %delay 10, 0;
    %pushi/vec4 0, 0, 1;
    %store/vec4 v0x55a60f819520_0, 0, 1;
    %pushi/vec4 0, 0, 1;
    %store/vec4 v0x55a60f819480_0, 0, 1;
    %pushi/vec4 0, 0, 1;
    %store/vec4 v0x55a60f818ea0_0, 0, 1;
    %pushi/vec4 0, 0, 1;
    %store/vec4 v0x55a60f818fb0_0, 0, 1;
    %pushi/vec4 0, 0, 1;
    %store/vec4 v0x55a60f8190c0_0, 0, 1;
    %pushi/vec4 0, 0, 1;
    %store/vec4 v0x55a60f8191b0_0, 0, 1;
    %delay 5, 0;
    %pushi/vec4 0, 0, 1;
    %store/vec4 v0x55a60f819520_0, 0, 1;
    %pushi/vec4 0, 0, 1;
    %store/vec4 v0x55a60f819480_0, 0, 1;
    %pushi/vec4 0, 0, 1;
    %store/vec4 v0x55a60f818ea0_0, 0, 1;
    %pushi/vec4 0, 0, 1;
    %store/vec4 v0x55a60f818fb0_0, 0, 1;
    %pushi/vec4 0, 0, 1;
    %store/vec4 v0x55a60f8190c0_0, 0, 1;
    %pushi/vec4 0, 0, 1;
    %store/vec4 v0x55a60f8191b0_0, 0, 1;
    %delay 5, 0;
    %pushi/vec4 0, 0, 1;
    %store/vec4 v0x55a60f819520_0, 0, 1;
    %pushi/vec4 0, 0, 1;
    %store/vec4 v0x55a60f819480_0, 0, 1;
    %pushi/vec4 0, 0, 1;
    %store/vec4 v0x55a60f818ea0_0, 0, 1;
    %pushi/vec4 0, 0, 1;
    %store/vec4 v0x55a60f818fb0_0, 0, 1;
    %pushi/vec4 1, 0, 1;
    %store/vec4 v0x55a60f8190c0_0, 0, 1;
    %pushi/vec4 1, 0, 1;
    %store/vec4 v0x55a60f8191b0_0, 0, 1;
    %delay 200, 0;
    %pushi/vec4 0, 0, 1;
    %store/vec4 v0x55a60f819520_0, 0, 1;
    %pushi/vec4 0, 0, 1;
    %store/vec4 v0x55a60f819480_0, 0, 1;
    %pushi/vec4 0, 0, 1;
    %store/vec4 v0x55a60f818ea0_0, 0, 1;
    %pushi/vec4 0, 0, 1;
    %store/vec4 v0x55a60f818fb0_0, 0, 1;
    %pushi/vec4 0, 0, 1;
    %store/vec4 v0x55a60f8190c0_0, 0, 1;
    %pushi/vec4 0, 0, 1;
    %store/vec4 v0x55a60f8191b0_0, 0, 1;
    %delay 5, 0;
    %pushi/vec4 0, 0, 1;
    %store/vec4 v0x55a60f819520_0, 0, 1;
    %pushi/vec4 0, 0, 1;
    %store/vec4 v0x55a60f819480_0, 0, 1;
    %pushi/vec4 0, 0, 1;
    %store/vec4 v0x55a60f818ea0_0, 0, 1;
    %pushi/vec4 0, 0, 1;
    %store/vec4 v0x55a60f818fb0_0, 0, 1;
    %pushi/vec4 1, 0, 1;
    %store/vec4 v0x55a60f8190c0_0, 0, 1;
    %pushi/vec4 0, 0, 1;
    %store/vec4 v0x55a60f8191b0_0, 0, 1;
    %delay 10, 0;
    %pushi/vec4 0, 0, 1;
    %store/vec4 v0x55a60f819520_0, 0, 1;
    %pushi/vec4 0, 0, 1;
    %store/vec4 v0x55a60f819480_0, 0, 1;
    %pushi/vec4 0, 0, 1;
    %store/vec4 v0x55a60f818ea0_0, 0, 1;
    %pushi/vec4 0, 0, 1;
    %store/vec4 v0x55a60f818fb0_0, 0, 1;
    %pushi/vec4 0, 0, 1;
    %store/vec4 v0x55a60f8190c0_0, 0, 1;
    %pushi/vec4 0, 0, 1;
    %store/vec4 v0x55a60f8191b0_0, 0, 1;
    %delay 5, 0;
    %pushi/vec4 0, 0, 1;
    %store/vec4 v0x55a60f819520_0, 0, 1;
    %pushi/vec4 0, 0, 1;
    %store/vec4 v0x55a60f819480_0, 0, 1;
    %pushi/vec4 0, 0, 1;
    %store/vec4 v0x55a60f818ea0_0, 0, 1;
    %pushi/vec4 0, 0, 1;
    %store/vec4 v0x55a60f818fb0_0, 0, 1;
    %pushi/vec4 0, 0, 1;
    %store/vec4 v0x55a60f8190c0_0, 0, 1;
    %pushi/vec4 0, 0, 1;
    %store/vec4 v0x55a60f8191b0_0, 0, 1;
    %delay 5, 0;
    %pushi/vec4 0, 0, 1;
    %store/vec4 v0x55a60f819520_0, 0, 1;
    %pushi/vec4 0, 0, 1;
    %store/vec4 v0x55a60f819480_0, 0, 1;
    %pushi/vec4 0, 0, 1;
    %store/vec4 v0x55a60f818ea0_0, 0, 1;
    %pushi/vec4 0, 0, 1;
    %store/vec4 v0x55a60f818fb0_0, 0, 1;
    %pushi/vec4 0, 0, 1;
    %store/vec4 v0x55a60f8190c0_0, 0, 1;
    %pushi/vec4 1, 0, 1;
    %store/vec4 v0x55a60f8191b0_0, 0, 1;
    %delay 200, 0;
    %pushi/vec4 0, 0, 1;
    %store/vec4 v0x55a60f819520_0, 0, 1;
    %pushi/vec4 1, 0, 1;
    %store/vec4 v0x55a60f819480_0, 0, 1;
    %pushi/vec4 0, 0, 1;
    %store/vec4 v0x55a60f818ea0_0, 0, 1;
    %pushi/vec4 0, 0, 1;
    %store/vec4 v0x55a60f818fb0_0, 0, 1;
    %pushi/vec4 0, 0, 1;
    %store/vec4 v0x55a60f8190c0_0, 0, 1;
    %pushi/vec4 1, 0, 1;
    %store/vec4 v0x55a60f8191b0_0, 0, 1;
    %delay 5, 0;
    %pushi/vec4 0, 0, 1;
    %store/vec4 v0x55a60f819520_0, 0, 1;
    %pushi/vec4 1, 0, 1;
    %store/vec4 v0x55a60f819480_0, 0, 1;
    %pushi/vec4 0, 0, 1;
    %store/vec4 v0x55a60f818ea0_0, 0, 1;
    %pushi/vec4 0, 0, 1;
    %store/vec4 v0x55a60f818fb0_0, 0, 1;
    %pushi/vec4 0, 0, 1;
    %store/vec4 v0x55a60f8190c0_0, 0, 1;
    %pushi/vec4 1, 0, 1;
    %store/vec4 v0x55a60f8191b0_0, 0, 1;
    %delay 10, 0;
    %pushi/vec4 0, 0, 1;
    %store/vec4 v0x55a60f819520_0, 0, 1;
    %pushi/vec4 0, 0, 1;
    %store/vec4 v0x55a60f819480_0, 0, 1;
    %pushi/vec4 0, 0, 1;
    %store/vec4 v0x55a60f818ea0_0, 0, 1;
    %pushi/vec4 0, 0, 1;
    %store/vec4 v0x55a60f818fb0_0, 0, 1;
    %pushi/vec4 0, 0, 1;
    %store/vec4 v0x55a60f8190c0_0, 0, 1;
    %pushi/vec4 0, 0, 1;
    %store/vec4 v0x55a60f8191b0_0, 0, 1;
    %delay 5, 0;
    %pushi/vec4 0, 0, 1;
    %store/vec4 v0x55a60f819520_0, 0, 1;
    %pushi/vec4 0, 0, 1;
    %store/vec4 v0x55a60f819480_0, 0, 1;
    %pushi/vec4 0, 0, 1;
    %store/vec4 v0x55a60f818ea0_0, 0, 1;
    %pushi/vec4 0, 0, 1;
    %store/vec4 v0x55a60f818fb0_0, 0, 1;
    %pushi/vec4 0, 0, 1;
    %store/vec4 v0x55a60f8190c0_0, 0, 1;
    %pushi/vec4 0, 0, 1;
    %store/vec4 v0x55a60f8191b0_0, 0, 1;
    %delay 5000, 0;
    %vpi_call 2 77 "$finish" {0 0 0};
    %end;
    .thread T_12;
    .scope S_0x55a60f7c7060;
T_13 ;
    %vpi_call 2 81 "$dumpfile", "sim_rtl/evm_rtl_1.vcd" {0 0 0};
    %vpi_call 2 82 "$dumpvars", 32'sb00000000000000000000000000000001 {0 0 0};
    %end;
    .thread T_13;
    .scope S_0x55a60f7c7060;
T_14 ;
    %vpi_call 2 86 "$monitor", $time, "mode=%b, button1=%b, button2=%b, button3=%b, button4=%b, led=%d", v0x55a60f819480_0, v0x55a60f818ea0_0, v0x55a60f818fb0_0, v0x55a60f8190c0_0, v0x55a60f8191b0_0, v0x55a60f819390_0 {0 0 0};
    %end;
    .thread T_14;
# The file index is used to find the file name in the following table.
:file_names 4;
    "N/A";
    "<interactive>";
    "tb/evm_tb1.v";
    "rtl/evm.v";
