#! /usr/bin/vvp
:ivl_version "11.0 (stable)";
:ivl_delay_selection "TYPICAL";
:vpi_time_precision - 12;
:vpi_module "/usr/lib/x86_64-linux-gnu/ivl/system.vpi";
:vpi_module "/usr/lib/x86_64-linux-gnu/ivl/vhdl_sys.vpi";
:vpi_module "/usr/lib/x86_64-linux-gnu/ivl/vhdl_textio.vpi";
:vpi_module "/usr/lib/x86_64-linux-gnu/ivl/v2005_math.vpi";
:vpi_module "/usr/lib/x86_64-linux-gnu/ivl/va_math.vpi";
S_0x5f2c535ed2a0 .scope module, "full_adder_tb3" "full_adder_tb3" 2 23;
 .timescale -9 -12;
v0x5f2c53605be0_0 .var "a", 0 0;
v0x5f2c53605cd0_0 .var "b", 0 0;
v0x5f2c53605de0_0 .var "c", 0 0;
v0x5f2c53605ed0_0 .net "carry", 0 0, L_0x5f2c53606440;  1 drivers
v0x5f2c53605f70_0 .net "sum", 0 0, L_0x5f2c536061e0;  1 drivers
S_0x5f2c535ed430 .scope module, "dut" "full_adder" 2 27, 3 23 0, S_0x5f2c535ed2a0;
 .timescale -9 -12;
    .port_info 0 /INPUT 1 "a";
    .port_info 1 /INPUT 1 "b";
    .port_info 2 /INPUT 1 "c";
    .port_info 3 /OUTPUT 1 "sum";
    .port_info 4 /OUTPUT 1 "carry";
L_0x5f2c53606440 .functor OR 1, L_0x5f2c53606120, L_0x5f2c53606320, C4<0>, C4<0>;
v0x5f2c53605530_0 .net "a", 0 0, v0x5f2c53605be0_0;  1 drivers
v0x5f2c536055f0_0 .net "b", 0 0, v0x5f2c53605cd0_0;  1 drivers
v0x5f2c536056c0_0 .net "c", 0 0, v0x5f2c53605de0_0;  1 drivers
v0x5f2c536057c0_0 .net "carry", 0 0, L_0x5f2c53606440;  alias, 1 drivers
v0x5f2c53605860_0 .net "sum", 0 0, L_0x5f2c536061e0;  alias, 1 drivers
v0x5f2c53605950_0 .net "w1", 0 0, L_0x5f2c536060b0;  1 drivers
v0x5f2c53605a40_0 .net "w2", 0 0, L_0x5f2c53606120;  1 drivers
v0x5f2c53605ae0_0 .net "w3", 0 0, L_0x5f2c53606320;  1 drivers
S_0x5f2c535ebf50 .scope module, "ha1" "half_adder" 3 28, 3 34 0, S_0x5f2c535ed430;
 .timescale -9 -12;
    .port_info 0 /INPUT 1 "a";
    .port_info 1 /INPUT 1 "b";
    .port_info 2 /OUTPUT 1 "sum";
    .port_info 3 /OUTPUT 1 "carry";
L_0x5f2c536060b0 .functor XOR 1, v0x5f2c53605be0_0, v0x5f2c53605cd0_0, C4<0>, C4<0>;
L_0x5f2c53606120 .functor AND 1, v0x5f2c53605be0_0, v0x5f2c53605cd0_0, C4<1>, C4<1>;
v0x5f2c535ec1a0_0 .net "a", 0 0, v0x5f2c53605be0_0;  alias, 1 drivers
v0x5f2c53604ca0_0 .net "b", 0 0, v0x5f2c53605cd0_0;  alias, 1 drivers
v0x5f2c53604d60_0 .net "carry", 0 0, L_0x5f2c53606120;  alias, 1 drivers
v0x5f2c53604e00_0 .net "sum", 0 0, L_0x5f2c536060b0;  alias, 1 drivers
S_0x5f2c53604f40 .scope module, "ha2" "half_adder" 3 29, 3 34 0, S_0x5f2c535ed430;
 .timescale -9 -12;
    .port_info 0 /INPUT 1 "a";
    .port_info 1 /INPUT 1 "b";
    .port_info 2 /OUTPUT 1 "sum";
    .port_info 3 /OUTPUT 1 "carry";
L_0x5f2c536061e0 .functor XOR 1, L_0x5f2c536060b0, v0x5f2c53605de0_0, C4<0>, C4<0>;
L_0x5f2c53606320 .functor AND 1, L_0x5f2c536060b0, v0x5f2c53605de0_0, C4<1>, C4<1>;
v0x5f2c536051b0_0 .net "a", 0 0, L_0x5f2c536060b0;  alias, 1 drivers
v0x5f2c53605250_0 .net "b", 0 0, v0x5f2c53605de0_0;  alias, 1 drivers
v0x5f2c536052f0_0 .net "carry", 0 0, L_0x5f2c53606320;  alias, 1 drivers
v0x5f2c536053c0_0 .net "sum", 0 0, L_0x5f2c536061e0;  alias, 1 drivers
    .scope S_0x5f2c535ed2a0;
T_0 ;
    %vpi_call 2 30 "$dumpfile", "vcd/full_adder_rtl3.vcd" {0 0 0};
    %vpi_call 2 31 "$dumpvars", 32'sb00000000000000000000000000000000, S_0x5f2c535ed2a0 {0 0 0};
    %end;
    .thread T_0;
    .scope S_0x5f2c535ed2a0;
T_1 ;
    %pushi/vec4 0, 0, 1;
    %store/vec4 v0x5f2c53605be0_0, 0, 1;
    %pushi/vec4 1, 0, 1;
    %store/vec4 v0x5f2c53605cd0_0, 0, 1;
    %pushi/vec4 0, 0, 1;
    %store/vec4 v0x5f2c53605de0_0, 0, 1;
    %delay 5000, 0;
    %pushi/vec4 0, 0, 1;
    %store/vec4 v0x5f2c53605be0_0, 0, 1;
    %pushi/vec4 1, 0, 1;
    %store/vec4 v0x5f2c53605cd0_0, 0, 1;
    %pushi/vec4 1, 0, 1;
    %store/vec4 v0x5f2c53605de0_0, 0, 1;
    %delay 9000, 0;
    %pushi/vec4 0, 0, 1;
    %store/vec4 v0x5f2c53605be0_0, 0, 1;
    %pushi/vec4 1, 0, 1;
    %store/vec4 v0x5f2c53605cd0_0, 0, 1;
    %pushi/vec4 0, 0, 1;
    %store/vec4 v0x5f2c53605de0_0, 0, 1;
    %delay 5000, 0;
    %pushi/vec4 1, 0, 1;
    %store/vec4 v0x5f2c53605be0_0, 0, 1;
    %pushi/vec4 1, 0, 1;
    %store/vec4 v0x5f2c53605cd0_0, 0, 1;
    %pushi/vec4 1, 0, 1;
    %store/vec4 v0x5f2c53605de0_0, 0, 1;
    %delay 5000, 0;
    %pushi/vec4 0, 0, 1;
    %store/vec4 v0x5f2c53605be0_0, 0, 1;
    %pushi/vec4 0, 0, 1;
    %store/vec4 v0x5f2c53605cd0_0, 0, 1;
    %pushi/vec4 0, 0, 1;
    %store/vec4 v0x5f2c53605de0_0, 0, 1;
    %delay 7000, 0;
    %pushi/vec4 1, 0, 1;
    %store/vec4 v0x5f2c53605be0_0, 0, 1;
    %pushi/vec4 1, 0, 1;
    %store/vec4 v0x5f2c53605cd0_0, 0, 1;
    %pushi/vec4 1, 0, 1;
    %store/vec4 v0x5f2c53605de0_0, 0, 1;
    %delay 10000, 0;
    %pushi/vec4 1, 0, 1;
    %store/vec4 v0x5f2c53605be0_0, 0, 1;
    %pushi/vec4 0, 0, 1;
    %store/vec4 v0x5f2c53605cd0_0, 0, 1;
    %pushi/vec4 1, 0, 1;
    %store/vec4 v0x5f2c53605de0_0, 0, 1;
    %delay 5000, 0;
    %pushi/vec4 1, 0, 1;
    %store/vec4 v0x5f2c53605be0_0, 0, 1;
    %pushi/vec4 0, 0, 1;
    %store/vec4 v0x5f2c53605cd0_0, 0, 1;
    %pushi/vec4 0, 0, 1;
    %store/vec4 v0x5f2c53605de0_0, 0, 1;
    %delay 4000, 0;
    %vpi_call 2 50 "$finish" {0 0 0};
    %end;
    .thread T_1;
# The file index is used to find the file name in the following table.
:file_names 4;
    "N/A";
    "<interactive>";
    "tb/full_adder_tb3.v";
    "rtl/full_adder.v";
