#! /usr/bin/vvp
:ivl_version "11.0 (stable)";
:ivl_delay_selection "TYPICAL";
:vpi_time_precision - 12;
:vpi_module "/usr/lib/x86_64-linux-gnu/ivl/system.vpi";
:vpi_module "/usr/lib/x86_64-linux-gnu/ivl/vhdl_sys.vpi";
:vpi_module "/usr/lib/x86_64-linux-gnu/ivl/vhdl_textio.vpi";
:vpi_module "/usr/lib/x86_64-linux-gnu/ivl/v2005_math.vpi";
:vpi_module "/usr/lib/x86_64-linux-gnu/ivl/va_math.vpi";
S_0x629e7b64a2a0 .scope module, "full_adder_tb2" "full_adder_tb2" 2 23;
 .timescale -9 -12;
v0x629e7b662340_0 .var "a", 0 0;
v0x629e7b662430_0 .var "b", 0 0;
v0x629e7b662540_0 .var "c", 0 0;
v0x629e7b662630_0 .net "carry", 0 0, L_0x629e7b662ba0;  1 drivers
v0x629e7b6626d0_0 .net "sum", 0 0, L_0x629e7b662940;  1 drivers
S_0x629e7b64a430 .scope module, "dut" "full_adder" 2 27, 3 23 0, S_0x629e7b64a2a0;
 .timescale -9 -12;
    .port_info 0 /INPUT 1 "a";
    .port_info 1 /INPUT 1 "b";
    .port_info 2 /INPUT 1 "c";
    .port_info 3 /OUTPUT 1 "sum";
    .port_info 4 /OUTPUT 1 "carry";
L_0x629e7b662ba0 .functor OR 1, L_0x629e7b662880, L_0x629e7b662a80, C4<0>, C4<0>;
v0x629e7b661c90_0 .net "a", 0 0, v0x629e7b662340_0;  1 drivers
v0x629e7b661d50_0 .net "b", 0 0, v0x629e7b662430_0;  1 drivers
v0x629e7b661e20_0 .net "c", 0 0, v0x629e7b662540_0;  1 drivers
v0x629e7b661f20_0 .net "carry", 0 0, L_0x629e7b662ba0;  alias, 1 drivers
v0x629e7b661fc0_0 .net "sum", 0 0, L_0x629e7b662940;  alias, 1 drivers
v0x629e7b6620b0_0 .net "w1", 0 0, L_0x629e7b662810;  1 drivers
v0x629e7b6621a0_0 .net "w2", 0 0, L_0x629e7b662880;  1 drivers
v0x629e7b662240_0 .net "w3", 0 0, L_0x629e7b662a80;  1 drivers
S_0x629e7b648f50 .scope module, "ha1" "half_adder" 3 28, 3 34 0, S_0x629e7b64a430;
 .timescale -9 -12;
    .port_info 0 /INPUT 1 "a";
    .port_info 1 /INPUT 1 "b";
    .port_info 2 /OUTPUT 1 "sum";
    .port_info 3 /OUTPUT 1 "carry";
L_0x629e7b662810 .functor XOR 1, v0x629e7b662340_0, v0x629e7b662430_0, C4<0>, C4<0>;
L_0x629e7b662880 .functor AND 1, v0x629e7b662340_0, v0x629e7b662430_0, C4<1>, C4<1>;
v0x629e7b6491a0_0 .net "a", 0 0, v0x629e7b662340_0;  alias, 1 drivers
v0x629e7b661400_0 .net "b", 0 0, v0x629e7b662430_0;  alias, 1 drivers
v0x629e7b6614c0_0 .net "carry", 0 0, L_0x629e7b662880;  alias, 1 drivers
v0x629e7b661560_0 .net "sum", 0 0, L_0x629e7b662810;  alias, 1 drivers
S_0x629e7b6616a0 .scope module, "ha2" "half_adder" 3 29, 3 34 0, S_0x629e7b64a430;
 .timescale -9 -12;
    .port_info 0 /INPUT 1 "a";
    .port_info 1 /INPUT 1 "b";
    .port_info 2 /OUTPUT 1 "sum";
    .port_info 3 /OUTPUT 1 "carry";
L_0x629e7b662940 .functor XOR 1, L_0x629e7b662810, v0x629e7b662540_0, C4<0>, C4<0>;
L_0x629e7b662a80 .functor AND 1, L_0x629e7b662810, v0x629e7b662540_0, C4<1>, C4<1>;
v0x629e7b661910_0 .net "a", 0 0, L_0x629e7b662810;  alias, 1 drivers
v0x629e7b6619b0_0 .net "b", 0 0, v0x629e7b662540_0;  alias, 1 drivers
v0x629e7b661a50_0 .net "carry", 0 0, L_0x629e7b662a80;  alias, 1 drivers
v0x629e7b661b20_0 .net "sum", 0 0, L_0x629e7b662940;  alias, 1 drivers
    .scope S_0x629e7b64a2a0;
T_0 ;
    %vpi_call 2 30 "$dumpfile", "vcd/full_adder_rtl2.vcd" {0 0 0};
    %vpi_call 2 31 "$dumpvars", 32'sb00000000000000000000000000000000, S_0x629e7b64a2a0 {0 0 0};
    %end;
    .thread T_0;
    .scope S_0x629e7b64a2a0;
T_1 ;
    %pushi/vec4 0, 0, 1;
    %store/vec4 v0x629e7b662340_0, 0, 1;
    %pushi/vec4 1, 0, 1;
    %store/vec4 v0x629e7b662430_0, 0, 1;
    %pushi/vec4 0, 0, 1;
    %store/vec4 v0x629e7b662540_0, 0, 1;
    %delay 5000, 0;
    %pushi/vec4 0, 0, 1;
    %store/vec4 v0x629e7b662340_0, 0, 1;
    %pushi/vec4 1, 0, 1;
    %store/vec4 v0x629e7b662430_0, 0, 1;
    %pushi/vec4 1, 0, 1;
    %store/vec4 v0x629e7b662540_0, 0, 1;
    %delay 11000, 0;
    %pushi/vec4 0, 0, 1;
    %store/vec4 v0x629e7b662340_0, 0, 1;
    %pushi/vec4 1, 0, 1;
    %store/vec4 v0x629e7b662430_0, 0, 1;
    %pushi/vec4 1, 0, 1;
    %store/vec4 v0x629e7b662540_0, 0, 1;
    %delay 5000, 0;
    %pushi/vec4 0, 0, 1;
    %store/vec4 v0x629e7b662340_0, 0, 1;
    %pushi/vec4 1, 0, 1;
    %store/vec4 v0x629e7b662430_0, 0, 1;
    %pushi/vec4 0, 0, 1;
    %store/vec4 v0x629e7b662540_0, 0, 1;
    %delay 5000, 0;
    %pushi/vec4 1, 0, 1;
    %store/vec4 v0x629e7b662340_0, 0, 1;
    %pushi/vec4 1, 0, 1;
    %store/vec4 v0x629e7b662430_0, 0, 1;
    %pushi/vec4 1, 0, 1;
    %store/vec4 v0x629e7b662540_0, 0, 1;
    %delay 10000, 0;
    %pushi/vec4 1, 0, 1;
    %store/vec4 v0x629e7b662340_0, 0, 1;
    %pushi/vec4 0, 0, 1;
    %store/vec4 v0x629e7b662430_0, 0, 1;
    %pushi/vec4 0, 0, 1;
    %store/vec4 v0x629e7b662540_0, 0, 1;
    %delay 7000, 0;
    %pushi/vec4 0, 0, 1;
    %store/vec4 v0x629e7b662340_0, 0, 1;
    %pushi/vec4 0, 0, 1;
    %store/vec4 v0x629e7b662430_0, 0, 1;
    %pushi/vec4 0, 0, 1;
    %store/vec4 v0x629e7b662540_0, 0, 1;
    %delay 5000, 0;
    %vpi_call 2 48 "$finish" {0 0 0};
    %end;
    .thread T_1;
# The file index is used to find the file name in the following table.
:file_names 4;
    "N/A";
    "<interactive>";
    "tb/full_adder_tb2.v";
    "rtl/full_adder.v";
