#! /usr/bin/vvp
:ivl_version "11.0 (stable)";
:ivl_delay_selection "TYPICAL";
:vpi_time_precision - 12;
:vpi_module "/usr/lib/x86_64-linux-gnu/ivl/system.vpi";
:vpi_module "/usr/lib/x86_64-linux-gnu/ivl/vhdl_sys.vpi";
:vpi_module "/usr/lib/x86_64-linux-gnu/ivl/vhdl_textio.vpi";
:vpi_module "/usr/lib/x86_64-linux-gnu/ivl/v2005_math.vpi";
:vpi_module "/usr/lib/x86_64-linux-gnu/ivl/va_math.vpi";
S_0x5db05cd1f870 .scope module, "mux2x1_tb" "mux2x1_tb" 2 23;
 .timescale -9 -12;
v0x5db05cd33af0_0 .var "a", 0 0;
v0x5db05cd33bb0_0 .var "b", 0 0;
v0x5db05cd33c80_0 .net "out", 0 0, v0x5db05cd338b0_0;  1 drivers
v0x5db05cd33d80_0 .var "sel", 0 0;
S_0x5db05cd1fa00 .scope module, "dut" "mux2x1" 2 27, 3 23 0, S_0x5db05cd1f870;
 .timescale -9 -12;
    .port_info 0 /INPUT 1 "a";
    .port_info 1 /INPUT 1 "b";
    .port_info 2 /INPUT 1 "sel";
    .port_info 3 /OUTPUT 1 "out";
v0x5db05cce5cf0_0 .net "a", 0 0, v0x5db05cd33af0_0;  1 drivers
v0x5db05cd337f0_0 .net "b", 0 0, v0x5db05cd33bb0_0;  1 drivers
v0x5db05cd338b0_0 .var "out", 0 0;
v0x5db05cd33980_0 .net "sel", 0 0, v0x5db05cd33d80_0;  1 drivers
E_0x5db05cce6770 .event edge, v0x5db05cd33980_0, v0x5db05cd337f0_0, v0x5db05cce5cf0_0;
    .scope S_0x5db05cd1fa00;
T_0 ;
    %wait E_0x5db05cce6770;
    %load/vec4 v0x5db05cd33980_0;
    %dup/vec4;
    %pushi/vec4 0, 0, 1;
    %cmp/u;
    %jmp/1 T_0.0, 6;
    %dup/vec4;
    %pushi/vec4 1, 0, 1;
    %cmp/u;
    %jmp/1 T_0.1, 6;
    %jmp T_0.2;
T_0.0 ;
    %load/vec4 v0x5db05cce5cf0_0;
    %store/vec4 v0x5db05cd338b0_0, 0, 1;
    %jmp T_0.2;
T_0.1 ;
    %load/vec4 v0x5db05cd337f0_0;
    %store/vec4 v0x5db05cd338b0_0, 0, 1;
    %jmp T_0.2;
T_0.2 ;
    %pop/vec4 1;
    %jmp T_0;
    .thread T_0, $push;
    .scope S_0x5db05cd1f870;
T_1 ;
    %vpi_call 2 29 "$dumpfile", "vcd/mux2x1_rtl.vcd" {0 0 0};
    %vpi_call 2 30 "$dumpvars", 32'sb00000000000000000000000000000000, S_0x5db05cd1f870 {0 0 0};
    %end;
    .thread T_1;
    .scope S_0x5db05cd1f870;
T_2 ;
    %pushi/vec4 0, 0, 1;
    %store/vec4 v0x5db05cd33af0_0, 0, 1;
    %pushi/vec4 1, 0, 1;
    %store/vec4 v0x5db05cd33bb0_0, 0, 1;
    %pushi/vec4 0, 0, 1;
    %store/vec4 v0x5db05cd33d80_0, 0, 1;
    %delay 5000, 0;
    %pushi/vec4 1, 0, 1;
    %store/vec4 v0x5db05cd33af0_0, 0, 1;
    %pushi/vec4 0, 0, 1;
    %store/vec4 v0x5db05cd33bb0_0, 0, 1;
    %pushi/vec4 1, 0, 1;
    %store/vec4 v0x5db05cd33d80_0, 0, 1;
    %delay 8000, 0;
    %pushi/vec4 1, 0, 1;
    %store/vec4 v0x5db05cd33af0_0, 0, 1;
    %pushi/vec4 0, 0, 1;
    %store/vec4 v0x5db05cd33bb0_0, 0, 1;
    %pushi/vec4 0, 0, 1;
    %store/vec4 v0x5db05cd33d80_0, 0, 1;
    %delay 5000, 0;
    %pushi/vec4 1, 0, 1;
    %store/vec4 v0x5db05cd33af0_0, 0, 1;
    %pushi/vec4 1, 0, 1;
    %store/vec4 v0x5db05cd33bb0_0, 0, 1;
    %pushi/vec4 1, 0, 1;
    %store/vec4 v0x5db05cd33d80_0, 0, 1;
    %delay 5000, 0;
    %pushi/vec4 0, 0, 1;
    %store/vec4 v0x5db05cd33af0_0, 0, 1;
    %pushi/vec4 1, 0, 1;
    %store/vec4 v0x5db05cd33bb0_0, 0, 1;
    %pushi/vec4 1, 0, 1;
    %store/vec4 v0x5db05cd33d80_0, 0, 1;
    %delay 4000, 0;
    %pushi/vec4 1, 0, 1;
    %store/vec4 v0x5db05cd33af0_0, 0, 1;
    %pushi/vec4 0, 0, 1;
    %store/vec4 v0x5db05cd33bb0_0, 0, 1;
    %pushi/vec4 0, 0, 1;
    %store/vec4 v0x5db05cd33d80_0, 0, 1;
    %delay 7000, 0;
    %vpi_call 2 45 "$finish" {0 0 0};
    %end;
    .thread T_2;
# The file index is used to find the file name in the following table.
:file_names 4;
    "N/A";
    "<interactive>";
    "tb/mux2x1_tb.v";
    "rtl/mux2x1.v";
