#! /usr/bin/vvp
:ivl_version "11.0 (stable)";
:ivl_delay_selection "TYPICAL";
:vpi_time_precision - 12;
:vpi_module "/usr/lib/x86_64-linux-gnu/ivl/system.vpi";
:vpi_module "/usr/lib/x86_64-linux-gnu/ivl/vhdl_sys.vpi";
:vpi_module "/usr/lib/x86_64-linux-gnu/ivl/vhdl_textio.vpi";
:vpi_module "/usr/lib/x86_64-linux-gnu/ivl/v2005_math.vpi";
:vpi_module "/usr/lib/x86_64-linux-gnu/ivl/va_math.vpi";
S_0x5a158389dcf0 .scope module, "mux4x1_tb2" "mux4x1_tb2" 2 3;
 .timescale -9 -12;
v0x5a15838f83c0_0 .var "a", 0 0;
v0x5a15838f84d0_0 .var "b", 0 0;
v0x5a15838f85e0_0 .var "c", 0 0;
v0x5a15838f86d0_0 .var "d", 0 0;
v0x5a15838f87c0_0 .net "out", 0 0, v0x5a15838f7ab0_0;  1 drivers
v0x5a15838f8900_0 .var "sel", 1 0;
S_0x5a158389de80 .scope module, "dut" "mux4x1" 2 9, 3 23 0, S_0x5a158389dcf0;
 .timescale -9 -12;
    .port_info 0 /INPUT 1 "a";
    .port_info 1 /INPUT 1 "b";
    .port_info 2 /INPUT 1 "c";
    .port_info 3 /INPUT 1 "d";
    .port_info 4 /INPUT 2 "sel";
    .port_info 5 /OUTPUT 1 "out";
v0x5a15838f7cb0_0 .net "a", 0 0, v0x5a15838f83c0_0;  1 drivers
v0x5a15838f7d70_0 .net "b", 0 0, v0x5a15838f84d0_0;  1 drivers
v0x5a15838f7e40_0 .net "c", 0 0, v0x5a15838f85e0_0;  1 drivers
v0x5a15838f7f40_0 .net "d", 0 0, v0x5a15838f86d0_0;  1 drivers
v0x5a15838f8010_0 .net "out", 0 0, v0x5a15838f7ab0_0;  alias, 1 drivers
v0x5a15838f8100_0 .net "sel", 1 0, v0x5a15838f8900_0;  1 drivers
v0x5a15838f81a0_0 .net "w1", 0 0, v0x5a15838f6e30_0;  1 drivers
v0x5a15838f8290_0 .net "w2", 0 0, v0x5a15838f7440_0;  1 drivers
L_0x5a15838f89a0 .part v0x5a15838f8900_0, 0, 1;
L_0x5a15838f8a90 .part v0x5a15838f8900_0, 0, 1;
L_0x5a15838f8b30 .part v0x5a15838f8900_0, 1, 1;
S_0x5a15838da240 .scope module, "u1" "mux2x1" 3 31, 3 36 0, S_0x5a158389de80;
 .timescale -9 -12;
    .port_info 0 /INPUT 1 "a";
    .port_info 1 /INPUT 1 "b";
    .port_info 2 /INPUT 1 "sel";
    .port_info 3 /OUTPUT 1 "out";
v0x5a15838da4b0_0 .net "a", 0 0, v0x5a15838f83c0_0;  alias, 1 drivers
v0x5a15838f6d70_0 .net "b", 0 0, v0x5a15838f84d0_0;  alias, 1 drivers
v0x5a15838f6e30_0 .var "out", 0 0;
v0x5a15838f6ed0_0 .net "sel", 0 0, L_0x5a15838f89a0;  1 drivers
E_0x5a15838d9530 .event edge, v0x5a15838f6ed0_0, v0x5a15838f6d70_0, v0x5a15838da4b0_0;
S_0x5a15838f7010 .scope module, "u2" "mux2x1" 3 32, 3 36 0, S_0x5a158389de80;
 .timescale -9 -12;
    .port_info 0 /INPUT 1 "a";
    .port_info 1 /INPUT 1 "b";
    .port_info 2 /INPUT 1 "sel";
    .port_info 3 /OUTPUT 1 "out";
v0x5a15838f72a0_0 .net "a", 0 0, v0x5a15838f85e0_0;  alias, 1 drivers
v0x5a15838f7380_0 .net "b", 0 0, v0x5a15838f86d0_0;  alias, 1 drivers
v0x5a15838f7440_0 .var "out", 0 0;
v0x5a15838f74e0_0 .net "sel", 0 0, L_0x5a15838f8a90;  1 drivers
E_0x5a15838d93d0 .event edge, v0x5a15838f74e0_0, v0x5a15838f7380_0, v0x5a15838f72a0_0;
S_0x5a15838f7650 .scope module, "u3" "mux2x1" 3 33, 3 36 0, S_0x5a158389de80;
 .timescale -9 -12;
    .port_info 0 /INPUT 1 "a";
    .port_info 1 /INPUT 1 "b";
    .port_info 2 /INPUT 1 "sel";
    .port_info 3 /OUTPUT 1 "out";
v0x5a15838f78f0_0 .net "a", 0 0, v0x5a15838f6e30_0;  alias, 1 drivers
v0x5a15838f79e0_0 .net "b", 0 0, v0x5a15838f7440_0;  alias, 1 drivers
v0x5a15838f7ab0_0 .var "out", 0 0;
v0x5a15838f7b80_0 .net "sel", 0 0, L_0x5a15838f8b30;  1 drivers
E_0x5a15838c19b0 .event edge, v0x5a15838f7b80_0, v0x5a15838f7440_0, v0x5a15838f6e30_0;
    .scope S_0x5a15838da240;
T_0 ;
    %wait E_0x5a15838d9530;
    %load/vec4 v0x5a15838f6ed0_0;
    %dup/vec4;
    %pushi/vec4 0, 0, 1;
    %cmp/u;
    %jmp/1 T_0.0, 6;
    %dup/vec4;
    %pushi/vec4 1, 0, 1;
    %cmp/u;
    %jmp/1 T_0.1, 6;
    %jmp T_0.2;
T_0.0 ;
    %load/vec4 v0x5a15838da4b0_0;
    %store/vec4 v0x5a15838f6e30_0, 0, 1;
    %jmp T_0.2;
T_0.1 ;
    %load/vec4 v0x5a15838f6d70_0;
    %store/vec4 v0x5a15838f6e30_0, 0, 1;
    %jmp T_0.2;
T_0.2 ;
    %pop/vec4 1;
    %jmp T_0;
    .thread T_0, $push;
    .scope S_0x5a15838f7010;
T_1 ;
    %wait E_0x5a15838d93d0;
    %load/vec4 v0x5a15838f74e0_0;
    %dup/vec4;
    %pushi/vec4 0, 0, 1;
    %cmp/u;
    %jmp/1 T_1.0, 6;
    %dup/vec4;
    %pushi/vec4 1, 0, 1;
    %cmp/u;
    %jmp/1 T_1.1, 6;
    %jmp T_1.2;
T_1.0 ;
    %load/vec4 v0x5a15838f72a0_0;
    %store/vec4 v0x5a15838f7440_0, 0, 1;
    %jmp T_1.2;
T_1.1 ;
    %load/vec4 v0x5a15838f7380_0;
    %store/vec4 v0x5a15838f7440_0, 0, 1;
    %jmp T_1.2;
T_1.2 ;
    %pop/vec4 1;
    %jmp T_1;
    .thread T_1, $push;
    .scope S_0x5a15838f7650;
T_2 ;
    %wait E_0x5a15838c19b0;
    %load/vec4 v0x5a15838f7b80_0;
    %dup/vec4;
    %pushi/vec4 0, 0, 1;
    %cmp/u;
    %jmp/1 T_2.0, 6;
    %dup/vec4;
    %pushi/vec4 1, 0, 1;
    %cmp/u;
    %jmp/1 T_2.1, 6;
    %jmp T_2.2;
T_2.0 ;
    %load/vec4 v0x5a15838f78f0_0;
    %store/vec4 v0x5a15838f7ab0_0, 0, 1;
    %jmp T_2.2;
T_2.1 ;
    %load/vec4 v0x5a15838f79e0_0;
    %store/vec4 v0x5a15838f7ab0_0, 0, 1;
    %jmp T_2.2;
T_2.2 ;
    %pop/vec4 1;
    %jmp T_2;
    .thread T_2, $push;
    .scope S_0x5a158389dcf0;
T_3 ;
    %vpi_call 2 20 "$dumpfile", "vcd/mux4x1_rtl2.vcd" {0 0 0};
    %vpi_call 2 21 "$dumpvars", 32'sb00000000000000000000000000000000, S_0x5a158389dcf0 {0 0 0};
    %end;
    .thread T_3;
    .scope S_0x5a158389dcf0;
T_4 ;
    %pushi/vec4 0, 0, 2;
    %store/vec4 v0x5a15838f8900_0, 0, 2;
    %pushi/vec4 1, 0, 1;
    %store/vec4 v0x5a15838f83c0_0, 0, 1;
    %pushi/vec4 0, 0, 1;
    %store/vec4 v0x5a15838f84d0_0, 0, 1;
    %pushi/vec4 1, 0, 1;
    %store/vec4 v0x5a15838f85e0_0, 0, 1;
    %pushi/vec4 1, 0, 1;
    %store/vec4 v0x5a15838f86d0_0, 0, 1;
    %delay 5000, 0;
    %pushi/vec4 1, 0, 2;
    %store/vec4 v0x5a15838f8900_0, 0, 2;
    %pushi/vec4 1, 0, 1;
    %store/vec4 v0x5a15838f83c0_0, 0, 1;
    %pushi/vec4 1, 0, 1;
    %store/vec4 v0x5a15838f84d0_0, 0, 1;
    %pushi/vec4 0, 0, 1;
    %store/vec4 v0x5a15838f85e0_0, 0, 1;
    %pushi/vec4 1, 0, 1;
    %store/vec4 v0x5a15838f86d0_0, 0, 1;
    %delay 6000, 0;
    %pushi/vec4 0, 0, 2;
    %store/vec4 v0x5a15838f8900_0, 0, 2;
    %pushi/vec4 0, 0, 1;
    %store/vec4 v0x5a15838f83c0_0, 0, 1;
    %pushi/vec4 0, 0, 1;
    %store/vec4 v0x5a15838f84d0_0, 0, 1;
    %pushi/vec4 1, 0, 1;
    %store/vec4 v0x5a15838f85e0_0, 0, 1;
    %pushi/vec4 1, 0, 1;
    %store/vec4 v0x5a15838f86d0_0, 0, 1;
    %delay 9000, 0;
    %pushi/vec4 2, 0, 2;
    %store/vec4 v0x5a15838f8900_0, 0, 2;
    %pushi/vec4 1, 0, 1;
    %store/vec4 v0x5a15838f83c0_0, 0, 1;
    %pushi/vec4 1, 0, 1;
    %store/vec4 v0x5a15838f84d0_0, 0, 1;
    %pushi/vec4 1, 0, 1;
    %store/vec4 v0x5a15838f85e0_0, 0, 1;
    %pushi/vec4 1, 0, 1;
    %store/vec4 v0x5a15838f86d0_0, 0, 1;
    %delay 2000, 0;
    %pushi/vec4 3, 0, 2;
    %store/vec4 v0x5a15838f8900_0, 0, 2;
    %pushi/vec4 1, 0, 1;
    %store/vec4 v0x5a15838f83c0_0, 0, 1;
    %pushi/vec4 0, 0, 1;
    %store/vec4 v0x5a15838f84d0_0, 0, 1;
    %pushi/vec4 0, 0, 1;
    %store/vec4 v0x5a15838f85e0_0, 0, 1;
    %pushi/vec4 0, 0, 1;
    %store/vec4 v0x5a15838f86d0_0, 0, 1;
    %delay 10000, 0;
    %pushi/vec4 2, 0, 2;
    %store/vec4 v0x5a15838f8900_0, 0, 2;
    %pushi/vec4 1, 0, 1;
    %store/vec4 v0x5a15838f83c0_0, 0, 1;
    %pushi/vec4 0, 0, 1;
    %store/vec4 v0x5a15838f84d0_0, 0, 1;
    %pushi/vec4 0, 0, 1;
    %store/vec4 v0x5a15838f85e0_0, 0, 1;
    %pushi/vec4 1, 0, 1;
    %store/vec4 v0x5a15838f86d0_0, 0, 1;
    %delay 5000, 0;
    %pushi/vec4 1, 0, 2;
    %store/vec4 v0x5a15838f8900_0, 0, 2;
    %pushi/vec4 0, 0, 1;
    %store/vec4 v0x5a15838f83c0_0, 0, 1;
    %pushi/vec4 0, 0, 1;
    %store/vec4 v0x5a15838f84d0_0, 0, 1;
    %pushi/vec4 1, 0, 1;
    %store/vec4 v0x5a15838f85e0_0, 0, 1;
    %pushi/vec4 0, 0, 1;
    %store/vec4 v0x5a15838f86d0_0, 0, 1;
    %delay 8000, 0;
    %pushi/vec4 3, 0, 2;
    %store/vec4 v0x5a15838f8900_0, 0, 2;
    %pushi/vec4 0, 0, 1;
    %store/vec4 v0x5a15838f83c0_0, 0, 1;
    %pushi/vec4 0, 0, 1;
    %store/vec4 v0x5a15838f84d0_0, 0, 1;
    %pushi/vec4 0, 0, 1;
    %store/vec4 v0x5a15838f85e0_0, 0, 1;
    %pushi/vec4 0, 0, 1;
    %store/vec4 v0x5a15838f86d0_0, 0, 1;
    %delay 10000, 0;
    %vpi_call 2 34 "$finish" {0 0 0};
    %end;
    .thread T_4;
# The file index is used to find the file name in the following table.
:file_names 4;
    "N/A";
    "<interactive>";
    "tb/mux4x1_tb2.v";
    "rtl/mux4x1.v";
