#! /usr/bin/vvp
:ivl_version "11.0 (stable)";
:ivl_delay_selection "TYPICAL";
:vpi_time_precision - 12;
:vpi_module "/usr/lib/x86_64-linux-gnu/ivl/system.vpi";
:vpi_module "/usr/lib/x86_64-linux-gnu/ivl/vhdl_sys.vpi";
:vpi_module "/usr/lib/x86_64-linux-gnu/ivl/vhdl_textio.vpi";
:vpi_module "/usr/lib/x86_64-linux-gnu/ivl/v2005_math.vpi";
:vpi_module "/usr/lib/x86_64-linux-gnu/ivl/va_math.vpi";
S_0x6260f6cd5cf0 .scope module, "mux4x1_tb3" "mux4x1_tb3" 2 23;
 .timescale -9 -12;
v0x6260f6d30380_0 .var "a", 0 0;
v0x6260f6d30490_0 .var "b", 0 0;
v0x6260f6d305a0_0 .var "c", 0 0;
v0x6260f6d30690_0 .var "d", 0 0;
v0x6260f6d30780_0 .net "out", 0 0, v0x6260f6d2fa70_0;  1 drivers
v0x6260f6d308c0_0 .var "sel", 1 0;
S_0x6260f6cd5e80 .scope module, "dut" "mux4x1" 2 28, 3 23 0, S_0x6260f6cd5cf0;
 .timescale -9 -12;
    .port_info 0 /INPUT 1 "a";
    .port_info 1 /INPUT 1 "b";
    .port_info 2 /INPUT 1 "c";
    .port_info 3 /INPUT 1 "d";
    .port_info 4 /INPUT 2 "sel";
    .port_info 5 /OUTPUT 1 "out";
v0x6260f6d2fc70_0 .net "a", 0 0, v0x6260f6d30380_0;  1 drivers
v0x6260f6d2fd30_0 .net "b", 0 0, v0x6260f6d30490_0;  1 drivers
v0x6260f6d2fe00_0 .net "c", 0 0, v0x6260f6d305a0_0;  1 drivers
v0x6260f6d2ff00_0 .net "d", 0 0, v0x6260f6d30690_0;  1 drivers
v0x6260f6d2ffd0_0 .net "out", 0 0, v0x6260f6d2fa70_0;  alias, 1 drivers
v0x6260f6d300c0_0 .net "sel", 1 0, v0x6260f6d308c0_0;  1 drivers
v0x6260f6d30160_0 .net "w1", 0 0, v0x6260f6d2edf0_0;  1 drivers
v0x6260f6d30250_0 .net "w2", 0 0, v0x6260f6d2f400_0;  1 drivers
L_0x6260f6d30960 .part v0x6260f6d308c0_0, 0, 1;
L_0x6260f6d30a50 .part v0x6260f6d308c0_0, 0, 1;
L_0x6260f6d30af0 .part v0x6260f6d308c0_0, 1, 1;
S_0x6260f6d12240 .scope module, "u1" "mux2x1" 3 31, 3 36 0, S_0x6260f6cd5e80;
 .timescale -9 -12;
    .port_info 0 /INPUT 1 "a";
    .port_info 1 /INPUT 1 "b";
    .port_info 2 /INPUT 1 "sel";
    .port_info 3 /OUTPUT 1 "out";
v0x6260f6d12490_0 .net "a", 0 0, v0x6260f6d30380_0;  alias, 1 drivers
v0x6260f6d2ed30_0 .net "b", 0 0, v0x6260f6d30490_0;  alias, 1 drivers
v0x6260f6d2edf0_0 .var "out", 0 0;
v0x6260f6d2ee90_0 .net "sel", 0 0, L_0x6260f6d30960;  1 drivers
E_0x6260f6d11530 .event edge, v0x6260f6d2ee90_0, v0x6260f6d2ed30_0, v0x6260f6d12490_0;
S_0x6260f6d2efd0 .scope module, "u2" "mux2x1" 3 32, 3 36 0, S_0x6260f6cd5e80;
 .timescale -9 -12;
    .port_info 0 /INPUT 1 "a";
    .port_info 1 /INPUT 1 "b";
    .port_info 2 /INPUT 1 "sel";
    .port_info 3 /OUTPUT 1 "out";
v0x6260f6d2f260_0 .net "a", 0 0, v0x6260f6d305a0_0;  alias, 1 drivers
v0x6260f6d2f340_0 .net "b", 0 0, v0x6260f6d30690_0;  alias, 1 drivers
v0x6260f6d2f400_0 .var "out", 0 0;
v0x6260f6d2f4a0_0 .net "sel", 0 0, L_0x6260f6d30a50;  1 drivers
E_0x6260f6d113d0 .event edge, v0x6260f6d2f4a0_0, v0x6260f6d2f340_0, v0x6260f6d2f260_0;
S_0x6260f6d2f610 .scope module, "u3" "mux2x1" 3 33, 3 36 0, S_0x6260f6cd5e80;
 .timescale -9 -12;
    .port_info 0 /INPUT 1 "a";
    .port_info 1 /INPUT 1 "b";
    .port_info 2 /INPUT 1 "sel";
    .port_info 3 /OUTPUT 1 "out";
v0x6260f6d2f8b0_0 .net "a", 0 0, v0x6260f6d2edf0_0;  alias, 1 drivers
v0x6260f6d2f9a0_0 .net "b", 0 0, v0x6260f6d2f400_0;  alias, 1 drivers
v0x6260f6d2fa70_0 .var "out", 0 0;
v0x6260f6d2fb40_0 .net "sel", 0 0, L_0x6260f6d30af0;  1 drivers
E_0x6260f6cf99b0 .event edge, v0x6260f6d2fb40_0, v0x6260f6d2f400_0, v0x6260f6d2edf0_0;
    .scope S_0x6260f6d12240;
T_0 ;
    %wait E_0x6260f6d11530;
    %load/vec4 v0x6260f6d2ee90_0;
    %dup/vec4;
    %pushi/vec4 0, 0, 1;
    %cmp/u;
    %jmp/1 T_0.0, 6;
    %dup/vec4;
    %pushi/vec4 1, 0, 1;
    %cmp/u;
    %jmp/1 T_0.1, 6;
    %jmp T_0.2;
T_0.0 ;
    %load/vec4 v0x6260f6d12490_0;
    %store/vec4 v0x6260f6d2edf0_0, 0, 1;
    %jmp T_0.2;
T_0.1 ;
    %load/vec4 v0x6260f6d2ed30_0;
    %store/vec4 v0x6260f6d2edf0_0, 0, 1;
    %jmp T_0.2;
T_0.2 ;
    %pop/vec4 1;
    %jmp T_0;
    .thread T_0, $push;
    .scope S_0x6260f6d2efd0;
T_1 ;
    %wait E_0x6260f6d113d0;
    %load/vec4 v0x6260f6d2f4a0_0;
    %dup/vec4;
    %pushi/vec4 0, 0, 1;
    %cmp/u;
    %jmp/1 T_1.0, 6;
    %dup/vec4;
    %pushi/vec4 1, 0, 1;
    %cmp/u;
    %jmp/1 T_1.1, 6;
    %jmp T_1.2;
T_1.0 ;
    %load/vec4 v0x6260f6d2f260_0;
    %store/vec4 v0x6260f6d2f400_0, 0, 1;
    %jmp T_1.2;
T_1.1 ;
    %load/vec4 v0x6260f6d2f340_0;
    %store/vec4 v0x6260f6d2f400_0, 0, 1;
    %jmp T_1.2;
T_1.2 ;
    %pop/vec4 1;
    %jmp T_1;
    .thread T_1, $push;
    .scope S_0x6260f6d2f610;
T_2 ;
    %wait E_0x6260f6cf99b0;
    %load/vec4 v0x6260f6d2fb40_0;
    %dup/vec4;
    %pushi/vec4 0, 0, 1;
    %cmp/u;
    %jmp/1 T_2.0, 6;
    %dup/vec4;
    %pushi/vec4 1, 0, 1;
    %cmp/u;
    %jmp/1 T_2.1, 6;
    %jmp T_2.2;
T_2.0 ;
    %load/vec4 v0x6260f6d2f8b0_0;
    %store/vec4 v0x6260f6d2fa70_0, 0, 1;
    %jmp T_2.2;
T_2.1 ;
    %load/vec4 v0x6260f6d2f9a0_0;
    %store/vec4 v0x6260f6d2fa70_0, 0, 1;
    %jmp T_2.2;
T_2.2 ;
    %pop/vec4 1;
    %jmp T_2;
    .thread T_2, $push;
    .scope S_0x6260f6cd5cf0;
T_3 ;
    %vpi_call 2 31 "$dumpfile", "vcd/mux4x1_rtl3.vcd" {0 0 0};
    %vpi_call 2 32 "$dumpvars", 32'sb00000000000000000000000000000000, S_0x6260f6cd5cf0 {0 0 0};
    %end;
    .thread T_3;
    .scope S_0x6260f6cd5cf0;
T_4 ;
    %pushi/vec4 0, 0, 2;
    %store/vec4 v0x6260f6d308c0_0, 0, 2;
    %pushi/vec4 1, 0, 1;
    %store/vec4 v0x6260f6d30380_0, 0, 1;
    %pushi/vec4 0, 0, 1;
    %store/vec4 v0x6260f6d30490_0, 0, 1;
    %pushi/vec4 1, 0, 1;
    %store/vec4 v0x6260f6d305a0_0, 0, 1;
    %pushi/vec4 1, 0, 1;
    %store/vec4 v0x6260f6d30690_0, 0, 1;
    %delay 5000, 0;
    %pushi/vec4 1, 0, 2;
    %store/vec4 v0x6260f6d308c0_0, 0, 2;
    %pushi/vec4 1, 0, 1;
    %store/vec4 v0x6260f6d30380_0, 0, 1;
    %pushi/vec4 1, 0, 1;
    %store/vec4 v0x6260f6d30490_0, 0, 1;
    %pushi/vec4 0, 0, 1;
    %store/vec4 v0x6260f6d305a0_0, 0, 1;
    %pushi/vec4 1, 0, 1;
    %store/vec4 v0x6260f6d30690_0, 0, 1;
    %delay 5000, 0;
    %pushi/vec4 0, 0, 2;
    %store/vec4 v0x6260f6d308c0_0, 0, 2;
    %pushi/vec4 0, 0, 1;
    %store/vec4 v0x6260f6d30380_0, 0, 1;
    %pushi/vec4 0, 0, 1;
    %store/vec4 v0x6260f6d30490_0, 0, 1;
    %pushi/vec4 1, 0, 1;
    %store/vec4 v0x6260f6d305a0_0, 0, 1;
    %pushi/vec4 1, 0, 1;
    %store/vec4 v0x6260f6d30690_0, 0, 1;
    %delay 5000, 0;
    %pushi/vec4 2, 0, 2;
    %store/vec4 v0x6260f6d308c0_0, 0, 2;
    %pushi/vec4 1, 0, 1;
    %store/vec4 v0x6260f6d30380_0, 0, 1;
    %pushi/vec4 1, 0, 1;
    %store/vec4 v0x6260f6d30490_0, 0, 1;
    %pushi/vec4 1, 0, 1;
    %store/vec4 v0x6260f6d305a0_0, 0, 1;
    %pushi/vec4 1, 0, 1;
    %store/vec4 v0x6260f6d30690_0, 0, 1;
    %delay 5000, 0;
    %pushi/vec4 3, 0, 2;
    %store/vec4 v0x6260f6d308c0_0, 0, 2;
    %pushi/vec4 1, 0, 1;
    %store/vec4 v0x6260f6d30380_0, 0, 1;
    %pushi/vec4 0, 0, 1;
    %store/vec4 v0x6260f6d30490_0, 0, 1;
    %pushi/vec4 1, 0, 1;
    %store/vec4 v0x6260f6d305a0_0, 0, 1;
    %pushi/vec4 0, 0, 1;
    %store/vec4 v0x6260f6d30690_0, 0, 1;
    %delay 5000, 0;
    %pushi/vec4 0, 0, 2;
    %store/vec4 v0x6260f6d308c0_0, 0, 2;
    %pushi/vec4 0, 0, 1;
    %store/vec4 v0x6260f6d30380_0, 0, 1;
    %pushi/vec4 0, 0, 1;
    %store/vec4 v0x6260f6d30490_0, 0, 1;
    %pushi/vec4 1, 0, 1;
    %store/vec4 v0x6260f6d305a0_0, 0, 1;
    %pushi/vec4 0, 0, 1;
    %store/vec4 v0x6260f6d30690_0, 0, 1;
    %delay 5000, 0;
    %pushi/vec4 2, 0, 2;
    %store/vec4 v0x6260f6d308c0_0, 0, 2;
    %pushi/vec4 1, 0, 1;
    %store/vec4 v0x6260f6d30380_0, 0, 1;
    %pushi/vec4 0, 0, 1;
    %store/vec4 v0x6260f6d30490_0, 0, 1;
    %pushi/vec4 0, 0, 1;
    %store/vec4 v0x6260f6d305a0_0, 0, 1;
    %pushi/vec4 1, 0, 1;
    %store/vec4 v0x6260f6d30690_0, 0, 1;
    %delay 15000, 0;
    %pushi/vec4 3, 0, 2;
    %store/vec4 v0x6260f6d308c0_0, 0, 2;
    %pushi/vec4 1, 0, 1;
    %store/vec4 v0x6260f6d30380_0, 0, 1;
    %pushi/vec4 1, 0, 1;
    %store/vec4 v0x6260f6d30490_0, 0, 1;
    %pushi/vec4 1, 0, 1;
    %store/vec4 v0x6260f6d305a0_0, 0, 1;
    %pushi/vec4 1, 0, 1;
    %store/vec4 v0x6260f6d30690_0, 0, 1;
    %delay 5000, 0;
    %vpi_call 2 52 "$finish" {0 0 0};
    %end;
    .thread T_4;
# The file index is used to find the file name in the following table.
:file_names 4;
    "N/A";
    "<interactive>";
    "tb/mux4x1_tb3.v";
    "rtl/mux4x1.v";
