#! /usr/bin/vvp
:ivl_version "10.3 (stable)";
:ivl_delay_selection "TYPICAL";
:vpi_time_precision + 0;
:vpi_module "system";
:vpi_module "vhdl_sys";
:vpi_module "v2005_math";
:vpi_module "va_math";
S_0x55bb4fc4f600 .scope module, "ring_tb" "ring_tb" 2 1;
 .timescale 0 0;
v0x55bb4fc5fc50_0 .var "clk", 0 0;
v0x55bb4fc5fd20_0 .net "count", 7 0, v0x55bb4fc5fa50_0;  1 drivers
v0x55bb4fc5fdf0_0 .var "init", 0 0;
S_0x55bb4fc4f780 .scope module, "DUT" "ring_counter" 2 5, 3 1 0, S_0x55bb4fc4f600;
 .timescale 0 0;
    .port_info 0 /INPUT 1 "clk"
    .port_info 1 /INPUT 1 "init"
    .port_info 2 /OUTPUT 8 "count"
v0x55bb4fc190a0_0 .net "clk", 0 0, v0x55bb4fc5fc50_0;  1 drivers
v0x55bb4fc5fa50_0 .var "count", 7 0;
v0x55bb4fc5fb30_0 .net "init", 0 0, v0x55bb4fc5fdf0_0;  1 drivers
E_0x55bb4fc4fa80 .event posedge, v0x55bb4fc190a0_0;
    .scope S_0x55bb4fc4f780;
T_0 ;
    %wait E_0x55bb4fc4fa80;
    %load/vec4 v0x55bb4fc5fb30_0;
    %flag_set/vec4 8;
    %jmp/0xz  T_0.0, 8;
    %pushi/vec4 128, 0, 8;
    %store/vec4 v0x55bb4fc5fa50_0, 0, 8;
    %jmp T_0.1;
T_0.0 ;
    %load/vec4 v0x55bb4fc5fa50_0;
    %ix/load 4, 1, 0;
    %flag_set/imm 4, 0;
    %shiftl 4;
    %assign/vec4 v0x55bb4fc5fa50_0, 0;
    %load/vec4 v0x55bb4fc5fa50_0;
    %parti/s 1, 7, 4;
    %ix/load 4, 0, 0;
    %ix/load 5, 0, 0;
    %flag_set/imm 4, 0;
    %assign/vec4/off/d v0x55bb4fc5fa50_0, 4, 5;
T_0.1 ;
    %jmp T_0;
    .thread T_0;
    .scope S_0x55bb4fc4f600;
T_1 ;
    %delay 1, 0;
    %load/vec4 v0x55bb4fc5fc50_0;
    %inv;
    %store/vec4 v0x55bb4fc5fc50_0, 0, 1;
    %jmp T_1;
    .thread T_1;
    .scope S_0x55bb4fc4f600;
T_2 ;
    %vpi_call 2 9 "$dumpfile", "sim_rtl/Ring_rtl_1.vcd" {0 0 0};
    %vpi_call 2 10 "$dumpvars", 32'sb00000000000000000000000000000000, S_0x55bb4fc4f600 {0 0 0};
    %pushi/vec4 1, 0, 1;
    %store/vec4 v0x55bb4fc5fdf0_0, 0, 1;
    %pushi/vec4 0, 0, 1;
    %store/vec4 v0x55bb4fc5fc50_0, 0, 1;
    %delay 2, 0;
    %pushi/vec4 0, 0, 1;
    %store/vec4 v0x55bb4fc5fdf0_0, 0, 1;
    %delay 20, 0;
    %vpi_call 2 14 "$finish" {0 0 0};
    %end;
    .thread T_2;
# The file index is used to find the file name in the following table.
:file_names 4;
    "N/A";
    "<interactive>";
    "tb/Ring_tb1.v";
    "rtl/ring_counter.v";
