#! /usr/bin/vvp
:ivl_version "10.3 (stable)";
:ivl_delay_selection "TYPICAL";
:vpi_time_precision + 0;
:vpi_module "system";
:vpi_module "vhdl_sys";
:vpi_module "v2005_math";
:vpi_module "va_math";
S_0x55f8a0e4e140 .scope module, "seq_tb" "seq_tb" 2 1;
 .timescale 0 0;
v0x55f8a0e86150_0 .var "clk", 0 0;
v0x55f8a0e86210_0 .var "rst", 0 0;
v0x55f8a0e862e0_0 .var "x", 0 0;
v0x55f8a0e863e0_0 .net "z", 0 0, v0x55f8a0e86010_0;  1 drivers
S_0x55f8a0e71d90 .scope module, "DUT" "seq_detector" 2 4, 3 2 0, S_0x55f8a0e4e140;
 .timescale 0 0;
    .port_info 0 /INPUT 1 "x"
    .port_info 1 /INPUT 1 "clk"
    .port_info 2 /INPUT 1 "rst"
    .port_info 3 /OUTPUT 1 "z"
P_0x55f8a0e4d9b0 .param/l "s0" 0 3 5, +C4<00000000000000000000000000000000>;
P_0x55f8a0e4d9f0 .param/l "s1" 0 3 5, +C4<00000000000000000000000000000001>;
P_0x55f8a0e4da30 .param/l "s2" 0 3 5, +C4<00000000000000000000000000000010>;
P_0x55f8a0e4da70 .param/l "s3" 0 3 5, +C4<00000000000000000000000000000011>;
v0x55f8a0e4e2c0_0 .var "NS", 1 0;
v0x55f8a0e85c90_0 .var "PS", 1 0;
v0x55f8a0e85d70_0 .net "clk", 0 0, v0x55f8a0e86150_0;  1 drivers
v0x55f8a0e85e40_0 .net "rst", 0 0, v0x55f8a0e86210_0;  1 drivers
v0x55f8a0e85f00_0 .net "x", 0 0, v0x55f8a0e862e0_0;  1 drivers
v0x55f8a0e86010_0 .var "z", 0 0;
E_0x55f8a0e39b20 .event edge, v0x55f8a0e85f00_0, v0x55f8a0e85c90_0;
E_0x55f8a0e39b60 .event posedge, v0x55f8a0e85e40_0, v0x55f8a0e85d70_0;
    .scope S_0x55f8a0e71d90;
T_0 ;
    %wait E_0x55f8a0e39b60;
    %load/vec4 v0x55f8a0e85e40_0;
    %flag_set/vec4 8;
    %jmp/0xz  T_0.0, 8;
    %pushi/vec4 0, 0, 2;
    %assign/vec4 v0x55f8a0e85c90_0, 0;
    %jmp T_0.1;
T_0.0 ;
    %load/vec4 v0x55f8a0e4e2c0_0;
    %assign/vec4 v0x55f8a0e85c90_0, 0;
T_0.1 ;
    %jmp T_0;
    .thread T_0;
    .scope S_0x55f8a0e71d90;
T_1 ;
    %wait E_0x55f8a0e39b20;
    %load/vec4 v0x55f8a0e85c90_0;
    %dup/vec4;
    %pushi/vec4 0, 0, 2;
    %cmp/u;
    %jmp/1 T_1.0, 6;
    %dup/vec4;
    %pushi/vec4 1, 0, 2;
    %cmp/u;
    %jmp/1 T_1.1, 6;
    %dup/vec4;
    %pushi/vec4 2, 0, 2;
    %cmp/u;
    %jmp/1 T_1.2, 6;
    %dup/vec4;
    %pushi/vec4 3, 0, 2;
    %cmp/u;
    %jmp/1 T_1.3, 6;
    %jmp T_1.4;
T_1.0 ;
    %pushi/vec4 0, 0, 1;
    %store/vec4 v0x55f8a0e86010_0, 0, 1;
    %load/vec4 v0x55f8a0e85f00_0;
    %flag_set/vec4 8;
    %jmp/0 T_1.5, 8;
    %pushi/vec4 0, 0, 32;
    %jmp/1 T_1.6, 8;
T_1.5 ; End of true expr.
    %pushi/vec4 1, 0, 32;
    %jmp/0 T_1.6, 8;
 ; End of false expr.
    %blend;
T_1.6;
    %pad/s 2;
    %store/vec4 v0x55f8a0e4e2c0_0, 0, 2;
    %jmp T_1.4;
T_1.1 ;
    %pushi/vec4 0, 0, 1;
    %store/vec4 v0x55f8a0e86010_0, 0, 1;
    %load/vec4 v0x55f8a0e85f00_0;
    %flag_set/vec4 8;
    %jmp/0 T_1.7, 8;
    %pushi/vec4 2, 0, 32;
    %jmp/1 T_1.8, 8;
T_1.7 ; End of true expr.
    %pushi/vec4 1, 0, 32;
    %jmp/0 T_1.8, 8;
 ; End of false expr.
    %blend;
T_1.8;
    %pad/s 2;
    %store/vec4 v0x55f8a0e4e2c0_0, 0, 2;
    %jmp T_1.4;
T_1.2 ;
    %pushi/vec4 0, 0, 1;
    %store/vec4 v0x55f8a0e86010_0, 0, 1;
    %load/vec4 v0x55f8a0e85f00_0;
    %flag_set/vec4 8;
    %jmp/0 T_1.9, 8;
    %pushi/vec4 3, 0, 32;
    %jmp/1 T_1.10, 8;
T_1.9 ; End of true expr.
    %pushi/vec4 1, 0, 32;
    %jmp/0 T_1.10, 8;
 ; End of false expr.
    %blend;
T_1.10;
    %pad/s 2;
    %store/vec4 v0x55f8a0e4e2c0_0, 0, 2;
    %jmp T_1.4;
T_1.3 ;
    %load/vec4 v0x55f8a0e85f00_0;
    %flag_set/vec4 8;
    %jmp/0 T_1.11, 8;
    %pushi/vec4 0, 0, 2;
    %jmp/1 T_1.12, 8;
T_1.11 ; End of true expr.
    %pushi/vec4 1, 0, 2;
    %jmp/0 T_1.12, 8;
 ; End of false expr.
    %blend;
T_1.12;
    %pad/s 1;
    %store/vec4 v0x55f8a0e86010_0, 0, 1;
    %load/vec4 v0x55f8a0e85f00_0;
    %flag_set/vec4 8;
    %jmp/0 T_1.13, 8;
    %pushi/vec4 0, 0, 32;
    %jmp/1 T_1.14, 8;
T_1.13 ; End of true expr.
    %pushi/vec4 1, 0, 32;
    %jmp/0 T_1.14, 8;
 ; End of false expr.
    %blend;
T_1.14;
    %pad/s 2;
    %store/vec4 v0x55f8a0e4e2c0_0, 0, 2;
    %jmp T_1.4;
T_1.4 ;
    %pop/vec4 1;
    %jmp T_1;
    .thread T_1, $push;
    .scope S_0x55f8a0e4e140;
T_2 ;
    %delay 5, 0;
    %load/vec4 v0x55f8a0e86150_0;
    %inv;
    %store/vec4 v0x55f8a0e86150_0, 0, 1;
    %jmp T_2;
    .thread T_2;
    .scope S_0x55f8a0e4e140;
T_3 ;
    %vpi_call 2 8 "$dumpfile", "sim_rtl/seq_detector_rtl_1.vcd" {0 0 0};
    %vpi_call 2 9 "$dumpvars", 32'sb00000000000000000000000000000000, S_0x55f8a0e4e140 {0 0 0};
    %pushi/vec4 0, 0, 1;
    %store/vec4 v0x55f8a0e86150_0, 0, 1;
    %pushi/vec4 1, 0, 1;
    %store/vec4 v0x55f8a0e86210_0, 0, 1;
    %delay 10, 0;
    %pushi/vec4 0, 0, 1;
    %store/vec4 v0x55f8a0e86210_0, 0, 1;
    %end;
    .thread T_3;
    .scope S_0x55f8a0e4e140;
T_4 ;
    %delay 12, 0;
    %pushi/vec4 0, 0, 1;
    %store/vec4 v0x55f8a0e862e0_0, 0, 1;
    %delay 10, 0;
    %pushi/vec4 1, 0, 1;
    %store/vec4 v0x55f8a0e862e0_0, 0, 1;
    %delay 10, 0;
    %pushi/vec4 1, 0, 1;
    %store/vec4 v0x55f8a0e862e0_0, 0, 1;
    %delay 5, 0;
    %pushi/vec4 0, 0, 1;
    %store/vec4 v0x55f8a0e862e0_0, 0, 1;
    %delay 10, 0;
    %pushi/vec4 1, 0, 1;
    %store/vec4 v0x55f8a0e862e0_0, 0, 1;
    %delay 20, 0;
    %vpi_call 2 17 "$finish" {0 0 0};
    %end;
    .thread T_4;
# The file index is used to find the file name in the following table.
:file_names 4;
    "N/A";
    "<interactive>";
    "tb/seq_tb1.v";
    "rtl/seq_detector.v";
