#! /usr/bin/vvp
:ivl_version "11.0 (stable)";
:ivl_delay_selection "TYPICAL";
:vpi_time_precision - 12;
:vpi_module "/usr/lib/x86_64-linux-gnu/ivl/system.vpi";
:vpi_module "/usr/lib/x86_64-linux-gnu/ivl/vhdl_sys.vpi";
:vpi_module "/usr/lib/x86_64-linux-gnu/ivl/vhdl_textio.vpi";
:vpi_module "/usr/lib/x86_64-linux-gnu/ivl/v2005_math.vpi";
:vpi_module "/usr/lib/x86_64-linux-gnu/ivl/va_math.vpi";
S_0x57747a736360 .scope module, "srff_tb" "srff_tb" 2 23;
 .timescale -9 -12;
v0x57747a74a870_0 .var "clk", 1 0;
v0x57747a74a950_0 .net "q", 0 0, v0x57747a74a550_0;  1 drivers
v0x57747a74aa20_0 .net "qb", 0 0, v0x57747a74a610_0;  1 drivers
v0x57747a74ab20_0 .var "sr", 1 0;
S_0x57747a7364f0 .scope module, "dut" "srff" 2 27, 3 23 0, S_0x57747a736360;
 .timescale -9 -12;
    .port_info 0 /INPUT 2 "sr";
    .port_info 1 /INPUT 2 "clk";
    .port_info 2 /OUTPUT 1 "q";
    .port_info 3 /OUTPUT 1 "qb";
v0x57747a6fdba0_0 .net "clk", 1 0, v0x57747a74a870_0;  1 drivers
v0x57747a74a550_0 .var "q", 0 0;
v0x57747a74a610_0 .var "qb", 0 0;
v0x57747a74a6e0_0 .net "sr", 1 0, v0x57747a74ab20_0;  1 drivers
E_0x57747a734cd0 .event edge, v0x57747a74a550_0;
E_0x57747a6fc7a0 .event posedge, v0x57747a6fdba0_0;
    .scope S_0x57747a7364f0;
T_0 ;
    %wait E_0x57747a6fc7a0;
    %load/vec4 v0x57747a74a6e0_0;
    %dup/vec4;
    %pushi/vec4 0, 0, 2;
    %cmp/u;
    %jmp/1 T_0.0, 6;
    %dup/vec4;
    %pushi/vec4 1, 0, 2;
    %cmp/u;
    %jmp/1 T_0.1, 6;
    %dup/vec4;
    %pushi/vec4 2, 0, 2;
    %cmp/u;
    %jmp/1 T_0.2, 6;
    %dup/vec4;
    %pushi/vec4 3, 0, 2;
    %cmp/u;
    %jmp/1 T_0.3, 6;
    %jmp T_0.4;
T_0.0 ;
    %load/vec4 v0x57747a74a550_0;
    %store/vec4 v0x57747a74a550_0, 0, 1;
    %jmp T_0.4;
T_0.1 ;
    %pushi/vec4 0, 0, 1;
    %store/vec4 v0x57747a74a550_0, 0, 1;
    %jmp T_0.4;
T_0.2 ;
    %pushi/vec4 1, 0, 1;
    %store/vec4 v0x57747a74a550_0, 0, 1;
    %jmp T_0.4;
T_0.3 ;
    %pushi/vec4 0, 1, 1;
    %store/vec4 v0x57747a74a550_0, 0, 1;
    %jmp T_0.4;
T_0.4 ;
    %pop/vec4 1;
    %jmp T_0;
    .thread T_0;
    .scope S_0x57747a7364f0;
T_1 ;
    %wait E_0x57747a734cd0;
    %load/vec4 v0x57747a74a550_0;
    %inv;
    %store/vec4 v0x57747a74a610_0, 0, 1;
    %jmp T_1;
    .thread T_1, $push;
    .scope S_0x57747a736360;
T_2 ;
    %pushi/vec4 0, 0, 2;
    %store/vec4 v0x57747a74a870_0, 0, 2;
T_2.0 ;
    %delay 2000, 0;
    %load/vec4 v0x57747a74a870_0;
    %inv;
    %store/vec4 v0x57747a74a870_0, 0, 2;
    %jmp T_2.0;
    %end;
    .thread T_2;
    .scope S_0x57747a736360;
T_3 ;
    %vpi_call 2 35 "$dumpfile", "vcd/srff_rtl.vcd" {0 0 0};
    %vpi_call 2 36 "$dumpvars", 32'sb00000000000000000000000000000000, S_0x57747a736360 {0 0 0};
    %end;
    .thread T_3;
    .scope S_0x57747a736360;
T_4 ;
    %pushi/vec4 0, 0, 2;
    %store/vec4 v0x57747a74ab20_0, 0, 2;
    %delay 6000, 0;
    %pushi/vec4 1, 0, 2;
    %store/vec4 v0x57747a74ab20_0, 0, 2;
    %delay 4000, 0;
    %pushi/vec4 2, 0, 2;
    %store/vec4 v0x57747a74ab20_0, 0, 2;
    %delay 5000, 0;
    %pushi/vec4 3, 0, 2;
    %store/vec4 v0x57747a74ab20_0, 0, 2;
    %delay 7000, 0;
    %pushi/vec4 2, 0, 2;
    %store/vec4 v0x57747a74ab20_0, 0, 2;
    %delay 5000, 0;
    %pushi/vec4 1, 0, 2;
    %store/vec4 v0x57747a74ab20_0, 0, 2;
    %delay 5000, 0;
    %pushi/vec4 0, 0, 2;
    %store/vec4 v0x57747a74ab20_0, 0, 2;
    %delay 8000, 0;
    %pushi/vec4 2, 0, 2;
    %store/vec4 v0x57747a74ab20_0, 0, 2;
    %delay 9000, 0;
    %pushi/vec4 3, 0, 2;
    %store/vec4 v0x57747a74ab20_0, 0, 2;
    %delay 10000, 0;
    %pushi/vec4 0, 0, 2;
    %store/vec4 v0x57747a74ab20_0, 0, 2;
    %delay 5000, 0;
    %vpi_call 2 59 "$finish" {0 0 0};
    %end;
    .thread T_4;
# The file index is used to find the file name in the following table.
:file_names 4;
    "N/A";
    "<interactive>";
    "tb/srff_tb.v";
    "rtl/srff.v";
