#! /usr/bin/vvp
:ivl_version "11.0 (stable)";
:ivl_delay_selection "TYPICAL";
:vpi_time_precision - 12;
:vpi_module "/usr/lib/x86_64-linux-gnu/ivl/system.vpi";
:vpi_module "/usr/lib/x86_64-linux-gnu/ivl/vhdl_sys.vpi";
:vpi_module "/usr/lib/x86_64-linux-gnu/ivl/vhdl_textio.vpi";
:vpi_module "/usr/lib/x86_64-linux-gnu/ivl/v2005_math.vpi";
:vpi_module "/usr/lib/x86_64-linux-gnu/ivl/va_math.vpi";
S_0x58fe19cd6ed0 .scope module, "srff_tb3" "srff_tb3" 2 23;
 .timescale -9 -12;
v0x58fe19ceafd0_0 .var "clk", 0 0;
v0x58fe19ceb090_0 .net "q", 0 0, v0x58fe19ceacb0_0;  1 drivers
v0x58fe19ceb160_0 .net "qb", 0 0, L_0x58fe19ceb330;  1 drivers
v0x58fe19ceb260_0 .var "sr", 1 0;
S_0x58fe19cd7060 .scope module, "dut" "srff" 2 28, 3 22 0, S_0x58fe19cd6ed0;
 .timescale -9 -12;
    .port_info 0 /INPUT 2 "sr";
    .port_info 1 /INPUT 1 "clk";
    .port_info 2 /OUTPUT 1 "q";
    .port_info 3 /OUTPUT 1 "qb";
L_0x58fe19ceb330 .functor NOT 1, v0x58fe19ceacb0_0, C4<0>, C4<0>, C4<0>;
v0x58fe19c9ccf0_0 .net "clk", 0 0, v0x58fe19ceafd0_0;  1 drivers
v0x58fe19ceacb0_0 .var "q", 0 0;
v0x58fe19cead70_0 .net "qb", 0 0, L_0x58fe19ceb330;  alias, 1 drivers
v0x58fe19ceae40_0 .net "sr", 1 0, v0x58fe19ceb260_0;  1 drivers
E_0x58fe19cd5c60 .event posedge, v0x58fe19c9ccf0_0;
    .scope S_0x58fe19cd7060;
T_0 ;
    %wait E_0x58fe19cd5c60;
    %load/vec4 v0x58fe19ceae40_0;
    %dup/vec4;
    %pushi/vec4 0, 0, 2;
    %cmp/u;
    %jmp/1 T_0.0, 6;
    %dup/vec4;
    %pushi/vec4 1, 0, 2;
    %cmp/u;
    %jmp/1 T_0.1, 6;
    %dup/vec4;
    %pushi/vec4 2, 0, 2;
    %cmp/u;
    %jmp/1 T_0.2, 6;
    %dup/vec4;
    %pushi/vec4 3, 0, 2;
    %cmp/u;
    %jmp/1 T_0.3, 6;
    %jmp T_0.4;
T_0.0 ;
    %load/vec4 v0x58fe19ceacb0_0;
    %assign/vec4 v0x58fe19ceacb0_0, 0;
    %jmp T_0.4;
T_0.1 ;
    %pushi/vec4 0, 0, 1;
    %assign/vec4 v0x58fe19ceacb0_0, 0;
    %jmp T_0.4;
T_0.2 ;
    %pushi/vec4 1, 0, 1;
    %assign/vec4 v0x58fe19ceacb0_0, 0;
    %jmp T_0.4;
T_0.3 ;
    %load/vec4 v0x58fe19ceacb0_0;
    %assign/vec4 v0x58fe19ceacb0_0, 0;
    %jmp T_0.4;
T_0.4 ;
    %pop/vec4 1;
    %jmp T_0;
    .thread T_0;
    .scope S_0x58fe19cd6ed0;
T_1 ;
    %pushi/vec4 0, 0, 1;
    %store/vec4 v0x58fe19ceafd0_0, 0, 1;
T_1.0 ;
    %delay 2000, 0;
    %load/vec4 v0x58fe19ceafd0_0;
    %inv;
    %store/vec4 v0x58fe19ceafd0_0, 0, 1;
    %jmp T_1.0;
    %end;
    .thread T_1;
    .scope S_0x58fe19cd6ed0;
T_2 ;
    %vpi_call 2 36 "$dumpfile", "vcd/srff_rtl3.vcd" {0 0 0};
    %vpi_call 2 37 "$dumpvars", 32'sb00000000000000000000000000000000, S_0x58fe19cd6ed0 {0 0 0};
    %end;
    .thread T_2;
    .scope S_0x58fe19cd6ed0;
T_3 ;
    %pushi/vec4 2, 0, 2;
    %store/vec4 v0x58fe19ceb260_0, 0, 2;
    %delay 6000, 0;
    %pushi/vec4 3, 0, 2;
    %store/vec4 v0x58fe19ceb260_0, 0, 2;
    %delay 5000, 0;
    %pushi/vec4 1, 0, 2;
    %store/vec4 v0x58fe19ceb260_0, 0, 2;
    %delay 3000, 0;
    %pushi/vec4 3, 0, 2;
    %store/vec4 v0x58fe19ceb260_0, 0, 2;
    %delay 5000, 0;
    %pushi/vec4 2, 0, 2;
    %store/vec4 v0x58fe19ceb260_0, 0, 2;
    %delay 6000, 0;
    %pushi/vec4 1, 0, 2;
    %store/vec4 v0x58fe19ceb260_0, 0, 2;
    %delay 5000, 0;
    %pushi/vec4 2, 0, 2;
    %store/vec4 v0x58fe19ceb260_0, 0, 2;
    %delay 5000, 0;
    %pushi/vec4 0, 0, 2;
    %store/vec4 v0x58fe19ceb260_0, 0, 2;
    %delay 8000, 0;
    %pushi/vec4 1, 0, 2;
    %store/vec4 v0x58fe19ceb260_0, 0, 2;
    %delay 10000, 0;
    %vpi_call 2 58 "$finish" {0 0 0};
    %end;
    .thread T_3;
# The file index is used to find the file name in the following table.
:file_names 4;
    "N/A";
    "<interactive>";
    "tb/srff_tb3.v";
    "rtl/srff.v";
