#! /usr/bin/vvp
:ivl_version "11.0 (stable)";
:ivl_delay_selection "TYPICAL";
:vpi_time_precision - 12;
:vpi_module "/usr/lib/x86_64-linux-gnu/ivl/system.vpi";
:vpi_module "/usr/lib/x86_64-linux-gnu/ivl/vhdl_sys.vpi";
:vpi_module "/usr/lib/x86_64-linux-gnu/ivl/vhdl_textio.vpi";
:vpi_module "/usr/lib/x86_64-linux-gnu/ivl/v2005_math.vpi";
:vpi_module "/usr/lib/x86_64-linux-gnu/ivl/va_math.vpi";
S_0x55e4ebc12f60 .scope module, "tff_tb3" "tff_tb3" 2 23;
 .timescale -9 -12;
v0x55e4ebc26460_0 .var "clk", 0 0;
v0x55e4ebc26520_0 .net "q", 0 0, v0x55e4ebc26160_0;  1 drivers
v0x55e4ebc265f0_0 .net "qb", 0 0, v0x55e4ebc26220_0;  1 drivers
v0x55e4ebc266f0_0 .var "t", 0 0;
S_0x55e4ebc130f0 .scope module, "dut" "tff" 2 27, 3 23 0, S_0x55e4ebc12f60;
 .timescale -9 -12;
    .port_info 0 /INPUT 1 "t";
    .port_info 1 /INPUT 1 "clk";
    .port_info 2 /OUTPUT 1 "q";
    .port_info 3 /OUTPUT 1 "qb";
v0x55e4ebbdaba0_0 .net "clk", 0 0, v0x55e4ebc26460_0;  1 drivers
v0x55e4ebc26160_0 .var "q", 0 0;
v0x55e4ebc26220_0 .var "qb", 0 0;
v0x55e4ebc262f0_0 .net "t", 0 0, v0x55e4ebc266f0_0;  1 drivers
E_0x55e4ebc11b00 .event edge, v0x55e4ebc26160_0;
E_0x55e4ebbd95e0 .event posedge, v0x55e4ebbdaba0_0;
    .scope S_0x55e4ebc130f0;
T_0 ;
    %pushi/vec4 0, 0, 1;
    %store/vec4 v0x55e4ebc26160_0, 0, 1;
    %end;
    .thread T_0;
    .scope S_0x55e4ebc130f0;
T_1 ;
    %wait E_0x55e4ebbd95e0;
    %load/vec4 v0x55e4ebc262f0_0;
    %dup/vec4;
    %pushi/vec4 0, 0, 1;
    %cmp/u;
    %jmp/1 T_1.0, 6;
    %dup/vec4;
    %pushi/vec4 1, 0, 1;
    %cmp/u;
    %jmp/1 T_1.1, 6;
    %jmp T_1.2;
T_1.0 ;
    %load/vec4 v0x55e4ebc26160_0;
    %store/vec4 v0x55e4ebc26160_0, 0, 1;
    %jmp T_1.2;
T_1.1 ;
    %load/vec4 v0x55e4ebc26160_0;
    %inv;
    %store/vec4 v0x55e4ebc26160_0, 0, 1;
    %jmp T_1.2;
T_1.2 ;
    %pop/vec4 1;
    %jmp T_1;
    .thread T_1;
    .scope S_0x55e4ebc130f0;
T_2 ;
    %wait E_0x55e4ebc11b00;
    %load/vec4 v0x55e4ebc26160_0;
    %inv;
    %store/vec4 v0x55e4ebc26220_0, 0, 1;
    %jmp T_2;
    .thread T_2, $push;
    .scope S_0x55e4ebc12f60;
T_3 ;
    %pushi/vec4 0, 0, 1;
    %store/vec4 v0x55e4ebc26460_0, 0, 1;
T_3.0 ;
    %delay 1000, 0;
    %load/vec4 v0x55e4ebc26460_0;
    %inv;
    %store/vec4 v0x55e4ebc26460_0, 0, 1;
    %jmp T_3.0;
    %end;
    .thread T_3;
    .scope S_0x55e4ebc12f60;
T_4 ;
    %vpi_call 2 35 "$dumpfile", "vcd/tff_rtl3.vcd" {0 0 0};
    %vpi_call 2 36 "$dumpvars", 32'sb00000000000000000000000000000000, S_0x55e4ebc12f60 {0 0 0};
    %end;
    .thread T_4;
    .scope S_0x55e4ebc12f60;
T_5 ;
    %pushi/vec4 1, 0, 1;
    %store/vec4 v0x55e4ebc266f0_0, 0, 1;
    %delay 4000, 0;
    %pushi/vec4 1, 0, 1;
    %store/vec4 v0x55e4ebc266f0_0, 0, 1;
    %delay 4000, 0;
    %pushi/vec4 0, 0, 1;
    %store/vec4 v0x55e4ebc266f0_0, 0, 1;
    %delay 8000, 0;
    %pushi/vec4 1, 0, 1;
    %store/vec4 v0x55e4ebc266f0_0, 0, 1;
    %delay 5000, 0;
    %pushi/vec4 0, 0, 1;
    %store/vec4 v0x55e4ebc266f0_0, 0, 1;
    %delay 6000, 0;
    %pushi/vec4 1, 0, 1;
    %store/vec4 v0x55e4ebc266f0_0, 0, 1;
    %delay 5000, 0;
    %pushi/vec4 1, 0, 1;
    %store/vec4 v0x55e4ebc266f0_0, 0, 1;
    %delay 5000, 0;
    %vpi_call 2 54 "$finish" {0 0 0};
    %end;
    .thread T_5;
# The file index is used to find the file name in the following table.
:file_names 4;
    "N/A";
    "<interactive>";
    "tb/tff_tb3.v";
    "rtl/tff.v";
