#! /usr/bin/vvp
:ivl_version "10.3 (stable)";
:ivl_delay_selection "TYPICAL";
:vpi_time_precision - 12;
:vpi_module "system";
:vpi_module "vhdl_sys";
:vpi_module "v2005_math";
:vpi_module "va_math";
S_0x5648eb02cde0 .scope module, "traffic_light_controller_tb" "traffic_light_controller_tb" 2 4;
 .timescale -9 -12;
v0x5648eb046480_0 .var "clk", 0 0;
v0x5648eb046540_0 .net "light_M1", 2 0, v0x5648eb045e40_0;  1 drivers
v0x5648eb046610_0 .net "light_M2", 2 0, v0x5648eb045f30_0;  1 drivers
v0x5648eb046710_0 .net "light_MT", 2 0, v0x5648eb046010_0;  1 drivers
v0x5648eb0467e0_0 .net "light_S", 2 0, v0x5648eb046140_0;  1 drivers
v0x5648eb0468d0_0 .var "rst", 0 0;
S_0x5648eb02cf60 .scope module, "dut" "traffic_light_controller" 2 10, 3 3 0, S_0x5648eb02cde0;
 .timescale -9 -12;
    .port_info 0 /INPUT 1 "clk"
    .port_info 1 /INPUT 1 "rst"
    .port_info 2 /OUTPUT 3 "light_M1"
    .port_info 3 /OUTPUT 3 "light_S"
    .port_info 4 /OUTPUT 3 "light_MT"
    .port_info 5 /OUTPUT 3 "light_M2"
P_0x5648eafea0a0 .param/l "S1" 0 3 12, +C4<00000000000000000000000000000000>;
P_0x5648eafea0e0 .param/l "S2" 0 3 12, +C4<00000000000000000000000000000001>;
P_0x5648eafea120 .param/l "S3" 0 3 12, +C4<00000000000000000000000000000010>;
P_0x5648eafea160 .param/l "S4" 0 3 12, +C4<00000000000000000000000000000011>;
P_0x5648eafea1a0 .param/l "S5" 0 3 12, +C4<00000000000000000000000000000100>;
P_0x5648eafea1e0 .param/l "S6" 0 3 12, +C4<00000000000000000000000000000101>;
P_0x5648eafea220 .param/l "sec2" 0 3 15, +C4<00000000000000000000000000000010>;
P_0x5648eafea260 .param/l "sec3" 0 3 15, +C4<00000000000000000000000000000011>;
P_0x5648eafea2a0 .param/l "sec5" 0 3 15, +C4<00000000000000000000000000000101>;
P_0x5648eafea2e0 .param/l "sec7" 0 3 15, +C4<00000000000000000000000000000111>;
v0x5648eb0157b0_0 .net "clk", 0 0, v0x5648eb046480_0;  1 drivers
v0x5648eb045d60_0 .var "count", 3 0;
v0x5648eb045e40_0 .var "light_M1", 2 0;
v0x5648eb045f30_0 .var "light_M2", 2 0;
v0x5648eb046010_0 .var "light_MT", 2 0;
v0x5648eb046140_0 .var "light_S", 2 0;
v0x5648eb046220_0 .var "ps", 2 0;
v0x5648eb046300_0 .net "rst", 0 0, v0x5648eb0468d0_0;  1 drivers
E_0x5648eb01f960 .event edge, v0x5648eb046220_0;
E_0x5648eb020dd0 .event posedge, v0x5648eb046300_0, v0x5648eb0157b0_0;
    .scope S_0x5648eb02cf60;
T_0 ;
    %wait E_0x5648eb020dd0;
    %load/vec4 v0x5648eb046300_0;
    %pad/u 32;
    %cmpi/e 1, 0, 32;
    %jmp/0xz  T_0.0, 4;
    %pushi/vec4 0, 0, 3;
    %assign/vec4 v0x5648eb046220_0, 0;
    %pushi/vec4 0, 0, 4;
    %assign/vec4 v0x5648eb045d60_0, 0;
    %jmp T_0.1;
T_0.0 ;
    %load/vec4 v0x5648eb046220_0;
    %dup/vec4;
    %pushi/vec4 0, 0, 3;
    %cmp/u;
    %jmp/1 T_0.2, 6;
    %dup/vec4;
    %pushi/vec4 1, 0, 3;
    %cmp/u;
    %jmp/1 T_0.3, 6;
    %dup/vec4;
    %pushi/vec4 2, 0, 3;
    %cmp/u;
    %jmp/1 T_0.4, 6;
    %dup/vec4;
    %pushi/vec4 3, 0, 3;
    %cmp/u;
    %jmp/1 T_0.5, 6;
    %dup/vec4;
    %pushi/vec4 4, 0, 3;
    %cmp/u;
    %jmp/1 T_0.6, 6;
    %dup/vec4;
    %pushi/vec4 5, 0, 3;
    %cmp/u;
    %jmp/1 T_0.7, 6;
    %pushi/vec4 0, 0, 3;
    %assign/vec4 v0x5648eb046220_0, 0;
    %jmp T_0.9;
T_0.2 ;
    %load/vec4 v0x5648eb045d60_0;
    %pad/u 32;
    %cmpi/u 7, 0, 32;
    %jmp/0xz  T_0.10, 5;
    %pushi/vec4 0, 0, 3;
    %assign/vec4 v0x5648eb046220_0, 0;
    %load/vec4 v0x5648eb045d60_0;
    %addi 1, 0, 4;
    %assign/vec4 v0x5648eb045d60_0, 0;
    %jmp T_0.11;
T_0.10 ;
    %pushi/vec4 1, 0, 3;
    %assign/vec4 v0x5648eb046220_0, 0;
    %pushi/vec4 0, 0, 4;
    %assign/vec4 v0x5648eb045d60_0, 0;
T_0.11 ;
    %jmp T_0.9;
T_0.3 ;
    %load/vec4 v0x5648eb045d60_0;
    %pad/u 32;
    %cmpi/u 2, 0, 32;
    %jmp/0xz  T_0.12, 5;
    %pushi/vec4 1, 0, 3;
    %assign/vec4 v0x5648eb046220_0, 0;
    %load/vec4 v0x5648eb045d60_0;
    %addi 1, 0, 4;
    %assign/vec4 v0x5648eb045d60_0, 0;
    %jmp T_0.13;
T_0.12 ;
    %pushi/vec4 2, 0, 3;
    %assign/vec4 v0x5648eb046220_0, 0;
    %pushi/vec4 0, 0, 4;
    %assign/vec4 v0x5648eb045d60_0, 0;
T_0.13 ;
    %jmp T_0.9;
T_0.4 ;
    %load/vec4 v0x5648eb045d60_0;
    %pad/u 32;
    %cmpi/u 5, 0, 32;
    %jmp/0xz  T_0.14, 5;
    %pushi/vec4 2, 0, 3;
    %assign/vec4 v0x5648eb046220_0, 0;
    %load/vec4 v0x5648eb045d60_0;
    %addi 1, 0, 4;
    %assign/vec4 v0x5648eb045d60_0, 0;
    %jmp T_0.15;
T_0.14 ;
    %pushi/vec4 3, 0, 3;
    %assign/vec4 v0x5648eb046220_0, 0;
    %pushi/vec4 0, 0, 4;
    %assign/vec4 v0x5648eb045d60_0, 0;
T_0.15 ;
    %jmp T_0.9;
T_0.5 ;
    %load/vec4 v0x5648eb045d60_0;
    %pad/u 32;
    %cmpi/u 2, 0, 32;
    %jmp/0xz  T_0.16, 5;
    %pushi/vec4 3, 0, 3;
    %assign/vec4 v0x5648eb046220_0, 0;
    %load/vec4 v0x5648eb045d60_0;
    %addi 1, 0, 4;
    %assign/vec4 v0x5648eb045d60_0, 0;
    %jmp T_0.17;
T_0.16 ;
    %pushi/vec4 4, 0, 3;
    %assign/vec4 v0x5648eb046220_0, 0;
    %pushi/vec4 0, 0, 4;
    %assign/vec4 v0x5648eb045d60_0, 0;
T_0.17 ;
    %jmp T_0.9;
T_0.6 ;
    %load/vec4 v0x5648eb045d60_0;
    %pad/u 32;
    %cmpi/u 3, 0, 32;
    %jmp/0xz  T_0.18, 5;
    %pushi/vec4 4, 0, 3;
    %assign/vec4 v0x5648eb046220_0, 0;
    %load/vec4 v0x5648eb045d60_0;
    %addi 1, 0, 4;
    %assign/vec4 v0x5648eb045d60_0, 0;
    %jmp T_0.19;
T_0.18 ;
    %pushi/vec4 5, 0, 3;
    %assign/vec4 v0x5648eb046220_0, 0;
    %pushi/vec4 0, 0, 4;
    %assign/vec4 v0x5648eb045d60_0, 0;
T_0.19 ;
    %jmp T_0.9;
T_0.7 ;
    %load/vec4 v0x5648eb045d60_0;
    %pad/u 32;
    %cmpi/u 2, 0, 32;
    %jmp/0xz  T_0.20, 5;
    %pushi/vec4 5, 0, 3;
    %assign/vec4 v0x5648eb046220_0, 0;
    %load/vec4 v0x5648eb045d60_0;
    %addi 1, 0, 4;
    %assign/vec4 v0x5648eb045d60_0, 0;
    %jmp T_0.21;
T_0.20 ;
    %pushi/vec4 0, 0, 3;
    %assign/vec4 v0x5648eb046220_0, 0;
    %pushi/vec4 0, 0, 4;
    %assign/vec4 v0x5648eb045d60_0, 0;
T_0.21 ;
    %jmp T_0.9;
T_0.9 ;
    %pop/vec4 1;
T_0.1 ;
    %jmp T_0;
    .thread T_0;
    .scope S_0x5648eb02cf60;
T_1 ;
    %wait E_0x5648eb01f960;
    %load/vec4 v0x5648eb046220_0;
    %dup/vec4;
    %pushi/vec4 0, 0, 3;
    %cmp/u;
    %jmp/1 T_1.0, 6;
    %dup/vec4;
    %pushi/vec4 1, 0, 3;
    %cmp/u;
    %jmp/1 T_1.1, 6;
    %dup/vec4;
    %pushi/vec4 2, 0, 3;
    %cmp/u;
    %jmp/1 T_1.2, 6;
    %dup/vec4;
    %pushi/vec4 3, 0, 3;
    %cmp/u;
    %jmp/1 T_1.3, 6;
    %dup/vec4;
    %pushi/vec4 4, 0, 3;
    %cmp/u;
    %jmp/1 T_1.4, 6;
    %dup/vec4;
    %pushi/vec4 5, 0, 3;
    %cmp/u;
    %jmp/1 T_1.5, 6;
    %pushi/vec4 0, 0, 3;
    %assign/vec4 v0x5648eb045e40_0, 0;
    %pushi/vec4 0, 0, 3;
    %assign/vec4 v0x5648eb045f30_0, 0;
    %pushi/vec4 0, 0, 3;
    %assign/vec4 v0x5648eb046010_0, 0;
    %pushi/vec4 0, 0, 3;
    %assign/vec4 v0x5648eb046140_0, 0;
    %jmp T_1.7;
T_1.0 ;
    %pushi/vec4 1, 0, 3;
    %assign/vec4 v0x5648eb045e40_0, 0;
    %pushi/vec4 1, 0, 3;
    %assign/vec4 v0x5648eb045f30_0, 0;
    %pushi/vec4 4, 0, 3;
    %assign/vec4 v0x5648eb046010_0, 0;
    %pushi/vec4 4, 0, 3;
    %assign/vec4 v0x5648eb046140_0, 0;
    %jmp T_1.7;
T_1.1 ;
    %pushi/vec4 1, 0, 3;
    %assign/vec4 v0x5648eb045e40_0, 0;
    %pushi/vec4 2, 0, 3;
    %assign/vec4 v0x5648eb045f30_0, 0;
    %pushi/vec4 4, 0, 3;
    %assign/vec4 v0x5648eb046010_0, 0;
    %pushi/vec4 4, 0, 3;
    %assign/vec4 v0x5648eb046140_0, 0;
    %jmp T_1.7;
T_1.2 ;
    %pushi/vec4 1, 0, 3;
    %assign/vec4 v0x5648eb045e40_0, 0;
    %pushi/vec4 4, 0, 3;
    %assign/vec4 v0x5648eb045f30_0, 0;
    %pushi/vec4 1, 0, 3;
    %assign/vec4 v0x5648eb046010_0, 0;
    %pushi/vec4 4, 0, 3;
    %assign/vec4 v0x5648eb046140_0, 0;
    %jmp T_1.7;
T_1.3 ;
    %pushi/vec4 2, 0, 3;
    %assign/vec4 v0x5648eb045e40_0, 0;
    %pushi/vec4 4, 0, 3;
    %assign/vec4 v0x5648eb045f30_0, 0;
    %pushi/vec4 2, 0, 3;
    %assign/vec4 v0x5648eb046010_0, 0;
    %pushi/vec4 4, 0, 3;
    %assign/vec4 v0x5648eb046140_0, 0;
    %jmp T_1.7;
T_1.4 ;
    %pushi/vec4 4, 0, 3;
    %assign/vec4 v0x5648eb045e40_0, 0;
    %pushi/vec4 4, 0, 3;
    %assign/vec4 v0x5648eb045f30_0, 0;
    %pushi/vec4 4, 0, 3;
    %assign/vec4 v0x5648eb046010_0, 0;
    %pushi/vec4 1, 0, 3;
    %assign/vec4 v0x5648eb046140_0, 0;
    %jmp T_1.7;
T_1.5 ;
    %pushi/vec4 4, 0, 3;
    %assign/vec4 v0x5648eb045e40_0, 0;
    %pushi/vec4 4, 0, 3;
    %assign/vec4 v0x5648eb045f30_0, 0;
    %pushi/vec4 4, 0, 3;
    %assign/vec4 v0x5648eb046010_0, 0;
    %pushi/vec4 2, 0, 3;
    %assign/vec4 v0x5648eb046140_0, 0;
    %jmp T_1.7;
T_1.7 ;
    %pop/vec4 1;
    %jmp T_1;
    .thread T_1, $push;
    .scope S_0x5648eb02cde0;
T_2 ;
    %pushi/vec4 0, 0, 1;
    %store/vec4 v0x5648eb046480_0, 0, 1;
T_2.0 ;
    %delay 10000, 0;
    %load/vec4 v0x5648eb046480_0;
    %inv;
    %store/vec4 v0x5648eb046480_0, 0, 1;
    %jmp T_2.0;
    %end;
    .thread T_2;
    .scope S_0x5648eb02cde0;
T_3 ;
    %pushi/vec4 1, 0, 1;
    %store/vec4 v0x5648eb0468d0_0, 0, 1;
    %delay 2000, 0;
    %pushi/vec4 0, 0, 1;
    %store/vec4 v0x5648eb0468d0_0, 0, 1;
    %end;
    .thread T_3;
    .scope S_0x5648eb02cde0;
T_4 ;
    %vpi_call 2 23 "$dumpfile", "sim_rtl/traffic_rtl_2.vcd" {0 0 0};
    %vpi_call 2 24 "$dumpvars", 32'sb00000000000000000000000000000000, S_0x5648eb02cde0 {0 0 0};
    %end;
    .thread T_4;
# The file index is used to find the file name in the following table.
:file_names 4;
    "N/A";
    "<interactive>";
    "tb/traffic_tb2.v";
    "rtl/traffic_light_controller.v";
