#! /usr/bin/vvp
:ivl_version "10.3 (stable)";
:ivl_delay_selection "TYPICAL";
:vpi_time_precision + 0;
:vpi_module "system";
:vpi_module "vhdl_sys";
:vpi_module "v2005_math";
:vpi_module "va_math";
S_0x55710e7baaa0 .scope module, "ALU_tb" "ALU_tb" 2 1;
 .timescale 0 0;
v0x55710e7f1040_0 .net "Cr", 0 0, L_0x55710e80de30;  1 drivers
v0x55710e7f1100_0 .net "O", 0 0, L_0x55710e80cbf0;  1 drivers
v0x55710e7f11a0_0 .net "P", 0 0, L_0x55710e8095c0;  1 drivers
v0x55710e7f1240_0 .net "S", 0 0, L_0x55710e806c30;  1 drivers
v0x55710e7f12e0_0 .var "X", 15 0;
v0x55710e7f13d0_0 .var "Y", 15 0;
v0x55710e7f14a0_0 .net "Z", 15 0, L_0x55710e80e1e0;  1 drivers
v0x55710e7f1570_0 .net "Ze", 0 0, L_0x55710e80bfb0;  1 drivers
S_0x55710e7ba720 .scope module, "DUT" "ALU" 2 5, 3 5 0, S_0x55710e7baaa0;
 .timescale 0 0;
    .port_info 0 /INPUT 16 "X"
    .port_info 1 /INPUT 16 "Y"
    .port_info 2 /OUTPUT 16 "Z"
    .port_info 3 /OUTPUT 1 "Sign"
    .port_info 4 /OUTPUT 1 "Carry"
    .port_info 5 /OUTPUT 1 "Zero"
    .port_info 6 /OUTPUT 1 "Parity"
    .port_info 7 /OUTPUT 1 "Overflow"
L_0x55710e7f1850 .functor XOR 1, L_0x55710e7f1640, L_0x55710e7f1760, C4<0>, C4<0>;
L_0x55710e7f1960 .functor NOT 1, L_0x55710e7f1850, C4<0>, C4<0>, C4<0>;
L_0x55710e7f1a20 .functor NOT 1, L_0x55710e7f1960, C4<0>, C4<0>, C4<0>;
L_0x55710e7f1c50 .functor XOR 1, L_0x55710e7f1ae0, L_0x55710e7f1b80, C4<0>, C4<0>;
L_0x55710e7f1dc0 .functor NOT 1, L_0x55710e7f1c50, C4<0>, C4<0>, C4<0>;
L_0x55710e7f2000 .functor AND 1, L_0x55710e7f1e80, L_0x55710e7f1f20, C4<1>, C4<1>;
L_0x55710e7f20b0 .functor NOT 1, L_0x55710e7f2000, C4<0>, C4<0>, C4<0>;
L_0x55710e7f2170 .functor XOR 1, L_0x55710e7f20b0, L_0x55710e7f1dc0, C4<0>, C4<0>;
L_0x55710e7f22d0 .functor NOT 1, L_0x55710e7f2170, C4<0>, C4<0>, C4<0>;
L_0x55710e7f2390 .functor NOT 1, L_0x55710e7f22d0, C4<0>, C4<0>, C4<0>;
L_0x55710e7f2640 .functor XOR 1, L_0x55710e7f24b0, L_0x55710e7f2550, C4<0>, C4<0>;
L_0x55710e7f28a0 .functor AND 1, L_0x55710e7f2700, L_0x55710e7f27a0, C4<1>, C4<1>;
L_0x55710e7f29d0 .functor NOT 1, L_0x55710e7f28a0, C4<0>, C4<0>, C4<0>;
L_0x55710e7f2a90 .functor OR 1, L_0x55710e7f20b0, L_0x55710e7f1dc0, C4<0>, C4<0>;
L_0x55710e7f2960 .functor AND 1, L_0x55710e7f2a90, L_0x55710e7f29d0, C4<1>, C4<1>;
L_0x55710e7f2c20 .functor NOT 1, L_0x55710e7f2960, C4<0>, C4<0>, C4<0>;
L_0x55710e7f2d70 .functor XOR 1, L_0x55710e7f2c20, L_0x55710e7f2640, C4<0>, C4<0>;
L_0x55710e7f3030 .functor XOR 1, L_0x55710e7f2e80, L_0x55710e7f2f20, C4<0>, C4<0>;
L_0x55710e7f31e0 .functor NOT 1, L_0x55710e7f3030, C4<0>, C4<0>, C4<0>;
L_0x55710e7f2fc0 .functor AND 1, L_0x55710e7f32a0, L_0x55710e7f3340, C4<1>, C4<1>;
L_0x55710e7f35e0 .functor NOT 1, L_0x55710e7f2fc0, C4<0>, C4<0>, C4<0>;
L_0x55710e7f36a0 .functor NOT 1, L_0x55710e7f35e0, C4<0>, C4<0>, C4<0>;
L_0x55710e7f3820 .functor AND 1, L_0x55710e7f2c20, L_0x55710e7f2640, C4<1>, C4<1>;
L_0x55710e7f3890 .functor OR 1, L_0x55710e7f3820, L_0x55710e7f36a0, C4<0>, C4<0>;
L_0x55710e7f3a70 .functor NOT 1, L_0x55710e7f3890, C4<0>, C4<0>, C4<0>;
L_0x55710e7f3b30 .functor XOR 1, L_0x55710e7f3a70, L_0x55710e7f31e0, C4<0>, C4<0>;
L_0x55710e7f3e50 .functor XOR 1, L_0x55710e7f3140, L_0x55710e7f3d20, C4<0>, C4<0>;
L_0x55710e7f3f60 .functor NOT 1, L_0x55710e7f3e50, C4<0>, C4<0>, C4<0>;
L_0x55710e7f42f0 .functor AND 1, L_0x55710e7f4110, L_0x55710e7f41b0, C4<1>, C4<1>;
L_0x55710e7f4430 .functor NOT 1, L_0x55710e7f42f0, C4<0>, C4<0>, C4<0>;
L_0x55710e7f45f0 .functor OR 1, L_0x55710e7f35e0, L_0x55710e7f31e0, C4<0>, C4<0>;
L_0x55710e7f4660 .functor AND 1, L_0x55710e7f45f0, L_0x55710e7f4430, C4<1>, C4<1>;
L_0x55710e7f4880 .functor NOT 1, L_0x55710e7f4660, C4<0>, C4<0>, C4<0>;
L_0x55710e7f4940 .functor NOT 1, L_0x55710e7f31e0, C4<0>, C4<0>, C4<0>;
L_0x55710e7f4ad0 .functor AND 1, L_0x55710e7f2640, L_0x55710e7f4940, C4<1>, C4<1>;
L_0x55710e7f4b40 .functor AND 1, L_0x55710e7f4ad0, L_0x55710e7f2c20, C4<1>, C4<1>;
L_0x55710e7f49b0 .functor OR 1, L_0x55710e7f4b40, L_0x55710e7f4880, C4<0>, C4<0>;
L_0x55710e7f4ce0 .functor NOT 1, L_0x55710e7f49b0, C4<0>, C4<0>, C4<0>;
L_0x55710e7f4e90 .functor XOR 1, L_0x55710e7f4ce0, L_0x55710e7f3f60, C4<0>, C4<0>;
L_0x55710e7f5190 .functor XOR 1, L_0x55710e7f4fa0, L_0x55710e7f5040, C4<0>, C4<0>;
L_0x55710e7f53f0 .functor NOT 1, L_0x55710e7f5190, C4<0>, C4<0>, C4<0>;
L_0x55710e7f54b0 .functor NOT 1, L_0x55710e7f53f0, C4<0>, C4<0>, C4<0>;
L_0x55710e7f5830 .functor AND 1, L_0x55710e7f4250, L_0x55710e7f56d0, C4<1>, C4<1>;
L_0x55710e7f5970 .functor NOT 1, L_0x55710e7f5830, C4<0>, C4<0>, C4<0>;
L_0x55710e7f5ba0 .functor OR 1, L_0x55710e7f4ce0, L_0x55710e7f3f60, C4<0>, C4<0>;
L_0x55710e7f5c10 .functor AND 1, L_0x55710e7f5ba0, L_0x55710e7f5970, C4<1>, C4<1>;
L_0x55710e7f5ea0 .functor NOT 1, L_0x55710e7f5c10, C4<0>, C4<0>, C4<0>;
L_0x55710e7f5f60 .functor XOR 1, L_0x55710e7f5ea0, L_0x55710e7f54b0, C4<0>, C4<0>;
L_0x55710e7f6410 .functor XOR 1, L_0x55710e7f6200, L_0x55710e7f62a0, C4<0>, C4<0>;
L_0x55710e7f6740 .functor AND 1, L_0x55710e7f6520, L_0x55710e7f65c0, C4<1>, C4<1>;
L_0x55710e7f6a20 .functor NOT 1, L_0x55710e7f6740, C4<0>, C4<0>, C4<0>;
L_0x55710e7f6ae0 .functor OR 1, L_0x55710e7f5970, L_0x55710e7f53f0, C4<0>, C4<0>;
L_0x55710e7f6d00 .functor AND 1, L_0x55710e7f6ae0, L_0x55710e7f6a20, C4<1>, C4<1>;
L_0x55710e7f6e10 .functor NOT 1, L_0x55710e7f6d00, C4<0>, C4<0>, C4<0>;
L_0x55710e7f7090 .functor NOT 1, L_0x55710e7f6e10, C4<0>, C4<0>, C4<0>;
L_0x55710e7f7150 .functor OR 1, L_0x55710e7f53f0, L_0x55710e7f3f60, C4<0>, C4<0>;
L_0x55710e7f7420 .functor OR 1, L_0x55710e7f7150, L_0x55710e7f4ce0, C4<0>, C4<0>;
L_0x55710e7f7520 .functor AND 1, L_0x55710e7f7420, L_0x55710e7f7090, C4<1>, C4<1>;
L_0x55710e7f7770 .functor NOT 1, L_0x55710e7f7520, C4<0>, C4<0>, C4<0>;
L_0x55710e7f7830 .functor XOR 1, L_0x55710e7f7770, L_0x55710e7f6410, C4<0>, C4<0>;
L_0x55710e7f7d60 .functor XOR 1, L_0x55710e7f7b30, L_0x55710e7f7bd0, C4<0>, C4<0>;
L_0x55710e7f7e70 .functor NOT 1, L_0x55710e7f7d60, C4<0>, C4<0>, C4<0>;
L_0x55710e7f8580 .functor AND 1, L_0x55710e7f8130, L_0x55710e7f81d0, C4<1>, C4<1>;
L_0x55710e7f86c0 .functor NOT 1, L_0x55710e7f8580, C4<0>, C4<0>, C4<0>;
L_0x55710e7f8990 .functor NOT 1, L_0x55710e7f86c0, C4<0>, C4<0>, C4<0>;
L_0x55710e7f8a50 .functor AND 1, L_0x55710e7f7770, L_0x55710e7f6410, C4<1>, C4<1>;
L_0x55710e7f8ce0 .functor OR 1, L_0x55710e7f8a50, L_0x55710e7f8990, C4<0>, C4<0>;
L_0x55710e7f8df0 .functor NOT 1, L_0x55710e7f8ce0, C4<0>, C4<0>, C4<0>;
L_0x55710e7f90e0 .functor XOR 1, L_0x55710e7f8df0, L_0x55710e7f7e70, C4<0>, C4<0>;
L_0x55710e7f9440 .functor XOR 1, L_0x55710e7f91f0, L_0x55710e7f9290, C4<0>, C4<0>;
L_0x55710e7f99f0 .functor AND 1, L_0x55710e7f9790, L_0x55710e7f9830, C4<1>, C4<1>;
L_0x55710e7f9b30 .functor NOT 1, L_0x55710e7f99f0, C4<0>, C4<0>, C4<0>;
L_0x55710e7f9e40 .functor OR 1, L_0x55710e7f86c0, L_0x55710e7f7e70, C4<0>, C4<0>;
L_0x55710e7f9eb0 .functor AND 1, L_0x55710e7f9e40, L_0x55710e7f9b30, C4<1>, C4<1>;
L_0x55710e7fa220 .functor NOT 1, L_0x55710e7f9eb0, C4<0>, C4<0>, C4<0>;
L_0x55710e7fa2e0 .functor NOT 1, L_0x55710e7f7e70, C4<0>, C4<0>, C4<0>;
L_0x55710e7fa650 .functor AND 1, L_0x55710e7f6410, L_0x55710e7fa2e0, C4<1>, C4<1>;
L_0x55710e7fa750 .functor AND 1, L_0x55710e7fa650, L_0x55710e7f6e10, C4<1>, C4<1>;
L_0x55710e7faa40 .functor OR 1, L_0x55710e7fa750, L_0x55710e7fa220, C4<0>, C4<0>;
L_0x55710e7fab50 .functor NOT 1, L_0x55710e7faa40, C4<0>, C4<0>, C4<0>;
L_0x55710e7faea0 .functor NOT 1, L_0x55710e7fa650, C4<0>, C4<0>, C4<0>;
L_0x55710e7faf10 .functor OR 1, L_0x55710e7f7150, L_0x55710e7faea0, C4<0>, C4<0>;
L_0x55710e7fb270 .functor OR 1, L_0x55710e7faf10, L_0x55710e7f4ce0, C4<0>, C4<0>;
L_0x55710e7fb330 .functor AND 1, L_0x55710e7fb270, L_0x55710e7fab50, C4<1>, C4<1>;
L_0x55710e7fb6f0 .functor NOT 1, L_0x55710e7fb330, C4<0>, C4<0>, C4<0>;
L_0x55710e7fb7b0 .functor XOR 1, L_0x55710e7fb6f0, L_0x55710e7f9440, C4<0>, C4<0>;
L_0x55710e7f98d0 .functor XOR 1, L_0x55710e7fbb80, L_0x55710e7fbc20, C4<0>, C4<0>;
L_0x55710e7fc070 .functor AND 1, L_0x55710e7fbdf0, L_0x55710e7fbe90, C4<1>, C4<1>;
L_0x55710e7fc480 .functor NOT 1, L_0x55710e7fc070, C4<0>, C4<0>, C4<0>;
L_0x55710e7fc540 .functor NOT 1, L_0x55710e7fc480, C4<0>, C4<0>, C4<0>;
L_0x55710e7fc8e0 .functor AND 1, L_0x55710e7fb6f0, L_0x55710e7f9440, C4<1>, C4<1>;
L_0x55710e7fc950 .functor OR 1, L_0x55710e7fc8e0, L_0x55710e7fc540, C4<0>, C4<0>;
L_0x55710e7fcd50 .functor NOT 1, L_0x55710e7fc950, C4<0>, C4<0>, C4<0>;
L_0x55710e7fce10 .functor XOR 1, L_0x55710e7fcd50, L_0x55710e7f98d0, C4<0>, C4<0>;
L_0x55710e7fd220 .functor NOT 1, L_0x55710e7fce10, C4<0>, C4<0>, C4<0>;
L_0x55710e7fd570 .functor XOR 1, L_0x55710e7fd2e0, L_0x55710e7fd380, C4<0>, C4<0>;
L_0x55710e7fd990 .functor OR 1, L_0x55710e7faf10, L_0x55710e7f4ce0, C4<0>, C4<0>;
L_0x55710e7fda00 .functor AND 1, L_0x55710e7fd990, L_0x55710e7fab50, C4<1>, C4<1>;
L_0x55710e7fe0b0 .functor AND 1, L_0x55710e7fdde0, L_0x55710e7fde80, C4<1>, C4<1>;
L_0x55710e7fe1f0 .functor AND 1, L_0x55710e7fc540, L_0x55710e7f98d0, C4<1>, C4<1>;
L_0x55710e7fe590 .functor OR 1, L_0x55710e7fe1f0, L_0x55710e7fe0b0, C4<0>, C4<0>;
L_0x55710e7fe6a0 .functor NOT 1, L_0x55710e7fe590, C4<0>, C4<0>, C4<0>;
L_0x55710e7feaa0 .functor AND 1, L_0x55710e7f98d0, L_0x55710e7f9440, C4<1>, C4<1>;
L_0x55710e7fec30 .functor NOT 1, L_0x55710e7feaa0, C4<0>, C4<0>, C4<0>;
L_0x55710e7feff0 .functor OR 1, L_0x55710e7fec30, L_0x55710e7fda00, C4<0>, C4<0>;
L_0x55710e7ff0b0 .functor AND 1, L_0x55710e7feff0, L_0x55710e7fe6a0, C4<1>, C4<1>;
L_0x55710e7ff520 .functor NOT 1, L_0x55710e7ff0b0, C4<0>, C4<0>, C4<0>;
L_0x55710e7ff5e0 .functor XOR 1, L_0x55710e7ff520, L_0x55710e7fd570, C4<0>, C4<0>;
L_0x55710e7ffd10 .functor XOR 1, L_0x55710e7ffa60, L_0x55710e7ffb00, C4<0>, C4<0>;
L_0x55710e8000e0 .functor AND 1, L_0x55710e7ffe20, L_0x55710e7ffec0, C4<1>, C4<1>;
L_0x55710e800570 .functor NOT 1, L_0x55710e8000e0, C4<0>, C4<0>, C4<0>;
L_0x55710e800630 .functor NOT 1, L_0x55710e800570, C4<0>, C4<0>, C4<0>;
L_0x55710e800a80 .functor AND 1, L_0x55710e7ff520, L_0x55710e7fd570, C4<1>, C4<1>;
L_0x55710e800af0 .functor OR 1, L_0x55710e800a80, L_0x55710e800630, C4<0>, C4<0>;
L_0x55710e800fa0 .functor NOT 1, L_0x55710e800af0, C4<0>, C4<0>, C4<0>;
L_0x55710e801060 .functor XOR 1, L_0x55710e800fa0, L_0x55710e7ffd10, C4<0>, C4<0>;
L_0x55710e801520 .functor NOT 1, L_0x55710e801060, C4<0>, C4<0>, C4<0>;
L_0x55710e8018b0 .functor XOR 1, L_0x55710e8015e0, L_0x55710e801680, C4<0>, C4<0>;
L_0x55710e801d80 .functor NOT 1, L_0x55710e8018b0, C4<0>, C4<0>, C4<0>;
L_0x55710e802120 .functor AND 1, L_0x55710e801e40, L_0x55710e801ee0, C4<1>, C4<1>;
L_0x55710e802630 .functor AND 1, L_0x55710e800630, L_0x55710e7ffd10, C4<1>, C4<1>;
L_0x55710e8026a0 .functor OR 1, L_0x55710e802630, L_0x55710e802120, C4<0>, C4<0>;
L_0x55710e802b90 .functor NOT 1, L_0x55710e8026a0, C4<0>, C4<0>, C4<0>;
L_0x55710e802c50 .functor AND 1, L_0x55710e7ffd10, L_0x55710e7fd570, C4<1>, C4<1>;
L_0x55710e8031d0 .functor NOT 1, L_0x55710e802c50, C4<0>, C4<0>, C4<0>;
L_0x55710e803240 .functor OR 1, L_0x55710e8031d0, L_0x55710e7fe6a0, C4<0>, C4<0>;
L_0x55710e8036b0 .functor AND 1, L_0x55710e803240, L_0x55710e802b90, C4<1>, C4<1>;
L_0x55710e8037c0 .functor NOT 1, L_0x55710e8036b0, C4<0>, C4<0>, C4<0>;
L_0x55710e803c90 .functor OR 1, L_0x55710e8031d0, L_0x55710e7fec30, C4<0>, C4<0>;
L_0x55710e803d00 .functor NOT 1, L_0x55710e803c90, C4<0>, C4<0>, C4<0>;
L_0x55710e8041e0 .functor AND 1, L_0x55710e803d00, L_0x55710e7fb6f0, C4<1>, C4<1>;
L_0x55710e804330 .functor OR 1, L_0x55710e8041e0, L_0x55710e8037c0, C4<0>, C4<0>;
L_0x55710e803dc0 .functor NOT 1, L_0x55710e804330, C4<0>, C4<0>, C4<0>;
L_0x55710e803e80 .functor XOR 1, L_0x55710e803dc0, L_0x55710e801d80, C4<0>, C4<0>;
L_0x55710e8040d0 .functor XOR 1, L_0x55710e803f90, L_0x55710e804030, C4<0>, C4<0>;
L_0x55710e8049e0 .functor NOT 1, L_0x55710e8040d0, C4<0>, C4<0>, C4<0>;
L_0x55710e8043f0 .functor NOT 1, L_0x55710e8049e0, C4<0>, C4<0>, C4<0>;
L_0x55710e8047b0 .functor AND 1, L_0x55710e8044b0, L_0x55710e804550, C4<1>, C4<1>;
L_0x55710e804aa0 .functor NOT 1, L_0x55710e8047b0, C4<0>, C4<0>, C4<0>;
L_0x55710e804b60 .functor OR 1, L_0x55710e803dc0, L_0x55710e801d80, C4<0>, C4<0>;
L_0x55710e804bd0 .functor AND 1, L_0x55710e804b60, L_0x55710e804aa0, C4<1>, C4<1>;
L_0x55710e804ce0 .functor NOT 1, L_0x55710e804bd0, C4<0>, C4<0>, C4<0>;
L_0x55710e804da0 .functor XOR 1, L_0x55710e804ce0, L_0x55710e8043f0, C4<0>, C4<0>;
L_0x55710e805750 .functor XOR 1, L_0x55710e805440, L_0x55710e8054e0, C4<0>, C4<0>;
L_0x55710e804fc0 .functor NOT 1, L_0x55710e805750, C4<0>, C4<0>, C4<0>;
L_0x55710e805080 .functor NOT 1, L_0x55710e804fc0, C4<0>, C4<0>, C4<0>;
L_0x55710e805280 .functor AND 1, L_0x55710e805140, L_0x55710e8051e0, C4<1>, C4<1>;
L_0x55710e8053c0 .functor AND 1, L_0x55710e8047b0, L_0x55710e8043f0, C4<1>, C4<1>;
L_0x55710e805860 .functor OR 1, L_0x55710e8053c0, L_0x55710e805280, C4<0>, C4<0>;
L_0x55710e805970 .functor NOT 1, L_0x55710e805860, C4<0>, C4<0>, C4<0>;
L_0x55710e805a30 .functor OR 1, L_0x55710e8049e0, L_0x55710e801d80, C4<0>, C4<0>;
L_0x55710e805b30 .functor OR 1, L_0x55710e805a30, L_0x55710e803dc0, C4<0>, C4<0>;
L_0x55710e805c30 .functor AND 1, L_0x55710e805b30, L_0x55710e805970, C4<1>, C4<1>;
L_0x55710e8063b0 .functor NOT 1, L_0x55710e805c30, C4<0>, C4<0>, C4<0>;
L_0x55710e805ee0 .functor XOR 1, L_0x55710e8063b0, L_0x55710e805080, C4<0>, C4<0>;
L_0x55710e806320 .functor XOR 1, L_0x55710e805ff0, L_0x55710e806090, C4<0>, C4<0>;
L_0x55710e806470 .functor NOT 1, L_0x55710e806320, C4<0>, C4<0>, C4<0>;
L_0x55710e806870 .functor AND 1, L_0x55710e806530, L_0x55710e8065d0, C4<1>, C4<1>;
L_0x55710e8069f0 .functor AND 1, L_0x55710e8063b0, L_0x55710e805080, C4<1>, C4<1>;
L_0x55710e806a60 .functor OR 1, L_0x55710e8069f0, L_0x55710e806870, C4<0>, C4<0>;
L_0x55710e806b70 .functor NOT 1, L_0x55710e806a60, C4<0>, C4<0>, C4<0>;
L_0x55710e806c30 .functor XOR 1, L_0x55710e806b70, L_0x55710e806470, C4<0>, C4<0>;
L_0x55710e8074a0 .functor XOR 1, L_0x55710e7f22d0, L_0x55710e806d90, C4<0>, C4<0>;
L_0x55710e8078f0 .functor XOR 1, L_0x55710e807510, L_0x55710e8077c0, C4<0>, C4<0>;
L_0x55710e806f80 .functor NOT 1, L_0x55710e8078f0, C4<0>, C4<0>, C4<0>;
L_0x55710e807040 .functor XOR 1, L_0x55710e806f80, L_0x55710e8074a0, C4<0>, C4<0>;
L_0x55710e807410 .functor XOR 1, L_0x55710e807150, L_0x55710e807ef0, C4<0>, C4<0>;
L_0x55710e8083a0 .functor XOR 1, L_0x55710e808030, L_0x55710e808300, C4<0>, C4<0>;
L_0x55710e8079b0 .functor NOT 1, L_0x55710e8083a0, C4<0>, C4<0>, C4<0>;
L_0x55710e807a70 .functor XOR 1, L_0x55710e8079b0, L_0x55710e807410, C4<0>, C4<0>;
L_0x55710e807b80 .functor XOR 1, L_0x55710e807a70, L_0x55710e807040, C4<0>, C4<0>;
L_0x55710e807dd0 .functor XOR 1, L_0x55710e807c90, L_0x55710e807d30, C4<0>, C4<0>;
L_0x55710e8084b0 .functor NOT 1, L_0x55710e807dd0, C4<0>, C4<0>, C4<0>;
L_0x55710e808900 .functor XOR 1, L_0x55710e808570, L_0x55710e808860, C4<0>, C4<0>;
L_0x55710e8091d0 .functor NOT 1, L_0x55710e808900, C4<0>, C4<0>, C4<0>;
L_0x55710e809290 .functor XOR 1, L_0x55710e8091d0, L_0x55710e8084b0, C4<0>, C4<0>;
L_0x55710e808ff0 .functor XOR 1, L_0x55710e808c50, L_0x55710e808f50, C4<0>, C4<0>;
L_0x55710e809100 .functor NOT 1, L_0x55710e806470, C4<0>, C4<0>, C4<0>;
L_0x55710e809940 .functor XOR 1, L_0x55710e806b70, L_0x55710e809100, C4<0>, C4<0>;
L_0x55710e809cc0 .functor XOR 1, L_0x55710e809940, L_0x55710e8099b0, C4<0>, C4<0>;
L_0x55710e8093a0 .functor XOR 1, L_0x55710e809cc0, L_0x55710e808ff0, C4<0>, C4<0>;
L_0x55710e8094b0 .functor XOR 1, L_0x55710e8093a0, L_0x55710e809290, C4<0>, C4<0>;
L_0x55710e8095c0 .functor XOR 1, L_0x55710e8094b0, L_0x55710e807b80, C4<0>, C4<0>;
L_0x55710e8097c0 .functor NOT 1, L_0x55710e809720, C4<0>, C4<0>, C4<0>;
L_0x55710e809880 .functor AND 1, L_0x55710e7f22d0, L_0x55710e8097c0, C4<1>, C4<1>;
L_0x55710e80a760 .functor OR 1, L_0x55710e80a3a0, L_0x55710e80a6c0, C4<0>, C4<0>;
L_0x55710e809dd0 .functor NOT 1, L_0x55710e80a760, C4<0>, C4<0>, C4<0>;
L_0x55710e809e90 .functor AND 1, L_0x55710e809880, L_0x55710e809dd0, C4<1>, C4<1>;
L_0x55710e80ae10 .functor OR 1, L_0x55710e809fa0, L_0x55710e80a2d0, C4<0>, C4<0>;
L_0x55710e80b300 .functor OR 1, L_0x55710e80af20, L_0x55710e80b260, C4<0>, C4<0>;
L_0x55710e80a820 .functor OR 1, L_0x55710e80b300, L_0x55710e80ae10, C4<0>, C4<0>;
L_0x55710e80a930 .functor NOT 1, L_0x55710e80a820, C4<0>, C4<0>, C4<0>;
L_0x55710e80a9f0 .functor AND 1, L_0x55710e809e90, L_0x55710e80a930, C4<1>, C4<1>;
L_0x55710e80ac40 .functor OR 1, L_0x55710e80ab00, L_0x55710e80aba0, C4<0>, C4<0>;
L_0x55710e80b770 .functor OR 1, L_0x55710e80ad50, L_0x55710e80b6d0, C4<0>, C4<0>;
L_0x55710e80b880 .functor OR 1, L_0x55710e80b770, L_0x55710e80ac40, C4<0>, C4<0>;
L_0x55710e80b990 .functor OR 1, L_0x55710e80c300, L_0x55710e80c670, C4<0>, C4<0>;
L_0x55710e80cb30 .functor OR 1, L_0x55710e806c30, L_0x55710e80c7b0, C4<0>, C4<0>;
L_0x55710e80bcd0 .functor OR 1, L_0x55710e80cb30, L_0x55710e80b990, C4<0>, C4<0>;
L_0x55710e80bde0 .functor OR 1, L_0x55710e80bcd0, L_0x55710e80b880, C4<0>, C4<0>;
L_0x55710e80bef0 .functor NOT 1, L_0x55710e80bde0, C4<0>, C4<0>, C4<0>;
L_0x55710e80bfb0 .functor AND 1, L_0x55710e80a9f0, L_0x55710e80bef0, C4<1>, C4<1>;
L_0x55710e80c1b0 .functor XOR 1, L_0x55710e809940, L_0x55710e80c110, C4<0>, C4<0>;
L_0x55710e80c270 .functor NOT 1, L_0x55710e80c1b0, C4<0>, C4<0>, C4<0>;
L_0x55710e80cbf0 .functor AND 1, L_0x55710e806470, L_0x55710e80c270, C4<1>, C4<1>;
L_0x55710e80d170 .functor AND 1, L_0x55710e80cd40, L_0x55710e80d0d0, C4<1>, C4<1>;
L_0x55710e80d2a0 .functor AND 1, L_0x55710e806870, L_0x55710e809100, C4<1>, C4<1>;
L_0x55710e80d310 .functor OR 1, L_0x55710e80d2a0, L_0x55710e80d170, C4<0>, C4<0>;
L_0x55710e80d420 .functor NOT 1, L_0x55710e80d310, C4<0>, C4<0>, C4<0>;
L_0x55710e80d4e0 .functor OR 1, L_0x55710e806470, L_0x55710e804fc0, C4<0>, C4<0>;
L_0x55710e80d550 .functor OR 1, L_0x55710e80d4e0, L_0x55710e805970, C4<0>, C4<0>;
L_0x55710e80d610 .functor AND 1, L_0x55710e80d550, L_0x55710e80d420, C4<1>, C4<1>;
L_0x55710e80d720 .functor NOT 1, L_0x55710e80d610, C4<0>, C4<0>, C4<0>;
L_0x55710e80d7e0 .functor OR 1, L_0x55710e80d4e0, L_0x55710e805a30, C4<0>, C4<0>;
L_0x55710e80d850 .functor NOT 1, L_0x55710e80d7e0, C4<0>, C4<0>, C4<0>;
L_0x55710e80e020 .functor AND 1, L_0x55710e80d850, L_0x55710e8037c0, C4<1>, C4<1>;
L_0x55710e80d960 .functor OR 1, L_0x55710e80e020, L_0x55710e80d720, C4<0>, C4<0>;
L_0x55710e80da70 .functor NOT 1, L_0x55710e80d960, C4<0>, C4<0>, C4<0>;
L_0x55710e80db30 .functor AND 1, L_0x55710e80d850, L_0x55710e803d00, C4<1>, C4<1>;
L_0x55710e80dba0 .functor NOT 1, L_0x55710e80db30, C4<0>, C4<0>, C4<0>;
L_0x55710e80dc60 .functor OR 1, L_0x55710e80dba0, L_0x55710e7fda00, C4<0>, C4<0>;
L_0x55710e80dd20 .functor AND 1, L_0x55710e80dc60, L_0x55710e80da70, C4<1>, C4<1>;
L_0x55710e80de30 .functor NOT 1, L_0x55710e80dd20, C4<0>, C4<0>, C4<0>;
L_0x55710e80df40 .functor BUFZ 1, L_0x55710e80de30, C4<0>, C4<0>, C4<0>;
L_0x55710e80dfb0 .functor BUFZ 1, L_0x55710e80cbf0, C4<0>, C4<0>, C4<0>;
L_0x55710e80e7f0 .functor BUFZ 1, L_0x55710e8095c0, C4<0>, C4<0>, C4<0>;
L_0x55710e80e0e0 .functor BUFZ 1, L_0x55710e806c30, C4<0>, C4<0>, C4<0>;
L_0x55710e80e770 .functor BUFZ 1, L_0x55710e806c30, C4<0>, C4<0>, C4<0>;
L_0x55710e80ed00 .functor BUFZ 1, L_0x55710e80bfb0, C4<0>, C4<0>, C4<0>;
v0x55710e774f60_0 .net "Carry", 0 0, L_0x55710e80de30;  alias, 1 drivers
v0x55710e770840_0 .net "Carry_reg", 0 0, L_0x55710e80df40;  1 drivers
v0x55710e76d0c0_0 .net "Overflow", 0 0, L_0x55710e80cbf0;  alias, 1 drivers
v0x55710e76a100_0 .net "Overflow_reg", 0 0, L_0x55710e80dfb0;  1 drivers
v0x55710e767180_0 .net "Parity", 0 0, L_0x55710e8095c0;  alias, 1 drivers
v0x55710e7deac0_0 .net "Parity_reg", 0 0, L_0x55710e80e7f0;  1 drivers
v0x55710e7deba0_0 .net "Sign", 0 0, L_0x55710e806c30;  alias, 1 drivers
v0x55710e7dec80_0 .net "Sign_reg", 0 0, L_0x55710e80e0e0;  1 drivers
v0x55710e7ded60_0 .net "X", 15 0, v0x55710e7f12e0_0;  1 drivers
v0x55710e7dee60_0 .net "Y", 15 0, v0x55710e7f13d0_0;  1 drivers
v0x55710e7def60_0 .net "Z", 15 0, L_0x55710e80e1e0;  alias, 1 drivers
v0x55710e7df060_0 .net "Z_reg", 15 0, L_0x55710e80e900;  1 drivers
v0x55710e7df160_0 .net "Zero", 0 0, L_0x55710e80bfb0;  alias, 1 drivers
v0x55710e7df240_0 .net "Zero_reg", 0 0, L_0x55710e80ed00;  1 drivers
v0x55710e7df320_0 .net "_000_", 0 0, L_0x55710e7fc480;  1 drivers
v0x55710e7df3e0_0 .net "_001_", 0 0, L_0x55710e7fc540;  1 drivers
v0x55710e7df4a0_0 .net "_002_", 0 0, L_0x55710e7fcd50;  1 drivers
v0x55710e7df560_0 .net "_003_", 0 0, L_0x55710e7fd570;  1 drivers
v0x55710e7df620_0 .net "_004_", 0 0, L_0x55710e7fd990;  1 drivers
v0x55710e7df6e0_0 .net "_005_", 0 0, L_0x55710e7fda00;  1 drivers
v0x55710e7df7a0_0 .net "_006_", 0 0, L_0x55710e7fe0b0;  1 drivers
v0x55710e7df860_0 .net "_007_", 0 0, L_0x55710e7fe6a0;  1 drivers
v0x55710e7df920_0 .net "_008_", 0 0, L_0x55710e7fec30;  1 drivers
v0x55710e7df9e0_0 .net "_009_", 0 0, L_0x55710e7ff520;  1 drivers
v0x55710e7dfaa0_0 .net "_010_", 0 0, L_0x55710e7ffd10;  1 drivers
v0x55710e7dfb60_0 .net "_011_", 0 0, L_0x55710e800570;  1 drivers
v0x55710e7dfc20_0 .net "_012_", 0 0, L_0x55710e800630;  1 drivers
v0x55710e7dfce0_0 .net "_013_", 0 0, L_0x55710e800fa0;  1 drivers
v0x55710e7dfda0_0 .net "_014_", 0 0, L_0x55710e801d80;  1 drivers
v0x55710e7dfe60_0 .net "_015_", 0 0, L_0x55710e802120;  1 drivers
v0x55710e7dff20_0 .net "_016_", 0 0, L_0x55710e802b90;  1 drivers
v0x55710e7dffe0_0 .net "_017_", 0 0, L_0x55710e8031d0;  1 drivers
v0x55710e7e00a0_0 .net "_018_", 0 0, L_0x55710e8037c0;  1 drivers
v0x55710e7e0370_0 .net "_019_", 0 0, L_0x55710e803d00;  1 drivers
v0x55710e7e0430_0 .net "_020_", 0 0, L_0x55710e803dc0;  1 drivers
v0x55710e7e04f0_0 .net "_021_", 0 0, L_0x55710e8049e0;  1 drivers
v0x55710e7e05b0_0 .net "_022_", 0 0, L_0x55710e8043f0;  1 drivers
v0x55710e7e0670_0 .net "_023_", 0 0, L_0x55710e8047b0;  1 drivers
v0x55710e7e0730_0 .net "_024_", 0 0, L_0x55710e804aa0;  1 drivers
v0x55710e7e07f0_0 .net "_025_", 0 0, L_0x55710e804ce0;  1 drivers
v0x55710e7e08b0_0 .net "_026_", 0 0, L_0x55710e804fc0;  1 drivers
v0x55710e7e0970_0 .net "_027_", 0 0, L_0x55710e805080;  1 drivers
v0x55710e7e0a30_0 .net "_028_", 0 0, L_0x55710e805280;  1 drivers
v0x55710e7e0af0_0 .net "_029_", 0 0, L_0x55710e805970;  1 drivers
v0x55710e7e0bb0_0 .net "_030_", 0 0, L_0x55710e805a30;  1 drivers
v0x55710e7e0c70_0 .net "_031_", 0 0, L_0x55710e8063b0;  1 drivers
v0x55710e7e0d30_0 .net "_032_", 0 0, L_0x55710e806470;  1 drivers
v0x55710e7e0df0_0 .net "_033_", 0 0, L_0x55710e806870;  1 drivers
v0x55710e7e0eb0_0 .net "_034_", 0 0, L_0x55710e806b70;  1 drivers
v0x55710e7e0f70_0 .net "_035_", 0 0, L_0x55710e8074a0;  1 drivers
v0x55710e7e1030_0 .net "_036_", 0 0, L_0x55710e806f80;  1 drivers
v0x55710e7e10f0_0 .net "_037_", 0 0, L_0x55710e807040;  1 drivers
v0x55710e7e11b0_0 .net "_038_", 0 0, L_0x55710e807410;  1 drivers
v0x55710e7e1270_0 .net "_039_", 0 0, L_0x55710e8079b0;  1 drivers
v0x55710e7e1330_0 .net "_040_", 0 0, L_0x55710e807a70;  1 drivers
v0x55710e7e13f0_0 .net "_041_", 0 0, L_0x55710e807b80;  1 drivers
v0x55710e7e14b0_0 .net "_042_", 0 0, L_0x55710e8084b0;  1 drivers
v0x55710e7e1570_0 .net "_043_", 0 0, L_0x55710e8091d0;  1 drivers
v0x55710e7e1630_0 .net "_044_", 0 0, L_0x55710e809290;  1 drivers
v0x55710e7e16f0_0 .net "_045_", 0 0, L_0x55710e808ff0;  1 drivers
v0x55710e7e17b0_0 .net "_046_", 0 0, L_0x55710e809100;  1 drivers
v0x55710e7e1870_0 .net "_047_", 0 0, L_0x55710e809940;  1 drivers
v0x55710e7e1930_0 .net "_048_", 0 0, L_0x55710e809cc0;  1 drivers
v0x55710e7e19f0_0 .net "_049_", 0 0, L_0x55710e8093a0;  1 drivers
v0x55710e7e1ab0_0 .net "_050_", 0 0, L_0x55710e8094b0;  1 drivers
v0x55710e7e1f80_0 .net "_051_", 0 0, L_0x55710e809880;  1 drivers
v0x55710e7e2040_0 .net "_052_", 0 0, L_0x55710e80a760;  1 drivers
v0x55710e7e2100_0 .net "_053_", 0 0, L_0x55710e809e90;  1 drivers
v0x55710e7e21c0_0 .net "_054_", 0 0, L_0x55710e80ae10;  1 drivers
v0x55710e7e2280_0 .net "_055_", 0 0, L_0x55710e80b300;  1 drivers
v0x55710e7e2340_0 .net "_056_", 0 0, L_0x55710e80a820;  1 drivers
v0x55710e7e2400_0 .net "_057_", 0 0, L_0x55710e80a9f0;  1 drivers
v0x55710e7e24c0_0 .net "_058_", 0 0, L_0x55710e80ac40;  1 drivers
v0x55710e7e2580_0 .net "_059_", 0 0, L_0x55710e80b770;  1 drivers
v0x55710e7e2640_0 .net "_060_", 0 0, L_0x55710e80b880;  1 drivers
v0x55710e7e2700_0 .net "_061_", 0 0, L_0x55710e80b990;  1 drivers
v0x55710e7e27c0_0 .net "_062_", 0 0, L_0x55710e80cb30;  1 drivers
v0x55710e7e2880_0 .net "_063_", 0 0, L_0x55710e80bcd0;  1 drivers
v0x55710e7e2940_0 .net "_064_", 0 0, L_0x55710e80bde0;  1 drivers
v0x55710e7e2a00_0 .net "_065_", 0 0, L_0x55710e80c1b0;  1 drivers
v0x55710e7e2ac0_0 .net "_066_", 0 0, L_0x55710e80d170;  1 drivers
v0x55710e7e2b80_0 .net "_067_", 0 0, L_0x55710e80d420;  1 drivers
v0x55710e7e2c40_0 .net "_068_", 0 0, L_0x55710e80d4e0;  1 drivers
v0x55710e7e2d00_0 .net "_069_", 0 0, L_0x55710e80d720;  1 drivers
v0x55710e7e2dc0_0 .net "_070_", 0 0, L_0x55710e80d850;  1 drivers
v0x55710e7e2e80_0 .net "_071_", 0 0, L_0x55710e80da70;  1 drivers
v0x55710e7e2f40_0 .net "_072_", 0 0, L_0x55710e80dba0;  1 drivers
v0x55710e7e3000_0 .net "_073_", 0 0, L_0x55710e7f1960;  1 drivers
v0x55710e7e30c0_0 .net "_074_", 0 0, L_0x55710e7f1dc0;  1 drivers
v0x55710e7e3180_0 .net "_075_", 0 0, L_0x55710e7f20b0;  1 drivers
v0x55710e7e3240_0 .net "_076_", 0 0, L_0x55710e7f22d0;  1 drivers
v0x55710e7e3300_0 .net "_077_", 0 0, L_0x55710e7f2640;  1 drivers
v0x55710e7e33c0_0 .net "_078_", 0 0, L_0x55710e7f29d0;  1 drivers
v0x55710e7e3480_0 .net "_079_", 0 0, L_0x55710e7f2c20;  1 drivers
v0x55710e7e3540_0 .net "_080_", 0 0, L_0x55710e7f31e0;  1 drivers
v0x55710e7e3600_0 .net "_081_", 0 0, L_0x55710e7f35e0;  1 drivers
v0x55710e7e36c0_0 .net "_082_", 0 0, L_0x55710e7f36a0;  1 drivers
v0x55710e7e3780_0 .net "_083_", 0 0, L_0x55710e7f3a70;  1 drivers
v0x55710e7e3840_0 .net "_084_", 0 0, L_0x55710e7f3f60;  1 drivers
v0x55710e7e3900_0 .net "_085_", 0 0, L_0x55710e7f4430;  1 drivers
v0x55710e7e39c0_0 .net "_086_", 0 0, L_0x55710e7f4880;  1 drivers
v0x55710e7e3a80_0 .net "_087_", 0 0, L_0x55710e7f4ad0;  1 drivers
v0x55710e7e3b40_0 .net "_088_", 0 0, L_0x55710e7f4ce0;  1 drivers
v0x55710e7e3c00_0 .net "_089_", 0 0, L_0x55710e7f53f0;  1 drivers
v0x55710e7e3cc0_0 .net "_090_", 0 0, L_0x55710e7f54b0;  1 drivers
v0x55710e7e3d80_0 .net "_091_", 0 0, L_0x55710e7f5970;  1 drivers
v0x55710e7e3e40_0 .net "_092_", 0 0, L_0x55710e7f5ea0;  1 drivers
v0x55710e7e3f00_0 .net "_093_", 0 0, L_0x55710e7f6410;  1 drivers
v0x55710e7e3fc0_0 .net "_094_", 0 0, L_0x55710e7f6a20;  1 drivers
v0x55710e7e4080_0 .net "_095_", 0 0, L_0x55710e7f6e10;  1 drivers
v0x55710e7e4140_0 .net "_096_", 0 0, L_0x55710e7f7090;  1 drivers
v0x55710e7e4200_0 .net "_097_", 0 0, L_0x55710e7f7150;  1 drivers
v0x55710e7e42c0_0 .net "_098_", 0 0, L_0x55710e7f7770;  1 drivers
v0x55710e7e4380_0 .net "_099_", 0 0, L_0x55710e7f7e70;  1 drivers
v0x55710e7e4440_0 .net "_100_", 0 0, L_0x55710e7f86c0;  1 drivers
v0x55710e7e4500_0 .net "_101_", 0 0, L_0x55710e7f8990;  1 drivers
v0x55710e7e45c0_0 .net "_102_", 0 0, L_0x55710e7f8df0;  1 drivers
v0x55710e7e4680_0 .net "_103_", 0 0, L_0x55710e7f9440;  1 drivers
v0x55710e7e4740_0 .net "_104_", 0 0, L_0x55710e7f9b30;  1 drivers
v0x55710e7e4800_0 .net "_105_", 0 0, L_0x55710e7fa220;  1 drivers
v0x55710e7e48c0_0 .net "_106_", 0 0, L_0x55710e7fa650;  1 drivers
v0x55710e7e4980_0 .net "_107_", 0 0, L_0x55710e7fab50;  1 drivers
v0x55710e7e4a40_0 .net "_108_", 0 0, L_0x55710e7faf10;  1 drivers
v0x55710e7e4b00_0 .net "_109_", 0 0, L_0x55710e7fb6f0;  1 drivers
v0x55710e7e4bc0_0 .net "_110_", 0 0, L_0x55710e7f98d0;  1 drivers
v0x55710e7e4c80_0 .net *"_s1", 0 0, L_0x55710e7f1640;  1 drivers
v0x55710e7e4d60_0 .net *"_s10", 0 0, L_0x55710e7f1a20;  1 drivers
v0x55710e7e4e40_0 .net *"_s100", 0 0, L_0x55710e7f42f0;  1 drivers
v0x55710e7e4f20_0 .net *"_s104", 0 0, L_0x55710e7f45f0;  1 drivers
v0x55710e7e5810_0 .net *"_s106", 0 0, L_0x55710e7f4660;  1 drivers
v0x55710e7e58f0_0 .net *"_s110", 0 0, L_0x55710e7f4940;  1 drivers
v0x55710e7e59d0_0 .net *"_s114", 0 0, L_0x55710e7f4b40;  1 drivers
v0x55710e7e5ab0_0 .net *"_s116", 0 0, L_0x55710e7f49b0;  1 drivers
v0x55710e7e5b90_0 .net *"_s122", 0 0, L_0x55710e7f4e90;  1 drivers
v0x55710e7e5c70_0 .net *"_s125", 0 0, L_0x55710e7f4fa0;  1 drivers
v0x55710e7e5d50_0 .net *"_s127", 0 0, L_0x55710e7f5040;  1 drivers
v0x55710e7e5e30_0 .net *"_s128", 0 0, L_0x55710e7f5190;  1 drivers
v0x55710e7e5f10_0 .net *"_s13", 0 0, L_0x55710e7f1ae0;  1 drivers
v0x55710e7e5ff0_0 .net *"_s135", 0 0, L_0x55710e7f4250;  1 drivers
v0x55710e7e60d0_0 .net *"_s137", 0 0, L_0x55710e7f56d0;  1 drivers
v0x55710e7e61b0_0 .net *"_s138", 0 0, L_0x55710e7f5830;  1 drivers
v0x55710e7e6290_0 .net *"_s142", 0 0, L_0x55710e7f5ba0;  1 drivers
v0x55710e7e6370_0 .net *"_s144", 0 0, L_0x55710e7f5c10;  1 drivers
v0x55710e7e6450_0 .net *"_s15", 0 0, L_0x55710e7f1b80;  1 drivers
v0x55710e7e6530_0 .net *"_s150", 0 0, L_0x55710e7f5f60;  1 drivers
v0x55710e7e6610_0 .net *"_s153", 0 0, L_0x55710e7f6200;  1 drivers
v0x55710e7e66f0_0 .net *"_s155", 0 0, L_0x55710e7f62a0;  1 drivers
v0x55710e7e67d0_0 .net *"_s159", 0 0, L_0x55710e7f6520;  1 drivers
v0x55710e7e68b0_0 .net *"_s16", 0 0, L_0x55710e7f1c50;  1 drivers
v0x55710e7e6990_0 .net *"_s161", 0 0, L_0x55710e7f65c0;  1 drivers
v0x55710e7e6a70_0 .net *"_s162", 0 0, L_0x55710e7f6740;  1 drivers
v0x55710e7e6b50_0 .net *"_s166", 0 0, L_0x55710e7f6ae0;  1 drivers
v0x55710e7e6c30_0 .net *"_s168", 0 0, L_0x55710e7f6d00;  1 drivers
v0x55710e7e6d10_0 .net *"_s176", 0 0, L_0x55710e7f7420;  1 drivers
v0x55710e7e6df0_0 .net *"_s178", 0 0, L_0x55710e7f7520;  1 drivers
v0x55710e7e6ed0_0 .net *"_s184", 0 0, L_0x55710e7f7830;  1 drivers
v0x55710e7e6fb0_0 .net *"_s187", 0 0, L_0x55710e7f7b30;  1 drivers
v0x55710e7e7090_0 .net *"_s189", 0 0, L_0x55710e7f7bd0;  1 drivers
v0x55710e7e7170_0 .net *"_s190", 0 0, L_0x55710e7f7d60;  1 drivers
v0x55710e7e7250_0 .net *"_s195", 0 0, L_0x55710e7f8130;  1 drivers
v0x55710e7e7330_0 .net *"_s197", 0 0, L_0x55710e7f81d0;  1 drivers
v0x55710e7e7410_0 .net *"_s198", 0 0, L_0x55710e7f8580;  1 drivers
v0x55710e7e74f0_0 .net *"_s204", 0 0, L_0x55710e7f8a50;  1 drivers
v0x55710e7e75d0_0 .net *"_s206", 0 0, L_0x55710e7f8ce0;  1 drivers
v0x55710e7e76b0_0 .net *"_s21", 0 0, L_0x55710e7f1e80;  1 drivers
v0x55710e7e7790_0 .net *"_s212", 0 0, L_0x55710e7f90e0;  1 drivers
v0x55710e7e7870_0 .net *"_s215", 0 0, L_0x55710e7f91f0;  1 drivers
v0x55710e7e7950_0 .net *"_s217", 0 0, L_0x55710e7f9290;  1 drivers
v0x55710e7e7a30_0 .net *"_s221", 0 0, L_0x55710e7f9790;  1 drivers
v0x55710e7e7b10_0 .net *"_s223", 0 0, L_0x55710e7f9830;  1 drivers
v0x55710e7e7bf0_0 .net *"_s224", 0 0, L_0x55710e7f99f0;  1 drivers
v0x55710e7e7cd0_0 .net *"_s228", 0 0, L_0x55710e7f9e40;  1 drivers
v0x55710e7e7db0_0 .net *"_s23", 0 0, L_0x55710e7f1f20;  1 drivers
v0x55710e7e7e90_0 .net *"_s230", 0 0, L_0x55710e7f9eb0;  1 drivers
v0x55710e7e7f70_0 .net *"_s234", 0 0, L_0x55710e7fa2e0;  1 drivers
v0x55710e7e8050_0 .net *"_s238", 0 0, L_0x55710e7fa750;  1 drivers
v0x55710e7e8130_0 .net *"_s24", 0 0, L_0x55710e7f2000;  1 drivers
v0x55710e7e8210_0 .net *"_s240", 0 0, L_0x55710e7faa40;  1 drivers
v0x55710e7e82f0_0 .net *"_s244", 0 0, L_0x55710e7faea0;  1 drivers
v0x55710e7e83d0_0 .net *"_s248", 0 0, L_0x55710e7fb270;  1 drivers
v0x55710e7e84b0_0 .net *"_s250", 0 0, L_0x55710e7fb330;  1 drivers
v0x55710e7e8590_0 .net *"_s256", 0 0, L_0x55710e7fb7b0;  1 drivers
v0x55710e7e8670_0 .net *"_s259", 0 0, L_0x55710e7fbb80;  1 drivers
v0x55710e7e8750_0 .net *"_s261", 0 0, L_0x55710e7fbc20;  1 drivers
v0x55710e7e8830_0 .net *"_s265", 0 0, L_0x55710e7fbdf0;  1 drivers
v0x55710e7e8910_0 .net *"_s267", 0 0, L_0x55710e7fbe90;  1 drivers
v0x55710e7e89f0_0 .net *"_s268", 0 0, L_0x55710e7fc070;  1 drivers
v0x55710e7e8ad0_0 .net *"_s274", 0 0, L_0x55710e7fc8e0;  1 drivers
v0x55710e7e8bb0_0 .net *"_s276", 0 0, L_0x55710e7fc950;  1 drivers
v0x55710e7e8c90_0 .net *"_s28", 0 0, L_0x55710e7f2170;  1 drivers
v0x55710e7e8d70_0 .net *"_s282", 0 0, L_0x55710e7fce10;  1 drivers
v0x55710e7e8e50_0 .net *"_s284", 0 0, L_0x55710e7fd220;  1 drivers
v0x55710e7e8f30_0 .net *"_s287", 0 0, L_0x55710e7fd2e0;  1 drivers
v0x55710e7e9010_0 .net *"_s289", 0 0, L_0x55710e7fd380;  1 drivers
v0x55710e7e90f0_0 .net *"_s297", 0 0, L_0x55710e7fdde0;  1 drivers
v0x55710e7e91d0_0 .net *"_s299", 0 0, L_0x55710e7fde80;  1 drivers
v0x55710e7e92b0_0 .net *"_s3", 0 0, L_0x55710e7f1760;  1 drivers
v0x55710e7e9390_0 .net *"_s302", 0 0, L_0x55710e7fe1f0;  1 drivers
v0x55710e7e9470_0 .net *"_s304", 0 0, L_0x55710e7fe590;  1 drivers
v0x55710e7e9550_0 .net *"_s308", 0 0, L_0x55710e7feaa0;  1 drivers
v0x55710e7e9630_0 .net *"_s312", 0 0, L_0x55710e7feff0;  1 drivers
v0x55710e7e9710_0 .net *"_s314", 0 0, L_0x55710e7ff0b0;  1 drivers
v0x55710e7e97f0_0 .net *"_s320", 0 0, L_0x55710e7ff5e0;  1 drivers
v0x55710e7e98d0_0 .net *"_s323", 0 0, L_0x55710e7ffa60;  1 drivers
v0x55710e7e99b0_0 .net *"_s325", 0 0, L_0x55710e7ffb00;  1 drivers
v0x55710e7e9a90_0 .net *"_s329", 0 0, L_0x55710e7ffe20;  1 drivers
v0x55710e7e9b70_0 .net *"_s331", 0 0, L_0x55710e7ffec0;  1 drivers
v0x55710e7e9c50_0 .net *"_s332", 0 0, L_0x55710e8000e0;  1 drivers
v0x55710e7e9d30_0 .net *"_s338", 0 0, L_0x55710e800a80;  1 drivers
v0x55710e7e9e10_0 .net *"_s34", 0 0, L_0x55710e7f2390;  1 drivers
v0x55710e7e9ef0_0 .net *"_s340", 0 0, L_0x55710e800af0;  1 drivers
v0x55710e7e9fd0_0 .net *"_s346", 0 0, L_0x55710e801060;  1 drivers
v0x55710e7ea0b0_0 .net *"_s348", 0 0, L_0x55710e801520;  1 drivers
v0x55710e7ea190_0 .net *"_s351", 0 0, L_0x55710e8015e0;  1 drivers
v0x55710e7ea270_0 .net *"_s353", 0 0, L_0x55710e801680;  1 drivers
v0x55710e7ea350_0 .net *"_s354", 0 0, L_0x55710e8018b0;  1 drivers
v0x55710e7ea430_0 .net *"_s359", 0 0, L_0x55710e801e40;  1 drivers
v0x55710e7ea510_0 .net *"_s361", 0 0, L_0x55710e801ee0;  1 drivers
v0x55710e7ea5f0_0 .net *"_s364", 0 0, L_0x55710e802630;  1 drivers
v0x55710e7ea6d0_0 .net *"_s366", 0 0, L_0x55710e8026a0;  1 drivers
v0x55710e7ea7b0_0 .net *"_s37", 0 0, L_0x55710e7f24b0;  1 drivers
v0x55710e7ea890_0 .net *"_s370", 0 0, L_0x55710e802c50;  1 drivers
v0x55710e7ea970_0 .net *"_s374", 0 0, L_0x55710e803240;  1 drivers
v0x55710e7eaa50_0 .net *"_s376", 0 0, L_0x55710e8036b0;  1 drivers
v0x55710e7eab30_0 .net *"_s380", 0 0, L_0x55710e803c90;  1 drivers
v0x55710e7eac10_0 .net *"_s384", 0 0, L_0x55710e8041e0;  1 drivers
v0x55710e7eacf0_0 .net *"_s386", 0 0, L_0x55710e804330;  1 drivers
v0x55710e7eadd0_0 .net *"_s39", 0 0, L_0x55710e7f2550;  1 drivers
v0x55710e7eaeb0_0 .net *"_s392", 0 0, L_0x55710e803e80;  1 drivers
v0x55710e7eaf90_0 .net *"_s395", 0 0, L_0x55710e803f90;  1 drivers
v0x55710e7eb070_0 .net *"_s397", 0 0, L_0x55710e804030;  1 drivers
v0x55710e7eb150_0 .net *"_s398", 0 0, L_0x55710e8040d0;  1 drivers
v0x55710e7eb230_0 .net *"_s4", 0 0, L_0x55710e7f1850;  1 drivers
v0x55710e7eb310_0 .net *"_s405", 0 0, L_0x55710e8044b0;  1 drivers
v0x55710e7eb3f0_0 .net *"_s407", 0 0, L_0x55710e804550;  1 drivers
v0x55710e7eb4d0_0 .net *"_s412", 0 0, L_0x55710e804b60;  1 drivers
v0x55710e7eb5b0_0 .net *"_s414", 0 0, L_0x55710e804bd0;  1 drivers
v0x55710e7eb690_0 .net *"_s420", 0 0, L_0x55710e804da0;  1 drivers
v0x55710e7eb770_0 .net *"_s423", 0 0, L_0x55710e805440;  1 drivers
v0x55710e7eb850_0 .net *"_s425", 0 0, L_0x55710e8054e0;  1 drivers
v0x55710e7eb930_0 .net *"_s426", 0 0, L_0x55710e805750;  1 drivers
v0x55710e7eba10_0 .net *"_s43", 0 0, L_0x55710e7f2700;  1 drivers
v0x55710e7ebaf0_0 .net *"_s433", 0 0, L_0x55710e805140;  1 drivers
v0x55710e7ebbd0_0 .net *"_s435", 0 0, L_0x55710e8051e0;  1 drivers
v0x55710e7ebcb0_0 .net *"_s438", 0 0, L_0x55710e8053c0;  1 drivers
v0x55710e7ebd90_0 .net *"_s440", 0 0, L_0x55710e805860;  1 drivers
v0x55710e7ebe70_0 .net *"_s446", 0 0, L_0x55710e805b30;  1 drivers
v0x55710e7ebf50_0 .net *"_s448", 0 0, L_0x55710e805c30;  1 drivers
v0x55710e7ec030_0 .net *"_s45", 0 0, L_0x55710e7f27a0;  1 drivers
v0x55710e7ec110_0 .net *"_s454", 0 0, L_0x55710e805ee0;  1 drivers
v0x55710e7ec1f0_0 .net *"_s457", 0 0, L_0x55710e805ff0;  1 drivers
v0x55710e7ec2d0_0 .net *"_s459", 0 0, L_0x55710e806090;  1 drivers
v0x55710e7ec3b0_0 .net *"_s46", 0 0, L_0x55710e7f28a0;  1 drivers
v0x55710e7ec490_0 .net *"_s460", 0 0, L_0x55710e806320;  1 drivers
v0x55710e7ec570_0 .net *"_s465", 0 0, L_0x55710e806530;  1 drivers
v0x55710e7ec650_0 .net *"_s467", 0 0, L_0x55710e8065d0;  1 drivers
v0x55710e7ec730_0 .net *"_s470", 0 0, L_0x55710e8069f0;  1 drivers
v0x55710e7e5000_0 .net *"_s472", 0 0, L_0x55710e806a60;  1 drivers
v0x55710e7e50e0_0 .net *"_s479", 0 0, L_0x55710e806d90;  1 drivers
v0x55710e7e51c0_0 .net *"_s483", 0 0, L_0x55710e807510;  1 drivers
v0x55710e7e52a0_0 .net *"_s485", 0 0, L_0x55710e8077c0;  1 drivers
v0x55710e7e5380_0 .net *"_s486", 0 0, L_0x55710e8078f0;  1 drivers
v0x55710e7e5460_0 .net *"_s493", 0 0, L_0x55710e807150;  1 drivers
v0x55710e7e5540_0 .net *"_s495", 0 0, L_0x55710e807ef0;  1 drivers
v0x55710e7e5620_0 .net *"_s499", 0 0, L_0x55710e808030;  1 drivers
v0x55710e7e5700_0 .net *"_s50", 0 0, L_0x55710e7f2a90;  1 drivers
v0x55710e7ed800_0 .net *"_s501", 0 0, L_0x55710e808300;  1 drivers
v0x55710e7ed8e0_0 .net *"_s502", 0 0, L_0x55710e8083a0;  1 drivers
v0x55710e7ed9c0_0 .net *"_s511", 0 0, L_0x55710e807c90;  1 drivers
v0x55710e7edaa0_0 .net *"_s513", 0 0, L_0x55710e807d30;  1 drivers
v0x55710e7edb80_0 .net *"_s514", 0 0, L_0x55710e807dd0;  1 drivers
v0x55710e7edc60_0 .net *"_s519", 0 0, L_0x55710e808570;  1 drivers
v0x55710e7edd40_0 .net *"_s52", 0 0, L_0x55710e7f2960;  1 drivers
v0x55710e7ede20_0 .net *"_s521", 0 0, L_0x55710e808860;  1 drivers
v0x55710e7edf00_0 .net *"_s522", 0 0, L_0x55710e808900;  1 drivers
v0x55710e7edfe0_0 .net *"_s529", 0 0, L_0x55710e808c50;  1 drivers
v0x55710e7ee0c0_0 .net *"_s531", 0 0, L_0x55710e808f50;  1 drivers
v0x55710e7ee1a0_0 .net *"_s539", 0 0, L_0x55710e8099b0;  1 drivers
v0x55710e7ee280_0 .net *"_s549", 0 0, L_0x55710e809720;  1 drivers
v0x55710e7ee360_0 .net *"_s550", 0 0, L_0x55710e8097c0;  1 drivers
v0x55710e7ee440_0 .net *"_s555", 0 0, L_0x55710e80a3a0;  1 drivers
v0x55710e7ee520_0 .net *"_s557", 0 0, L_0x55710e80a6c0;  1 drivers
v0x55710e7ee600_0 .net *"_s560", 0 0, L_0x55710e809dd0;  1 drivers
v0x55710e7ee6e0_0 .net *"_s565", 0 0, L_0x55710e809fa0;  1 drivers
v0x55710e7ee7c0_0 .net *"_s567", 0 0, L_0x55710e80a2d0;  1 drivers
v0x55710e7ee8a0_0 .net *"_s571", 0 0, L_0x55710e80af20;  1 drivers
v0x55710e7ee980_0 .net *"_s573", 0 0, L_0x55710e80b260;  1 drivers
v0x55710e7eea60_0 .net *"_s578", 0 0, L_0x55710e80a930;  1 drivers
v0x55710e7eeb40_0 .net *"_s58", 0 0, L_0x55710e7f2d70;  1 drivers
v0x55710e7eec20_0 .net *"_s583", 0 0, L_0x55710e80ab00;  1 drivers
v0x55710e7eed00_0 .net *"_s585", 0 0, L_0x55710e80aba0;  1 drivers
v0x55710e7eede0_0 .net *"_s589", 0 0, L_0x55710e80ad50;  1 drivers
v0x55710e7eeec0_0 .net *"_s591", 0 0, L_0x55710e80b6d0;  1 drivers
v0x55710e7eefa0_0 .net *"_s597", 0 0, L_0x55710e80c300;  1 drivers
v0x55710e7ef080_0 .net *"_s599", 0 0, L_0x55710e80c670;  1 drivers
v0x55710e7ef160_0 .net *"_s603", 0 0, L_0x55710e80c7b0;  1 drivers
v0x55710e7ef240_0 .net *"_s61", 0 0, L_0x55710e7f2e80;  1 drivers
v0x55710e7ef320_0 .net *"_s610", 0 0, L_0x55710e80bef0;  1 drivers
v0x55710e7ef400_0 .net *"_s615", 0 0, L_0x55710e80c110;  1 drivers
v0x55710e7ef4e0_0 .net *"_s618", 0 0, L_0x55710e80c270;  1 drivers
v0x55710e7ef5c0_0 .net *"_s623", 0 0, L_0x55710e80cd40;  1 drivers
v0x55710e7ef6a0_0 .net *"_s625", 0 0, L_0x55710e80d0d0;  1 drivers
v0x55710e7ef780_0 .net *"_s628", 0 0, L_0x55710e80d2a0;  1 drivers
v0x55710e7ef860_0 .net *"_s63", 0 0, L_0x55710e7f2f20;  1 drivers
v0x55710e7ef940_0 .net *"_s630", 0 0, L_0x55710e80d310;  1 drivers
v0x55710e7efa20_0 .net *"_s636", 0 0, L_0x55710e80d550;  1 drivers
v0x55710e7efb00_0 .net *"_s638", 0 0, L_0x55710e80d610;  1 drivers
v0x55710e7efbe0_0 .net *"_s64", 0 0, L_0x55710e7f3030;  1 drivers
v0x55710e7efcc0_0 .net *"_s642", 0 0, L_0x55710e80d7e0;  1 drivers
v0x55710e7efda0_0 .net *"_s646", 0 0, L_0x55710e80e020;  1 drivers
v0x55710e7efe80_0 .net *"_s648", 0 0, L_0x55710e80d960;  1 drivers
v0x55710e7eff60_0 .net *"_s652", 0 0, L_0x55710e80db30;  1 drivers
v0x55710e7f0040_0 .net *"_s656", 0 0, L_0x55710e80dc60;  1 drivers
v0x55710e7f0120_0 .net *"_s658", 0 0, L_0x55710e80dd20;  1 drivers
v0x55710e7f0200_0 .net *"_s674", 0 0, L_0x55710e80e770;  1 drivers
v0x55710e7f02e0_0 .net *"_s676", 14 0, L_0x55710e80e860;  1 drivers
v0x55710e7f03c0_0 .net *"_s682", 14 0, L_0x55710e80ed70;  1 drivers
v0x55710e7f04a0_0 .net *"_s69", 0 0, L_0x55710e7f32a0;  1 drivers
v0x55710e7f0580_0 .net *"_s71", 0 0, L_0x55710e7f3340;  1 drivers
v0x55710e7f0660_0 .net *"_s72", 0 0, L_0x55710e7f2fc0;  1 drivers
v0x55710e7f0740_0 .net *"_s78", 0 0, L_0x55710e7f3820;  1 drivers
v0x55710e7f0820_0 .net *"_s80", 0 0, L_0x55710e7f3890;  1 drivers
v0x55710e7f0900_0 .net *"_s86", 0 0, L_0x55710e7f3b30;  1 drivers
v0x55710e7f09e0_0 .net *"_s89", 0 0, L_0x55710e7f3140;  1 drivers
v0x55710e7f0ac0_0 .net *"_s91", 0 0, L_0x55710e7f3d20;  1 drivers
v0x55710e7f0ba0_0 .net *"_s92", 0 0, L_0x55710e7f3e50;  1 drivers
v0x55710e7f0c80_0 .net *"_s97", 0 0, L_0x55710e7f4110;  1 drivers
v0x55710e7f0d60_0 .net *"_s99", 0 0, L_0x55710e7f41b0;  1 drivers
v0x55710e7f0e40_0 .net "temp_sum", 16 0, L_0x55710e80ee10;  1 drivers
L_0x55710e7f1640 .part v0x55710e7f12e0_0, 0, 1;
L_0x55710e7f1760 .part v0x55710e7f13d0_0, 0, 1;
L_0x55710e7f1ae0 .part v0x55710e7f12e0_0, 1, 1;
L_0x55710e7f1b80 .part v0x55710e7f13d0_0, 1, 1;
L_0x55710e7f1e80 .part v0x55710e7f12e0_0, 0, 1;
L_0x55710e7f1f20 .part v0x55710e7f13d0_0, 0, 1;
L_0x55710e7f24b0 .part v0x55710e7f12e0_0, 2, 1;
L_0x55710e7f2550 .part v0x55710e7f13d0_0, 2, 1;
L_0x55710e7f2700 .part v0x55710e7f12e0_0, 1, 1;
L_0x55710e7f27a0 .part v0x55710e7f13d0_0, 1, 1;
L_0x55710e7f2e80 .part v0x55710e7f12e0_0, 3, 1;
L_0x55710e7f2f20 .part v0x55710e7f13d0_0, 3, 1;
L_0x55710e7f32a0 .part v0x55710e7f12e0_0, 2, 1;
L_0x55710e7f3340 .part v0x55710e7f13d0_0, 2, 1;
L_0x55710e7f3140 .part v0x55710e7f12e0_0, 4, 1;
L_0x55710e7f3d20 .part v0x55710e7f13d0_0, 4, 1;
L_0x55710e7f4110 .part v0x55710e7f12e0_0, 3, 1;
L_0x55710e7f41b0 .part v0x55710e7f13d0_0, 3, 1;
L_0x55710e7f4fa0 .part v0x55710e7f12e0_0, 5, 1;
L_0x55710e7f5040 .part v0x55710e7f13d0_0, 5, 1;
L_0x55710e7f4250 .part v0x55710e7f12e0_0, 4, 1;
L_0x55710e7f56d0 .part v0x55710e7f13d0_0, 4, 1;
L_0x55710e7f6200 .part v0x55710e7f12e0_0, 6, 1;
L_0x55710e7f62a0 .part v0x55710e7f13d0_0, 6, 1;
L_0x55710e7f6520 .part v0x55710e7f12e0_0, 5, 1;
L_0x55710e7f65c0 .part v0x55710e7f13d0_0, 5, 1;
L_0x55710e7f7b30 .part v0x55710e7f12e0_0, 7, 1;
L_0x55710e7f7bd0 .part v0x55710e7f13d0_0, 7, 1;
L_0x55710e7f8130 .part v0x55710e7f12e0_0, 6, 1;
L_0x55710e7f81d0 .part v0x55710e7f13d0_0, 6, 1;
L_0x55710e7f91f0 .part v0x55710e7f12e0_0, 8, 1;
L_0x55710e7f9290 .part v0x55710e7f13d0_0, 8, 1;
L_0x55710e7f9790 .part v0x55710e7f12e0_0, 7, 1;
L_0x55710e7f9830 .part v0x55710e7f13d0_0, 7, 1;
L_0x55710e7fbb80 .part v0x55710e7f12e0_0, 9, 1;
L_0x55710e7fbc20 .part v0x55710e7f13d0_0, 9, 1;
L_0x55710e7fbdf0 .part v0x55710e7f12e0_0, 8, 1;
L_0x55710e7fbe90 .part v0x55710e7f13d0_0, 8, 1;
L_0x55710e7fd2e0 .part v0x55710e7f12e0_0, 10, 1;
L_0x55710e7fd380 .part v0x55710e7f13d0_0, 10, 1;
L_0x55710e7fdde0 .part v0x55710e7f12e0_0, 9, 1;
L_0x55710e7fde80 .part v0x55710e7f13d0_0, 9, 1;
L_0x55710e7ffa60 .part v0x55710e7f12e0_0, 11, 1;
L_0x55710e7ffb00 .part v0x55710e7f13d0_0, 11, 1;
L_0x55710e7ffe20 .part v0x55710e7f12e0_0, 10, 1;
L_0x55710e7ffec0 .part v0x55710e7f13d0_0, 10, 1;
L_0x55710e8015e0 .part v0x55710e7f12e0_0, 12, 1;
L_0x55710e801680 .part v0x55710e7f13d0_0, 12, 1;
L_0x55710e801e40 .part v0x55710e7f12e0_0, 11, 1;
L_0x55710e801ee0 .part v0x55710e7f13d0_0, 11, 1;
L_0x55710e803f90 .part v0x55710e7f12e0_0, 13, 1;
L_0x55710e804030 .part v0x55710e7f13d0_0, 13, 1;
L_0x55710e8044b0 .part v0x55710e7f12e0_0, 12, 1;
L_0x55710e804550 .part v0x55710e7f13d0_0, 12, 1;
L_0x55710e805440 .part v0x55710e7f12e0_0, 14, 1;
L_0x55710e8054e0 .part v0x55710e7f13d0_0, 14, 1;
L_0x55710e805140 .part v0x55710e7f12e0_0, 13, 1;
L_0x55710e8051e0 .part v0x55710e7f13d0_0, 13, 1;
L_0x55710e805ff0 .part v0x55710e7f13d0_0, 15, 1;
L_0x55710e806090 .part v0x55710e7f12e0_0, 15, 1;
L_0x55710e806530 .part v0x55710e7f12e0_0, 14, 1;
L_0x55710e8065d0 .part v0x55710e7f13d0_0, 14, 1;
L_0x55710e806d90 .part L_0x55710e80e1e0, 0, 1;
L_0x55710e807510 .part L_0x55710e80e1e0, 3, 1;
L_0x55710e8077c0 .part L_0x55710e80e1e0, 2, 1;
L_0x55710e807150 .part L_0x55710e80e1e0, 5, 1;
L_0x55710e807ef0 .part L_0x55710e80e1e0, 4, 1;
L_0x55710e808030 .part L_0x55710e80e1e0, 7, 1;
L_0x55710e808300 .part L_0x55710e80e1e0, 6, 1;
L_0x55710e807c90 .part L_0x55710e80e1e0, 9, 1;
L_0x55710e807d30 .part L_0x55710e80e1e0, 8, 1;
L_0x55710e808570 .part L_0x55710e80e1e0, 11, 1;
L_0x55710e808860 .part L_0x55710e80e1e0, 10, 1;
L_0x55710e808c50 .part L_0x55710e80e1e0, 13, 1;
L_0x55710e808f50 .part L_0x55710e80e1e0, 12, 1;
L_0x55710e8099b0 .part L_0x55710e80e1e0, 14, 1;
L_0x55710e809720 .part L_0x55710e80e1e0, 0, 1;
L_0x55710e80a3a0 .part L_0x55710e80e1e0, 3, 1;
L_0x55710e80a6c0 .part L_0x55710e80e1e0, 2, 1;
L_0x55710e809fa0 .part L_0x55710e80e1e0, 5, 1;
L_0x55710e80a2d0 .part L_0x55710e80e1e0, 4, 1;
L_0x55710e80af20 .part L_0x55710e80e1e0, 7, 1;
L_0x55710e80b260 .part L_0x55710e80e1e0, 6, 1;
L_0x55710e80ab00 .part L_0x55710e80e1e0, 9, 1;
L_0x55710e80aba0 .part L_0x55710e80e1e0, 8, 1;
L_0x55710e80ad50 .part L_0x55710e80e1e0, 11, 1;
L_0x55710e80b6d0 .part L_0x55710e80e1e0, 10, 1;
L_0x55710e80c300 .part L_0x55710e80e1e0, 13, 1;
L_0x55710e80c670 .part L_0x55710e80e1e0, 12, 1;
L_0x55710e80c7b0 .part L_0x55710e80e1e0, 14, 1;
L_0x55710e80c110 .part v0x55710e7f12e0_0, 15, 1;
L_0x55710e80cd40 .part v0x55710e7f13d0_0, 15, 1;
L_0x55710e80d0d0 .part v0x55710e7f12e0_0, 15, 1;
LS_0x55710e80e1e0_0_0 .concat8 [ 1 1 1 1], L_0x55710e7f1a20, L_0x55710e7f2390, L_0x55710e7f2d70, L_0x55710e7f3b30;
LS_0x55710e80e1e0_0_4 .concat8 [ 1 1 1 1], L_0x55710e7f4e90, L_0x55710e7f5f60, L_0x55710e7f7830, L_0x55710e7f90e0;
LS_0x55710e80e1e0_0_8 .concat8 [ 1 1 1 1], L_0x55710e7fb7b0, L_0x55710e7fd220, L_0x55710e7ff5e0, L_0x55710e801520;
LS_0x55710e80e1e0_0_12 .concat8 [ 1 1 1 1], L_0x55710e803e80, L_0x55710e804da0, L_0x55710e805ee0, L_0x55710e80e770;
L_0x55710e80e1e0 .concat8 [ 4 4 4 4], LS_0x55710e80e1e0_0_0, LS_0x55710e80e1e0_0_4, LS_0x55710e80e1e0_0_8, LS_0x55710e80e1e0_0_12;
L_0x55710e80e860 .part L_0x55710e80e1e0, 0, 15;
L_0x55710e80e900 .concat [ 15 1 0 0], L_0x55710e80e860, L_0x55710e806c30;
L_0x55710e80ed70 .part L_0x55710e80e1e0, 0, 15;
L_0x55710e80ee10 .concat [ 15 1 1 0], L_0x55710e80ed70, L_0x55710e806c30, L_0x55710e80de30;
    .scope S_0x55710e7baaa0;
T_0 ;
    %vpi_call 2 8 "$dumpfile", "sim_gl/alu_gl_1.vcd" {0 0 0};
    %vpi_call 2 9 "$dumpvars", 32'sb00000000000000000000000000000000, S_0x55710e7baaa0 {0 0 0};
    %vpi_call 2 10 "$monitor", $time, "X=%h,Y=%h,Z=%h,S=%b,Cr=%b,Ze=%b,P=%b,O=%b", v0x55710e7f12e0_0, v0x55710e7f13d0_0, v0x55710e7f14a0_0, v0x55710e7f1240_0, v0x55710e7f1040_0, v0x55710e7f1570_0, v0x55710e7f11a0_0, v0x55710e7f1100_0 {0 0 0};
    %delay 2, 0;
    %pushi/vec4 20358, 0, 16;
    %store/vec4 v0x55710e7f12e0_0, 0, 16;
    %pushi/vec4 4664, 0, 16;
    %store/vec4 v0x55710e7f13d0_0, 0, 16;
    %delay 7, 0;
    %pushi/vec4 20357, 0, 16;
    %store/vec4 v0x55710e7f12e0_0, 0, 16;
    %pushi/vec4 32768, 0, 16;
    %store/vec4 v0x55710e7f13d0_0, 0, 16;
    %delay 6, 0;
    %pushi/vec4 43690, 0, 16;
    %store/vec4 v0x55710e7f12e0_0, 0, 16;
    %pushi/vec4 21847, 0, 16;
    %store/vec4 v0x55710e7f13d0_0, 0, 16;
    %delay 15, 0;
    %vpi_call 2 14 "$finish" {0 0 0};
    %end;
    .thread T_0;
# The file index is used to find the file name in the following table.
:file_names 4;
    "N/A";
    "<interactive>";
    "tb/alu_16_tb1.v";
    "gl_netlist/alu_gl.v";
