#! /usr/bin/vvp
:ivl_version "10.3 (stable)";
:ivl_delay_selection "TYPICAL";
:vpi_time_precision + 0;
:vpi_module "system";
:vpi_module "vhdl_sys";
:vpi_module "v2005_math";
:vpi_module "va_math";
S_0x565324870aa0 .scope module, "ALU_tb" "ALU_tb" 2 1;
 .timescale 0 0;
v0x5653248a6fc0_0 .net "Cr", 0 0, L_0x5653248c3db0;  1 drivers
v0x5653248a7080_0 .net "O", 0 0, L_0x5653248c2b70;  1 drivers
v0x5653248a7120_0 .net "P", 0 0, L_0x5653248bf540;  1 drivers
v0x5653248a71c0_0 .net "S", 0 0, L_0x5653248bcbb0;  1 drivers
v0x5653248a7260_0 .var "X", 15 0;
v0x5653248a7350_0 .var "Y", 15 0;
v0x5653248a7420_0 .net "Z", 15 0, L_0x5653248c4160;  1 drivers
v0x5653248a74f0_0 .net "Ze", 0 0, L_0x5653248c1f30;  1 drivers
S_0x565324870720 .scope module, "DUT" "ALU" 2 5, 3 5 0, S_0x565324870aa0;
 .timescale 0 0;
    .port_info 0 /INPUT 16 "X"
    .port_info 1 /INPUT 16 "Y"
    .port_info 2 /OUTPUT 16 "Z"
    .port_info 3 /OUTPUT 1 "Sign"
    .port_info 4 /OUTPUT 1 "Carry"
    .port_info 5 /OUTPUT 1 "Zero"
    .port_info 6 /OUTPUT 1 "Parity"
    .port_info 7 /OUTPUT 1 "Overflow"
L_0x5653248a77d0 .functor XOR 1, L_0x5653248a75c0, L_0x5653248a76e0, C4<0>, C4<0>;
L_0x5653248a78e0 .functor NOT 1, L_0x5653248a77d0, C4<0>, C4<0>, C4<0>;
L_0x5653248a79a0 .functor NOT 1, L_0x5653248a78e0, C4<0>, C4<0>, C4<0>;
L_0x5653248a7bd0 .functor XOR 1, L_0x5653248a7a60, L_0x5653248a7b00, C4<0>, C4<0>;
L_0x5653248a7d40 .functor NOT 1, L_0x5653248a7bd0, C4<0>, C4<0>, C4<0>;
L_0x5653248a7f80 .functor AND 1, L_0x5653248a7e00, L_0x5653248a7ea0, C4<1>, C4<1>;
L_0x5653248a8030 .functor NOT 1, L_0x5653248a7f80, C4<0>, C4<0>, C4<0>;
L_0x5653248a80f0 .functor XOR 1, L_0x5653248a8030, L_0x5653248a7d40, C4<0>, C4<0>;
L_0x5653248a8250 .functor NOT 1, L_0x5653248a80f0, C4<0>, C4<0>, C4<0>;
L_0x5653248a8310 .functor NOT 1, L_0x5653248a8250, C4<0>, C4<0>, C4<0>;
L_0x5653248a85c0 .functor XOR 1, L_0x5653248a8430, L_0x5653248a84d0, C4<0>, C4<0>;
L_0x5653248a8820 .functor AND 1, L_0x5653248a8680, L_0x5653248a8720, C4<1>, C4<1>;
L_0x5653248a8950 .functor NOT 1, L_0x5653248a8820, C4<0>, C4<0>, C4<0>;
L_0x5653248a8a10 .functor OR 1, L_0x5653248a8030, L_0x5653248a7d40, C4<0>, C4<0>;
L_0x5653248a88e0 .functor AND 1, L_0x5653248a8a10, L_0x5653248a8950, C4<1>, C4<1>;
L_0x5653248a8ba0 .functor NOT 1, L_0x5653248a88e0, C4<0>, C4<0>, C4<0>;
L_0x5653248a8cf0 .functor XOR 1, L_0x5653248a8ba0, L_0x5653248a85c0, C4<0>, C4<0>;
L_0x5653248a8fb0 .functor XOR 1, L_0x5653248a8e00, L_0x5653248a8ea0, C4<0>, C4<0>;
L_0x5653248a9160 .functor NOT 1, L_0x5653248a8fb0, C4<0>, C4<0>, C4<0>;
L_0x5653248a8f40 .functor AND 1, L_0x5653248a9220, L_0x5653248a92c0, C4<1>, C4<1>;
L_0x5653248a9560 .functor NOT 1, L_0x5653248a8f40, C4<0>, C4<0>, C4<0>;
L_0x5653248a9620 .functor NOT 1, L_0x5653248a9560, C4<0>, C4<0>, C4<0>;
L_0x5653248a97a0 .functor AND 1, L_0x5653248a8ba0, L_0x5653248a85c0, C4<1>, C4<1>;
L_0x5653248a9810 .functor OR 1, L_0x5653248a97a0, L_0x5653248a9620, C4<0>, C4<0>;
L_0x5653248a99f0 .functor NOT 1, L_0x5653248a9810, C4<0>, C4<0>, C4<0>;
L_0x5653248a9ab0 .functor XOR 1, L_0x5653248a99f0, L_0x5653248a9160, C4<0>, C4<0>;
L_0x5653248a9dd0 .functor XOR 1, L_0x5653248a90c0, L_0x5653248a9ca0, C4<0>, C4<0>;
L_0x5653248a9ee0 .functor NOT 1, L_0x5653248a9dd0, C4<0>, C4<0>, C4<0>;
L_0x5653248aa270 .functor AND 1, L_0x5653248aa090, L_0x5653248aa130, C4<1>, C4<1>;
L_0x5653248aa3b0 .functor NOT 1, L_0x5653248aa270, C4<0>, C4<0>, C4<0>;
L_0x5653248aa570 .functor OR 1, L_0x5653248a9560, L_0x5653248a9160, C4<0>, C4<0>;
L_0x5653248aa5e0 .functor AND 1, L_0x5653248aa570, L_0x5653248aa3b0, C4<1>, C4<1>;
L_0x5653248aa800 .functor NOT 1, L_0x5653248aa5e0, C4<0>, C4<0>, C4<0>;
L_0x5653248aa8c0 .functor NOT 1, L_0x5653248a9160, C4<0>, C4<0>, C4<0>;
L_0x5653248aaa50 .functor AND 1, L_0x5653248a85c0, L_0x5653248aa8c0, C4<1>, C4<1>;
L_0x5653248aaac0 .functor AND 1, L_0x5653248aaa50, L_0x5653248a8ba0, C4<1>, C4<1>;
L_0x5653248aa930 .functor OR 1, L_0x5653248aaac0, L_0x5653248aa800, C4<0>, C4<0>;
L_0x5653248aac60 .functor NOT 1, L_0x5653248aa930, C4<0>, C4<0>, C4<0>;
L_0x5653248aae10 .functor XOR 1, L_0x5653248aac60, L_0x5653248a9ee0, C4<0>, C4<0>;
L_0x5653248ab110 .functor XOR 1, L_0x5653248aaf20, L_0x5653248aafc0, C4<0>, C4<0>;
L_0x5653248ab370 .functor NOT 1, L_0x5653248ab110, C4<0>, C4<0>, C4<0>;
L_0x5653248ab430 .functor NOT 1, L_0x5653248ab370, C4<0>, C4<0>, C4<0>;
L_0x5653248ab7b0 .functor AND 1, L_0x5653248aa1d0, L_0x5653248ab650, C4<1>, C4<1>;
L_0x5653248ab8f0 .functor NOT 1, L_0x5653248ab7b0, C4<0>, C4<0>, C4<0>;
L_0x5653248abb20 .functor OR 1, L_0x5653248aac60, L_0x5653248a9ee0, C4<0>, C4<0>;
L_0x5653248abb90 .functor AND 1, L_0x5653248abb20, L_0x5653248ab8f0, C4<1>, C4<1>;
L_0x5653248abe20 .functor NOT 1, L_0x5653248abb90, C4<0>, C4<0>, C4<0>;
L_0x5653248abee0 .functor XOR 1, L_0x5653248abe20, L_0x5653248ab430, C4<0>, C4<0>;
L_0x5653248ac390 .functor XOR 1, L_0x5653248ac180, L_0x5653248ac220, C4<0>, C4<0>;
L_0x5653248ac6c0 .functor AND 1, L_0x5653248ac4a0, L_0x5653248ac540, C4<1>, C4<1>;
L_0x5653248ac9a0 .functor NOT 1, L_0x5653248ac6c0, C4<0>, C4<0>, C4<0>;
L_0x5653248aca60 .functor OR 1, L_0x5653248ab8f0, L_0x5653248ab370, C4<0>, C4<0>;
L_0x5653248acc80 .functor AND 1, L_0x5653248aca60, L_0x5653248ac9a0, C4<1>, C4<1>;
L_0x5653248acd90 .functor NOT 1, L_0x5653248acc80, C4<0>, C4<0>, C4<0>;
L_0x5653248ad010 .functor NOT 1, L_0x5653248acd90, C4<0>, C4<0>, C4<0>;
L_0x5653248ad0d0 .functor OR 1, L_0x5653248ab370, L_0x5653248a9ee0, C4<0>, C4<0>;
L_0x5653248ad3a0 .functor OR 1, L_0x5653248ad0d0, L_0x5653248aac60, C4<0>, C4<0>;
L_0x5653248ad4a0 .functor AND 1, L_0x5653248ad3a0, L_0x5653248ad010, C4<1>, C4<1>;
L_0x5653248ad6f0 .functor NOT 1, L_0x5653248ad4a0, C4<0>, C4<0>, C4<0>;
L_0x5653248ad7b0 .functor XOR 1, L_0x5653248ad6f0, L_0x5653248ac390, C4<0>, C4<0>;
L_0x5653248adce0 .functor XOR 1, L_0x5653248adab0, L_0x5653248adb50, C4<0>, C4<0>;
L_0x5653248addf0 .functor NOT 1, L_0x5653248adce0, C4<0>, C4<0>, C4<0>;
L_0x5653248ae500 .functor AND 1, L_0x5653248ae0b0, L_0x5653248ae150, C4<1>, C4<1>;
L_0x5653248ae640 .functor NOT 1, L_0x5653248ae500, C4<0>, C4<0>, C4<0>;
L_0x5653248ae910 .functor NOT 1, L_0x5653248ae640, C4<0>, C4<0>, C4<0>;
L_0x5653248ae9d0 .functor AND 1, L_0x5653248ad6f0, L_0x5653248ac390, C4<1>, C4<1>;
L_0x5653248aec60 .functor OR 1, L_0x5653248ae9d0, L_0x5653248ae910, C4<0>, C4<0>;
L_0x5653248aed70 .functor NOT 1, L_0x5653248aec60, C4<0>, C4<0>, C4<0>;
L_0x5653248af060 .functor XOR 1, L_0x5653248aed70, L_0x5653248addf0, C4<0>, C4<0>;
L_0x5653248af3c0 .functor XOR 1, L_0x5653248af170, L_0x5653248af210, C4<0>, C4<0>;
L_0x5653248af970 .functor AND 1, L_0x5653248af710, L_0x5653248af7b0, C4<1>, C4<1>;
L_0x5653248afab0 .functor NOT 1, L_0x5653248af970, C4<0>, C4<0>, C4<0>;
L_0x5653248afdc0 .functor OR 1, L_0x5653248ae640, L_0x5653248addf0, C4<0>, C4<0>;
L_0x5653248afe30 .functor AND 1, L_0x5653248afdc0, L_0x5653248afab0, C4<1>, C4<1>;
L_0x5653248b01a0 .functor NOT 1, L_0x5653248afe30, C4<0>, C4<0>, C4<0>;
L_0x5653248b0260 .functor NOT 1, L_0x5653248addf0, C4<0>, C4<0>, C4<0>;
L_0x5653248b05d0 .functor AND 1, L_0x5653248ac390, L_0x5653248b0260, C4<1>, C4<1>;
L_0x5653248b06d0 .functor AND 1, L_0x5653248b05d0, L_0x5653248acd90, C4<1>, C4<1>;
L_0x5653248b09c0 .functor OR 1, L_0x5653248b06d0, L_0x5653248b01a0, C4<0>, C4<0>;
L_0x5653248b0ad0 .functor NOT 1, L_0x5653248b09c0, C4<0>, C4<0>, C4<0>;
L_0x5653248b0e20 .functor NOT 1, L_0x5653248b05d0, C4<0>, C4<0>, C4<0>;
L_0x5653248b0e90 .functor OR 1, L_0x5653248ad0d0, L_0x5653248b0e20, C4<0>, C4<0>;
L_0x5653248b11f0 .functor OR 1, L_0x5653248b0e90, L_0x5653248aac60, C4<0>, C4<0>;
L_0x5653248b12b0 .functor AND 1, L_0x5653248b11f0, L_0x5653248b0ad0, C4<1>, C4<1>;
L_0x5653248b1670 .functor NOT 1, L_0x5653248b12b0, C4<0>, C4<0>, C4<0>;
L_0x5653248b1730 .functor XOR 1, L_0x5653248b1670, L_0x5653248af3c0, C4<0>, C4<0>;
L_0x5653248af850 .functor XOR 1, L_0x5653248b1b00, L_0x5653248b1ba0, C4<0>, C4<0>;
L_0x5653248b1ff0 .functor AND 1, L_0x5653248b1d70, L_0x5653248b1e10, C4<1>, C4<1>;
L_0x5653248b2400 .functor NOT 1, L_0x5653248b1ff0, C4<0>, C4<0>, C4<0>;
L_0x5653248b24c0 .functor NOT 1, L_0x5653248b2400, C4<0>, C4<0>, C4<0>;
L_0x5653248b2860 .functor AND 1, L_0x5653248b1670, L_0x5653248af3c0, C4<1>, C4<1>;
L_0x5653248b28d0 .functor OR 1, L_0x5653248b2860, L_0x5653248b24c0, C4<0>, C4<0>;
L_0x5653248b2cd0 .functor NOT 1, L_0x5653248b28d0, C4<0>, C4<0>, C4<0>;
L_0x5653248b2d90 .functor XOR 1, L_0x5653248b2cd0, L_0x5653248af850, C4<0>, C4<0>;
L_0x5653248b31a0 .functor NOT 1, L_0x5653248b2d90, C4<0>, C4<0>, C4<0>;
L_0x5653248b34f0 .functor XOR 1, L_0x5653248b3260, L_0x5653248b3300, C4<0>, C4<0>;
L_0x5653248b3910 .functor OR 1, L_0x5653248b0e90, L_0x5653248aac60, C4<0>, C4<0>;
L_0x5653248b3980 .functor AND 1, L_0x5653248b3910, L_0x5653248b0ad0, C4<1>, C4<1>;
L_0x5653248b4030 .functor AND 1, L_0x5653248b3d60, L_0x5653248b3e00, C4<1>, C4<1>;
L_0x5653248b4170 .functor AND 1, L_0x5653248b24c0, L_0x5653248af850, C4<1>, C4<1>;
L_0x5653248b4510 .functor OR 1, L_0x5653248b4170, L_0x5653248b4030, C4<0>, C4<0>;
L_0x5653248b4620 .functor NOT 1, L_0x5653248b4510, C4<0>, C4<0>, C4<0>;
L_0x5653248b4a20 .functor AND 1, L_0x5653248af850, L_0x5653248af3c0, C4<1>, C4<1>;
L_0x5653248b4bb0 .functor NOT 1, L_0x5653248b4a20, C4<0>, C4<0>, C4<0>;
L_0x5653248b4f70 .functor OR 1, L_0x5653248b4bb0, L_0x5653248b3980, C4<0>, C4<0>;
L_0x5653248b5030 .functor AND 1, L_0x5653248b4f70, L_0x5653248b4620, C4<1>, C4<1>;
L_0x5653248b54a0 .functor NOT 1, L_0x5653248b5030, C4<0>, C4<0>, C4<0>;
L_0x5653248b5560 .functor XOR 1, L_0x5653248b54a0, L_0x5653248b34f0, C4<0>, C4<0>;
L_0x5653248b5c90 .functor XOR 1, L_0x5653248b59e0, L_0x5653248b5a80, C4<0>, C4<0>;
L_0x5653248b6060 .functor AND 1, L_0x5653248b5da0, L_0x5653248b5e40, C4<1>, C4<1>;
L_0x5653248b64f0 .functor NOT 1, L_0x5653248b6060, C4<0>, C4<0>, C4<0>;
L_0x5653248b65b0 .functor NOT 1, L_0x5653248b64f0, C4<0>, C4<0>, C4<0>;
L_0x5653248b6a00 .functor AND 1, L_0x5653248b54a0, L_0x5653248b34f0, C4<1>, C4<1>;
L_0x5653248b6a70 .functor OR 1, L_0x5653248b6a00, L_0x5653248b65b0, C4<0>, C4<0>;
L_0x5653248b6f20 .functor NOT 1, L_0x5653248b6a70, C4<0>, C4<0>, C4<0>;
L_0x5653248b6fe0 .functor XOR 1, L_0x5653248b6f20, L_0x5653248b5c90, C4<0>, C4<0>;
L_0x5653248b74a0 .functor NOT 1, L_0x5653248b6fe0, C4<0>, C4<0>, C4<0>;
L_0x5653248b7830 .functor XOR 1, L_0x5653248b7560, L_0x5653248b7600, C4<0>, C4<0>;
L_0x5653248b7d00 .functor NOT 1, L_0x5653248b7830, C4<0>, C4<0>, C4<0>;
L_0x5653248b80a0 .functor AND 1, L_0x5653248b7dc0, L_0x5653248b7e60, C4<1>, C4<1>;
L_0x5653248b85b0 .functor AND 1, L_0x5653248b65b0, L_0x5653248b5c90, C4<1>, C4<1>;
L_0x5653248b8620 .functor OR 1, L_0x5653248b85b0, L_0x5653248b80a0, C4<0>, C4<0>;
L_0x5653248b8b10 .functor NOT 1, L_0x5653248b8620, C4<0>, C4<0>, C4<0>;
L_0x5653248b8bd0 .functor AND 1, L_0x5653248b5c90, L_0x5653248b34f0, C4<1>, C4<1>;
L_0x5653248b9150 .functor NOT 1, L_0x5653248b8bd0, C4<0>, C4<0>, C4<0>;
L_0x5653248b91c0 .functor OR 1, L_0x5653248b9150, L_0x5653248b4620, C4<0>, C4<0>;
L_0x5653248b9630 .functor AND 1, L_0x5653248b91c0, L_0x5653248b8b10, C4<1>, C4<1>;
L_0x5653248b9740 .functor NOT 1, L_0x5653248b9630, C4<0>, C4<0>, C4<0>;
L_0x5653248b9c10 .functor OR 1, L_0x5653248b9150, L_0x5653248b4bb0, C4<0>, C4<0>;
L_0x5653248b9c80 .functor NOT 1, L_0x5653248b9c10, C4<0>, C4<0>, C4<0>;
L_0x5653248ba160 .functor AND 1, L_0x5653248b9c80, L_0x5653248b1670, C4<1>, C4<1>;
L_0x5653248ba2b0 .functor OR 1, L_0x5653248ba160, L_0x5653248b9740, C4<0>, C4<0>;
L_0x5653248b9d40 .functor NOT 1, L_0x5653248ba2b0, C4<0>, C4<0>, C4<0>;
L_0x5653248b9e00 .functor XOR 1, L_0x5653248b9d40, L_0x5653248b7d00, C4<0>, C4<0>;
L_0x5653248ba050 .functor XOR 1, L_0x5653248b9f10, L_0x5653248b9fb0, C4<0>, C4<0>;
L_0x5653248ba960 .functor NOT 1, L_0x5653248ba050, C4<0>, C4<0>, C4<0>;
L_0x5653248ba370 .functor NOT 1, L_0x5653248ba960, C4<0>, C4<0>, C4<0>;
L_0x5653248ba730 .functor AND 1, L_0x5653248ba430, L_0x5653248ba4d0, C4<1>, C4<1>;
L_0x5653248baa20 .functor NOT 1, L_0x5653248ba730, C4<0>, C4<0>, C4<0>;
L_0x5653248baae0 .functor OR 1, L_0x5653248b9d40, L_0x5653248b7d00, C4<0>, C4<0>;
L_0x5653248bab50 .functor AND 1, L_0x5653248baae0, L_0x5653248baa20, C4<1>, C4<1>;
L_0x5653248bac60 .functor NOT 1, L_0x5653248bab50, C4<0>, C4<0>, C4<0>;
L_0x5653248bad20 .functor XOR 1, L_0x5653248bac60, L_0x5653248ba370, C4<0>, C4<0>;
L_0x5653248bb6d0 .functor XOR 1, L_0x5653248bb3c0, L_0x5653248bb460, C4<0>, C4<0>;
L_0x5653248baf40 .functor NOT 1, L_0x5653248bb6d0, C4<0>, C4<0>, C4<0>;
L_0x5653248bb000 .functor NOT 1, L_0x5653248baf40, C4<0>, C4<0>, C4<0>;
L_0x5653248bb200 .functor AND 1, L_0x5653248bb0c0, L_0x5653248bb160, C4<1>, C4<1>;
L_0x5653248bb340 .functor AND 1, L_0x5653248ba730, L_0x5653248ba370, C4<1>, C4<1>;
L_0x5653248bb7e0 .functor OR 1, L_0x5653248bb340, L_0x5653248bb200, C4<0>, C4<0>;
L_0x5653248bb8f0 .functor NOT 1, L_0x5653248bb7e0, C4<0>, C4<0>, C4<0>;
L_0x5653248bb9b0 .functor OR 1, L_0x5653248ba960, L_0x5653248b7d00, C4<0>, C4<0>;
L_0x5653248bbab0 .functor OR 1, L_0x5653248bb9b0, L_0x5653248b9d40, C4<0>, C4<0>;
L_0x5653248bbbb0 .functor AND 1, L_0x5653248bbab0, L_0x5653248bb8f0, C4<1>, C4<1>;
L_0x5653248bc330 .functor NOT 1, L_0x5653248bbbb0, C4<0>, C4<0>, C4<0>;
L_0x5653248bbe60 .functor XOR 1, L_0x5653248bc330, L_0x5653248bb000, C4<0>, C4<0>;
L_0x5653248bc2a0 .functor XOR 1, L_0x5653248bbf70, L_0x5653248bc010, C4<0>, C4<0>;
L_0x5653248bc3f0 .functor NOT 1, L_0x5653248bc2a0, C4<0>, C4<0>, C4<0>;
L_0x5653248bc7f0 .functor AND 1, L_0x5653248bc4b0, L_0x5653248bc550, C4<1>, C4<1>;
L_0x5653248bc970 .functor AND 1, L_0x5653248bc330, L_0x5653248bb000, C4<1>, C4<1>;
L_0x5653248bc9e0 .functor OR 1, L_0x5653248bc970, L_0x5653248bc7f0, C4<0>, C4<0>;
L_0x5653248bcaf0 .functor NOT 1, L_0x5653248bc9e0, C4<0>, C4<0>, C4<0>;
L_0x5653248bcbb0 .functor XOR 1, L_0x5653248bcaf0, L_0x5653248bc3f0, C4<0>, C4<0>;
L_0x5653248bd420 .functor XOR 1, L_0x5653248a8250, L_0x5653248bcd10, C4<0>, C4<0>;
L_0x5653248bd870 .functor XOR 1, L_0x5653248bd490, L_0x5653248bd740, C4<0>, C4<0>;
L_0x5653248bcf00 .functor NOT 1, L_0x5653248bd870, C4<0>, C4<0>, C4<0>;
L_0x5653248bcfc0 .functor XOR 1, L_0x5653248bcf00, L_0x5653248bd420, C4<0>, C4<0>;
L_0x5653248bd390 .functor XOR 1, L_0x5653248bd0d0, L_0x5653248bde70, C4<0>, C4<0>;
L_0x5653248be320 .functor XOR 1, L_0x5653248bdfb0, L_0x5653248be280, C4<0>, C4<0>;
L_0x5653248bd930 .functor NOT 1, L_0x5653248be320, C4<0>, C4<0>, C4<0>;
L_0x5653248bd9f0 .functor XOR 1, L_0x5653248bd930, L_0x5653248bd390, C4<0>, C4<0>;
L_0x5653248bdb00 .functor XOR 1, L_0x5653248bd9f0, L_0x5653248bcfc0, C4<0>, C4<0>;
L_0x5653248bdd50 .functor XOR 1, L_0x5653248bdc10, L_0x5653248bdcb0, C4<0>, C4<0>;
L_0x5653248be430 .functor NOT 1, L_0x5653248bdd50, C4<0>, C4<0>, C4<0>;
L_0x5653248be880 .functor XOR 1, L_0x5653248be4f0, L_0x5653248be7e0, C4<0>, C4<0>;
L_0x5653248bf150 .functor NOT 1, L_0x5653248be880, C4<0>, C4<0>, C4<0>;
L_0x5653248bf210 .functor XOR 1, L_0x5653248bf150, L_0x5653248be430, C4<0>, C4<0>;
L_0x5653248bef70 .functor XOR 1, L_0x5653248bebd0, L_0x5653248beed0, C4<0>, C4<0>;
L_0x5653248bf080 .functor NOT 1, L_0x5653248bc3f0, C4<0>, C4<0>, C4<0>;
L_0x5653248bf8c0 .functor XOR 1, L_0x5653248bcaf0, L_0x5653248bf080, C4<0>, C4<0>;
L_0x5653248bfc40 .functor XOR 1, L_0x5653248bf8c0, L_0x5653248bf930, C4<0>, C4<0>;
L_0x5653248bf320 .functor XOR 1, L_0x5653248bfc40, L_0x5653248bef70, C4<0>, C4<0>;
L_0x5653248bf430 .functor XOR 1, L_0x5653248bf320, L_0x5653248bf210, C4<0>, C4<0>;
L_0x5653248bf540 .functor XOR 1, L_0x5653248bf430, L_0x5653248bdb00, C4<0>, C4<0>;
L_0x5653248bf740 .functor NOT 1, L_0x5653248bf6a0, C4<0>, C4<0>, C4<0>;
L_0x5653248bf800 .functor AND 1, L_0x5653248a8250, L_0x5653248bf740, C4<1>, C4<1>;
L_0x5653248c06e0 .functor OR 1, L_0x5653248c0320, L_0x5653248c0640, C4<0>, C4<0>;
L_0x5653248bfd50 .functor NOT 1, L_0x5653248c06e0, C4<0>, C4<0>, C4<0>;
L_0x5653248bfe10 .functor AND 1, L_0x5653248bf800, L_0x5653248bfd50, C4<1>, C4<1>;
L_0x5653248c0d90 .functor OR 1, L_0x5653248bff20, L_0x5653248c0250, C4<0>, C4<0>;
L_0x5653248c1280 .functor OR 1, L_0x5653248c0ea0, L_0x5653248c11e0, C4<0>, C4<0>;
L_0x5653248c07a0 .functor OR 1, L_0x5653248c1280, L_0x5653248c0d90, C4<0>, C4<0>;
L_0x5653248c08b0 .functor NOT 1, L_0x5653248c07a0, C4<0>, C4<0>, C4<0>;
L_0x5653248c0970 .functor AND 1, L_0x5653248bfe10, L_0x5653248c08b0, C4<1>, C4<1>;
L_0x5653248c0bc0 .functor OR 1, L_0x5653248c0a80, L_0x5653248c0b20, C4<0>, C4<0>;
L_0x5653248c16f0 .functor OR 1, L_0x5653248c0cd0, L_0x5653248c1650, C4<0>, C4<0>;
L_0x5653248c1800 .functor OR 1, L_0x5653248c16f0, L_0x5653248c0bc0, C4<0>, C4<0>;
L_0x5653248c1910 .functor OR 1, L_0x5653248c2280, L_0x5653248c25f0, C4<0>, C4<0>;
L_0x5653248c2ab0 .functor OR 1, L_0x5653248bcbb0, L_0x5653248c2730, C4<0>, C4<0>;
L_0x5653248c1c50 .functor OR 1, L_0x5653248c2ab0, L_0x5653248c1910, C4<0>, C4<0>;
L_0x5653248c1d60 .functor OR 1, L_0x5653248c1c50, L_0x5653248c1800, C4<0>, C4<0>;
L_0x5653248c1e70 .functor NOT 1, L_0x5653248c1d60, C4<0>, C4<0>, C4<0>;
L_0x5653248c1f30 .functor AND 1, L_0x5653248c0970, L_0x5653248c1e70, C4<1>, C4<1>;
L_0x5653248c2130 .functor XOR 1, L_0x5653248bf8c0, L_0x5653248c2090, C4<0>, C4<0>;
L_0x5653248c21f0 .functor NOT 1, L_0x5653248c2130, C4<0>, C4<0>, C4<0>;
L_0x5653248c2b70 .functor AND 1, L_0x5653248bc3f0, L_0x5653248c21f0, C4<1>, C4<1>;
L_0x5653248c30f0 .functor AND 1, L_0x5653248c2cc0, L_0x5653248c3050, C4<1>, C4<1>;
L_0x5653248c3220 .functor AND 1, L_0x5653248bc7f0, L_0x5653248bf080, C4<1>, C4<1>;
L_0x5653248c3290 .functor OR 1, L_0x5653248c3220, L_0x5653248c30f0, C4<0>, C4<0>;
L_0x5653248c33a0 .functor NOT 1, L_0x5653248c3290, C4<0>, C4<0>, C4<0>;
L_0x5653248c3460 .functor OR 1, L_0x5653248bc3f0, L_0x5653248baf40, C4<0>, C4<0>;
L_0x5653248c34d0 .functor OR 1, L_0x5653248c3460, L_0x5653248bb8f0, C4<0>, C4<0>;
L_0x5653248c3590 .functor AND 1, L_0x5653248c34d0, L_0x5653248c33a0, C4<1>, C4<1>;
L_0x5653248c36a0 .functor NOT 1, L_0x5653248c3590, C4<0>, C4<0>, C4<0>;
L_0x5653248c3760 .functor OR 1, L_0x5653248c3460, L_0x5653248bb9b0, C4<0>, C4<0>;
L_0x5653248c37d0 .functor NOT 1, L_0x5653248c3760, C4<0>, C4<0>, C4<0>;
L_0x5653248c3fa0 .functor AND 1, L_0x5653248c37d0, L_0x5653248b9740, C4<1>, C4<1>;
L_0x5653248c38e0 .functor OR 1, L_0x5653248c3fa0, L_0x5653248c36a0, C4<0>, C4<0>;
L_0x5653248c39f0 .functor NOT 1, L_0x5653248c38e0, C4<0>, C4<0>, C4<0>;
L_0x5653248c3ab0 .functor AND 1, L_0x5653248c37d0, L_0x5653248b9c80, C4<1>, C4<1>;
L_0x5653248c3b20 .functor NOT 1, L_0x5653248c3ab0, C4<0>, C4<0>, C4<0>;
L_0x5653248c3be0 .functor OR 1, L_0x5653248c3b20, L_0x5653248b3980, C4<0>, C4<0>;
L_0x5653248c3ca0 .functor AND 1, L_0x5653248c3be0, L_0x5653248c39f0, C4<1>, C4<1>;
L_0x5653248c3db0 .functor NOT 1, L_0x5653248c3ca0, C4<0>, C4<0>, C4<0>;
L_0x5653248c3ec0 .functor BUFZ 1, L_0x5653248c3db0, C4<0>, C4<0>, C4<0>;
L_0x5653248c3f30 .functor BUFZ 1, L_0x5653248c2b70, C4<0>, C4<0>, C4<0>;
L_0x5653248c4770 .functor BUFZ 1, L_0x5653248bf540, C4<0>, C4<0>, C4<0>;
L_0x5653248c4060 .functor BUFZ 1, L_0x5653248bcbb0, C4<0>, C4<0>, C4<0>;
L_0x5653248c46f0 .functor BUFZ 1, L_0x5653248bcbb0, C4<0>, C4<0>, C4<0>;
L_0x5653248c4c80 .functor BUFZ 1, L_0x5653248c1f30, C4<0>, C4<0>, C4<0>;
v0x56532482af60_0 .net "Carry", 0 0, L_0x5653248c3db0;  alias, 1 drivers
v0x565324826840_0 .net "Carry_reg", 0 0, L_0x5653248c3ec0;  1 drivers
v0x5653248230c0_0 .net "Overflow", 0 0, L_0x5653248c2b70;  alias, 1 drivers
v0x565324820100_0 .net "Overflow_reg", 0 0, L_0x5653248c3f30;  1 drivers
v0x56532481d180_0 .net "Parity", 0 0, L_0x5653248bf540;  alias, 1 drivers
v0x565324894a40_0 .net "Parity_reg", 0 0, L_0x5653248c4770;  1 drivers
v0x565324894b20_0 .net "Sign", 0 0, L_0x5653248bcbb0;  alias, 1 drivers
v0x565324894c00_0 .net "Sign_reg", 0 0, L_0x5653248c4060;  1 drivers
v0x565324894ce0_0 .net "X", 15 0, v0x5653248a7260_0;  1 drivers
v0x565324894de0_0 .net "Y", 15 0, v0x5653248a7350_0;  1 drivers
v0x565324894ee0_0 .net "Z", 15 0, L_0x5653248c4160;  alias, 1 drivers
v0x565324894fe0_0 .net "Z_reg", 15 0, L_0x5653248c4880;  1 drivers
v0x5653248950e0_0 .net "Zero", 0 0, L_0x5653248c1f30;  alias, 1 drivers
v0x5653248951c0_0 .net "Zero_reg", 0 0, L_0x5653248c4c80;  1 drivers
v0x5653248952a0_0 .net "_000_", 0 0, L_0x5653248b2400;  1 drivers
v0x565324895360_0 .net "_001_", 0 0, L_0x5653248b24c0;  1 drivers
v0x565324895420_0 .net "_002_", 0 0, L_0x5653248b2cd0;  1 drivers
v0x5653248954e0_0 .net "_003_", 0 0, L_0x5653248b34f0;  1 drivers
v0x5653248955a0_0 .net "_004_", 0 0, L_0x5653248b3910;  1 drivers
v0x565324895660_0 .net "_005_", 0 0, L_0x5653248b3980;  1 drivers
v0x565324895720_0 .net "_006_", 0 0, L_0x5653248b4030;  1 drivers
v0x5653248957e0_0 .net "_007_", 0 0, L_0x5653248b4620;  1 drivers
v0x5653248958a0_0 .net "_008_", 0 0, L_0x5653248b4bb0;  1 drivers
v0x565324895960_0 .net "_009_", 0 0, L_0x5653248b54a0;  1 drivers
v0x565324895a20_0 .net "_010_", 0 0, L_0x5653248b5c90;  1 drivers
v0x565324895ae0_0 .net "_011_", 0 0, L_0x5653248b64f0;  1 drivers
v0x565324895ba0_0 .net "_012_", 0 0, L_0x5653248b65b0;  1 drivers
v0x565324895c60_0 .net "_013_", 0 0, L_0x5653248b6f20;  1 drivers
v0x565324895d20_0 .net "_014_", 0 0, L_0x5653248b7d00;  1 drivers
v0x565324895de0_0 .net "_015_", 0 0, L_0x5653248b80a0;  1 drivers
v0x565324895ea0_0 .net "_016_", 0 0, L_0x5653248b8b10;  1 drivers
v0x565324895f60_0 .net "_017_", 0 0, L_0x5653248b9150;  1 drivers
v0x565324896020_0 .net "_018_", 0 0, L_0x5653248b9740;  1 drivers
v0x5653248962f0_0 .net "_019_", 0 0, L_0x5653248b9c80;  1 drivers
v0x5653248963b0_0 .net "_020_", 0 0, L_0x5653248b9d40;  1 drivers
v0x565324896470_0 .net "_021_", 0 0, L_0x5653248ba960;  1 drivers
v0x565324896530_0 .net "_022_", 0 0, L_0x5653248ba370;  1 drivers
v0x5653248965f0_0 .net "_023_", 0 0, L_0x5653248ba730;  1 drivers
v0x5653248966b0_0 .net "_024_", 0 0, L_0x5653248baa20;  1 drivers
v0x565324896770_0 .net "_025_", 0 0, L_0x5653248bac60;  1 drivers
v0x565324896830_0 .net "_026_", 0 0, L_0x5653248baf40;  1 drivers
v0x5653248968f0_0 .net "_027_", 0 0, L_0x5653248bb000;  1 drivers
v0x5653248969b0_0 .net "_028_", 0 0, L_0x5653248bb200;  1 drivers
v0x565324896a70_0 .net "_029_", 0 0, L_0x5653248bb8f0;  1 drivers
v0x565324896b30_0 .net "_030_", 0 0, L_0x5653248bb9b0;  1 drivers
v0x565324896bf0_0 .net "_031_", 0 0, L_0x5653248bc330;  1 drivers
v0x565324896cb0_0 .net "_032_", 0 0, L_0x5653248bc3f0;  1 drivers
v0x565324896d70_0 .net "_033_", 0 0, L_0x5653248bc7f0;  1 drivers
v0x565324896e30_0 .net "_034_", 0 0, L_0x5653248bcaf0;  1 drivers
v0x565324896ef0_0 .net "_035_", 0 0, L_0x5653248bd420;  1 drivers
v0x565324896fb0_0 .net "_036_", 0 0, L_0x5653248bcf00;  1 drivers
v0x565324897070_0 .net "_037_", 0 0, L_0x5653248bcfc0;  1 drivers
v0x565324897130_0 .net "_038_", 0 0, L_0x5653248bd390;  1 drivers
v0x5653248971f0_0 .net "_039_", 0 0, L_0x5653248bd930;  1 drivers
v0x5653248972b0_0 .net "_040_", 0 0, L_0x5653248bd9f0;  1 drivers
v0x565324897370_0 .net "_041_", 0 0, L_0x5653248bdb00;  1 drivers
v0x565324897430_0 .net "_042_", 0 0, L_0x5653248be430;  1 drivers
v0x5653248974f0_0 .net "_043_", 0 0, L_0x5653248bf150;  1 drivers
v0x5653248975b0_0 .net "_044_", 0 0, L_0x5653248bf210;  1 drivers
v0x565324897670_0 .net "_045_", 0 0, L_0x5653248bef70;  1 drivers
v0x565324897730_0 .net "_046_", 0 0, L_0x5653248bf080;  1 drivers
v0x5653248977f0_0 .net "_047_", 0 0, L_0x5653248bf8c0;  1 drivers
v0x5653248978b0_0 .net "_048_", 0 0, L_0x5653248bfc40;  1 drivers
v0x565324897970_0 .net "_049_", 0 0, L_0x5653248bf320;  1 drivers
v0x565324897a30_0 .net "_050_", 0 0, L_0x5653248bf430;  1 drivers
v0x565324897f00_0 .net "_051_", 0 0, L_0x5653248bf800;  1 drivers
v0x565324897fc0_0 .net "_052_", 0 0, L_0x5653248c06e0;  1 drivers
v0x565324898080_0 .net "_053_", 0 0, L_0x5653248bfe10;  1 drivers
v0x565324898140_0 .net "_054_", 0 0, L_0x5653248c0d90;  1 drivers
v0x565324898200_0 .net "_055_", 0 0, L_0x5653248c1280;  1 drivers
v0x5653248982c0_0 .net "_056_", 0 0, L_0x5653248c07a0;  1 drivers
v0x565324898380_0 .net "_057_", 0 0, L_0x5653248c0970;  1 drivers
v0x565324898440_0 .net "_058_", 0 0, L_0x5653248c0bc0;  1 drivers
v0x565324898500_0 .net "_059_", 0 0, L_0x5653248c16f0;  1 drivers
v0x5653248985c0_0 .net "_060_", 0 0, L_0x5653248c1800;  1 drivers
v0x565324898680_0 .net "_061_", 0 0, L_0x5653248c1910;  1 drivers
v0x565324898740_0 .net "_062_", 0 0, L_0x5653248c2ab0;  1 drivers
v0x565324898800_0 .net "_063_", 0 0, L_0x5653248c1c50;  1 drivers
v0x5653248988c0_0 .net "_064_", 0 0, L_0x5653248c1d60;  1 drivers
v0x565324898980_0 .net "_065_", 0 0, L_0x5653248c2130;  1 drivers
v0x565324898a40_0 .net "_066_", 0 0, L_0x5653248c30f0;  1 drivers
v0x565324898b00_0 .net "_067_", 0 0, L_0x5653248c33a0;  1 drivers
v0x565324898bc0_0 .net "_068_", 0 0, L_0x5653248c3460;  1 drivers
v0x565324898c80_0 .net "_069_", 0 0, L_0x5653248c36a0;  1 drivers
v0x565324898d40_0 .net "_070_", 0 0, L_0x5653248c37d0;  1 drivers
v0x565324898e00_0 .net "_071_", 0 0, L_0x5653248c39f0;  1 drivers
v0x565324898ec0_0 .net "_072_", 0 0, L_0x5653248c3b20;  1 drivers
v0x565324898f80_0 .net "_073_", 0 0, L_0x5653248a78e0;  1 drivers
v0x565324899040_0 .net "_074_", 0 0, L_0x5653248a7d40;  1 drivers
v0x565324899100_0 .net "_075_", 0 0, L_0x5653248a8030;  1 drivers
v0x5653248991c0_0 .net "_076_", 0 0, L_0x5653248a8250;  1 drivers
v0x565324899280_0 .net "_077_", 0 0, L_0x5653248a85c0;  1 drivers
v0x565324899340_0 .net "_078_", 0 0, L_0x5653248a8950;  1 drivers
v0x565324899400_0 .net "_079_", 0 0, L_0x5653248a8ba0;  1 drivers
v0x5653248994c0_0 .net "_080_", 0 0, L_0x5653248a9160;  1 drivers
v0x565324899580_0 .net "_081_", 0 0, L_0x5653248a9560;  1 drivers
v0x565324899640_0 .net "_082_", 0 0, L_0x5653248a9620;  1 drivers
v0x565324899700_0 .net "_083_", 0 0, L_0x5653248a99f0;  1 drivers
v0x5653248997c0_0 .net "_084_", 0 0, L_0x5653248a9ee0;  1 drivers
v0x565324899880_0 .net "_085_", 0 0, L_0x5653248aa3b0;  1 drivers
v0x565324899940_0 .net "_086_", 0 0, L_0x5653248aa800;  1 drivers
v0x565324899a00_0 .net "_087_", 0 0, L_0x5653248aaa50;  1 drivers
v0x565324899ac0_0 .net "_088_", 0 0, L_0x5653248aac60;  1 drivers
v0x565324899b80_0 .net "_089_", 0 0, L_0x5653248ab370;  1 drivers
v0x565324899c40_0 .net "_090_", 0 0, L_0x5653248ab430;  1 drivers
v0x565324899d00_0 .net "_091_", 0 0, L_0x5653248ab8f0;  1 drivers
v0x565324899dc0_0 .net "_092_", 0 0, L_0x5653248abe20;  1 drivers
v0x565324899e80_0 .net "_093_", 0 0, L_0x5653248ac390;  1 drivers
v0x565324899f40_0 .net "_094_", 0 0, L_0x5653248ac9a0;  1 drivers
v0x56532489a000_0 .net "_095_", 0 0, L_0x5653248acd90;  1 drivers
v0x56532489a0c0_0 .net "_096_", 0 0, L_0x5653248ad010;  1 drivers
v0x56532489a180_0 .net "_097_", 0 0, L_0x5653248ad0d0;  1 drivers
v0x56532489a240_0 .net "_098_", 0 0, L_0x5653248ad6f0;  1 drivers
v0x56532489a300_0 .net "_099_", 0 0, L_0x5653248addf0;  1 drivers
v0x56532489a3c0_0 .net "_100_", 0 0, L_0x5653248ae640;  1 drivers
v0x56532489a480_0 .net "_101_", 0 0, L_0x5653248ae910;  1 drivers
v0x56532489a540_0 .net "_102_", 0 0, L_0x5653248aed70;  1 drivers
v0x56532489a600_0 .net "_103_", 0 0, L_0x5653248af3c0;  1 drivers
v0x56532489a6c0_0 .net "_104_", 0 0, L_0x5653248afab0;  1 drivers
v0x56532489a780_0 .net "_105_", 0 0, L_0x5653248b01a0;  1 drivers
v0x56532489a840_0 .net "_106_", 0 0, L_0x5653248b05d0;  1 drivers
v0x56532489a900_0 .net "_107_", 0 0, L_0x5653248b0ad0;  1 drivers
v0x56532489a9c0_0 .net "_108_", 0 0, L_0x5653248b0e90;  1 drivers
v0x56532489aa80_0 .net "_109_", 0 0, L_0x5653248b1670;  1 drivers
v0x56532489ab40_0 .net "_110_", 0 0, L_0x5653248af850;  1 drivers
v0x56532489ac00_0 .net *"_s1", 0 0, L_0x5653248a75c0;  1 drivers
v0x56532489ace0_0 .net *"_s10", 0 0, L_0x5653248a79a0;  1 drivers
v0x56532489adc0_0 .net *"_s100", 0 0, L_0x5653248aa270;  1 drivers
v0x56532489aea0_0 .net *"_s104", 0 0, L_0x5653248aa570;  1 drivers
v0x56532489b790_0 .net *"_s106", 0 0, L_0x5653248aa5e0;  1 drivers
v0x56532489b870_0 .net *"_s110", 0 0, L_0x5653248aa8c0;  1 drivers
v0x56532489b950_0 .net *"_s114", 0 0, L_0x5653248aaac0;  1 drivers
v0x56532489ba30_0 .net *"_s116", 0 0, L_0x5653248aa930;  1 drivers
v0x56532489bb10_0 .net *"_s122", 0 0, L_0x5653248aae10;  1 drivers
v0x56532489bbf0_0 .net *"_s125", 0 0, L_0x5653248aaf20;  1 drivers
v0x56532489bcd0_0 .net *"_s127", 0 0, L_0x5653248aafc0;  1 drivers
v0x56532489bdb0_0 .net *"_s128", 0 0, L_0x5653248ab110;  1 drivers
v0x56532489be90_0 .net *"_s13", 0 0, L_0x5653248a7a60;  1 drivers
v0x56532489bf70_0 .net *"_s135", 0 0, L_0x5653248aa1d0;  1 drivers
v0x56532489c050_0 .net *"_s137", 0 0, L_0x5653248ab650;  1 drivers
v0x56532489c130_0 .net *"_s138", 0 0, L_0x5653248ab7b0;  1 drivers
v0x56532489c210_0 .net *"_s142", 0 0, L_0x5653248abb20;  1 drivers
v0x56532489c2f0_0 .net *"_s144", 0 0, L_0x5653248abb90;  1 drivers
v0x56532489c3d0_0 .net *"_s15", 0 0, L_0x5653248a7b00;  1 drivers
v0x56532489c4b0_0 .net *"_s150", 0 0, L_0x5653248abee0;  1 drivers
v0x56532489c590_0 .net *"_s153", 0 0, L_0x5653248ac180;  1 drivers
v0x56532489c670_0 .net *"_s155", 0 0, L_0x5653248ac220;  1 drivers
v0x56532489c750_0 .net *"_s159", 0 0, L_0x5653248ac4a0;  1 drivers
v0x56532489c830_0 .net *"_s16", 0 0, L_0x5653248a7bd0;  1 drivers
v0x56532489c910_0 .net *"_s161", 0 0, L_0x5653248ac540;  1 drivers
v0x56532489c9f0_0 .net *"_s162", 0 0, L_0x5653248ac6c0;  1 drivers
v0x56532489cad0_0 .net *"_s166", 0 0, L_0x5653248aca60;  1 drivers
v0x56532489cbb0_0 .net *"_s168", 0 0, L_0x5653248acc80;  1 drivers
v0x56532489cc90_0 .net *"_s176", 0 0, L_0x5653248ad3a0;  1 drivers
v0x56532489cd70_0 .net *"_s178", 0 0, L_0x5653248ad4a0;  1 drivers
v0x56532489ce50_0 .net *"_s184", 0 0, L_0x5653248ad7b0;  1 drivers
v0x56532489cf30_0 .net *"_s187", 0 0, L_0x5653248adab0;  1 drivers
v0x56532489d010_0 .net *"_s189", 0 0, L_0x5653248adb50;  1 drivers
v0x56532489d0f0_0 .net *"_s190", 0 0, L_0x5653248adce0;  1 drivers
v0x56532489d1d0_0 .net *"_s195", 0 0, L_0x5653248ae0b0;  1 drivers
v0x56532489d2b0_0 .net *"_s197", 0 0, L_0x5653248ae150;  1 drivers
v0x56532489d390_0 .net *"_s198", 0 0, L_0x5653248ae500;  1 drivers
v0x56532489d470_0 .net *"_s204", 0 0, L_0x5653248ae9d0;  1 drivers
v0x56532489d550_0 .net *"_s206", 0 0, L_0x5653248aec60;  1 drivers
v0x56532489d630_0 .net *"_s21", 0 0, L_0x5653248a7e00;  1 drivers
v0x56532489d710_0 .net *"_s212", 0 0, L_0x5653248af060;  1 drivers
v0x56532489d7f0_0 .net *"_s215", 0 0, L_0x5653248af170;  1 drivers
v0x56532489d8d0_0 .net *"_s217", 0 0, L_0x5653248af210;  1 drivers
v0x56532489d9b0_0 .net *"_s221", 0 0, L_0x5653248af710;  1 drivers
v0x56532489da90_0 .net *"_s223", 0 0, L_0x5653248af7b0;  1 drivers
v0x56532489db70_0 .net *"_s224", 0 0, L_0x5653248af970;  1 drivers
v0x56532489dc50_0 .net *"_s228", 0 0, L_0x5653248afdc0;  1 drivers
v0x56532489dd30_0 .net *"_s23", 0 0, L_0x5653248a7ea0;  1 drivers
v0x56532489de10_0 .net *"_s230", 0 0, L_0x5653248afe30;  1 drivers
v0x56532489def0_0 .net *"_s234", 0 0, L_0x5653248b0260;  1 drivers
v0x56532489dfd0_0 .net *"_s238", 0 0, L_0x5653248b06d0;  1 drivers
v0x56532489e0b0_0 .net *"_s24", 0 0, L_0x5653248a7f80;  1 drivers
v0x56532489e190_0 .net *"_s240", 0 0, L_0x5653248b09c0;  1 drivers
v0x56532489e270_0 .net *"_s244", 0 0, L_0x5653248b0e20;  1 drivers
v0x56532489e350_0 .net *"_s248", 0 0, L_0x5653248b11f0;  1 drivers
v0x56532489e430_0 .net *"_s250", 0 0, L_0x5653248b12b0;  1 drivers
v0x56532489e510_0 .net *"_s256", 0 0, L_0x5653248b1730;  1 drivers
v0x56532489e5f0_0 .net *"_s259", 0 0, L_0x5653248b1b00;  1 drivers
v0x56532489e6d0_0 .net *"_s261", 0 0, L_0x5653248b1ba0;  1 drivers
v0x56532489e7b0_0 .net *"_s265", 0 0, L_0x5653248b1d70;  1 drivers
v0x56532489e890_0 .net *"_s267", 0 0, L_0x5653248b1e10;  1 drivers
v0x56532489e970_0 .net *"_s268", 0 0, L_0x5653248b1ff0;  1 drivers
v0x56532489ea50_0 .net *"_s274", 0 0, L_0x5653248b2860;  1 drivers
v0x56532489eb30_0 .net *"_s276", 0 0, L_0x5653248b28d0;  1 drivers
v0x56532489ec10_0 .net *"_s28", 0 0, L_0x5653248a80f0;  1 drivers
v0x56532489ecf0_0 .net *"_s282", 0 0, L_0x5653248b2d90;  1 drivers
v0x56532489edd0_0 .net *"_s284", 0 0, L_0x5653248b31a0;  1 drivers
v0x56532489eeb0_0 .net *"_s287", 0 0, L_0x5653248b3260;  1 drivers
v0x56532489ef90_0 .net *"_s289", 0 0, L_0x5653248b3300;  1 drivers
v0x56532489f070_0 .net *"_s297", 0 0, L_0x5653248b3d60;  1 drivers
v0x56532489f150_0 .net *"_s299", 0 0, L_0x5653248b3e00;  1 drivers
v0x56532489f230_0 .net *"_s3", 0 0, L_0x5653248a76e0;  1 drivers
v0x56532489f310_0 .net *"_s302", 0 0, L_0x5653248b4170;  1 drivers
v0x56532489f3f0_0 .net *"_s304", 0 0, L_0x5653248b4510;  1 drivers
v0x56532489f4d0_0 .net *"_s308", 0 0, L_0x5653248b4a20;  1 drivers
v0x56532489f5b0_0 .net *"_s312", 0 0, L_0x5653248b4f70;  1 drivers
v0x56532489f690_0 .net *"_s314", 0 0, L_0x5653248b5030;  1 drivers
v0x56532489f770_0 .net *"_s320", 0 0, L_0x5653248b5560;  1 drivers
v0x56532489f850_0 .net *"_s323", 0 0, L_0x5653248b59e0;  1 drivers
v0x56532489f930_0 .net *"_s325", 0 0, L_0x5653248b5a80;  1 drivers
v0x56532489fa10_0 .net *"_s329", 0 0, L_0x5653248b5da0;  1 drivers
v0x56532489faf0_0 .net *"_s331", 0 0, L_0x5653248b5e40;  1 drivers
v0x56532489fbd0_0 .net *"_s332", 0 0, L_0x5653248b6060;  1 drivers
v0x56532489fcb0_0 .net *"_s338", 0 0, L_0x5653248b6a00;  1 drivers
v0x56532489fd90_0 .net *"_s34", 0 0, L_0x5653248a8310;  1 drivers
v0x56532489fe70_0 .net *"_s340", 0 0, L_0x5653248b6a70;  1 drivers
v0x56532489ff50_0 .net *"_s346", 0 0, L_0x5653248b6fe0;  1 drivers
v0x5653248a0030_0 .net *"_s348", 0 0, L_0x5653248b74a0;  1 drivers
v0x5653248a0110_0 .net *"_s351", 0 0, L_0x5653248b7560;  1 drivers
v0x5653248a01f0_0 .net *"_s353", 0 0, L_0x5653248b7600;  1 drivers
v0x5653248a02d0_0 .net *"_s354", 0 0, L_0x5653248b7830;  1 drivers
v0x5653248a03b0_0 .net *"_s359", 0 0, L_0x5653248b7dc0;  1 drivers
v0x5653248a0490_0 .net *"_s361", 0 0, L_0x5653248b7e60;  1 drivers
v0x5653248a0570_0 .net *"_s364", 0 0, L_0x5653248b85b0;  1 drivers
v0x5653248a0650_0 .net *"_s366", 0 0, L_0x5653248b8620;  1 drivers
v0x5653248a0730_0 .net *"_s37", 0 0, L_0x5653248a8430;  1 drivers
v0x5653248a0810_0 .net *"_s370", 0 0, L_0x5653248b8bd0;  1 drivers
v0x5653248a08f0_0 .net *"_s374", 0 0, L_0x5653248b91c0;  1 drivers
v0x5653248a09d0_0 .net *"_s376", 0 0, L_0x5653248b9630;  1 drivers
v0x5653248a0ab0_0 .net *"_s380", 0 0, L_0x5653248b9c10;  1 drivers
v0x5653248a0b90_0 .net *"_s384", 0 0, L_0x5653248ba160;  1 drivers
v0x5653248a0c70_0 .net *"_s386", 0 0, L_0x5653248ba2b0;  1 drivers
v0x5653248a0d50_0 .net *"_s39", 0 0, L_0x5653248a84d0;  1 drivers
v0x5653248a0e30_0 .net *"_s392", 0 0, L_0x5653248b9e00;  1 drivers
v0x5653248a0f10_0 .net *"_s395", 0 0, L_0x5653248b9f10;  1 drivers
v0x5653248a0ff0_0 .net *"_s397", 0 0, L_0x5653248b9fb0;  1 drivers
v0x5653248a10d0_0 .net *"_s398", 0 0, L_0x5653248ba050;  1 drivers
v0x5653248a11b0_0 .net *"_s4", 0 0, L_0x5653248a77d0;  1 drivers
v0x5653248a1290_0 .net *"_s405", 0 0, L_0x5653248ba430;  1 drivers
v0x5653248a1370_0 .net *"_s407", 0 0, L_0x5653248ba4d0;  1 drivers
v0x5653248a1450_0 .net *"_s412", 0 0, L_0x5653248baae0;  1 drivers
v0x5653248a1530_0 .net *"_s414", 0 0, L_0x5653248bab50;  1 drivers
v0x5653248a1610_0 .net *"_s420", 0 0, L_0x5653248bad20;  1 drivers
v0x5653248a16f0_0 .net *"_s423", 0 0, L_0x5653248bb3c0;  1 drivers
v0x5653248a17d0_0 .net *"_s425", 0 0, L_0x5653248bb460;  1 drivers
v0x5653248a18b0_0 .net *"_s426", 0 0, L_0x5653248bb6d0;  1 drivers
v0x5653248a1990_0 .net *"_s43", 0 0, L_0x5653248a8680;  1 drivers
v0x5653248a1a70_0 .net *"_s433", 0 0, L_0x5653248bb0c0;  1 drivers
v0x5653248a1b50_0 .net *"_s435", 0 0, L_0x5653248bb160;  1 drivers
v0x5653248a1c30_0 .net *"_s438", 0 0, L_0x5653248bb340;  1 drivers
v0x5653248a1d10_0 .net *"_s440", 0 0, L_0x5653248bb7e0;  1 drivers
v0x5653248a1df0_0 .net *"_s446", 0 0, L_0x5653248bbab0;  1 drivers
v0x5653248a1ed0_0 .net *"_s448", 0 0, L_0x5653248bbbb0;  1 drivers
v0x5653248a1fb0_0 .net *"_s45", 0 0, L_0x5653248a8720;  1 drivers
v0x5653248a2090_0 .net *"_s454", 0 0, L_0x5653248bbe60;  1 drivers
v0x5653248a2170_0 .net *"_s457", 0 0, L_0x5653248bbf70;  1 drivers
v0x5653248a2250_0 .net *"_s459", 0 0, L_0x5653248bc010;  1 drivers
v0x5653248a2330_0 .net *"_s46", 0 0, L_0x5653248a8820;  1 drivers
v0x5653248a2410_0 .net *"_s460", 0 0, L_0x5653248bc2a0;  1 drivers
v0x5653248a24f0_0 .net *"_s465", 0 0, L_0x5653248bc4b0;  1 drivers
v0x5653248a25d0_0 .net *"_s467", 0 0, L_0x5653248bc550;  1 drivers
v0x5653248a26b0_0 .net *"_s470", 0 0, L_0x5653248bc970;  1 drivers
v0x56532489af80_0 .net *"_s472", 0 0, L_0x5653248bc9e0;  1 drivers
v0x56532489b060_0 .net *"_s479", 0 0, L_0x5653248bcd10;  1 drivers
v0x56532489b140_0 .net *"_s483", 0 0, L_0x5653248bd490;  1 drivers
v0x56532489b220_0 .net *"_s485", 0 0, L_0x5653248bd740;  1 drivers
v0x56532489b300_0 .net *"_s486", 0 0, L_0x5653248bd870;  1 drivers
v0x56532489b3e0_0 .net *"_s493", 0 0, L_0x5653248bd0d0;  1 drivers
v0x56532489b4c0_0 .net *"_s495", 0 0, L_0x5653248bde70;  1 drivers
v0x56532489b5a0_0 .net *"_s499", 0 0, L_0x5653248bdfb0;  1 drivers
v0x56532489b680_0 .net *"_s50", 0 0, L_0x5653248a8a10;  1 drivers
v0x5653248a3780_0 .net *"_s501", 0 0, L_0x5653248be280;  1 drivers
v0x5653248a3860_0 .net *"_s502", 0 0, L_0x5653248be320;  1 drivers
v0x5653248a3940_0 .net *"_s511", 0 0, L_0x5653248bdc10;  1 drivers
v0x5653248a3a20_0 .net *"_s513", 0 0, L_0x5653248bdcb0;  1 drivers
v0x5653248a3b00_0 .net *"_s514", 0 0, L_0x5653248bdd50;  1 drivers
v0x5653248a3be0_0 .net *"_s519", 0 0, L_0x5653248be4f0;  1 drivers
v0x5653248a3cc0_0 .net *"_s52", 0 0, L_0x5653248a88e0;  1 drivers
v0x5653248a3da0_0 .net *"_s521", 0 0, L_0x5653248be7e0;  1 drivers
v0x5653248a3e80_0 .net *"_s522", 0 0, L_0x5653248be880;  1 drivers
v0x5653248a3f60_0 .net *"_s529", 0 0, L_0x5653248bebd0;  1 drivers
v0x5653248a4040_0 .net *"_s531", 0 0, L_0x5653248beed0;  1 drivers
v0x5653248a4120_0 .net *"_s539", 0 0, L_0x5653248bf930;  1 drivers
v0x5653248a4200_0 .net *"_s549", 0 0, L_0x5653248bf6a0;  1 drivers
v0x5653248a42e0_0 .net *"_s550", 0 0, L_0x5653248bf740;  1 drivers
v0x5653248a43c0_0 .net *"_s555", 0 0, L_0x5653248c0320;  1 drivers
v0x5653248a44a0_0 .net *"_s557", 0 0, L_0x5653248c0640;  1 drivers
v0x5653248a4580_0 .net *"_s560", 0 0, L_0x5653248bfd50;  1 drivers
v0x5653248a4660_0 .net *"_s565", 0 0, L_0x5653248bff20;  1 drivers
v0x5653248a4740_0 .net *"_s567", 0 0, L_0x5653248c0250;  1 drivers
v0x5653248a4820_0 .net *"_s571", 0 0, L_0x5653248c0ea0;  1 drivers
v0x5653248a4900_0 .net *"_s573", 0 0, L_0x5653248c11e0;  1 drivers
v0x5653248a49e0_0 .net *"_s578", 0 0, L_0x5653248c08b0;  1 drivers
v0x5653248a4ac0_0 .net *"_s58", 0 0, L_0x5653248a8cf0;  1 drivers
v0x5653248a4ba0_0 .net *"_s583", 0 0, L_0x5653248c0a80;  1 drivers
v0x5653248a4c80_0 .net *"_s585", 0 0, L_0x5653248c0b20;  1 drivers
v0x5653248a4d60_0 .net *"_s589", 0 0, L_0x5653248c0cd0;  1 drivers
v0x5653248a4e40_0 .net *"_s591", 0 0, L_0x5653248c1650;  1 drivers
v0x5653248a4f20_0 .net *"_s597", 0 0, L_0x5653248c2280;  1 drivers
v0x5653248a5000_0 .net *"_s599", 0 0, L_0x5653248c25f0;  1 drivers
v0x5653248a50e0_0 .net *"_s603", 0 0, L_0x5653248c2730;  1 drivers
v0x5653248a51c0_0 .net *"_s61", 0 0, L_0x5653248a8e00;  1 drivers
v0x5653248a52a0_0 .net *"_s610", 0 0, L_0x5653248c1e70;  1 drivers
v0x5653248a5380_0 .net *"_s615", 0 0, L_0x5653248c2090;  1 drivers
v0x5653248a5460_0 .net *"_s618", 0 0, L_0x5653248c21f0;  1 drivers
v0x5653248a5540_0 .net *"_s623", 0 0, L_0x5653248c2cc0;  1 drivers
v0x5653248a5620_0 .net *"_s625", 0 0, L_0x5653248c3050;  1 drivers
v0x5653248a5700_0 .net *"_s628", 0 0, L_0x5653248c3220;  1 drivers
v0x5653248a57e0_0 .net *"_s63", 0 0, L_0x5653248a8ea0;  1 drivers
v0x5653248a58c0_0 .net *"_s630", 0 0, L_0x5653248c3290;  1 drivers
v0x5653248a59a0_0 .net *"_s636", 0 0, L_0x5653248c34d0;  1 drivers
v0x5653248a5a80_0 .net *"_s638", 0 0, L_0x5653248c3590;  1 drivers
v0x5653248a5b60_0 .net *"_s64", 0 0, L_0x5653248a8fb0;  1 drivers
v0x5653248a5c40_0 .net *"_s642", 0 0, L_0x5653248c3760;  1 drivers
v0x5653248a5d20_0 .net *"_s646", 0 0, L_0x5653248c3fa0;  1 drivers
v0x5653248a5e00_0 .net *"_s648", 0 0, L_0x5653248c38e0;  1 drivers
v0x5653248a5ee0_0 .net *"_s652", 0 0, L_0x5653248c3ab0;  1 drivers
v0x5653248a5fc0_0 .net *"_s656", 0 0, L_0x5653248c3be0;  1 drivers
v0x5653248a60a0_0 .net *"_s658", 0 0, L_0x5653248c3ca0;  1 drivers
v0x5653248a6180_0 .net *"_s674", 0 0, L_0x5653248c46f0;  1 drivers
v0x5653248a6260_0 .net *"_s676", 14 0, L_0x5653248c47e0;  1 drivers
v0x5653248a6340_0 .net *"_s682", 14 0, L_0x5653248c4cf0;  1 drivers
v0x5653248a6420_0 .net *"_s69", 0 0, L_0x5653248a9220;  1 drivers
v0x5653248a6500_0 .net *"_s71", 0 0, L_0x5653248a92c0;  1 drivers
v0x5653248a65e0_0 .net *"_s72", 0 0, L_0x5653248a8f40;  1 drivers
v0x5653248a66c0_0 .net *"_s78", 0 0, L_0x5653248a97a0;  1 drivers
v0x5653248a67a0_0 .net *"_s80", 0 0, L_0x5653248a9810;  1 drivers
v0x5653248a6880_0 .net *"_s86", 0 0, L_0x5653248a9ab0;  1 drivers
v0x5653248a6960_0 .net *"_s89", 0 0, L_0x5653248a90c0;  1 drivers
v0x5653248a6a40_0 .net *"_s91", 0 0, L_0x5653248a9ca0;  1 drivers
v0x5653248a6b20_0 .net *"_s92", 0 0, L_0x5653248a9dd0;  1 drivers
v0x5653248a6c00_0 .net *"_s97", 0 0, L_0x5653248aa090;  1 drivers
v0x5653248a6ce0_0 .net *"_s99", 0 0, L_0x5653248aa130;  1 drivers
v0x5653248a6dc0_0 .net "temp_sum", 16 0, L_0x5653248c4d90;  1 drivers
L_0x5653248a75c0 .part v0x5653248a7260_0, 0, 1;
L_0x5653248a76e0 .part v0x5653248a7350_0, 0, 1;
L_0x5653248a7a60 .part v0x5653248a7260_0, 1, 1;
L_0x5653248a7b00 .part v0x5653248a7350_0, 1, 1;
L_0x5653248a7e00 .part v0x5653248a7260_0, 0, 1;
L_0x5653248a7ea0 .part v0x5653248a7350_0, 0, 1;
L_0x5653248a8430 .part v0x5653248a7260_0, 2, 1;
L_0x5653248a84d0 .part v0x5653248a7350_0, 2, 1;
L_0x5653248a8680 .part v0x5653248a7260_0, 1, 1;
L_0x5653248a8720 .part v0x5653248a7350_0, 1, 1;
L_0x5653248a8e00 .part v0x5653248a7260_0, 3, 1;
L_0x5653248a8ea0 .part v0x5653248a7350_0, 3, 1;
L_0x5653248a9220 .part v0x5653248a7260_0, 2, 1;
L_0x5653248a92c0 .part v0x5653248a7350_0, 2, 1;
L_0x5653248a90c0 .part v0x5653248a7260_0, 4, 1;
L_0x5653248a9ca0 .part v0x5653248a7350_0, 4, 1;
L_0x5653248aa090 .part v0x5653248a7260_0, 3, 1;
L_0x5653248aa130 .part v0x5653248a7350_0, 3, 1;
L_0x5653248aaf20 .part v0x5653248a7260_0, 5, 1;
L_0x5653248aafc0 .part v0x5653248a7350_0, 5, 1;
L_0x5653248aa1d0 .part v0x5653248a7260_0, 4, 1;
L_0x5653248ab650 .part v0x5653248a7350_0, 4, 1;
L_0x5653248ac180 .part v0x5653248a7260_0, 6, 1;
L_0x5653248ac220 .part v0x5653248a7350_0, 6, 1;
L_0x5653248ac4a0 .part v0x5653248a7260_0, 5, 1;
L_0x5653248ac540 .part v0x5653248a7350_0, 5, 1;
L_0x5653248adab0 .part v0x5653248a7260_0, 7, 1;
L_0x5653248adb50 .part v0x5653248a7350_0, 7, 1;
L_0x5653248ae0b0 .part v0x5653248a7260_0, 6, 1;
L_0x5653248ae150 .part v0x5653248a7350_0, 6, 1;
L_0x5653248af170 .part v0x5653248a7260_0, 8, 1;
L_0x5653248af210 .part v0x5653248a7350_0, 8, 1;
L_0x5653248af710 .part v0x5653248a7260_0, 7, 1;
L_0x5653248af7b0 .part v0x5653248a7350_0, 7, 1;
L_0x5653248b1b00 .part v0x5653248a7260_0, 9, 1;
L_0x5653248b1ba0 .part v0x5653248a7350_0, 9, 1;
L_0x5653248b1d70 .part v0x5653248a7260_0, 8, 1;
L_0x5653248b1e10 .part v0x5653248a7350_0, 8, 1;
L_0x5653248b3260 .part v0x5653248a7260_0, 10, 1;
L_0x5653248b3300 .part v0x5653248a7350_0, 10, 1;
L_0x5653248b3d60 .part v0x5653248a7260_0, 9, 1;
L_0x5653248b3e00 .part v0x5653248a7350_0, 9, 1;
L_0x5653248b59e0 .part v0x5653248a7260_0, 11, 1;
L_0x5653248b5a80 .part v0x5653248a7350_0, 11, 1;
L_0x5653248b5da0 .part v0x5653248a7260_0, 10, 1;
L_0x5653248b5e40 .part v0x5653248a7350_0, 10, 1;
L_0x5653248b7560 .part v0x5653248a7260_0, 12, 1;
L_0x5653248b7600 .part v0x5653248a7350_0, 12, 1;
L_0x5653248b7dc0 .part v0x5653248a7260_0, 11, 1;
L_0x5653248b7e60 .part v0x5653248a7350_0, 11, 1;
L_0x5653248b9f10 .part v0x5653248a7260_0, 13, 1;
L_0x5653248b9fb0 .part v0x5653248a7350_0, 13, 1;
L_0x5653248ba430 .part v0x5653248a7260_0, 12, 1;
L_0x5653248ba4d0 .part v0x5653248a7350_0, 12, 1;
L_0x5653248bb3c0 .part v0x5653248a7260_0, 14, 1;
L_0x5653248bb460 .part v0x5653248a7350_0, 14, 1;
L_0x5653248bb0c0 .part v0x5653248a7260_0, 13, 1;
L_0x5653248bb160 .part v0x5653248a7350_0, 13, 1;
L_0x5653248bbf70 .part v0x5653248a7350_0, 15, 1;
L_0x5653248bc010 .part v0x5653248a7260_0, 15, 1;
L_0x5653248bc4b0 .part v0x5653248a7260_0, 14, 1;
L_0x5653248bc550 .part v0x5653248a7350_0, 14, 1;
L_0x5653248bcd10 .part L_0x5653248c4160, 0, 1;
L_0x5653248bd490 .part L_0x5653248c4160, 3, 1;
L_0x5653248bd740 .part L_0x5653248c4160, 2, 1;
L_0x5653248bd0d0 .part L_0x5653248c4160, 5, 1;
L_0x5653248bde70 .part L_0x5653248c4160, 4, 1;
L_0x5653248bdfb0 .part L_0x5653248c4160, 7, 1;
L_0x5653248be280 .part L_0x5653248c4160, 6, 1;
L_0x5653248bdc10 .part L_0x5653248c4160, 9, 1;
L_0x5653248bdcb0 .part L_0x5653248c4160, 8, 1;
L_0x5653248be4f0 .part L_0x5653248c4160, 11, 1;
L_0x5653248be7e0 .part L_0x5653248c4160, 10, 1;
L_0x5653248bebd0 .part L_0x5653248c4160, 13, 1;
L_0x5653248beed0 .part L_0x5653248c4160, 12, 1;
L_0x5653248bf930 .part L_0x5653248c4160, 14, 1;
L_0x5653248bf6a0 .part L_0x5653248c4160, 0, 1;
L_0x5653248c0320 .part L_0x5653248c4160, 3, 1;
L_0x5653248c0640 .part L_0x5653248c4160, 2, 1;
L_0x5653248bff20 .part L_0x5653248c4160, 5, 1;
L_0x5653248c0250 .part L_0x5653248c4160, 4, 1;
L_0x5653248c0ea0 .part L_0x5653248c4160, 7, 1;
L_0x5653248c11e0 .part L_0x5653248c4160, 6, 1;
L_0x5653248c0a80 .part L_0x5653248c4160, 9, 1;
L_0x5653248c0b20 .part L_0x5653248c4160, 8, 1;
L_0x5653248c0cd0 .part L_0x5653248c4160, 11, 1;
L_0x5653248c1650 .part L_0x5653248c4160, 10, 1;
L_0x5653248c2280 .part L_0x5653248c4160, 13, 1;
L_0x5653248c25f0 .part L_0x5653248c4160, 12, 1;
L_0x5653248c2730 .part L_0x5653248c4160, 14, 1;
L_0x5653248c2090 .part v0x5653248a7260_0, 15, 1;
L_0x5653248c2cc0 .part v0x5653248a7350_0, 15, 1;
L_0x5653248c3050 .part v0x5653248a7260_0, 15, 1;
LS_0x5653248c4160_0_0 .concat8 [ 1 1 1 1], L_0x5653248a79a0, L_0x5653248a8310, L_0x5653248a8cf0, L_0x5653248a9ab0;
LS_0x5653248c4160_0_4 .concat8 [ 1 1 1 1], L_0x5653248aae10, L_0x5653248abee0, L_0x5653248ad7b0, L_0x5653248af060;
LS_0x5653248c4160_0_8 .concat8 [ 1 1 1 1], L_0x5653248b1730, L_0x5653248b31a0, L_0x5653248b5560, L_0x5653248b74a0;
LS_0x5653248c4160_0_12 .concat8 [ 1 1 1 1], L_0x5653248b9e00, L_0x5653248bad20, L_0x5653248bbe60, L_0x5653248c46f0;
L_0x5653248c4160 .concat8 [ 4 4 4 4], LS_0x5653248c4160_0_0, LS_0x5653248c4160_0_4, LS_0x5653248c4160_0_8, LS_0x5653248c4160_0_12;
L_0x5653248c47e0 .part L_0x5653248c4160, 0, 15;
L_0x5653248c4880 .concat [ 15 1 0 0], L_0x5653248c47e0, L_0x5653248bcbb0;
L_0x5653248c4cf0 .part L_0x5653248c4160, 0, 15;
L_0x5653248c4d90 .concat [ 15 1 1 0], L_0x5653248c4cf0, L_0x5653248bcbb0, L_0x5653248c3db0;
    .scope S_0x565324870aa0;
T_0 ;
    %vpi_call 2 8 "$dumpfile", "sim_gl/alu_gl.vcd" {0 0 0};
    %vpi_call 2 9 "$dumpvars", 32'sb00000000000000000000000000000000, S_0x565324870aa0 {0 0 0};
    %vpi_call 2 10 "$monitor", $time, "X=%h,Y=%h,Z=%h,S=%b,Cr=%b,Ze=%b,P=%b,O=%b", v0x5653248a7260_0, v0x5653248a7350_0, v0x5653248a7420_0, v0x5653248a71c0_0, v0x5653248a6fc0_0, v0x5653248a74f0_0, v0x5653248a7120_0, v0x5653248a7080_0 {0 0 0};
    %delay 5, 0;
    %pushi/vec4 20358, 0, 16;
    %store/vec4 v0x5653248a7260_0, 0, 16;
    %pushi/vec4 4660, 0, 16;
    %store/vec4 v0x5653248a7350_0, 0, 16;
    %delay 5, 0;
    %pushi/vec4 20359, 0, 16;
    %store/vec4 v0x5653248a7260_0, 0, 16;
    %pushi/vec4 32768, 0, 16;
    %store/vec4 v0x5653248a7350_0, 0, 16;
    %delay 5, 0;
    %pushi/vec4 43690, 0, 16;
    %store/vec4 v0x5653248a7260_0, 0, 16;
    %pushi/vec4 21845, 0, 16;
    %store/vec4 v0x5653248a7350_0, 0, 16;
    %delay 5, 0;
    %vpi_call 2 14 "$finish" {0 0 0};
    %end;
    .thread T_0;
# The file index is used to find the file name in the following table.
:file_names 4;
    "N/A";
    "<interactive>";
    "tb/alu_16_tb.v";
    "gl_netlist/alu_gl.v";
