#! /usr/bin/vvp
:ivl_version "10.3 (stable)";
:ivl_delay_selection "TYPICAL";
:vpi_time_precision + 0;
:vpi_module "system";
:vpi_module "vhdl_sys";
:vpi_module "v2005_math";
:vpi_module "va_math";
S_0x55fef3c71aa0 .scope module, "ALU_tb" "ALU_tb" 2 1;
 .timescale 0 0;
v0x55fef3ca8040_0 .net "Cr", 0 0, L_0x55fef3cc4e30;  1 drivers
v0x55fef3ca8100_0 .net "O", 0 0, L_0x55fef3cc3bf0;  1 drivers
v0x55fef3ca81a0_0 .net "P", 0 0, L_0x55fef3cc05c0;  1 drivers
v0x55fef3ca8240_0 .net "S", 0 0, L_0x55fef3cbdc30;  1 drivers
v0x55fef3ca82e0_0 .var "X", 15 0;
v0x55fef3ca83d0_0 .var "Y", 15 0;
v0x55fef3ca84a0_0 .net "Z", 15 0, L_0x55fef3cc51e0;  1 drivers
v0x55fef3ca8570_0 .net "Ze", 0 0, L_0x55fef3cc2fb0;  1 drivers
S_0x55fef3c71720 .scope module, "DUT" "ALU" 2 5, 3 5 0, S_0x55fef3c71aa0;
 .timescale 0 0;
    .port_info 0 /INPUT 16 "X"
    .port_info 1 /INPUT 16 "Y"
    .port_info 2 /OUTPUT 16 "Z"
    .port_info 3 /OUTPUT 1 "Sign"
    .port_info 4 /OUTPUT 1 "Carry"
    .port_info 5 /OUTPUT 1 "Zero"
    .port_info 6 /OUTPUT 1 "Parity"
    .port_info 7 /OUTPUT 1 "Overflow"
L_0x55fef3ca8850 .functor XOR 1, L_0x55fef3ca8640, L_0x55fef3ca8760, C4<0>, C4<0>;
L_0x55fef3ca8960 .functor NOT 1, L_0x55fef3ca8850, C4<0>, C4<0>, C4<0>;
L_0x55fef3ca8a20 .functor NOT 1, L_0x55fef3ca8960, C4<0>, C4<0>, C4<0>;
L_0x55fef3ca8c50 .functor XOR 1, L_0x55fef3ca8ae0, L_0x55fef3ca8b80, C4<0>, C4<0>;
L_0x55fef3ca8dc0 .functor NOT 1, L_0x55fef3ca8c50, C4<0>, C4<0>, C4<0>;
L_0x55fef3ca9000 .functor AND 1, L_0x55fef3ca8e80, L_0x55fef3ca8f20, C4<1>, C4<1>;
L_0x55fef3ca90b0 .functor NOT 1, L_0x55fef3ca9000, C4<0>, C4<0>, C4<0>;
L_0x55fef3ca9170 .functor XOR 1, L_0x55fef3ca90b0, L_0x55fef3ca8dc0, C4<0>, C4<0>;
L_0x55fef3ca92d0 .functor NOT 1, L_0x55fef3ca9170, C4<0>, C4<0>, C4<0>;
L_0x55fef3ca9390 .functor NOT 1, L_0x55fef3ca92d0, C4<0>, C4<0>, C4<0>;
L_0x55fef3ca9640 .functor XOR 1, L_0x55fef3ca94b0, L_0x55fef3ca9550, C4<0>, C4<0>;
L_0x55fef3ca98a0 .functor AND 1, L_0x55fef3ca9700, L_0x55fef3ca97a0, C4<1>, C4<1>;
L_0x55fef3ca99d0 .functor NOT 1, L_0x55fef3ca98a0, C4<0>, C4<0>, C4<0>;
L_0x55fef3ca9a90 .functor OR 1, L_0x55fef3ca90b0, L_0x55fef3ca8dc0, C4<0>, C4<0>;
L_0x55fef3ca9960 .functor AND 1, L_0x55fef3ca9a90, L_0x55fef3ca99d0, C4<1>, C4<1>;
L_0x55fef3ca9c20 .functor NOT 1, L_0x55fef3ca9960, C4<0>, C4<0>, C4<0>;
L_0x55fef3ca9d70 .functor XOR 1, L_0x55fef3ca9c20, L_0x55fef3ca9640, C4<0>, C4<0>;
L_0x55fef3caa030 .functor XOR 1, L_0x55fef3ca9e80, L_0x55fef3ca9f20, C4<0>, C4<0>;
L_0x55fef3caa1e0 .functor NOT 1, L_0x55fef3caa030, C4<0>, C4<0>, C4<0>;
L_0x55fef3ca9fc0 .functor AND 1, L_0x55fef3caa2a0, L_0x55fef3caa340, C4<1>, C4<1>;
L_0x55fef3caa5e0 .functor NOT 1, L_0x55fef3ca9fc0, C4<0>, C4<0>, C4<0>;
L_0x55fef3caa6a0 .functor NOT 1, L_0x55fef3caa5e0, C4<0>, C4<0>, C4<0>;
L_0x55fef3caa820 .functor AND 1, L_0x55fef3ca9c20, L_0x55fef3ca9640, C4<1>, C4<1>;
L_0x55fef3caa890 .functor OR 1, L_0x55fef3caa820, L_0x55fef3caa6a0, C4<0>, C4<0>;
L_0x55fef3caaa70 .functor NOT 1, L_0x55fef3caa890, C4<0>, C4<0>, C4<0>;
L_0x55fef3caab30 .functor XOR 1, L_0x55fef3caaa70, L_0x55fef3caa1e0, C4<0>, C4<0>;
L_0x55fef3caae50 .functor XOR 1, L_0x55fef3caa140, L_0x55fef3caad20, C4<0>, C4<0>;
L_0x55fef3caaf60 .functor NOT 1, L_0x55fef3caae50, C4<0>, C4<0>, C4<0>;
L_0x55fef3cab2f0 .functor AND 1, L_0x55fef3cab110, L_0x55fef3cab1b0, C4<1>, C4<1>;
L_0x55fef3cab430 .functor NOT 1, L_0x55fef3cab2f0, C4<0>, C4<0>, C4<0>;
L_0x55fef3cab5f0 .functor OR 1, L_0x55fef3caa5e0, L_0x55fef3caa1e0, C4<0>, C4<0>;
L_0x55fef3cab660 .functor AND 1, L_0x55fef3cab5f0, L_0x55fef3cab430, C4<1>, C4<1>;
L_0x55fef3cab880 .functor NOT 1, L_0x55fef3cab660, C4<0>, C4<0>, C4<0>;
L_0x55fef3cab940 .functor NOT 1, L_0x55fef3caa1e0, C4<0>, C4<0>, C4<0>;
L_0x55fef3cabad0 .functor AND 1, L_0x55fef3ca9640, L_0x55fef3cab940, C4<1>, C4<1>;
L_0x55fef3cabb40 .functor AND 1, L_0x55fef3cabad0, L_0x55fef3ca9c20, C4<1>, C4<1>;
L_0x55fef3cab9b0 .functor OR 1, L_0x55fef3cabb40, L_0x55fef3cab880, C4<0>, C4<0>;
L_0x55fef3cabce0 .functor NOT 1, L_0x55fef3cab9b0, C4<0>, C4<0>, C4<0>;
L_0x55fef3cabe90 .functor XOR 1, L_0x55fef3cabce0, L_0x55fef3caaf60, C4<0>, C4<0>;
L_0x55fef3cac190 .functor XOR 1, L_0x55fef3cabfa0, L_0x55fef3cac040, C4<0>, C4<0>;
L_0x55fef3cac3f0 .functor NOT 1, L_0x55fef3cac190, C4<0>, C4<0>, C4<0>;
L_0x55fef3cac4b0 .functor NOT 1, L_0x55fef3cac3f0, C4<0>, C4<0>, C4<0>;
L_0x55fef3cac830 .functor AND 1, L_0x55fef3cab250, L_0x55fef3cac6d0, C4<1>, C4<1>;
L_0x55fef3cac970 .functor NOT 1, L_0x55fef3cac830, C4<0>, C4<0>, C4<0>;
L_0x55fef3cacba0 .functor OR 1, L_0x55fef3cabce0, L_0x55fef3caaf60, C4<0>, C4<0>;
L_0x55fef3cacc10 .functor AND 1, L_0x55fef3cacba0, L_0x55fef3cac970, C4<1>, C4<1>;
L_0x55fef3cacea0 .functor NOT 1, L_0x55fef3cacc10, C4<0>, C4<0>, C4<0>;
L_0x55fef3cacf60 .functor XOR 1, L_0x55fef3cacea0, L_0x55fef3cac4b0, C4<0>, C4<0>;
L_0x55fef3cad410 .functor XOR 1, L_0x55fef3cad200, L_0x55fef3cad2a0, C4<0>, C4<0>;
L_0x55fef3cad740 .functor AND 1, L_0x55fef3cad520, L_0x55fef3cad5c0, C4<1>, C4<1>;
L_0x55fef3cada20 .functor NOT 1, L_0x55fef3cad740, C4<0>, C4<0>, C4<0>;
L_0x55fef3cadae0 .functor OR 1, L_0x55fef3cac970, L_0x55fef3cac3f0, C4<0>, C4<0>;
L_0x55fef3cadd00 .functor AND 1, L_0x55fef3cadae0, L_0x55fef3cada20, C4<1>, C4<1>;
L_0x55fef3cade10 .functor NOT 1, L_0x55fef3cadd00, C4<0>, C4<0>, C4<0>;
L_0x55fef3cae090 .functor NOT 1, L_0x55fef3cade10, C4<0>, C4<0>, C4<0>;
L_0x55fef3cae150 .functor OR 1, L_0x55fef3cac3f0, L_0x55fef3caaf60, C4<0>, C4<0>;
L_0x55fef3cae420 .functor OR 1, L_0x55fef3cae150, L_0x55fef3cabce0, C4<0>, C4<0>;
L_0x55fef3cae520 .functor AND 1, L_0x55fef3cae420, L_0x55fef3cae090, C4<1>, C4<1>;
L_0x55fef3cae770 .functor NOT 1, L_0x55fef3cae520, C4<0>, C4<0>, C4<0>;
L_0x55fef3cae830 .functor XOR 1, L_0x55fef3cae770, L_0x55fef3cad410, C4<0>, C4<0>;
L_0x55fef3caed60 .functor XOR 1, L_0x55fef3caeb30, L_0x55fef3caebd0, C4<0>, C4<0>;
L_0x55fef3caee70 .functor NOT 1, L_0x55fef3caed60, C4<0>, C4<0>, C4<0>;
L_0x55fef3caf580 .functor AND 1, L_0x55fef3caf130, L_0x55fef3caf1d0, C4<1>, C4<1>;
L_0x55fef3caf6c0 .functor NOT 1, L_0x55fef3caf580, C4<0>, C4<0>, C4<0>;
L_0x55fef3caf990 .functor NOT 1, L_0x55fef3caf6c0, C4<0>, C4<0>, C4<0>;
L_0x55fef3cafa50 .functor AND 1, L_0x55fef3cae770, L_0x55fef3cad410, C4<1>, C4<1>;
L_0x55fef3cafce0 .functor OR 1, L_0x55fef3cafa50, L_0x55fef3caf990, C4<0>, C4<0>;
L_0x55fef3cafdf0 .functor NOT 1, L_0x55fef3cafce0, C4<0>, C4<0>, C4<0>;
L_0x55fef3cb00e0 .functor XOR 1, L_0x55fef3cafdf0, L_0x55fef3caee70, C4<0>, C4<0>;
L_0x55fef3cb0440 .functor XOR 1, L_0x55fef3cb01f0, L_0x55fef3cb0290, C4<0>, C4<0>;
L_0x55fef3cb09f0 .functor AND 1, L_0x55fef3cb0790, L_0x55fef3cb0830, C4<1>, C4<1>;
L_0x55fef3cb0b30 .functor NOT 1, L_0x55fef3cb09f0, C4<0>, C4<0>, C4<0>;
L_0x55fef3cb0e40 .functor OR 1, L_0x55fef3caf6c0, L_0x55fef3caee70, C4<0>, C4<0>;
L_0x55fef3cb0eb0 .functor AND 1, L_0x55fef3cb0e40, L_0x55fef3cb0b30, C4<1>, C4<1>;
L_0x55fef3cb1220 .functor NOT 1, L_0x55fef3cb0eb0, C4<0>, C4<0>, C4<0>;
L_0x55fef3cb12e0 .functor NOT 1, L_0x55fef3caee70, C4<0>, C4<0>, C4<0>;
L_0x55fef3cb1650 .functor AND 1, L_0x55fef3cad410, L_0x55fef3cb12e0, C4<1>, C4<1>;
L_0x55fef3cb1750 .functor AND 1, L_0x55fef3cb1650, L_0x55fef3cade10, C4<1>, C4<1>;
L_0x55fef3cb1a40 .functor OR 1, L_0x55fef3cb1750, L_0x55fef3cb1220, C4<0>, C4<0>;
L_0x55fef3cb1b50 .functor NOT 1, L_0x55fef3cb1a40, C4<0>, C4<0>, C4<0>;
L_0x55fef3cb1ea0 .functor NOT 1, L_0x55fef3cb1650, C4<0>, C4<0>, C4<0>;
L_0x55fef3cb1f10 .functor OR 1, L_0x55fef3cae150, L_0x55fef3cb1ea0, C4<0>, C4<0>;
L_0x55fef3cb2270 .functor OR 1, L_0x55fef3cb1f10, L_0x55fef3cabce0, C4<0>, C4<0>;
L_0x55fef3cb2330 .functor AND 1, L_0x55fef3cb2270, L_0x55fef3cb1b50, C4<1>, C4<1>;
L_0x55fef3cb26f0 .functor NOT 1, L_0x55fef3cb2330, C4<0>, C4<0>, C4<0>;
L_0x55fef3cb27b0 .functor XOR 1, L_0x55fef3cb26f0, L_0x55fef3cb0440, C4<0>, C4<0>;
L_0x55fef3cb08d0 .functor XOR 1, L_0x55fef3cb2b80, L_0x55fef3cb2c20, C4<0>, C4<0>;
L_0x55fef3cb3070 .functor AND 1, L_0x55fef3cb2df0, L_0x55fef3cb2e90, C4<1>, C4<1>;
L_0x55fef3cb3480 .functor NOT 1, L_0x55fef3cb3070, C4<0>, C4<0>, C4<0>;
L_0x55fef3cb3540 .functor NOT 1, L_0x55fef3cb3480, C4<0>, C4<0>, C4<0>;
L_0x55fef3cb38e0 .functor AND 1, L_0x55fef3cb26f0, L_0x55fef3cb0440, C4<1>, C4<1>;
L_0x55fef3cb3950 .functor OR 1, L_0x55fef3cb38e0, L_0x55fef3cb3540, C4<0>, C4<0>;
L_0x55fef3cb3d50 .functor NOT 1, L_0x55fef3cb3950, C4<0>, C4<0>, C4<0>;
L_0x55fef3cb3e10 .functor XOR 1, L_0x55fef3cb3d50, L_0x55fef3cb08d0, C4<0>, C4<0>;
L_0x55fef3cb4220 .functor NOT 1, L_0x55fef3cb3e10, C4<0>, C4<0>, C4<0>;
L_0x55fef3cb4570 .functor XOR 1, L_0x55fef3cb42e0, L_0x55fef3cb4380, C4<0>, C4<0>;
L_0x55fef3cb4990 .functor OR 1, L_0x55fef3cb1f10, L_0x55fef3cabce0, C4<0>, C4<0>;
L_0x55fef3cb4a00 .functor AND 1, L_0x55fef3cb4990, L_0x55fef3cb1b50, C4<1>, C4<1>;
L_0x55fef3cb50b0 .functor AND 1, L_0x55fef3cb4de0, L_0x55fef3cb4e80, C4<1>, C4<1>;
L_0x55fef3cb51f0 .functor AND 1, L_0x55fef3cb3540, L_0x55fef3cb08d0, C4<1>, C4<1>;
L_0x55fef3cb5590 .functor OR 1, L_0x55fef3cb51f0, L_0x55fef3cb50b0, C4<0>, C4<0>;
L_0x55fef3cb56a0 .functor NOT 1, L_0x55fef3cb5590, C4<0>, C4<0>, C4<0>;
L_0x55fef3cb5aa0 .functor AND 1, L_0x55fef3cb08d0, L_0x55fef3cb0440, C4<1>, C4<1>;
L_0x55fef3cb5c30 .functor NOT 1, L_0x55fef3cb5aa0, C4<0>, C4<0>, C4<0>;
L_0x55fef3cb5ff0 .functor OR 1, L_0x55fef3cb5c30, L_0x55fef3cb4a00, C4<0>, C4<0>;
L_0x55fef3cb60b0 .functor AND 1, L_0x55fef3cb5ff0, L_0x55fef3cb56a0, C4<1>, C4<1>;
L_0x55fef3cb6520 .functor NOT 1, L_0x55fef3cb60b0, C4<0>, C4<0>, C4<0>;
L_0x55fef3cb65e0 .functor XOR 1, L_0x55fef3cb6520, L_0x55fef3cb4570, C4<0>, C4<0>;
L_0x55fef3cb6d10 .functor XOR 1, L_0x55fef3cb6a60, L_0x55fef3cb6b00, C4<0>, C4<0>;
L_0x55fef3cb70e0 .functor AND 1, L_0x55fef3cb6e20, L_0x55fef3cb6ec0, C4<1>, C4<1>;
L_0x55fef3cb7570 .functor NOT 1, L_0x55fef3cb70e0, C4<0>, C4<0>, C4<0>;
L_0x55fef3cb7630 .functor NOT 1, L_0x55fef3cb7570, C4<0>, C4<0>, C4<0>;
L_0x55fef3cb7a80 .functor AND 1, L_0x55fef3cb6520, L_0x55fef3cb4570, C4<1>, C4<1>;
L_0x55fef3cb7af0 .functor OR 1, L_0x55fef3cb7a80, L_0x55fef3cb7630, C4<0>, C4<0>;
L_0x55fef3cb7fa0 .functor NOT 1, L_0x55fef3cb7af0, C4<0>, C4<0>, C4<0>;
L_0x55fef3cb8060 .functor XOR 1, L_0x55fef3cb7fa0, L_0x55fef3cb6d10, C4<0>, C4<0>;
L_0x55fef3cb8520 .functor NOT 1, L_0x55fef3cb8060, C4<0>, C4<0>, C4<0>;
L_0x55fef3cb88b0 .functor XOR 1, L_0x55fef3cb85e0, L_0x55fef3cb8680, C4<0>, C4<0>;
L_0x55fef3cb8d80 .functor NOT 1, L_0x55fef3cb88b0, C4<0>, C4<0>, C4<0>;
L_0x55fef3cb9120 .functor AND 1, L_0x55fef3cb8e40, L_0x55fef3cb8ee0, C4<1>, C4<1>;
L_0x55fef3cb9630 .functor AND 1, L_0x55fef3cb7630, L_0x55fef3cb6d10, C4<1>, C4<1>;
L_0x55fef3cb96a0 .functor OR 1, L_0x55fef3cb9630, L_0x55fef3cb9120, C4<0>, C4<0>;
L_0x55fef3cb9b90 .functor NOT 1, L_0x55fef3cb96a0, C4<0>, C4<0>, C4<0>;
L_0x55fef3cb9c50 .functor AND 1, L_0x55fef3cb6d10, L_0x55fef3cb4570, C4<1>, C4<1>;
L_0x55fef3cba1d0 .functor NOT 1, L_0x55fef3cb9c50, C4<0>, C4<0>, C4<0>;
L_0x55fef3cba240 .functor OR 1, L_0x55fef3cba1d0, L_0x55fef3cb56a0, C4<0>, C4<0>;
L_0x55fef3cba6b0 .functor AND 1, L_0x55fef3cba240, L_0x55fef3cb9b90, C4<1>, C4<1>;
L_0x55fef3cba7c0 .functor NOT 1, L_0x55fef3cba6b0, C4<0>, C4<0>, C4<0>;
L_0x55fef3cbac90 .functor OR 1, L_0x55fef3cba1d0, L_0x55fef3cb5c30, C4<0>, C4<0>;
L_0x55fef3cbad00 .functor NOT 1, L_0x55fef3cbac90, C4<0>, C4<0>, C4<0>;
L_0x55fef3cbb1e0 .functor AND 1, L_0x55fef3cbad00, L_0x55fef3cb26f0, C4<1>, C4<1>;
L_0x55fef3cbb330 .functor OR 1, L_0x55fef3cbb1e0, L_0x55fef3cba7c0, C4<0>, C4<0>;
L_0x55fef3cbadc0 .functor NOT 1, L_0x55fef3cbb330, C4<0>, C4<0>, C4<0>;
L_0x55fef3cbae80 .functor XOR 1, L_0x55fef3cbadc0, L_0x55fef3cb8d80, C4<0>, C4<0>;
L_0x55fef3cbb0d0 .functor XOR 1, L_0x55fef3cbaf90, L_0x55fef3cbb030, C4<0>, C4<0>;
L_0x55fef3cbb9e0 .functor NOT 1, L_0x55fef3cbb0d0, C4<0>, C4<0>, C4<0>;
L_0x55fef3cbb3f0 .functor NOT 1, L_0x55fef3cbb9e0, C4<0>, C4<0>, C4<0>;
L_0x55fef3cbb7b0 .functor AND 1, L_0x55fef3cbb4b0, L_0x55fef3cbb550, C4<1>, C4<1>;
L_0x55fef3cbbaa0 .functor NOT 1, L_0x55fef3cbb7b0, C4<0>, C4<0>, C4<0>;
L_0x55fef3cbbb60 .functor OR 1, L_0x55fef3cbadc0, L_0x55fef3cb8d80, C4<0>, C4<0>;
L_0x55fef3cbbbd0 .functor AND 1, L_0x55fef3cbbb60, L_0x55fef3cbbaa0, C4<1>, C4<1>;
L_0x55fef3cbbce0 .functor NOT 1, L_0x55fef3cbbbd0, C4<0>, C4<0>, C4<0>;
L_0x55fef3cbbda0 .functor XOR 1, L_0x55fef3cbbce0, L_0x55fef3cbb3f0, C4<0>, C4<0>;
L_0x55fef3cbc750 .functor XOR 1, L_0x55fef3cbc440, L_0x55fef3cbc4e0, C4<0>, C4<0>;
L_0x55fef3cbbfc0 .functor NOT 1, L_0x55fef3cbc750, C4<0>, C4<0>, C4<0>;
L_0x55fef3cbc080 .functor NOT 1, L_0x55fef3cbbfc0, C4<0>, C4<0>, C4<0>;
L_0x55fef3cbc280 .functor AND 1, L_0x55fef3cbc140, L_0x55fef3cbc1e0, C4<1>, C4<1>;
L_0x55fef3cbc3c0 .functor AND 1, L_0x55fef3cbb7b0, L_0x55fef3cbb3f0, C4<1>, C4<1>;
L_0x55fef3cbc860 .functor OR 1, L_0x55fef3cbc3c0, L_0x55fef3cbc280, C4<0>, C4<0>;
L_0x55fef3cbc970 .functor NOT 1, L_0x55fef3cbc860, C4<0>, C4<0>, C4<0>;
L_0x55fef3cbca30 .functor OR 1, L_0x55fef3cbb9e0, L_0x55fef3cb8d80, C4<0>, C4<0>;
L_0x55fef3cbcb30 .functor OR 1, L_0x55fef3cbca30, L_0x55fef3cbadc0, C4<0>, C4<0>;
L_0x55fef3cbcc30 .functor AND 1, L_0x55fef3cbcb30, L_0x55fef3cbc970, C4<1>, C4<1>;
L_0x55fef3cbd3b0 .functor NOT 1, L_0x55fef3cbcc30, C4<0>, C4<0>, C4<0>;
L_0x55fef3cbcee0 .functor XOR 1, L_0x55fef3cbd3b0, L_0x55fef3cbc080, C4<0>, C4<0>;
L_0x55fef3cbd320 .functor XOR 1, L_0x55fef3cbcff0, L_0x55fef3cbd090, C4<0>, C4<0>;
L_0x55fef3cbd470 .functor NOT 1, L_0x55fef3cbd320, C4<0>, C4<0>, C4<0>;
L_0x55fef3cbd870 .functor AND 1, L_0x55fef3cbd530, L_0x55fef3cbd5d0, C4<1>, C4<1>;
L_0x55fef3cbd9f0 .functor AND 1, L_0x55fef3cbd3b0, L_0x55fef3cbc080, C4<1>, C4<1>;
L_0x55fef3cbda60 .functor OR 1, L_0x55fef3cbd9f0, L_0x55fef3cbd870, C4<0>, C4<0>;
L_0x55fef3cbdb70 .functor NOT 1, L_0x55fef3cbda60, C4<0>, C4<0>, C4<0>;
L_0x55fef3cbdc30 .functor XOR 1, L_0x55fef3cbdb70, L_0x55fef3cbd470, C4<0>, C4<0>;
L_0x55fef3cbe4a0 .functor XOR 1, L_0x55fef3ca92d0, L_0x55fef3cbdd90, C4<0>, C4<0>;
L_0x55fef3cbe8f0 .functor XOR 1, L_0x55fef3cbe510, L_0x55fef3cbe7c0, C4<0>, C4<0>;
L_0x55fef3cbdf80 .functor NOT 1, L_0x55fef3cbe8f0, C4<0>, C4<0>, C4<0>;
L_0x55fef3cbe040 .functor XOR 1, L_0x55fef3cbdf80, L_0x55fef3cbe4a0, C4<0>, C4<0>;
L_0x55fef3cbe410 .functor XOR 1, L_0x55fef3cbe150, L_0x55fef3cbeef0, C4<0>, C4<0>;
L_0x55fef3cbf3a0 .functor XOR 1, L_0x55fef3cbf030, L_0x55fef3cbf300, C4<0>, C4<0>;
L_0x55fef3cbe9b0 .functor NOT 1, L_0x55fef3cbf3a0, C4<0>, C4<0>, C4<0>;
L_0x55fef3cbea70 .functor XOR 1, L_0x55fef3cbe9b0, L_0x55fef3cbe410, C4<0>, C4<0>;
L_0x55fef3cbeb80 .functor XOR 1, L_0x55fef3cbea70, L_0x55fef3cbe040, C4<0>, C4<0>;
L_0x55fef3cbedd0 .functor XOR 1, L_0x55fef3cbec90, L_0x55fef3cbed30, C4<0>, C4<0>;
L_0x55fef3cbf4b0 .functor NOT 1, L_0x55fef3cbedd0, C4<0>, C4<0>, C4<0>;
L_0x55fef3cbf900 .functor XOR 1, L_0x55fef3cbf570, L_0x55fef3cbf860, C4<0>, C4<0>;
L_0x55fef3cc01d0 .functor NOT 1, L_0x55fef3cbf900, C4<0>, C4<0>, C4<0>;
L_0x55fef3cc0290 .functor XOR 1, L_0x55fef3cc01d0, L_0x55fef3cbf4b0, C4<0>, C4<0>;
L_0x55fef3cbfff0 .functor XOR 1, L_0x55fef3cbfc50, L_0x55fef3cbff50, C4<0>, C4<0>;
L_0x55fef3cc0100 .functor NOT 1, L_0x55fef3cbd470, C4<0>, C4<0>, C4<0>;
L_0x55fef3cc0940 .functor XOR 1, L_0x55fef3cbdb70, L_0x55fef3cc0100, C4<0>, C4<0>;
L_0x55fef3cc0cc0 .functor XOR 1, L_0x55fef3cc0940, L_0x55fef3cc09b0, C4<0>, C4<0>;
L_0x55fef3cc03a0 .functor XOR 1, L_0x55fef3cc0cc0, L_0x55fef3cbfff0, C4<0>, C4<0>;
L_0x55fef3cc04b0 .functor XOR 1, L_0x55fef3cc03a0, L_0x55fef3cc0290, C4<0>, C4<0>;
L_0x55fef3cc05c0 .functor XOR 1, L_0x55fef3cc04b0, L_0x55fef3cbeb80, C4<0>, C4<0>;
L_0x55fef3cc07c0 .functor NOT 1, L_0x55fef3cc0720, C4<0>, C4<0>, C4<0>;
L_0x55fef3cc0880 .functor AND 1, L_0x55fef3ca92d0, L_0x55fef3cc07c0, C4<1>, C4<1>;
L_0x55fef3cc1760 .functor OR 1, L_0x55fef3cc13a0, L_0x55fef3cc16c0, C4<0>, C4<0>;
L_0x55fef3cc0dd0 .functor NOT 1, L_0x55fef3cc1760, C4<0>, C4<0>, C4<0>;
L_0x55fef3cc0e90 .functor AND 1, L_0x55fef3cc0880, L_0x55fef3cc0dd0, C4<1>, C4<1>;
L_0x55fef3cc1e10 .functor OR 1, L_0x55fef3cc0fa0, L_0x55fef3cc12d0, C4<0>, C4<0>;
L_0x55fef3cc2300 .functor OR 1, L_0x55fef3cc1f20, L_0x55fef3cc2260, C4<0>, C4<0>;
L_0x55fef3cc1820 .functor OR 1, L_0x55fef3cc2300, L_0x55fef3cc1e10, C4<0>, C4<0>;
L_0x55fef3cc1930 .functor NOT 1, L_0x55fef3cc1820, C4<0>, C4<0>, C4<0>;
L_0x55fef3cc19f0 .functor AND 1, L_0x55fef3cc0e90, L_0x55fef3cc1930, C4<1>, C4<1>;
L_0x55fef3cc1c40 .functor OR 1, L_0x55fef3cc1b00, L_0x55fef3cc1ba0, C4<0>, C4<0>;
L_0x55fef3cc2770 .functor OR 1, L_0x55fef3cc1d50, L_0x55fef3cc26d0, C4<0>, C4<0>;
L_0x55fef3cc2880 .functor OR 1, L_0x55fef3cc2770, L_0x55fef3cc1c40, C4<0>, C4<0>;
L_0x55fef3cc2990 .functor OR 1, L_0x55fef3cc3300, L_0x55fef3cc3670, C4<0>, C4<0>;
L_0x55fef3cc3b30 .functor OR 1, L_0x55fef3cbdc30, L_0x55fef3cc37b0, C4<0>, C4<0>;
L_0x55fef3cc2cd0 .functor OR 1, L_0x55fef3cc3b30, L_0x55fef3cc2990, C4<0>, C4<0>;
L_0x55fef3cc2de0 .functor OR 1, L_0x55fef3cc2cd0, L_0x55fef3cc2880, C4<0>, C4<0>;
L_0x55fef3cc2ef0 .functor NOT 1, L_0x55fef3cc2de0, C4<0>, C4<0>, C4<0>;
L_0x55fef3cc2fb0 .functor AND 1, L_0x55fef3cc19f0, L_0x55fef3cc2ef0, C4<1>, C4<1>;
L_0x55fef3cc31b0 .functor XOR 1, L_0x55fef3cc0940, L_0x55fef3cc3110, C4<0>, C4<0>;
L_0x55fef3cc3270 .functor NOT 1, L_0x55fef3cc31b0, C4<0>, C4<0>, C4<0>;
L_0x55fef3cc3bf0 .functor AND 1, L_0x55fef3cbd470, L_0x55fef3cc3270, C4<1>, C4<1>;
L_0x55fef3cc4170 .functor AND 1, L_0x55fef3cc3d40, L_0x55fef3cc40d0, C4<1>, C4<1>;
L_0x55fef3cc42a0 .functor AND 1, L_0x55fef3cbd870, L_0x55fef3cc0100, C4<1>, C4<1>;
L_0x55fef3cc4310 .functor OR 1, L_0x55fef3cc42a0, L_0x55fef3cc4170, C4<0>, C4<0>;
L_0x55fef3cc4420 .functor NOT 1, L_0x55fef3cc4310, C4<0>, C4<0>, C4<0>;
L_0x55fef3cc44e0 .functor OR 1, L_0x55fef3cbd470, L_0x55fef3cbbfc0, C4<0>, C4<0>;
L_0x55fef3cc4550 .functor OR 1, L_0x55fef3cc44e0, L_0x55fef3cbc970, C4<0>, C4<0>;
L_0x55fef3cc4610 .functor AND 1, L_0x55fef3cc4550, L_0x55fef3cc4420, C4<1>, C4<1>;
L_0x55fef3cc4720 .functor NOT 1, L_0x55fef3cc4610, C4<0>, C4<0>, C4<0>;
L_0x55fef3cc47e0 .functor OR 1, L_0x55fef3cc44e0, L_0x55fef3cbca30, C4<0>, C4<0>;
L_0x55fef3cc4850 .functor NOT 1, L_0x55fef3cc47e0, C4<0>, C4<0>, C4<0>;
L_0x55fef3cc5020 .functor AND 1, L_0x55fef3cc4850, L_0x55fef3cba7c0, C4<1>, C4<1>;
L_0x55fef3cc4960 .functor OR 1, L_0x55fef3cc5020, L_0x55fef3cc4720, C4<0>, C4<0>;
L_0x55fef3cc4a70 .functor NOT 1, L_0x55fef3cc4960, C4<0>, C4<0>, C4<0>;
L_0x55fef3cc4b30 .functor AND 1, L_0x55fef3cc4850, L_0x55fef3cbad00, C4<1>, C4<1>;
L_0x55fef3cc4ba0 .functor NOT 1, L_0x55fef3cc4b30, C4<0>, C4<0>, C4<0>;
L_0x55fef3cc4c60 .functor OR 1, L_0x55fef3cc4ba0, L_0x55fef3cb4a00, C4<0>, C4<0>;
L_0x55fef3cc4d20 .functor AND 1, L_0x55fef3cc4c60, L_0x55fef3cc4a70, C4<1>, C4<1>;
L_0x55fef3cc4e30 .functor NOT 1, L_0x55fef3cc4d20, C4<0>, C4<0>, C4<0>;
L_0x55fef3cc4f40 .functor BUFZ 1, L_0x55fef3cc4e30, C4<0>, C4<0>, C4<0>;
L_0x55fef3cc4fb0 .functor BUFZ 1, L_0x55fef3cc3bf0, C4<0>, C4<0>, C4<0>;
L_0x55fef3cc57f0 .functor BUFZ 1, L_0x55fef3cc05c0, C4<0>, C4<0>, C4<0>;
L_0x55fef3cc50e0 .functor BUFZ 1, L_0x55fef3cbdc30, C4<0>, C4<0>, C4<0>;
L_0x55fef3cc5770 .functor BUFZ 1, L_0x55fef3cbdc30, C4<0>, C4<0>, C4<0>;
L_0x55fef3cc5d00 .functor BUFZ 1, L_0x55fef3cc2fb0, C4<0>, C4<0>, C4<0>;
v0x55fef3c2bf60_0 .net "Carry", 0 0, L_0x55fef3cc4e30;  alias, 1 drivers
v0x55fef3c27840_0 .net "Carry_reg", 0 0, L_0x55fef3cc4f40;  1 drivers
v0x55fef3c240c0_0 .net "Overflow", 0 0, L_0x55fef3cc3bf0;  alias, 1 drivers
v0x55fef3c21100_0 .net "Overflow_reg", 0 0, L_0x55fef3cc4fb0;  1 drivers
v0x55fef3c1e180_0 .net "Parity", 0 0, L_0x55fef3cc05c0;  alias, 1 drivers
v0x55fef3c95ac0_0 .net "Parity_reg", 0 0, L_0x55fef3cc57f0;  1 drivers
v0x55fef3c95ba0_0 .net "Sign", 0 0, L_0x55fef3cbdc30;  alias, 1 drivers
v0x55fef3c95c80_0 .net "Sign_reg", 0 0, L_0x55fef3cc50e0;  1 drivers
v0x55fef3c95d60_0 .net "X", 15 0, v0x55fef3ca82e0_0;  1 drivers
v0x55fef3c95e60_0 .net "Y", 15 0, v0x55fef3ca83d0_0;  1 drivers
v0x55fef3c95f60_0 .net "Z", 15 0, L_0x55fef3cc51e0;  alias, 1 drivers
v0x55fef3c96060_0 .net "Z_reg", 15 0, L_0x55fef3cc5900;  1 drivers
v0x55fef3c96160_0 .net "Zero", 0 0, L_0x55fef3cc2fb0;  alias, 1 drivers
v0x55fef3c96240_0 .net "Zero_reg", 0 0, L_0x55fef3cc5d00;  1 drivers
v0x55fef3c96320_0 .net "_000_", 0 0, L_0x55fef3cb3480;  1 drivers
v0x55fef3c963e0_0 .net "_001_", 0 0, L_0x55fef3cb3540;  1 drivers
v0x55fef3c964a0_0 .net "_002_", 0 0, L_0x55fef3cb3d50;  1 drivers
v0x55fef3c96560_0 .net "_003_", 0 0, L_0x55fef3cb4570;  1 drivers
v0x55fef3c96620_0 .net "_004_", 0 0, L_0x55fef3cb4990;  1 drivers
v0x55fef3c966e0_0 .net "_005_", 0 0, L_0x55fef3cb4a00;  1 drivers
v0x55fef3c967a0_0 .net "_006_", 0 0, L_0x55fef3cb50b0;  1 drivers
v0x55fef3c96860_0 .net "_007_", 0 0, L_0x55fef3cb56a0;  1 drivers
v0x55fef3c96920_0 .net "_008_", 0 0, L_0x55fef3cb5c30;  1 drivers
v0x55fef3c969e0_0 .net "_009_", 0 0, L_0x55fef3cb6520;  1 drivers
v0x55fef3c96aa0_0 .net "_010_", 0 0, L_0x55fef3cb6d10;  1 drivers
v0x55fef3c96b60_0 .net "_011_", 0 0, L_0x55fef3cb7570;  1 drivers
v0x55fef3c96c20_0 .net "_012_", 0 0, L_0x55fef3cb7630;  1 drivers
v0x55fef3c96ce0_0 .net "_013_", 0 0, L_0x55fef3cb7fa0;  1 drivers
v0x55fef3c96da0_0 .net "_014_", 0 0, L_0x55fef3cb8d80;  1 drivers
v0x55fef3c96e60_0 .net "_015_", 0 0, L_0x55fef3cb9120;  1 drivers
v0x55fef3c96f20_0 .net "_016_", 0 0, L_0x55fef3cb9b90;  1 drivers
v0x55fef3c96fe0_0 .net "_017_", 0 0, L_0x55fef3cba1d0;  1 drivers
v0x55fef3c970a0_0 .net "_018_", 0 0, L_0x55fef3cba7c0;  1 drivers
v0x55fef3c97370_0 .net "_019_", 0 0, L_0x55fef3cbad00;  1 drivers
v0x55fef3c97430_0 .net "_020_", 0 0, L_0x55fef3cbadc0;  1 drivers
v0x55fef3c974f0_0 .net "_021_", 0 0, L_0x55fef3cbb9e0;  1 drivers
v0x55fef3c975b0_0 .net "_022_", 0 0, L_0x55fef3cbb3f0;  1 drivers
v0x55fef3c97670_0 .net "_023_", 0 0, L_0x55fef3cbb7b0;  1 drivers
v0x55fef3c97730_0 .net "_024_", 0 0, L_0x55fef3cbbaa0;  1 drivers
v0x55fef3c977f0_0 .net "_025_", 0 0, L_0x55fef3cbbce0;  1 drivers
v0x55fef3c978b0_0 .net "_026_", 0 0, L_0x55fef3cbbfc0;  1 drivers
v0x55fef3c97970_0 .net "_027_", 0 0, L_0x55fef3cbc080;  1 drivers
v0x55fef3c97a30_0 .net "_028_", 0 0, L_0x55fef3cbc280;  1 drivers
v0x55fef3c97af0_0 .net "_029_", 0 0, L_0x55fef3cbc970;  1 drivers
v0x55fef3c97bb0_0 .net "_030_", 0 0, L_0x55fef3cbca30;  1 drivers
v0x55fef3c97c70_0 .net "_031_", 0 0, L_0x55fef3cbd3b0;  1 drivers
v0x55fef3c97d30_0 .net "_032_", 0 0, L_0x55fef3cbd470;  1 drivers
v0x55fef3c97df0_0 .net "_033_", 0 0, L_0x55fef3cbd870;  1 drivers
v0x55fef3c97eb0_0 .net "_034_", 0 0, L_0x55fef3cbdb70;  1 drivers
v0x55fef3c97f70_0 .net "_035_", 0 0, L_0x55fef3cbe4a0;  1 drivers
v0x55fef3c98030_0 .net "_036_", 0 0, L_0x55fef3cbdf80;  1 drivers
v0x55fef3c980f0_0 .net "_037_", 0 0, L_0x55fef3cbe040;  1 drivers
v0x55fef3c981b0_0 .net "_038_", 0 0, L_0x55fef3cbe410;  1 drivers
v0x55fef3c98270_0 .net "_039_", 0 0, L_0x55fef3cbe9b0;  1 drivers
v0x55fef3c98330_0 .net "_040_", 0 0, L_0x55fef3cbea70;  1 drivers
v0x55fef3c983f0_0 .net "_041_", 0 0, L_0x55fef3cbeb80;  1 drivers
v0x55fef3c984b0_0 .net "_042_", 0 0, L_0x55fef3cbf4b0;  1 drivers
v0x55fef3c98570_0 .net "_043_", 0 0, L_0x55fef3cc01d0;  1 drivers
v0x55fef3c98630_0 .net "_044_", 0 0, L_0x55fef3cc0290;  1 drivers
v0x55fef3c986f0_0 .net "_045_", 0 0, L_0x55fef3cbfff0;  1 drivers
v0x55fef3c987b0_0 .net "_046_", 0 0, L_0x55fef3cc0100;  1 drivers
v0x55fef3c98870_0 .net "_047_", 0 0, L_0x55fef3cc0940;  1 drivers
v0x55fef3c98930_0 .net "_048_", 0 0, L_0x55fef3cc0cc0;  1 drivers
v0x55fef3c989f0_0 .net "_049_", 0 0, L_0x55fef3cc03a0;  1 drivers
v0x55fef3c98ab0_0 .net "_050_", 0 0, L_0x55fef3cc04b0;  1 drivers
v0x55fef3c98f80_0 .net "_051_", 0 0, L_0x55fef3cc0880;  1 drivers
v0x55fef3c99040_0 .net "_052_", 0 0, L_0x55fef3cc1760;  1 drivers
v0x55fef3c99100_0 .net "_053_", 0 0, L_0x55fef3cc0e90;  1 drivers
v0x55fef3c991c0_0 .net "_054_", 0 0, L_0x55fef3cc1e10;  1 drivers
v0x55fef3c99280_0 .net "_055_", 0 0, L_0x55fef3cc2300;  1 drivers
v0x55fef3c99340_0 .net "_056_", 0 0, L_0x55fef3cc1820;  1 drivers
v0x55fef3c99400_0 .net "_057_", 0 0, L_0x55fef3cc19f0;  1 drivers
v0x55fef3c994c0_0 .net "_058_", 0 0, L_0x55fef3cc1c40;  1 drivers
v0x55fef3c99580_0 .net "_059_", 0 0, L_0x55fef3cc2770;  1 drivers
v0x55fef3c99640_0 .net "_060_", 0 0, L_0x55fef3cc2880;  1 drivers
v0x55fef3c99700_0 .net "_061_", 0 0, L_0x55fef3cc2990;  1 drivers
v0x55fef3c997c0_0 .net "_062_", 0 0, L_0x55fef3cc3b30;  1 drivers
v0x55fef3c99880_0 .net "_063_", 0 0, L_0x55fef3cc2cd0;  1 drivers
v0x55fef3c99940_0 .net "_064_", 0 0, L_0x55fef3cc2de0;  1 drivers
v0x55fef3c99a00_0 .net "_065_", 0 0, L_0x55fef3cc31b0;  1 drivers
v0x55fef3c99ac0_0 .net "_066_", 0 0, L_0x55fef3cc4170;  1 drivers
v0x55fef3c99b80_0 .net "_067_", 0 0, L_0x55fef3cc4420;  1 drivers
v0x55fef3c99c40_0 .net "_068_", 0 0, L_0x55fef3cc44e0;  1 drivers
v0x55fef3c99d00_0 .net "_069_", 0 0, L_0x55fef3cc4720;  1 drivers
v0x55fef3c99dc0_0 .net "_070_", 0 0, L_0x55fef3cc4850;  1 drivers
v0x55fef3c99e80_0 .net "_071_", 0 0, L_0x55fef3cc4a70;  1 drivers
v0x55fef3c99f40_0 .net "_072_", 0 0, L_0x55fef3cc4ba0;  1 drivers
v0x55fef3c9a000_0 .net "_073_", 0 0, L_0x55fef3ca8960;  1 drivers
v0x55fef3c9a0c0_0 .net "_074_", 0 0, L_0x55fef3ca8dc0;  1 drivers
v0x55fef3c9a180_0 .net "_075_", 0 0, L_0x55fef3ca90b0;  1 drivers
v0x55fef3c9a240_0 .net "_076_", 0 0, L_0x55fef3ca92d0;  1 drivers
v0x55fef3c9a300_0 .net "_077_", 0 0, L_0x55fef3ca9640;  1 drivers
v0x55fef3c9a3c0_0 .net "_078_", 0 0, L_0x55fef3ca99d0;  1 drivers
v0x55fef3c9a480_0 .net "_079_", 0 0, L_0x55fef3ca9c20;  1 drivers
v0x55fef3c9a540_0 .net "_080_", 0 0, L_0x55fef3caa1e0;  1 drivers
v0x55fef3c9a600_0 .net "_081_", 0 0, L_0x55fef3caa5e0;  1 drivers
v0x55fef3c9a6c0_0 .net "_082_", 0 0, L_0x55fef3caa6a0;  1 drivers
v0x55fef3c9a780_0 .net "_083_", 0 0, L_0x55fef3caaa70;  1 drivers
v0x55fef3c9a840_0 .net "_084_", 0 0, L_0x55fef3caaf60;  1 drivers
v0x55fef3c9a900_0 .net "_085_", 0 0, L_0x55fef3cab430;  1 drivers
v0x55fef3c9a9c0_0 .net "_086_", 0 0, L_0x55fef3cab880;  1 drivers
v0x55fef3c9aa80_0 .net "_087_", 0 0, L_0x55fef3cabad0;  1 drivers
v0x55fef3c9ab40_0 .net "_088_", 0 0, L_0x55fef3cabce0;  1 drivers
v0x55fef3c9ac00_0 .net "_089_", 0 0, L_0x55fef3cac3f0;  1 drivers
v0x55fef3c9acc0_0 .net "_090_", 0 0, L_0x55fef3cac4b0;  1 drivers
v0x55fef3c9ad80_0 .net "_091_", 0 0, L_0x55fef3cac970;  1 drivers
v0x55fef3c9ae40_0 .net "_092_", 0 0, L_0x55fef3cacea0;  1 drivers
v0x55fef3c9af00_0 .net "_093_", 0 0, L_0x55fef3cad410;  1 drivers
v0x55fef3c9afc0_0 .net "_094_", 0 0, L_0x55fef3cada20;  1 drivers
v0x55fef3c9b080_0 .net "_095_", 0 0, L_0x55fef3cade10;  1 drivers
v0x55fef3c9b140_0 .net "_096_", 0 0, L_0x55fef3cae090;  1 drivers
v0x55fef3c9b200_0 .net "_097_", 0 0, L_0x55fef3cae150;  1 drivers
v0x55fef3c9b2c0_0 .net "_098_", 0 0, L_0x55fef3cae770;  1 drivers
v0x55fef3c9b380_0 .net "_099_", 0 0, L_0x55fef3caee70;  1 drivers
v0x55fef3c9b440_0 .net "_100_", 0 0, L_0x55fef3caf6c0;  1 drivers
v0x55fef3c9b500_0 .net "_101_", 0 0, L_0x55fef3caf990;  1 drivers
v0x55fef3c9b5c0_0 .net "_102_", 0 0, L_0x55fef3cafdf0;  1 drivers
v0x55fef3c9b680_0 .net "_103_", 0 0, L_0x55fef3cb0440;  1 drivers
v0x55fef3c9b740_0 .net "_104_", 0 0, L_0x55fef3cb0b30;  1 drivers
v0x55fef3c9b800_0 .net "_105_", 0 0, L_0x55fef3cb1220;  1 drivers
v0x55fef3c9b8c0_0 .net "_106_", 0 0, L_0x55fef3cb1650;  1 drivers
v0x55fef3c9b980_0 .net "_107_", 0 0, L_0x55fef3cb1b50;  1 drivers
v0x55fef3c9ba40_0 .net "_108_", 0 0, L_0x55fef3cb1f10;  1 drivers
v0x55fef3c9bb00_0 .net "_109_", 0 0, L_0x55fef3cb26f0;  1 drivers
v0x55fef3c9bbc0_0 .net "_110_", 0 0, L_0x55fef3cb08d0;  1 drivers
v0x55fef3c9bc80_0 .net *"_s1", 0 0, L_0x55fef3ca8640;  1 drivers
v0x55fef3c9bd60_0 .net *"_s10", 0 0, L_0x55fef3ca8a20;  1 drivers
v0x55fef3c9be40_0 .net *"_s100", 0 0, L_0x55fef3cab2f0;  1 drivers
v0x55fef3c9bf20_0 .net *"_s104", 0 0, L_0x55fef3cab5f0;  1 drivers
v0x55fef3c9c810_0 .net *"_s106", 0 0, L_0x55fef3cab660;  1 drivers
v0x55fef3c9c8f0_0 .net *"_s110", 0 0, L_0x55fef3cab940;  1 drivers
v0x55fef3c9c9d0_0 .net *"_s114", 0 0, L_0x55fef3cabb40;  1 drivers
v0x55fef3c9cab0_0 .net *"_s116", 0 0, L_0x55fef3cab9b0;  1 drivers
v0x55fef3c9cb90_0 .net *"_s122", 0 0, L_0x55fef3cabe90;  1 drivers
v0x55fef3c9cc70_0 .net *"_s125", 0 0, L_0x55fef3cabfa0;  1 drivers
v0x55fef3c9cd50_0 .net *"_s127", 0 0, L_0x55fef3cac040;  1 drivers
v0x55fef3c9ce30_0 .net *"_s128", 0 0, L_0x55fef3cac190;  1 drivers
v0x55fef3c9cf10_0 .net *"_s13", 0 0, L_0x55fef3ca8ae0;  1 drivers
v0x55fef3c9cff0_0 .net *"_s135", 0 0, L_0x55fef3cab250;  1 drivers
v0x55fef3c9d0d0_0 .net *"_s137", 0 0, L_0x55fef3cac6d0;  1 drivers
v0x55fef3c9d1b0_0 .net *"_s138", 0 0, L_0x55fef3cac830;  1 drivers
v0x55fef3c9d290_0 .net *"_s142", 0 0, L_0x55fef3cacba0;  1 drivers
v0x55fef3c9d370_0 .net *"_s144", 0 0, L_0x55fef3cacc10;  1 drivers
v0x55fef3c9d450_0 .net *"_s15", 0 0, L_0x55fef3ca8b80;  1 drivers
v0x55fef3c9d530_0 .net *"_s150", 0 0, L_0x55fef3cacf60;  1 drivers
v0x55fef3c9d610_0 .net *"_s153", 0 0, L_0x55fef3cad200;  1 drivers
v0x55fef3c9d6f0_0 .net *"_s155", 0 0, L_0x55fef3cad2a0;  1 drivers
v0x55fef3c9d7d0_0 .net *"_s159", 0 0, L_0x55fef3cad520;  1 drivers
v0x55fef3c9d8b0_0 .net *"_s16", 0 0, L_0x55fef3ca8c50;  1 drivers
v0x55fef3c9d990_0 .net *"_s161", 0 0, L_0x55fef3cad5c0;  1 drivers
v0x55fef3c9da70_0 .net *"_s162", 0 0, L_0x55fef3cad740;  1 drivers
v0x55fef3c9db50_0 .net *"_s166", 0 0, L_0x55fef3cadae0;  1 drivers
v0x55fef3c9dc30_0 .net *"_s168", 0 0, L_0x55fef3cadd00;  1 drivers
v0x55fef3c9dd10_0 .net *"_s176", 0 0, L_0x55fef3cae420;  1 drivers
v0x55fef3c9ddf0_0 .net *"_s178", 0 0, L_0x55fef3cae520;  1 drivers
v0x55fef3c9ded0_0 .net *"_s184", 0 0, L_0x55fef3cae830;  1 drivers
v0x55fef3c9dfb0_0 .net *"_s187", 0 0, L_0x55fef3caeb30;  1 drivers
v0x55fef3c9e090_0 .net *"_s189", 0 0, L_0x55fef3caebd0;  1 drivers
v0x55fef3c9e170_0 .net *"_s190", 0 0, L_0x55fef3caed60;  1 drivers
v0x55fef3c9e250_0 .net *"_s195", 0 0, L_0x55fef3caf130;  1 drivers
v0x55fef3c9e330_0 .net *"_s197", 0 0, L_0x55fef3caf1d0;  1 drivers
v0x55fef3c9e410_0 .net *"_s198", 0 0, L_0x55fef3caf580;  1 drivers
v0x55fef3c9e4f0_0 .net *"_s204", 0 0, L_0x55fef3cafa50;  1 drivers
v0x55fef3c9e5d0_0 .net *"_s206", 0 0, L_0x55fef3cafce0;  1 drivers
v0x55fef3c9e6b0_0 .net *"_s21", 0 0, L_0x55fef3ca8e80;  1 drivers
v0x55fef3c9e790_0 .net *"_s212", 0 0, L_0x55fef3cb00e0;  1 drivers
v0x55fef3c9e870_0 .net *"_s215", 0 0, L_0x55fef3cb01f0;  1 drivers
v0x55fef3c9e950_0 .net *"_s217", 0 0, L_0x55fef3cb0290;  1 drivers
v0x55fef3c9ea30_0 .net *"_s221", 0 0, L_0x55fef3cb0790;  1 drivers
v0x55fef3c9eb10_0 .net *"_s223", 0 0, L_0x55fef3cb0830;  1 drivers
v0x55fef3c9ebf0_0 .net *"_s224", 0 0, L_0x55fef3cb09f0;  1 drivers
v0x55fef3c9ecd0_0 .net *"_s228", 0 0, L_0x55fef3cb0e40;  1 drivers
v0x55fef3c9edb0_0 .net *"_s23", 0 0, L_0x55fef3ca8f20;  1 drivers
v0x55fef3c9ee90_0 .net *"_s230", 0 0, L_0x55fef3cb0eb0;  1 drivers
v0x55fef3c9ef70_0 .net *"_s234", 0 0, L_0x55fef3cb12e0;  1 drivers
v0x55fef3c9f050_0 .net *"_s238", 0 0, L_0x55fef3cb1750;  1 drivers
v0x55fef3c9f130_0 .net *"_s24", 0 0, L_0x55fef3ca9000;  1 drivers
v0x55fef3c9f210_0 .net *"_s240", 0 0, L_0x55fef3cb1a40;  1 drivers
v0x55fef3c9f2f0_0 .net *"_s244", 0 0, L_0x55fef3cb1ea0;  1 drivers
v0x55fef3c9f3d0_0 .net *"_s248", 0 0, L_0x55fef3cb2270;  1 drivers
v0x55fef3c9f4b0_0 .net *"_s250", 0 0, L_0x55fef3cb2330;  1 drivers
v0x55fef3c9f590_0 .net *"_s256", 0 0, L_0x55fef3cb27b0;  1 drivers
v0x55fef3c9f670_0 .net *"_s259", 0 0, L_0x55fef3cb2b80;  1 drivers
v0x55fef3c9f750_0 .net *"_s261", 0 0, L_0x55fef3cb2c20;  1 drivers
v0x55fef3c9f830_0 .net *"_s265", 0 0, L_0x55fef3cb2df0;  1 drivers
v0x55fef3c9f910_0 .net *"_s267", 0 0, L_0x55fef3cb2e90;  1 drivers
v0x55fef3c9f9f0_0 .net *"_s268", 0 0, L_0x55fef3cb3070;  1 drivers
v0x55fef3c9fad0_0 .net *"_s274", 0 0, L_0x55fef3cb38e0;  1 drivers
v0x55fef3c9fbb0_0 .net *"_s276", 0 0, L_0x55fef3cb3950;  1 drivers
v0x55fef3c9fc90_0 .net *"_s28", 0 0, L_0x55fef3ca9170;  1 drivers
v0x55fef3c9fd70_0 .net *"_s282", 0 0, L_0x55fef3cb3e10;  1 drivers
v0x55fef3c9fe50_0 .net *"_s284", 0 0, L_0x55fef3cb4220;  1 drivers
v0x55fef3c9ff30_0 .net *"_s287", 0 0, L_0x55fef3cb42e0;  1 drivers
v0x55fef3ca0010_0 .net *"_s289", 0 0, L_0x55fef3cb4380;  1 drivers
v0x55fef3ca00f0_0 .net *"_s297", 0 0, L_0x55fef3cb4de0;  1 drivers
v0x55fef3ca01d0_0 .net *"_s299", 0 0, L_0x55fef3cb4e80;  1 drivers
v0x55fef3ca02b0_0 .net *"_s3", 0 0, L_0x55fef3ca8760;  1 drivers
v0x55fef3ca0390_0 .net *"_s302", 0 0, L_0x55fef3cb51f0;  1 drivers
v0x55fef3ca0470_0 .net *"_s304", 0 0, L_0x55fef3cb5590;  1 drivers
v0x55fef3ca0550_0 .net *"_s308", 0 0, L_0x55fef3cb5aa0;  1 drivers
v0x55fef3ca0630_0 .net *"_s312", 0 0, L_0x55fef3cb5ff0;  1 drivers
v0x55fef3ca0710_0 .net *"_s314", 0 0, L_0x55fef3cb60b0;  1 drivers
v0x55fef3ca07f0_0 .net *"_s320", 0 0, L_0x55fef3cb65e0;  1 drivers
v0x55fef3ca08d0_0 .net *"_s323", 0 0, L_0x55fef3cb6a60;  1 drivers
v0x55fef3ca09b0_0 .net *"_s325", 0 0, L_0x55fef3cb6b00;  1 drivers
v0x55fef3ca0a90_0 .net *"_s329", 0 0, L_0x55fef3cb6e20;  1 drivers
v0x55fef3ca0b70_0 .net *"_s331", 0 0, L_0x55fef3cb6ec0;  1 drivers
v0x55fef3ca0c50_0 .net *"_s332", 0 0, L_0x55fef3cb70e0;  1 drivers
v0x55fef3ca0d30_0 .net *"_s338", 0 0, L_0x55fef3cb7a80;  1 drivers
v0x55fef3ca0e10_0 .net *"_s34", 0 0, L_0x55fef3ca9390;  1 drivers
v0x55fef3ca0ef0_0 .net *"_s340", 0 0, L_0x55fef3cb7af0;  1 drivers
v0x55fef3ca0fd0_0 .net *"_s346", 0 0, L_0x55fef3cb8060;  1 drivers
v0x55fef3ca10b0_0 .net *"_s348", 0 0, L_0x55fef3cb8520;  1 drivers
v0x55fef3ca1190_0 .net *"_s351", 0 0, L_0x55fef3cb85e0;  1 drivers
v0x55fef3ca1270_0 .net *"_s353", 0 0, L_0x55fef3cb8680;  1 drivers
v0x55fef3ca1350_0 .net *"_s354", 0 0, L_0x55fef3cb88b0;  1 drivers
v0x55fef3ca1430_0 .net *"_s359", 0 0, L_0x55fef3cb8e40;  1 drivers
v0x55fef3ca1510_0 .net *"_s361", 0 0, L_0x55fef3cb8ee0;  1 drivers
v0x55fef3ca15f0_0 .net *"_s364", 0 0, L_0x55fef3cb9630;  1 drivers
v0x55fef3ca16d0_0 .net *"_s366", 0 0, L_0x55fef3cb96a0;  1 drivers
v0x55fef3ca17b0_0 .net *"_s37", 0 0, L_0x55fef3ca94b0;  1 drivers
v0x55fef3ca1890_0 .net *"_s370", 0 0, L_0x55fef3cb9c50;  1 drivers
v0x55fef3ca1970_0 .net *"_s374", 0 0, L_0x55fef3cba240;  1 drivers
v0x55fef3ca1a50_0 .net *"_s376", 0 0, L_0x55fef3cba6b0;  1 drivers
v0x55fef3ca1b30_0 .net *"_s380", 0 0, L_0x55fef3cbac90;  1 drivers
v0x55fef3ca1c10_0 .net *"_s384", 0 0, L_0x55fef3cbb1e0;  1 drivers
v0x55fef3ca1cf0_0 .net *"_s386", 0 0, L_0x55fef3cbb330;  1 drivers
v0x55fef3ca1dd0_0 .net *"_s39", 0 0, L_0x55fef3ca9550;  1 drivers
v0x55fef3ca1eb0_0 .net *"_s392", 0 0, L_0x55fef3cbae80;  1 drivers
v0x55fef3ca1f90_0 .net *"_s395", 0 0, L_0x55fef3cbaf90;  1 drivers
v0x55fef3ca2070_0 .net *"_s397", 0 0, L_0x55fef3cbb030;  1 drivers
v0x55fef3ca2150_0 .net *"_s398", 0 0, L_0x55fef3cbb0d0;  1 drivers
v0x55fef3ca2230_0 .net *"_s4", 0 0, L_0x55fef3ca8850;  1 drivers
v0x55fef3ca2310_0 .net *"_s405", 0 0, L_0x55fef3cbb4b0;  1 drivers
v0x55fef3ca23f0_0 .net *"_s407", 0 0, L_0x55fef3cbb550;  1 drivers
v0x55fef3ca24d0_0 .net *"_s412", 0 0, L_0x55fef3cbbb60;  1 drivers
v0x55fef3ca25b0_0 .net *"_s414", 0 0, L_0x55fef3cbbbd0;  1 drivers
v0x55fef3ca2690_0 .net *"_s420", 0 0, L_0x55fef3cbbda0;  1 drivers
v0x55fef3ca2770_0 .net *"_s423", 0 0, L_0x55fef3cbc440;  1 drivers
v0x55fef3ca2850_0 .net *"_s425", 0 0, L_0x55fef3cbc4e0;  1 drivers
v0x55fef3ca2930_0 .net *"_s426", 0 0, L_0x55fef3cbc750;  1 drivers
v0x55fef3ca2a10_0 .net *"_s43", 0 0, L_0x55fef3ca9700;  1 drivers
v0x55fef3ca2af0_0 .net *"_s433", 0 0, L_0x55fef3cbc140;  1 drivers
v0x55fef3ca2bd0_0 .net *"_s435", 0 0, L_0x55fef3cbc1e0;  1 drivers
v0x55fef3ca2cb0_0 .net *"_s438", 0 0, L_0x55fef3cbc3c0;  1 drivers
v0x55fef3ca2d90_0 .net *"_s440", 0 0, L_0x55fef3cbc860;  1 drivers
v0x55fef3ca2e70_0 .net *"_s446", 0 0, L_0x55fef3cbcb30;  1 drivers
v0x55fef3ca2f50_0 .net *"_s448", 0 0, L_0x55fef3cbcc30;  1 drivers
v0x55fef3ca3030_0 .net *"_s45", 0 0, L_0x55fef3ca97a0;  1 drivers
v0x55fef3ca3110_0 .net *"_s454", 0 0, L_0x55fef3cbcee0;  1 drivers
v0x55fef3ca31f0_0 .net *"_s457", 0 0, L_0x55fef3cbcff0;  1 drivers
v0x55fef3ca32d0_0 .net *"_s459", 0 0, L_0x55fef3cbd090;  1 drivers
v0x55fef3ca33b0_0 .net *"_s46", 0 0, L_0x55fef3ca98a0;  1 drivers
v0x55fef3ca3490_0 .net *"_s460", 0 0, L_0x55fef3cbd320;  1 drivers
v0x55fef3ca3570_0 .net *"_s465", 0 0, L_0x55fef3cbd530;  1 drivers
v0x55fef3ca3650_0 .net *"_s467", 0 0, L_0x55fef3cbd5d0;  1 drivers
v0x55fef3ca3730_0 .net *"_s470", 0 0, L_0x55fef3cbd9f0;  1 drivers
v0x55fef3c9c000_0 .net *"_s472", 0 0, L_0x55fef3cbda60;  1 drivers
v0x55fef3c9c0e0_0 .net *"_s479", 0 0, L_0x55fef3cbdd90;  1 drivers
v0x55fef3c9c1c0_0 .net *"_s483", 0 0, L_0x55fef3cbe510;  1 drivers
v0x55fef3c9c2a0_0 .net *"_s485", 0 0, L_0x55fef3cbe7c0;  1 drivers
v0x55fef3c9c380_0 .net *"_s486", 0 0, L_0x55fef3cbe8f0;  1 drivers
v0x55fef3c9c460_0 .net *"_s493", 0 0, L_0x55fef3cbe150;  1 drivers
v0x55fef3c9c540_0 .net *"_s495", 0 0, L_0x55fef3cbeef0;  1 drivers
v0x55fef3c9c620_0 .net *"_s499", 0 0, L_0x55fef3cbf030;  1 drivers
v0x55fef3c9c700_0 .net *"_s50", 0 0, L_0x55fef3ca9a90;  1 drivers
v0x55fef3ca4800_0 .net *"_s501", 0 0, L_0x55fef3cbf300;  1 drivers
v0x55fef3ca48e0_0 .net *"_s502", 0 0, L_0x55fef3cbf3a0;  1 drivers
v0x55fef3ca49c0_0 .net *"_s511", 0 0, L_0x55fef3cbec90;  1 drivers
v0x55fef3ca4aa0_0 .net *"_s513", 0 0, L_0x55fef3cbed30;  1 drivers
v0x55fef3ca4b80_0 .net *"_s514", 0 0, L_0x55fef3cbedd0;  1 drivers
v0x55fef3ca4c60_0 .net *"_s519", 0 0, L_0x55fef3cbf570;  1 drivers
v0x55fef3ca4d40_0 .net *"_s52", 0 0, L_0x55fef3ca9960;  1 drivers
v0x55fef3ca4e20_0 .net *"_s521", 0 0, L_0x55fef3cbf860;  1 drivers
v0x55fef3ca4f00_0 .net *"_s522", 0 0, L_0x55fef3cbf900;  1 drivers
v0x55fef3ca4fe0_0 .net *"_s529", 0 0, L_0x55fef3cbfc50;  1 drivers
v0x55fef3ca50c0_0 .net *"_s531", 0 0, L_0x55fef3cbff50;  1 drivers
v0x55fef3ca51a0_0 .net *"_s539", 0 0, L_0x55fef3cc09b0;  1 drivers
v0x55fef3ca5280_0 .net *"_s549", 0 0, L_0x55fef3cc0720;  1 drivers
v0x55fef3ca5360_0 .net *"_s550", 0 0, L_0x55fef3cc07c0;  1 drivers
v0x55fef3ca5440_0 .net *"_s555", 0 0, L_0x55fef3cc13a0;  1 drivers
v0x55fef3ca5520_0 .net *"_s557", 0 0, L_0x55fef3cc16c0;  1 drivers
v0x55fef3ca5600_0 .net *"_s560", 0 0, L_0x55fef3cc0dd0;  1 drivers
v0x55fef3ca56e0_0 .net *"_s565", 0 0, L_0x55fef3cc0fa0;  1 drivers
v0x55fef3ca57c0_0 .net *"_s567", 0 0, L_0x55fef3cc12d0;  1 drivers
v0x55fef3ca58a0_0 .net *"_s571", 0 0, L_0x55fef3cc1f20;  1 drivers
v0x55fef3ca5980_0 .net *"_s573", 0 0, L_0x55fef3cc2260;  1 drivers
v0x55fef3ca5a60_0 .net *"_s578", 0 0, L_0x55fef3cc1930;  1 drivers
v0x55fef3ca5b40_0 .net *"_s58", 0 0, L_0x55fef3ca9d70;  1 drivers
v0x55fef3ca5c20_0 .net *"_s583", 0 0, L_0x55fef3cc1b00;  1 drivers
v0x55fef3ca5d00_0 .net *"_s585", 0 0, L_0x55fef3cc1ba0;  1 drivers
v0x55fef3ca5de0_0 .net *"_s589", 0 0, L_0x55fef3cc1d50;  1 drivers
v0x55fef3ca5ec0_0 .net *"_s591", 0 0, L_0x55fef3cc26d0;  1 drivers
v0x55fef3ca5fa0_0 .net *"_s597", 0 0, L_0x55fef3cc3300;  1 drivers
v0x55fef3ca6080_0 .net *"_s599", 0 0, L_0x55fef3cc3670;  1 drivers
v0x55fef3ca6160_0 .net *"_s603", 0 0, L_0x55fef3cc37b0;  1 drivers
v0x55fef3ca6240_0 .net *"_s61", 0 0, L_0x55fef3ca9e80;  1 drivers
v0x55fef3ca6320_0 .net *"_s610", 0 0, L_0x55fef3cc2ef0;  1 drivers
v0x55fef3ca6400_0 .net *"_s615", 0 0, L_0x55fef3cc3110;  1 drivers
v0x55fef3ca64e0_0 .net *"_s618", 0 0, L_0x55fef3cc3270;  1 drivers
v0x55fef3ca65c0_0 .net *"_s623", 0 0, L_0x55fef3cc3d40;  1 drivers
v0x55fef3ca66a0_0 .net *"_s625", 0 0, L_0x55fef3cc40d0;  1 drivers
v0x55fef3ca6780_0 .net *"_s628", 0 0, L_0x55fef3cc42a0;  1 drivers
v0x55fef3ca6860_0 .net *"_s63", 0 0, L_0x55fef3ca9f20;  1 drivers
v0x55fef3ca6940_0 .net *"_s630", 0 0, L_0x55fef3cc4310;  1 drivers
v0x55fef3ca6a20_0 .net *"_s636", 0 0, L_0x55fef3cc4550;  1 drivers
v0x55fef3ca6b00_0 .net *"_s638", 0 0, L_0x55fef3cc4610;  1 drivers
v0x55fef3ca6be0_0 .net *"_s64", 0 0, L_0x55fef3caa030;  1 drivers
v0x55fef3ca6cc0_0 .net *"_s642", 0 0, L_0x55fef3cc47e0;  1 drivers
v0x55fef3ca6da0_0 .net *"_s646", 0 0, L_0x55fef3cc5020;  1 drivers
v0x55fef3ca6e80_0 .net *"_s648", 0 0, L_0x55fef3cc4960;  1 drivers
v0x55fef3ca6f60_0 .net *"_s652", 0 0, L_0x55fef3cc4b30;  1 drivers
v0x55fef3ca7040_0 .net *"_s656", 0 0, L_0x55fef3cc4c60;  1 drivers
v0x55fef3ca7120_0 .net *"_s658", 0 0, L_0x55fef3cc4d20;  1 drivers
v0x55fef3ca7200_0 .net *"_s674", 0 0, L_0x55fef3cc5770;  1 drivers
v0x55fef3ca72e0_0 .net *"_s676", 14 0, L_0x55fef3cc5860;  1 drivers
v0x55fef3ca73c0_0 .net *"_s682", 14 0, L_0x55fef3cc5d70;  1 drivers
v0x55fef3ca74a0_0 .net *"_s69", 0 0, L_0x55fef3caa2a0;  1 drivers
v0x55fef3ca7580_0 .net *"_s71", 0 0, L_0x55fef3caa340;  1 drivers
v0x55fef3ca7660_0 .net *"_s72", 0 0, L_0x55fef3ca9fc0;  1 drivers
v0x55fef3ca7740_0 .net *"_s78", 0 0, L_0x55fef3caa820;  1 drivers
v0x55fef3ca7820_0 .net *"_s80", 0 0, L_0x55fef3caa890;  1 drivers
v0x55fef3ca7900_0 .net *"_s86", 0 0, L_0x55fef3caab30;  1 drivers
v0x55fef3ca79e0_0 .net *"_s89", 0 0, L_0x55fef3caa140;  1 drivers
v0x55fef3ca7ac0_0 .net *"_s91", 0 0, L_0x55fef3caad20;  1 drivers
v0x55fef3ca7ba0_0 .net *"_s92", 0 0, L_0x55fef3caae50;  1 drivers
v0x55fef3ca7c80_0 .net *"_s97", 0 0, L_0x55fef3cab110;  1 drivers
v0x55fef3ca7d60_0 .net *"_s99", 0 0, L_0x55fef3cab1b0;  1 drivers
v0x55fef3ca7e40_0 .net "temp_sum", 16 0, L_0x55fef3cc5e10;  1 drivers
L_0x55fef3ca8640 .part v0x55fef3ca82e0_0, 0, 1;
L_0x55fef3ca8760 .part v0x55fef3ca83d0_0, 0, 1;
L_0x55fef3ca8ae0 .part v0x55fef3ca82e0_0, 1, 1;
L_0x55fef3ca8b80 .part v0x55fef3ca83d0_0, 1, 1;
L_0x55fef3ca8e80 .part v0x55fef3ca82e0_0, 0, 1;
L_0x55fef3ca8f20 .part v0x55fef3ca83d0_0, 0, 1;
L_0x55fef3ca94b0 .part v0x55fef3ca82e0_0, 2, 1;
L_0x55fef3ca9550 .part v0x55fef3ca83d0_0, 2, 1;
L_0x55fef3ca9700 .part v0x55fef3ca82e0_0, 1, 1;
L_0x55fef3ca97a0 .part v0x55fef3ca83d0_0, 1, 1;
L_0x55fef3ca9e80 .part v0x55fef3ca82e0_0, 3, 1;
L_0x55fef3ca9f20 .part v0x55fef3ca83d0_0, 3, 1;
L_0x55fef3caa2a0 .part v0x55fef3ca82e0_0, 2, 1;
L_0x55fef3caa340 .part v0x55fef3ca83d0_0, 2, 1;
L_0x55fef3caa140 .part v0x55fef3ca82e0_0, 4, 1;
L_0x55fef3caad20 .part v0x55fef3ca83d0_0, 4, 1;
L_0x55fef3cab110 .part v0x55fef3ca82e0_0, 3, 1;
L_0x55fef3cab1b0 .part v0x55fef3ca83d0_0, 3, 1;
L_0x55fef3cabfa0 .part v0x55fef3ca82e0_0, 5, 1;
L_0x55fef3cac040 .part v0x55fef3ca83d0_0, 5, 1;
L_0x55fef3cab250 .part v0x55fef3ca82e0_0, 4, 1;
L_0x55fef3cac6d0 .part v0x55fef3ca83d0_0, 4, 1;
L_0x55fef3cad200 .part v0x55fef3ca82e0_0, 6, 1;
L_0x55fef3cad2a0 .part v0x55fef3ca83d0_0, 6, 1;
L_0x55fef3cad520 .part v0x55fef3ca82e0_0, 5, 1;
L_0x55fef3cad5c0 .part v0x55fef3ca83d0_0, 5, 1;
L_0x55fef3caeb30 .part v0x55fef3ca82e0_0, 7, 1;
L_0x55fef3caebd0 .part v0x55fef3ca83d0_0, 7, 1;
L_0x55fef3caf130 .part v0x55fef3ca82e0_0, 6, 1;
L_0x55fef3caf1d0 .part v0x55fef3ca83d0_0, 6, 1;
L_0x55fef3cb01f0 .part v0x55fef3ca82e0_0, 8, 1;
L_0x55fef3cb0290 .part v0x55fef3ca83d0_0, 8, 1;
L_0x55fef3cb0790 .part v0x55fef3ca82e0_0, 7, 1;
L_0x55fef3cb0830 .part v0x55fef3ca83d0_0, 7, 1;
L_0x55fef3cb2b80 .part v0x55fef3ca82e0_0, 9, 1;
L_0x55fef3cb2c20 .part v0x55fef3ca83d0_0, 9, 1;
L_0x55fef3cb2df0 .part v0x55fef3ca82e0_0, 8, 1;
L_0x55fef3cb2e90 .part v0x55fef3ca83d0_0, 8, 1;
L_0x55fef3cb42e0 .part v0x55fef3ca82e0_0, 10, 1;
L_0x55fef3cb4380 .part v0x55fef3ca83d0_0, 10, 1;
L_0x55fef3cb4de0 .part v0x55fef3ca82e0_0, 9, 1;
L_0x55fef3cb4e80 .part v0x55fef3ca83d0_0, 9, 1;
L_0x55fef3cb6a60 .part v0x55fef3ca82e0_0, 11, 1;
L_0x55fef3cb6b00 .part v0x55fef3ca83d0_0, 11, 1;
L_0x55fef3cb6e20 .part v0x55fef3ca82e0_0, 10, 1;
L_0x55fef3cb6ec0 .part v0x55fef3ca83d0_0, 10, 1;
L_0x55fef3cb85e0 .part v0x55fef3ca82e0_0, 12, 1;
L_0x55fef3cb8680 .part v0x55fef3ca83d0_0, 12, 1;
L_0x55fef3cb8e40 .part v0x55fef3ca82e0_0, 11, 1;
L_0x55fef3cb8ee0 .part v0x55fef3ca83d0_0, 11, 1;
L_0x55fef3cbaf90 .part v0x55fef3ca82e0_0, 13, 1;
L_0x55fef3cbb030 .part v0x55fef3ca83d0_0, 13, 1;
L_0x55fef3cbb4b0 .part v0x55fef3ca82e0_0, 12, 1;
L_0x55fef3cbb550 .part v0x55fef3ca83d0_0, 12, 1;
L_0x55fef3cbc440 .part v0x55fef3ca82e0_0, 14, 1;
L_0x55fef3cbc4e0 .part v0x55fef3ca83d0_0, 14, 1;
L_0x55fef3cbc140 .part v0x55fef3ca82e0_0, 13, 1;
L_0x55fef3cbc1e0 .part v0x55fef3ca83d0_0, 13, 1;
L_0x55fef3cbcff0 .part v0x55fef3ca83d0_0, 15, 1;
L_0x55fef3cbd090 .part v0x55fef3ca82e0_0, 15, 1;
L_0x55fef3cbd530 .part v0x55fef3ca82e0_0, 14, 1;
L_0x55fef3cbd5d0 .part v0x55fef3ca83d0_0, 14, 1;
L_0x55fef3cbdd90 .part L_0x55fef3cc51e0, 0, 1;
L_0x55fef3cbe510 .part L_0x55fef3cc51e0, 3, 1;
L_0x55fef3cbe7c0 .part L_0x55fef3cc51e0, 2, 1;
L_0x55fef3cbe150 .part L_0x55fef3cc51e0, 5, 1;
L_0x55fef3cbeef0 .part L_0x55fef3cc51e0, 4, 1;
L_0x55fef3cbf030 .part L_0x55fef3cc51e0, 7, 1;
L_0x55fef3cbf300 .part L_0x55fef3cc51e0, 6, 1;
L_0x55fef3cbec90 .part L_0x55fef3cc51e0, 9, 1;
L_0x55fef3cbed30 .part L_0x55fef3cc51e0, 8, 1;
L_0x55fef3cbf570 .part L_0x55fef3cc51e0, 11, 1;
L_0x55fef3cbf860 .part L_0x55fef3cc51e0, 10, 1;
L_0x55fef3cbfc50 .part L_0x55fef3cc51e0, 13, 1;
L_0x55fef3cbff50 .part L_0x55fef3cc51e0, 12, 1;
L_0x55fef3cc09b0 .part L_0x55fef3cc51e0, 14, 1;
L_0x55fef3cc0720 .part L_0x55fef3cc51e0, 0, 1;
L_0x55fef3cc13a0 .part L_0x55fef3cc51e0, 3, 1;
L_0x55fef3cc16c0 .part L_0x55fef3cc51e0, 2, 1;
L_0x55fef3cc0fa0 .part L_0x55fef3cc51e0, 5, 1;
L_0x55fef3cc12d0 .part L_0x55fef3cc51e0, 4, 1;
L_0x55fef3cc1f20 .part L_0x55fef3cc51e0, 7, 1;
L_0x55fef3cc2260 .part L_0x55fef3cc51e0, 6, 1;
L_0x55fef3cc1b00 .part L_0x55fef3cc51e0, 9, 1;
L_0x55fef3cc1ba0 .part L_0x55fef3cc51e0, 8, 1;
L_0x55fef3cc1d50 .part L_0x55fef3cc51e0, 11, 1;
L_0x55fef3cc26d0 .part L_0x55fef3cc51e0, 10, 1;
L_0x55fef3cc3300 .part L_0x55fef3cc51e0, 13, 1;
L_0x55fef3cc3670 .part L_0x55fef3cc51e0, 12, 1;
L_0x55fef3cc37b0 .part L_0x55fef3cc51e0, 14, 1;
L_0x55fef3cc3110 .part v0x55fef3ca82e0_0, 15, 1;
L_0x55fef3cc3d40 .part v0x55fef3ca83d0_0, 15, 1;
L_0x55fef3cc40d0 .part v0x55fef3ca82e0_0, 15, 1;
LS_0x55fef3cc51e0_0_0 .concat8 [ 1 1 1 1], L_0x55fef3ca8a20, L_0x55fef3ca9390, L_0x55fef3ca9d70, L_0x55fef3caab30;
LS_0x55fef3cc51e0_0_4 .concat8 [ 1 1 1 1], L_0x55fef3cabe90, L_0x55fef3cacf60, L_0x55fef3cae830, L_0x55fef3cb00e0;
LS_0x55fef3cc51e0_0_8 .concat8 [ 1 1 1 1], L_0x55fef3cb27b0, L_0x55fef3cb4220, L_0x55fef3cb65e0, L_0x55fef3cb8520;
LS_0x55fef3cc51e0_0_12 .concat8 [ 1 1 1 1], L_0x55fef3cbae80, L_0x55fef3cbbda0, L_0x55fef3cbcee0, L_0x55fef3cc5770;
L_0x55fef3cc51e0 .concat8 [ 4 4 4 4], LS_0x55fef3cc51e0_0_0, LS_0x55fef3cc51e0_0_4, LS_0x55fef3cc51e0_0_8, LS_0x55fef3cc51e0_0_12;
L_0x55fef3cc5860 .part L_0x55fef3cc51e0, 0, 15;
L_0x55fef3cc5900 .concat [ 15 1 0 0], L_0x55fef3cc5860, L_0x55fef3cbdc30;
L_0x55fef3cc5d70 .part L_0x55fef3cc51e0, 0, 15;
L_0x55fef3cc5e10 .concat [ 15 1 1 0], L_0x55fef3cc5d70, L_0x55fef3cbdc30, L_0x55fef3cc4e30;
    .scope S_0x55fef3c71aa0;
T_0 ;
    %vpi_call 2 8 "$dumpfile", "sim_gl/alu_gl_2.vcd" {0 0 0};
    %vpi_call 2 9 "$dumpvars", 32'sb00000000000000000000000000000000, S_0x55fef3c71aa0 {0 0 0};
    %vpi_call 2 10 "$monitor", $time, "X=%h,Y=%h,Z=%h,S=%b,Cr=%b,Ze=%b,P=%b,O=%b", v0x55fef3ca82e0_0, v0x55fef3ca83d0_0, v0x55fef3ca84a0_0, v0x55fef3ca8240_0, v0x55fef3ca8040_0, v0x55fef3ca8570_0, v0x55fef3ca81a0_0, v0x55fef3ca8100_0 {0 0 0};
    %delay 0, 0;
    %pushi/vec4 20352, 0, 16;
    %store/vec4 v0x55fef3ca82e0_0, 0, 16;
    %pushi/vec4 4660, 0, 16;
    %store/vec4 v0x55fef3ca83d0_0, 0, 16;
    %delay 15, 0;
    %pushi/vec4 20103, 0, 16;
    %store/vec4 v0x55fef3ca82e0_0, 0, 16;
    %pushi/vec4 32768, 0, 16;
    %store/vec4 v0x55fef3ca83d0_0, 0, 16;
    %delay 3, 0;
    %pushi/vec4 43562, 0, 16;
    %store/vec4 v0x55fef3ca82e0_0, 0, 16;
    %pushi/vec4 21845, 0, 16;
    %store/vec4 v0x55fef3ca83d0_0, 0, 16;
    %delay 7, 0;
    %vpi_call 2 14 "$finish" {0 0 0};
    %end;
    .thread T_0;
# The file index is used to find the file name in the following table.
:file_names 4;
    "N/A";
    "<interactive>";
    "tb/alu_16_tb2.v";
    "gl_netlist/alu_gl.v";
