#! /usr/bin/vvp
:ivl_version "10.3 (stable)";
:ivl_delay_selection "TYPICAL";
:vpi_time_precision + 0;
:vpi_module "system";
:vpi_module "vhdl_sys";
:vpi_module "v2005_math";
:vpi_module "va_math";
S_0x55cf03ea1440 .scope module, "counter_tb" "counter_tb" 2 1;
 .timescale 0 0;
v0x55cf03ecafb0_0 .var "clk", 0 0;
v0x55cf03ecb050_0 .net "count", 3 0, v0x55cf03ecad50_0;  1 drivers
v0x55cf03ecb0f0_0 .var "rst", 0 0;
S_0x55cf03ea15c0 .scope module, "uut" "counter" 2 7, 3 5 0, S_0x55cf03ea1440;
 .timescale 0 0;
    .port_info 0 /INPUT 1 "clk"
    .port_info 1 /INPUT 1 "rst"
    .port_info 2 /OUTPUT 4 "count"
L_0x55cf03ecb2d0 .functor XOR 1, L_0x55cf03ecb190, L_0x55cf03ecb230, C4<0>, C4<0>;
L_0x55cf03ecb580 .functor AND 1, L_0x55cf03ecb410, L_0x55cf03ecb4b0, C4<1>, C4<1>;
L_0x55cf03ecb670 .functor NOT 1, L_0x55cf03ecb580, C4<0>, C4<0>, C4<0>;
L_0x55cf03ecb7d0 .functor XOR 1, L_0x55cf03ecb670, L_0x55cf03ecb730, C4<0>, C4<0>;
L_0x55cf03ecb910 .functor NOT 1, L_0x55cf03ecb7d0, C4<0>, C4<0>, C4<0>;
L_0x55cf03ecbab0 .functor NOT 1, L_0x55cf03ecb670, C4<0>, C4<0>, C4<0>;
L_0x55cf03ecbb60 .functor AND 1, L_0x55cf03ecb9d0, L_0x55cf03ecbab0, C4<1>, C4<1>;
L_0x55cf03ecbd10 .functor XOR 1, L_0x55cf03ecbb60, L_0x55cf03ecbc70, C4<0>, C4<0>;
L_0x55cf03ecc0f0 .functor NOT 1, L_0x55cf03ecc050, C4<0>, C4<0>, C4<0>;
v0x55cf03e7a3a0_0 .net "_00_", 3 0, L_0x55cf03ecbe70;  1 drivers
v0x55cf03e8e9c0_0 .net "_01_", 0 0, L_0x55cf03ecb670;  1 drivers
v0x55cf03e905c0_0 .net "_02_", 0 0, L_0x55cf03ecbb60;  1 drivers
v0x55cf03e90660_0 .net *"_s11", 0 0, L_0x55cf03ecb4b0;  1 drivers
v0x55cf03e91160_0 .net *"_s12", 0 0, L_0x55cf03ecb580;  1 drivers
v0x55cf03e91200_0 .net *"_s19", 0 0, L_0x55cf03ecb730;  1 drivers
v0x55cf03eca1f0_0 .net *"_s20", 0 0, L_0x55cf03ecb7d0;  1 drivers
v0x55cf03eca2d0_0 .net *"_s22", 0 0, L_0x55cf03ecb910;  1 drivers
v0x55cf03eca3b0_0 .net *"_s25", 0 0, L_0x55cf03ecb9d0;  1 drivers
v0x55cf03eca490_0 .net *"_s26", 0 0, L_0x55cf03ecbab0;  1 drivers
v0x55cf03eca570_0 .net *"_s3", 0 0, L_0x55cf03ecb190;  1 drivers
v0x55cf03eca650_0 .net *"_s33", 0 0, L_0x55cf03ecbc70;  1 drivers
v0x55cf03eca730_0 .net *"_s34", 0 0, L_0x55cf03ecbd10;  1 drivers
v0x55cf03eca810_0 .net *"_s40", 0 0, L_0x55cf03ecc050;  1 drivers
v0x55cf03eca8f0_0 .net *"_s41", 0 0, L_0x55cf03ecc0f0;  1 drivers
v0x55cf03eca9d0_0 .net *"_s5", 0 0, L_0x55cf03ecb230;  1 drivers
v0x55cf03ecaab0_0 .net *"_s6", 0 0, L_0x55cf03ecb2d0;  1 drivers
v0x55cf03ecab90_0 .net *"_s9", 0 0, L_0x55cf03ecb410;  1 drivers
v0x55cf03ecac70_0 .net "clk", 0 0, v0x55cf03ecafb0_0;  1 drivers
v0x55cf03ecad50_0 .var "count", 3 0;
v0x55cf03ecae50_0 .net "rst", 0 0, v0x55cf03ecb0f0_0;  1 drivers
E_0x55cf03e9cfe0/0 .event negedge, v0x55cf03ecac70_0;
E_0x55cf03e9cfe0/1 .event posedge, v0x55cf03ecae50_0;
E_0x55cf03e9cfe0 .event/or E_0x55cf03e9cfe0/0, E_0x55cf03e9cfe0/1;
L_0x55cf03ecb190 .part v0x55cf03ecad50_0, 0, 1;
L_0x55cf03ecb230 .part v0x55cf03ecad50_0, 1, 1;
L_0x55cf03ecb410 .part v0x55cf03ecad50_0, 0, 1;
L_0x55cf03ecb4b0 .part v0x55cf03ecad50_0, 1, 1;
L_0x55cf03ecb730 .part v0x55cf03ecad50_0, 2, 1;
L_0x55cf03ecb9d0 .part v0x55cf03ecad50_0, 2, 1;
L_0x55cf03ecbc70 .part v0x55cf03ecad50_0, 3, 1;
L_0x55cf03ecbe70 .concat8 [ 1 1 1 1], L_0x55cf03ecc0f0, L_0x55cf03ecb2d0, L_0x55cf03ecb910, L_0x55cf03ecbd10;
L_0x55cf03ecc050 .part v0x55cf03ecad50_0, 0, 1;
    .scope S_0x55cf03ea15c0;
T_0 ;
    %wait E_0x55cf03e9cfe0;
    %load/vec4 v0x55cf03ecae50_0;
    %flag_set/vec4 8;
    %jmp/0xz  T_0.0, 8;
    %pushi/vec4 0, 0, 1;
    %ix/load 4, 0, 0;
    %ix/load 5, 0, 0;
    %flag_set/imm 4, 0;
    %assign/vec4/off/d v0x55cf03ecad50_0, 4, 5;
    %jmp T_0.1;
T_0.0 ;
    %load/vec4 v0x55cf03e7a3a0_0;
    %parti/s 1, 0, 2;
    %ix/load 4, 0, 0;
    %ix/load 5, 0, 0;
    %flag_set/imm 4, 0;
    %assign/vec4/off/d v0x55cf03ecad50_0, 4, 5;
T_0.1 ;
    %jmp T_0;
    .thread T_0;
    .scope S_0x55cf03ea15c0;
T_1 ;
    %wait E_0x55cf03e9cfe0;
    %load/vec4 v0x55cf03ecae50_0;
    %flag_set/vec4 8;
    %jmp/0xz  T_1.0, 8;
    %pushi/vec4 0, 0, 1;
    %ix/load 4, 1, 0;
    %ix/load 5, 0, 0;
    %flag_set/imm 4, 0;
    %assign/vec4/off/d v0x55cf03ecad50_0, 4, 5;
    %jmp T_1.1;
T_1.0 ;
    %load/vec4 v0x55cf03e7a3a0_0;
    %parti/s 1, 1, 2;
    %ix/load 4, 1, 0;
    %ix/load 5, 0, 0;
    %flag_set/imm 4, 0;
    %assign/vec4/off/d v0x55cf03ecad50_0, 4, 5;
T_1.1 ;
    %jmp T_1;
    .thread T_1;
    .scope S_0x55cf03ea15c0;
T_2 ;
    %wait E_0x55cf03e9cfe0;
    %load/vec4 v0x55cf03ecae50_0;
    %flag_set/vec4 8;
    %jmp/0xz  T_2.0, 8;
    %pushi/vec4 0, 0, 1;
    %ix/load 4, 2, 0;
    %ix/load 5, 0, 0;
    %flag_set/imm 4, 0;
    %assign/vec4/off/d v0x55cf03ecad50_0, 4, 5;
    %jmp T_2.1;
T_2.0 ;
    %load/vec4 v0x55cf03e7a3a0_0;
    %parti/s 1, 2, 3;
    %ix/load 4, 2, 0;
    %ix/load 5, 0, 0;
    %flag_set/imm 4, 0;
    %assign/vec4/off/d v0x55cf03ecad50_0, 4, 5;
T_2.1 ;
    %jmp T_2;
    .thread T_2;
    .scope S_0x55cf03ea15c0;
T_3 ;
    %wait E_0x55cf03e9cfe0;
    %load/vec4 v0x55cf03ecae50_0;
    %flag_set/vec4 8;
    %jmp/0xz  T_3.0, 8;
    %pushi/vec4 0, 0, 1;
    %ix/load 4, 3, 0;
    %ix/load 5, 0, 0;
    %flag_set/imm 4, 0;
    %assign/vec4/off/d v0x55cf03ecad50_0, 4, 5;
    %jmp T_3.1;
T_3.0 ;
    %load/vec4 v0x55cf03e7a3a0_0;
    %parti/s 1, 3, 3;
    %ix/load 4, 3, 0;
    %ix/load 5, 0, 0;
    %flag_set/imm 4, 0;
    %assign/vec4/off/d v0x55cf03ecad50_0, 4, 5;
T_3.1 ;
    %jmp T_3;
    .thread T_3;
    .scope S_0x55cf03ea1440;
T_4 ;
    %delay 5, 0;
    %load/vec4 v0x55cf03ecafb0_0;
    %inv;
    %store/vec4 v0x55cf03ecafb0_0, 0, 1;
    %jmp T_4;
    .thread T_4;
    .scope S_0x55cf03ea1440;
T_5 ;
    %vpi_call 2 17 "$dumpfile", "sim_gl/counter_gl.vcd" {0 0 0};
    %vpi_call 2 18 "$dumpvars", 32'sb00000000000000000000000000000000, S_0x55cf03ea1440 {0 0 0};
    %pushi/vec4 0, 0, 1;
    %store/vec4 v0x55cf03ecafb0_0, 0, 1;
    %pushi/vec4 1, 0, 1;
    %store/vec4 v0x55cf03ecb0f0_0, 0, 1;
    %delay 5, 0;
    %pushi/vec4 0, 0, 1;
    %store/vec4 v0x55cf03ecb0f0_0, 0, 1;
    %delay 20, 0;
    %vpi_call 2 24 "$finish" {0 0 0};
    %end;
    .thread T_5;
# The file index is used to find the file name in the following table.
:file_names 4;
    "N/A";
    "<interactive>";
    "tb/counter_tb.v";
    "gl_netlist/counter_gl.v";
