#! /usr/bin/vvp
:ivl_version "10.3 (stable)";
:ivl_delay_selection "TYPICAL";
:vpi_time_precision + 0;
:vpi_module "system";
:vpi_module "vhdl_sys";
:vpi_module "v2005_math";
:vpi_module "va_math";
S_0x55bc20421440 .scope module, "counter_tb" "counter_tb" 2 1;
 .timescale 0 0;
v0x55bc2044b050_0 .var "clk", 0 0;
v0x55bc2044b0f0_0 .net "count", 3 0, v0x55bc2044adf0_0;  1 drivers
v0x55bc2044b190_0 .var "rst", 0 0;
S_0x55bc204215c0 .scope module, "uut" "counter" 2 7, 3 5 0, S_0x55bc20421440;
 .timescale 0 0;
    .port_info 0 /INPUT 1 "clk"
    .port_info 1 /INPUT 1 "rst"
    .port_info 2 /OUTPUT 4 "count"
L_0x55bc2044b370 .functor XOR 1, L_0x55bc2044b230, L_0x55bc2044b2d0, C4<0>, C4<0>;
L_0x55bc2044b620 .functor AND 1, L_0x55bc2044b4b0, L_0x55bc2044b550, C4<1>, C4<1>;
L_0x55bc2044b710 .functor NOT 1, L_0x55bc2044b620, C4<0>, C4<0>, C4<0>;
L_0x55bc2044b870 .functor XOR 1, L_0x55bc2044b710, L_0x55bc2044b7d0, C4<0>, C4<0>;
L_0x55bc2044b9b0 .functor NOT 1, L_0x55bc2044b870, C4<0>, C4<0>, C4<0>;
L_0x55bc2044bb50 .functor NOT 1, L_0x55bc2044b710, C4<0>, C4<0>, C4<0>;
L_0x55bc2044bc00 .functor AND 1, L_0x55bc2044ba70, L_0x55bc2044bb50, C4<1>, C4<1>;
L_0x55bc2044bdb0 .functor XOR 1, L_0x55bc2044bc00, L_0x55bc2044bd10, C4<0>, C4<0>;
L_0x55bc2044c190 .functor NOT 1, L_0x55bc2044c0f0, C4<0>, C4<0>, C4<0>;
v0x55bc203fa3a0_0 .net "_00_", 3 0, L_0x55bc2044bf10;  1 drivers
v0x55bc2040e9c0_0 .net "_01_", 0 0, L_0x55bc2044b710;  1 drivers
v0x55bc204105c0_0 .net "_02_", 0 0, L_0x55bc2044bc00;  1 drivers
v0x55bc20410660_0 .net *"_s11", 0 0, L_0x55bc2044b550;  1 drivers
v0x55bc20411160_0 .net *"_s12", 0 0, L_0x55bc2044b620;  1 drivers
v0x55bc20411200_0 .net *"_s19", 0 0, L_0x55bc2044b7d0;  1 drivers
v0x55bc2044a290_0 .net *"_s20", 0 0, L_0x55bc2044b870;  1 drivers
v0x55bc2044a370_0 .net *"_s22", 0 0, L_0x55bc2044b9b0;  1 drivers
v0x55bc2044a450_0 .net *"_s25", 0 0, L_0x55bc2044ba70;  1 drivers
v0x55bc2044a530_0 .net *"_s26", 0 0, L_0x55bc2044bb50;  1 drivers
v0x55bc2044a610_0 .net *"_s3", 0 0, L_0x55bc2044b230;  1 drivers
v0x55bc2044a6f0_0 .net *"_s33", 0 0, L_0x55bc2044bd10;  1 drivers
v0x55bc2044a7d0_0 .net *"_s34", 0 0, L_0x55bc2044bdb0;  1 drivers
v0x55bc2044a8b0_0 .net *"_s40", 0 0, L_0x55bc2044c0f0;  1 drivers
v0x55bc2044a990_0 .net *"_s41", 0 0, L_0x55bc2044c190;  1 drivers
v0x55bc2044aa70_0 .net *"_s5", 0 0, L_0x55bc2044b2d0;  1 drivers
v0x55bc2044ab50_0 .net *"_s6", 0 0, L_0x55bc2044b370;  1 drivers
v0x55bc2044ac30_0 .net *"_s9", 0 0, L_0x55bc2044b4b0;  1 drivers
v0x55bc2044ad10_0 .net "clk", 0 0, v0x55bc2044b050_0;  1 drivers
v0x55bc2044adf0_0 .var "count", 3 0;
v0x55bc2044aef0_0 .net "rst", 0 0, v0x55bc2044b190_0;  1 drivers
E_0x55bc2041cfe0/0 .event negedge, v0x55bc2044ad10_0;
E_0x55bc2041cfe0/1 .event posedge, v0x55bc2044aef0_0;
E_0x55bc2041cfe0 .event/or E_0x55bc2041cfe0/0, E_0x55bc2041cfe0/1;
L_0x55bc2044b230 .part v0x55bc2044adf0_0, 0, 1;
L_0x55bc2044b2d0 .part v0x55bc2044adf0_0, 1, 1;
L_0x55bc2044b4b0 .part v0x55bc2044adf0_0, 0, 1;
L_0x55bc2044b550 .part v0x55bc2044adf0_0, 1, 1;
L_0x55bc2044b7d0 .part v0x55bc2044adf0_0, 2, 1;
L_0x55bc2044ba70 .part v0x55bc2044adf0_0, 2, 1;
L_0x55bc2044bd10 .part v0x55bc2044adf0_0, 3, 1;
L_0x55bc2044bf10 .concat8 [ 1 1 1 1], L_0x55bc2044c190, L_0x55bc2044b370, L_0x55bc2044b9b0, L_0x55bc2044bdb0;
L_0x55bc2044c0f0 .part v0x55bc2044adf0_0, 0, 1;
    .scope S_0x55bc204215c0;
T_0 ;
    %wait E_0x55bc2041cfe0;
    %load/vec4 v0x55bc2044aef0_0;
    %flag_set/vec4 8;
    %jmp/0xz  T_0.0, 8;
    %pushi/vec4 0, 0, 1;
    %ix/load 4, 0, 0;
    %ix/load 5, 0, 0;
    %flag_set/imm 4, 0;
    %assign/vec4/off/d v0x55bc2044adf0_0, 4, 5;
    %jmp T_0.1;
T_0.0 ;
    %load/vec4 v0x55bc203fa3a0_0;
    %parti/s 1, 0, 2;
    %ix/load 4, 0, 0;
    %ix/load 5, 0, 0;
    %flag_set/imm 4, 0;
    %assign/vec4/off/d v0x55bc2044adf0_0, 4, 5;
T_0.1 ;
    %jmp T_0;
    .thread T_0;
    .scope S_0x55bc204215c0;
T_1 ;
    %wait E_0x55bc2041cfe0;
    %load/vec4 v0x55bc2044aef0_0;
    %flag_set/vec4 8;
    %jmp/0xz  T_1.0, 8;
    %pushi/vec4 0, 0, 1;
    %ix/load 4, 1, 0;
    %ix/load 5, 0, 0;
    %flag_set/imm 4, 0;
    %assign/vec4/off/d v0x55bc2044adf0_0, 4, 5;
    %jmp T_1.1;
T_1.0 ;
    %load/vec4 v0x55bc203fa3a0_0;
    %parti/s 1, 1, 2;
    %ix/load 4, 1, 0;
    %ix/load 5, 0, 0;
    %flag_set/imm 4, 0;
    %assign/vec4/off/d v0x55bc2044adf0_0, 4, 5;
T_1.1 ;
    %jmp T_1;
    .thread T_1;
    .scope S_0x55bc204215c0;
T_2 ;
    %wait E_0x55bc2041cfe0;
    %load/vec4 v0x55bc2044aef0_0;
    %flag_set/vec4 8;
    %jmp/0xz  T_2.0, 8;
    %pushi/vec4 0, 0, 1;
    %ix/load 4, 2, 0;
    %ix/load 5, 0, 0;
    %flag_set/imm 4, 0;
    %assign/vec4/off/d v0x55bc2044adf0_0, 4, 5;
    %jmp T_2.1;
T_2.0 ;
    %load/vec4 v0x55bc203fa3a0_0;
    %parti/s 1, 2, 3;
    %ix/load 4, 2, 0;
    %ix/load 5, 0, 0;
    %flag_set/imm 4, 0;
    %assign/vec4/off/d v0x55bc2044adf0_0, 4, 5;
T_2.1 ;
    %jmp T_2;
    .thread T_2;
    .scope S_0x55bc204215c0;
T_3 ;
    %wait E_0x55bc2041cfe0;
    %load/vec4 v0x55bc2044aef0_0;
    %flag_set/vec4 8;
    %jmp/0xz  T_3.0, 8;
    %pushi/vec4 0, 0, 1;
    %ix/load 4, 3, 0;
    %ix/load 5, 0, 0;
    %flag_set/imm 4, 0;
    %assign/vec4/off/d v0x55bc2044adf0_0, 4, 5;
    %jmp T_3.1;
T_3.0 ;
    %load/vec4 v0x55bc203fa3a0_0;
    %parti/s 1, 3, 3;
    %ix/load 4, 3, 0;
    %ix/load 5, 0, 0;
    %flag_set/imm 4, 0;
    %assign/vec4/off/d v0x55bc2044adf0_0, 4, 5;
T_3.1 ;
    %jmp T_3;
    .thread T_3;
    .scope S_0x55bc20421440;
T_4 ;
    %delay 2, 0;
    %load/vec4 v0x55bc2044b050_0;
    %inv;
    %store/vec4 v0x55bc2044b050_0, 0, 1;
    %jmp T_4;
    .thread T_4;
    .scope S_0x55bc20421440;
T_5 ;
    %vpi_call 2 17 "$dumpfile", "sim_gl/counter_gl_2.vcd" {0 0 0};
    %vpi_call 2 18 "$dumpvars", 32'sb00000000000000000000000000000000, S_0x55bc20421440 {0 0 0};
    %pushi/vec4 0, 0, 1;
    %store/vec4 v0x55bc2044b050_0, 0, 1;
    %pushi/vec4 1, 0, 1;
    %store/vec4 v0x55bc2044b190_0, 0, 1;
    %delay 5, 0;
    %pushi/vec4 0, 0, 1;
    %store/vec4 v0x55bc2044b190_0, 0, 1;
    %delay 80, 0;
    %vpi_call 2 24 "$finish" {0 0 0};
    %end;
    .thread T_5;
# The file index is used to find the file name in the following table.
:file_names 4;
    "N/A";
    "<interactive>";
    "tb/counter_tb2.v";
    "gl_netlist/counter_gl.v";
