#! /usr/bin/vvp
:ivl_version "10.3 (stable)";
:ivl_delay_selection "TYPICAL";
:vpi_time_precision + 0;
:vpi_module "system";
:vpi_module "vhdl_sys";
:vpi_module "v2005_math";
:vpi_module "va_math";
S_0x55866618e440 .scope module, "counter_tb" "counter_tb" 2 1;
 .timescale 0 0;
v0x5586661b8050_0 .var "clk", 0 0;
v0x5586661b80f0_0 .net "count", 3 0, v0x5586661b7df0_0;  1 drivers
v0x5586661b8190_0 .var "rst", 0 0;
S_0x55866618e5c0 .scope module, "uut" "counter" 2 7, 3 5 0, S_0x55866618e440;
 .timescale 0 0;
    .port_info 0 /INPUT 1 "clk"
    .port_info 1 /INPUT 1 "rst"
    .port_info 2 /OUTPUT 4 "count"
L_0x5586661b8370 .functor XOR 1, L_0x5586661b8230, L_0x5586661b82d0, C4<0>, C4<0>;
L_0x5586661b8620 .functor AND 1, L_0x5586661b84b0, L_0x5586661b8550, C4<1>, C4<1>;
L_0x5586661b8710 .functor NOT 1, L_0x5586661b8620, C4<0>, C4<0>, C4<0>;
L_0x5586661b8870 .functor XOR 1, L_0x5586661b8710, L_0x5586661b87d0, C4<0>, C4<0>;
L_0x5586661b89b0 .functor NOT 1, L_0x5586661b8870, C4<0>, C4<0>, C4<0>;
L_0x5586661b8b50 .functor NOT 1, L_0x5586661b8710, C4<0>, C4<0>, C4<0>;
L_0x5586661b8c00 .functor AND 1, L_0x5586661b8a70, L_0x5586661b8b50, C4<1>, C4<1>;
L_0x5586661b8db0 .functor XOR 1, L_0x5586661b8c00, L_0x5586661b8d10, C4<0>, C4<0>;
L_0x5586661b9190 .functor NOT 1, L_0x5586661b90f0, C4<0>, C4<0>, C4<0>;
v0x5586661673a0_0 .net "_00_", 3 0, L_0x5586661b8f10;  1 drivers
v0x55866617b9c0_0 .net "_01_", 0 0, L_0x5586661b8710;  1 drivers
v0x55866617d5c0_0 .net "_02_", 0 0, L_0x5586661b8c00;  1 drivers
v0x55866617d660_0 .net *"_s11", 0 0, L_0x5586661b8550;  1 drivers
v0x55866617e160_0 .net *"_s12", 0 0, L_0x5586661b8620;  1 drivers
v0x55866617e200_0 .net *"_s19", 0 0, L_0x5586661b87d0;  1 drivers
v0x5586661b7290_0 .net *"_s20", 0 0, L_0x5586661b8870;  1 drivers
v0x5586661b7370_0 .net *"_s22", 0 0, L_0x5586661b89b0;  1 drivers
v0x5586661b7450_0 .net *"_s25", 0 0, L_0x5586661b8a70;  1 drivers
v0x5586661b7530_0 .net *"_s26", 0 0, L_0x5586661b8b50;  1 drivers
v0x5586661b7610_0 .net *"_s3", 0 0, L_0x5586661b8230;  1 drivers
v0x5586661b76f0_0 .net *"_s33", 0 0, L_0x5586661b8d10;  1 drivers
v0x5586661b77d0_0 .net *"_s34", 0 0, L_0x5586661b8db0;  1 drivers
v0x5586661b78b0_0 .net *"_s40", 0 0, L_0x5586661b90f0;  1 drivers
v0x5586661b7990_0 .net *"_s41", 0 0, L_0x5586661b9190;  1 drivers
v0x5586661b7a70_0 .net *"_s5", 0 0, L_0x5586661b82d0;  1 drivers
v0x5586661b7b50_0 .net *"_s6", 0 0, L_0x5586661b8370;  1 drivers
v0x5586661b7c30_0 .net *"_s9", 0 0, L_0x5586661b84b0;  1 drivers
v0x5586661b7d10_0 .net "clk", 0 0, v0x5586661b8050_0;  1 drivers
v0x5586661b7df0_0 .var "count", 3 0;
v0x5586661b7ef0_0 .net "rst", 0 0, v0x5586661b8190_0;  1 drivers
E_0x558666189fe0/0 .event negedge, v0x5586661b7d10_0;
E_0x558666189fe0/1 .event posedge, v0x5586661b7ef0_0;
E_0x558666189fe0 .event/or E_0x558666189fe0/0, E_0x558666189fe0/1;
L_0x5586661b8230 .part v0x5586661b7df0_0, 0, 1;
L_0x5586661b82d0 .part v0x5586661b7df0_0, 1, 1;
L_0x5586661b84b0 .part v0x5586661b7df0_0, 0, 1;
L_0x5586661b8550 .part v0x5586661b7df0_0, 1, 1;
L_0x5586661b87d0 .part v0x5586661b7df0_0, 2, 1;
L_0x5586661b8a70 .part v0x5586661b7df0_0, 2, 1;
L_0x5586661b8d10 .part v0x5586661b7df0_0, 3, 1;
L_0x5586661b8f10 .concat8 [ 1 1 1 1], L_0x5586661b9190, L_0x5586661b8370, L_0x5586661b89b0, L_0x5586661b8db0;
L_0x5586661b90f0 .part v0x5586661b7df0_0, 0, 1;
    .scope S_0x55866618e5c0;
T_0 ;
    %wait E_0x558666189fe0;
    %load/vec4 v0x5586661b7ef0_0;
    %flag_set/vec4 8;
    %jmp/0xz  T_0.0, 8;
    %pushi/vec4 0, 0, 1;
    %ix/load 4, 0, 0;
    %ix/load 5, 0, 0;
    %flag_set/imm 4, 0;
    %assign/vec4/off/d v0x5586661b7df0_0, 4, 5;
    %jmp T_0.1;
T_0.0 ;
    %load/vec4 v0x5586661673a0_0;
    %parti/s 1, 0, 2;
    %ix/load 4, 0, 0;
    %ix/load 5, 0, 0;
    %flag_set/imm 4, 0;
    %assign/vec4/off/d v0x5586661b7df0_0, 4, 5;
T_0.1 ;
    %jmp T_0;
    .thread T_0;
    .scope S_0x55866618e5c0;
T_1 ;
    %wait E_0x558666189fe0;
    %load/vec4 v0x5586661b7ef0_0;
    %flag_set/vec4 8;
    %jmp/0xz  T_1.0, 8;
    %pushi/vec4 0, 0, 1;
    %ix/load 4, 1, 0;
    %ix/load 5, 0, 0;
    %flag_set/imm 4, 0;
    %assign/vec4/off/d v0x5586661b7df0_0, 4, 5;
    %jmp T_1.1;
T_1.0 ;
    %load/vec4 v0x5586661673a0_0;
    %parti/s 1, 1, 2;
    %ix/load 4, 1, 0;
    %ix/load 5, 0, 0;
    %flag_set/imm 4, 0;
    %assign/vec4/off/d v0x5586661b7df0_0, 4, 5;
T_1.1 ;
    %jmp T_1;
    .thread T_1;
    .scope S_0x55866618e5c0;
T_2 ;
    %wait E_0x558666189fe0;
    %load/vec4 v0x5586661b7ef0_0;
    %flag_set/vec4 8;
    %jmp/0xz  T_2.0, 8;
    %pushi/vec4 0, 0, 1;
    %ix/load 4, 2, 0;
    %ix/load 5, 0, 0;
    %flag_set/imm 4, 0;
    %assign/vec4/off/d v0x5586661b7df0_0, 4, 5;
    %jmp T_2.1;
T_2.0 ;
    %load/vec4 v0x5586661673a0_0;
    %parti/s 1, 2, 3;
    %ix/load 4, 2, 0;
    %ix/load 5, 0, 0;
    %flag_set/imm 4, 0;
    %assign/vec4/off/d v0x5586661b7df0_0, 4, 5;
T_2.1 ;
    %jmp T_2;
    .thread T_2;
    .scope S_0x55866618e5c0;
T_3 ;
    %wait E_0x558666189fe0;
    %load/vec4 v0x5586661b7ef0_0;
    %flag_set/vec4 8;
    %jmp/0xz  T_3.0, 8;
    %pushi/vec4 0, 0, 1;
    %ix/load 4, 3, 0;
    %ix/load 5, 0, 0;
    %flag_set/imm 4, 0;
    %assign/vec4/off/d v0x5586661b7df0_0, 4, 5;
    %jmp T_3.1;
T_3.0 ;
    %load/vec4 v0x5586661673a0_0;
    %parti/s 1, 3, 3;
    %ix/load 4, 3, 0;
    %ix/load 5, 0, 0;
    %flag_set/imm 4, 0;
    %assign/vec4/off/d v0x5586661b7df0_0, 4, 5;
T_3.1 ;
    %jmp T_3;
    .thread T_3;
    .scope S_0x55866618e440;
T_4 ;
    %delay 7, 0;
    %load/vec4 v0x5586661b8050_0;
    %inv;
    %store/vec4 v0x5586661b8050_0, 0, 1;
    %jmp T_4;
    .thread T_4;
    .scope S_0x55866618e440;
T_5 ;
    %vpi_call 2 17 "$dumpfile", "sim_gl/counter_gl_1.vcd" {0 0 0};
    %vpi_call 2 18 "$dumpvars", 32'sb00000000000000000000000000000000, S_0x55866618e440 {0 0 0};
    %pushi/vec4 0, 0, 1;
    %store/vec4 v0x5586661b8050_0, 0, 1;
    %pushi/vec4 1, 0, 1;
    %store/vec4 v0x5586661b8190_0, 0, 1;
    %delay 10, 0;
    %pushi/vec4 0, 0, 1;
    %store/vec4 v0x5586661b8190_0, 0, 1;
    %delay 100, 0;
    %vpi_call 2 24 "$finish" {0 0 0};
    %end;
    .thread T_5;
# The file index is used to find the file name in the following table.
:file_names 4;
    "N/A";
    "<interactive>";
    "tb/counter_tb1.v";
    "gl_netlist/counter_gl.v";
