#! /usr/bin/vvp
:ivl_version "10.3 (stable)";
:ivl_delay_selection "TYPICAL";
:vpi_time_precision + 0;
:vpi_module "system";
:vpi_module "vhdl_sys";
:vpi_module "v2005_math";
:vpi_module "va_math";
S_0x55eb7b59e950 .scope module, "cyclic_tb" "cyclic_tb" 2 1;
 .timescale 0 0;
v0x55eb7b5c50e0_0 .var "clock", 0 0;
v0x55eb7b5c5180_0 .net "light", 2 0, L_0x55eb7b5c5980;  1 drivers
S_0x55eb7b59ead0 .scope module, "DUT" "cyclic_lamp" 2 4, 3 5 0, S_0x55eb7b59e950;
 .timescale 0 0;
    .port_info 0 /INPUT 1 "clock"
    .port_info 1 /OUTPUT 3 "light"
L_0x55eb7b5c53f0 .functor OR 1, L_0x55eb7b5c5220, L_0x55eb7b5c5320, C4<0>, C4<0>;
L_0x55eb7b5c5500 .functor NOT 1, L_0x55eb7b5c53f0, C4<0>, C4<0>, C4<0>;
L_0x55eb7b5c5780 .functor NOT 1, L_0x55eb7b5c5660, C4<0>, C4<0>, C4<0>;
L_0x55eb7b5c5840 .functor AND 1, L_0x55eb7b5c55c0, L_0x55eb7b5c5780, C4<1>, C4<1>;
L_0x55eb7b5c5cd0 .functor NOT 1, L_0x55eb7b5c5ba0, C4<0>, C4<0>, C4<0>;
L_0x55eb7b5c5d40 .functor AND 1, L_0x55eb7b5c5ac0, L_0x55eb7b5c5cd0, C4<1>, C4<1>;
v0x55eb7b58d300_0 .net *"_s13", 0 0, L_0x55eb7b5c55c0;  1 drivers
v0x55eb7b58d900_0 .net *"_s15", 0 0, L_0x55eb7b5c5660;  1 drivers
v0x55eb7b5c4420_0 .net *"_s16", 0 0, L_0x55eb7b5c5780;  1 drivers
v0x55eb7b5c44e0_0 .net *"_s18", 0 0, L_0x55eb7b5c5840;  1 drivers
v0x55eb7b5c45c0_0 .net *"_s24", 0 0, L_0x55eb7b5c5ac0;  1 drivers
v0x55eb7b5c46f0_0 .net *"_s26", 0 0, L_0x55eb7b5c5ba0;  1 drivers
v0x55eb7b5c47d0_0 .net *"_s27", 0 0, L_0x55eb7b5c5cd0;  1 drivers
v0x55eb7b5c48b0_0 .net *"_s29", 0 0, L_0x55eb7b5c5d40;  1 drivers
v0x55eb7b5c4990_0 .net *"_s3", 0 0, L_0x55eb7b5c5220;  1 drivers
v0x55eb7b5c4a70_0 .net *"_s5", 0 0, L_0x55eb7b5c5320;  1 drivers
v0x55eb7b5c4b50_0 .net *"_s6", 0 0, L_0x55eb7b5c53f0;  1 drivers
v0x55eb7b5c4c30_0 .net *"_s8", 0 0, L_0x55eb7b5c5500;  1 drivers
v0x55eb7b5c4d10_0 .net "clock", 0 0, v0x55eb7b5c50e0_0;  1 drivers
v0x55eb7b5c4df0_0 .net "light", 2 0, L_0x55eb7b5c5980;  alias, 1 drivers
v0x55eb7b5c4ef0_0 .var "state", 2 0;
E_0x55eb7b567620 .event posedge, v0x55eb7b5c4d10_0;
L_0x55eb7b5c5220 .part v0x55eb7b5c4ef0_0, 2, 1;
L_0x55eb7b5c5320 .part v0x55eb7b5c4ef0_0, 1, 1;
L_0x55eb7b5c55c0 .part v0x55eb7b5c4ef0_0, 1, 1;
L_0x55eb7b5c5660 .part L_0x55eb7b5c5980, 2, 1;
L_0x55eb7b5c5980 .concat8 [ 1 1 1 0], L_0x55eb7b5c5840, L_0x55eb7b5c5d40, L_0x55eb7b5c5500;
L_0x55eb7b5c5ac0 .part v0x55eb7b5c4ef0_0, 2, 1;
L_0x55eb7b5c5ba0 .part L_0x55eb7b5c5980, 2, 1;
    .scope S_0x55eb7b59ead0;
T_0 ;
    %wait E_0x55eb7b567620;
    %load/vec4 v0x55eb7b5c4ef0_0;
    %parti/s 1, 1, 2;
    %ix/load 4, 0, 0;
    %ix/load 5, 0, 0;
    %flag_set/imm 4, 0;
    %assign/vec4/off/d v0x55eb7b5c4ef0_0, 4, 5;
    %jmp T_0;
    .thread T_0;
    .scope S_0x55eb7b59ead0;
T_1 ;
    %wait E_0x55eb7b567620;
    %load/vec4 v0x55eb7b5c4ef0_0;
    %parti/s 1, 2, 3;
    %ix/load 4, 1, 0;
    %ix/load 5, 0, 0;
    %flag_set/imm 4, 0;
    %assign/vec4/off/d v0x55eb7b5c4ef0_0, 4, 5;
    %jmp T_1;
    .thread T_1;
    .scope S_0x55eb7b59ead0;
T_2 ;
    %wait E_0x55eb7b567620;
    %load/vec4 v0x55eb7b5c4ef0_0;
    %parti/s 1, 0, 2;
    %ix/load 4, 2, 0;
    %ix/load 5, 0, 0;
    %flag_set/imm 4, 0;
    %assign/vec4/off/d v0x55eb7b5c4ef0_0, 4, 5;
    %jmp T_2;
    .thread T_2;
    .scope S_0x55eb7b59e950;
T_3 ;
    %delay 2, 0;
    %load/vec4 v0x55eb7b5c50e0_0;
    %inv;
    %store/vec4 v0x55eb7b5c50e0_0, 0, 1;
    %jmp T_3;
    .thread T_3;
    .scope S_0x55eb7b59e950;
T_4 ;
    %pushi/vec4 0, 0, 1;
    %store/vec4 v0x55eb7b5c50e0_0, 0, 1;
    %delay 100, 0;
    %vpi_call 2 8 "$finish" {0 0 0};
    %end;
    .thread T_4;
    .scope S_0x55eb7b59e950;
T_5 ;
    %vpi_call 2 12 "$dumpfile", "sim_gl/cyclic_lamp_gl_1.vcd" {0 0 0};
    %vpi_call 2 13 "$dumpvars", 32'sb00000000000000000000000000000000, S_0x55eb7b59e950 {0 0 0};
    %vpi_call 2 14 "$monitor", $time, "RGY=%b", v0x55eb7b5c5180_0 {0 0 0};
    %end;
    .thread T_5;
# The file index is used to find the file name in the following table.
:file_names 4;
    "N/A";
    "<interactive>";
    "tb/cyclic_lamp_tb1.v";
    "gl_netlist/cyclic_lamp_gl.v";
