#! /usr/bin/vvp
:ivl_version "11.0 (stable)";
:ivl_delay_selection "TYPICAL";
:vpi_time_precision - 12;
:vpi_module "/usr/lib/x86_64-linux-gnu/ivl/system.vpi";
:vpi_module "/usr/lib/x86_64-linux-gnu/ivl/vhdl_sys.vpi";
:vpi_module "/usr/lib/x86_64-linux-gnu/ivl/vhdl_textio.vpi";
:vpi_module "/usr/lib/x86_64-linux-gnu/ivl/v2005_math.vpi";
:vpi_module "/usr/lib/x86_64-linux-gnu/ivl/va_math.vpi";
S_0x621fd1a00d50 .scope module, "demux1x4_tb3" "demux1x4_tb3" 2 23;
 .timescale -9 -12;
v0x621fd1a429f0_0 .var "a", 3 0;
v0x621fd1a42ad0_0 .net "o0", 0 0, L_0x621fd1a43930;  1 drivers
v0x621fd1a42b70_0 .net "o1", 0 0, L_0x621fd1a43fb0;  1 drivers
v0x621fd1a42c10_0 .net "o2", 0 0, L_0x621fd1a43390;  1 drivers
v0x621fd1a42cb0_0 .net "o3", 0 0, L_0x621fd1a44320;  1 drivers
v0x621fd1a42d50_0 .var "sel", 1 0;
S_0x621fd1a14060 .scope module, "dut" "demux1x4" 2 28, 3 5 0, S_0x621fd1a00d50;
 .timescale 0 0;
    .port_info 0 /INPUT 4 "a";
    .port_info 1 /INPUT 2 "sel";
    .port_info 2 /OUTPUT 1 "o0";
    .port_info 3 /OUTPUT 1 "o1";
    .port_info 4 /OUTPUT 1 "o2";
    .port_info 5 /OUTPUT 1 "o3";
L_0x621fd1a42fe0 .functor NOT 1, L_0x621fd1a42f40, C4<0>, C4<0>, C4<0>;
L_0x621fd1a430d0 .functor OR 1, L_0x621fd1a42e20, L_0x621fd1a42fe0, C4<0>, C4<0>;
L_0x621fd1a432d0 .functor NOT 1, L_0x621fd1a430d0, C4<0>, C4<0>, C4<0>;
L_0x621fd1a43390 .functor AND 1, L_0x621fd1a431e0, L_0x621fd1a432d0, C4<1>, C4<1>;
L_0x621fd1a43690 .functor OR 1, L_0x621fd1a43520, L_0x621fd1a435f0, C4<0>, C4<0>;
L_0x621fd1a43830 .functor NOT 1, L_0x621fd1a43690, C4<0>, C4<0>, C4<0>;
L_0x621fd1a43930 .functor AND 1, L_0x621fd1a43750, L_0x621fd1a43830, C4<1>, C4<1>;
L_0x621fd1a43c20 .functor NOT 1, L_0x621fd1a43b30, C4<0>, C4<0>, C4<0>;
L_0x621fd1a43d30 .functor OR 1, L_0x621fd1a43a90, L_0x621fd1a43c20, C4<0>, C4<0>;
L_0x621fd1a43ee0 .functor NOT 1, L_0x621fd1a43d30, C4<0>, C4<0>, C4<0>;
L_0x621fd1a43fb0 .functor AND 1, L_0x621fd1a43e40, L_0x621fd1a43ee0, C4<1>, C4<1>;
L_0x621fd1a44260 .functor AND 1, L_0x621fd1a440c0, L_0x621fd1a441c0, C4<1>, C4<1>;
L_0x621fd1a44390 .functor NOT 1, L_0x621fd1a44260, C4<0>, C4<0>, C4<0>;
L_0x621fd1a44560 .functor NOT 1, L_0x621fd1a44390, C4<0>, C4<0>, C4<0>;
L_0x621fd1a44320 .functor AND 1, L_0x621fd1a44450, L_0x621fd1a44560, C4<1>, C4<1>;
v0x621fd1a14420_0 .net "_00_", 0 0, L_0x621fd1a430d0;  1 drivers
v0x621fd1a410f0_0 .net "_01_", 0 0, L_0x621fd1a43690;  1 drivers
v0x621fd1a411b0_0 .net "_02_", 0 0, L_0x621fd1a43d30;  1 drivers
v0x621fd1a41250_0 .net "_03_", 0 0, L_0x621fd1a44390;  1 drivers
v0x621fd1a41310_0 .net *"_ivl_1", 0 0, L_0x621fd1a42e20;  1 drivers
v0x621fd1a413f0_0 .net *"_ivl_10", 0 0, L_0x621fd1a432d0;  1 drivers
v0x621fd1a414d0_0 .net *"_ivl_15", 0 0, L_0x621fd1a43520;  1 drivers
v0x621fd1a415b0_0 .net *"_ivl_17", 0 0, L_0x621fd1a435f0;  1 drivers
v0x621fd1a41690_0 .net *"_ivl_21", 0 0, L_0x621fd1a43750;  1 drivers
v0x621fd1a41770_0 .net *"_ivl_22", 0 0, L_0x621fd1a43830;  1 drivers
v0x621fd1a41850_0 .net *"_ivl_27", 0 0, L_0x621fd1a43a90;  1 drivers
v0x621fd1a41930_0 .net *"_ivl_29", 0 0, L_0x621fd1a43b30;  1 drivers
v0x621fd1a41a10_0 .net *"_ivl_3", 0 0, L_0x621fd1a42f40;  1 drivers
v0x621fd1a41af0_0 .net *"_ivl_30", 0 0, L_0x621fd1a43c20;  1 drivers
v0x621fd1a41bd0_0 .net *"_ivl_35", 0 0, L_0x621fd1a43e40;  1 drivers
v0x621fd1a41cb0_0 .net *"_ivl_36", 0 0, L_0x621fd1a43ee0;  1 drivers
v0x621fd1a41d90_0 .net *"_ivl_4", 0 0, L_0x621fd1a42fe0;  1 drivers
v0x621fd1a41e70_0 .net *"_ivl_41", 0 0, L_0x621fd1a440c0;  1 drivers
v0x621fd1a41f50_0 .net *"_ivl_43", 0 0, L_0x621fd1a441c0;  1 drivers
v0x621fd1a42030_0 .net *"_ivl_44", 0 0, L_0x621fd1a44260;  1 drivers
v0x621fd1a42110_0 .net *"_ivl_49", 0 0, L_0x621fd1a44450;  1 drivers
v0x621fd1a421f0_0 .net *"_ivl_50", 0 0, L_0x621fd1a44560;  1 drivers
v0x621fd1a422d0_0 .net *"_ivl_9", 0 0, L_0x621fd1a431e0;  1 drivers
v0x621fd1a423b0_0 .net "a", 3 0, v0x621fd1a429f0_0;  1 drivers
v0x621fd1a424b0_0 .net "o0", 0 0, L_0x621fd1a43930;  alias, 1 drivers
v0x621fd1a42590_0 .net "o1", 0 0, L_0x621fd1a43fb0;  alias, 1 drivers
v0x621fd1a42670_0 .net "o2", 0 0, L_0x621fd1a43390;  alias, 1 drivers
v0x621fd1a42750_0 .net "o3", 0 0, L_0x621fd1a44320;  alias, 1 drivers
v0x621fd1a42830_0 .net "sel", 1 0, v0x621fd1a42d50_0;  1 drivers
L_0x621fd1a42e20 .part v0x621fd1a42d50_0, 0, 1;
L_0x621fd1a42f40 .part v0x621fd1a42d50_0, 1, 1;
L_0x621fd1a431e0 .part v0x621fd1a429f0_0, 2, 1;
L_0x621fd1a43520 .part v0x621fd1a42d50_0, 1, 1;
L_0x621fd1a435f0 .part v0x621fd1a42d50_0, 0, 1;
L_0x621fd1a43750 .part v0x621fd1a429f0_0, 0, 1;
L_0x621fd1a43a90 .part v0x621fd1a42d50_0, 1, 1;
L_0x621fd1a43b30 .part v0x621fd1a42d50_0, 0, 1;
L_0x621fd1a43e40 .part v0x621fd1a429f0_0, 1, 1;
L_0x621fd1a440c0 .part v0x621fd1a42d50_0, 1, 1;
L_0x621fd1a441c0 .part v0x621fd1a42d50_0, 0, 1;
L_0x621fd1a44450 .part v0x621fd1a429f0_0, 3, 1;
    .scope S_0x621fd1a00d50;
T_0 ;
    %vpi_call 2 31 "$dumpfile", "vcd/demux1x4_gl3.vcd" {0 0 0};
    %vpi_call 2 32 "$dumpvars", 32'sb00000000000000000000000000000000, S_0x621fd1a00d50 {0 0 0};
    %end;
    .thread T_0;
    .scope S_0x621fd1a00d50;
T_1 ;
    %pushi/vec4 2, 0, 2;
    %store/vec4 v0x621fd1a42d50_0, 0, 2;
    %pushi/vec4 13, 0, 4;
    %store/vec4 v0x621fd1a429f0_0, 0, 4;
    %delay 6000, 0;
    %pushi/vec4 1, 0, 2;
    %store/vec4 v0x621fd1a42d50_0, 0, 2;
    %pushi/vec4 0, 0, 4;
    %store/vec4 v0x621fd1a429f0_0, 0, 4;
    %delay 9000, 0;
    %pushi/vec4 0, 0, 2;
    %store/vec4 v0x621fd1a42d50_0, 0, 2;
    %pushi/vec4 4, 0, 4;
    %store/vec4 v0x621fd1a429f0_0, 0, 4;
    %delay 10000, 0;
    %pushi/vec4 3, 0, 2;
    %store/vec4 v0x621fd1a42d50_0, 0, 2;
    %pushi/vec4 5, 0, 4;
    %store/vec4 v0x621fd1a429f0_0, 0, 4;
    %delay 5000, 0;
    %pushi/vec4 1, 0, 2;
    %store/vec4 v0x621fd1a42d50_0, 0, 2;
    %pushi/vec4 13, 0, 4;
    %store/vec4 v0x621fd1a429f0_0, 0, 4;
    %delay 5000, 0;
    %pushi/vec4 3, 0, 2;
    %store/vec4 v0x621fd1a42d50_0, 0, 2;
    %pushi/vec4 15, 0, 4;
    %store/vec4 v0x621fd1a429f0_0, 0, 4;
    %delay 4000, 0;
    %pushi/vec4 2, 0, 2;
    %store/vec4 v0x621fd1a42d50_0, 0, 2;
    %pushi/vec4 7, 0, 4;
    %store/vec4 v0x621fd1a429f0_0, 0, 4;
    %delay 5000, 0;
    %vpi_call 2 49 "$finish" {0 0 0};
    %end;
    .thread T_1;
# The file index is used to find the file name in the following table.
:file_names 4;
    "N/A";
    "<interactive>";
    "tb/demux1x4_tb3.v";
    "gl_netlist/demux1x4_gl.v";
