#! /usr/bin/vvp
:ivl_version "10.3 (stable)";
:ivl_delay_selection "TYPICAL";
:vpi_time_precision + 0;
:vpi_module "system";
:vpi_module "vhdl_sys";
:vpi_module "v2005_math";
:vpi_module "va_math";
S_0x5582d751d880 .scope module, "dff_tb" "dff_tb" 2 1;
 .timescale 0 0;
v0x5582d7540f80_0 .var "D", 0 0;
v0x5582d7541040_0 .net "Q", 0 0, v0x5582d7540b50_0;  1 drivers
v0x5582d7541110_0 .net "Q_bar", 0 0, v0x5582d7540c30_0;  1 drivers
v0x5582d7541210_0 .var "clk", 0 0;
S_0x5582d751da00 .scope module, "DUT" "dff" 2 4, 3 5 0, S_0x5582d751d880;
 .timescale 0 0;
    .port_info 0 /INPUT 1 "D"
    .port_info 1 /INPUT 1 "clk"
    .port_info 2 /OUTPUT 1 "Q"
    .port_info 3 /OUTPUT 1 "Q_bar"
L_0x5582d75412e0 .functor NOT 1, v0x5582d7540f80_0, C4<0>, C4<0>, C4<0>;
v0x5582d74fa540_0 .net "D", 0 0, v0x5582d7540f80_0;  1 drivers
v0x5582d7540b50_0 .var "Q", 0 0;
v0x5582d7540c30_0 .var "Q_bar", 0 0;
v0x5582d7540cf0_0 .net "_0_", 0 0, L_0x5582d75412e0;  1 drivers
v0x5582d7540dd0_0 .net "clk", 0 0, v0x5582d7541210_0;  1 drivers
E_0x5582d751cbe0 .event negedge, v0x5582d7540dd0_0;
    .scope S_0x5582d751da00;
T_0 ;
    %wait E_0x5582d751cbe0;
    %load/vec4 v0x5582d7540cf0_0;
    %assign/vec4 v0x5582d7540c30_0, 0;
    %jmp T_0;
    .thread T_0;
    .scope S_0x5582d751da00;
T_1 ;
    %wait E_0x5582d751cbe0;
    %load/vec4 v0x5582d74fa540_0;
    %assign/vec4 v0x5582d7540b50_0, 0;
    %jmp T_1;
    .thread T_1;
    .scope S_0x5582d751d880;
T_2 ;
    %delay 2, 0;
    %load/vec4 v0x5582d7541210_0;
    %inv;
    %store/vec4 v0x5582d7541210_0, 0, 1;
    %jmp T_2;
    .thread T_2;
    .scope S_0x5582d751d880;
T_3 ;
    %pushi/vec4 0, 0, 1;
    %store/vec4 v0x5582d7541210_0, 0, 1;
    %pushi/vec4 0, 0, 1;
    %store/vec4 v0x5582d7540f80_0, 0, 1;
    %vpi_call 2 10 "$dumpfile", "sim_gl/dff_gl_1.vcd" {0 0 0};
    %vpi_call 2 11 "$dumpvars", 32'sb00000000000000000000000000000000, S_0x5582d751d880 {0 0 0};
    %vpi_call 2 12 "$monitor", $time, "D=%b,Q=%b,Q_bar=%b", v0x5582d7540f80_0, v0x5582d7541040_0, v0x5582d7541110_0 {0 0 0};
    %delay 2, 0;
    %pushi/vec4 1, 0, 1;
    %store/vec4 v0x5582d7540f80_0, 0, 1;
    %delay 10, 0;
    %pushi/vec4 0, 0, 1;
    %store/vec4 v0x5582d7540f80_0, 0, 1;
    %delay 20, 0;
    %vpi_call 2 15 "$finish" {0 0 0};
    %end;
    .thread T_3;
# The file index is used to find the file name in the following table.
:file_names 4;
    "N/A";
    "<interactive>";
    "tb/dff_tb1.v";
    "gl_netlist/dff_gl.v";
