#! /usr/bin/vvp
:ivl_version "11.0 (stable)";
:ivl_delay_selection "TYPICAL";
:vpi_time_precision - 12;
:vpi_module "/usr/lib/x86_64-linux-gnu/ivl/system.vpi";
:vpi_module "/usr/lib/x86_64-linux-gnu/ivl/vhdl_sys.vpi";
:vpi_module "/usr/lib/x86_64-linux-gnu/ivl/vhdl_textio.vpi";
:vpi_module "/usr/lib/x86_64-linux-gnu/ivl/v2005_math.vpi";
:vpi_module "/usr/lib/x86_64-linux-gnu/ivl/va_math.vpi";
S_0x585c902b1780 .scope module, "encoder4x2_tb3" "encoder4x2_tb3" 2 23;
 .timescale -9 -12;
v0x585c902ecec0_0 .var "d", 3 0;
v0x585c902ecf80_0 .net "out", 1 0, L_0x585c902ee830;  1 drivers
S_0x585c902b0fe0 .scope module, "dut" "encoder4x2" 2 27, 3 5 0, S_0x585c902b1780;
 .timescale 0 0;
    .port_info 0 /INPUT 4 "d";
    .port_info 1 /OUTPUT 2 "out";
L_0x585c902ed160 .functor OR 1, L_0x585c902ed020, L_0x585c902ed0c0, C4<0>, C4<0>;
L_0x585c902ed3e0 .functor NOT 1, L_0x585c902ed310, C4<0>, C4<0>, C4<0>;
L_0x585c902ed450 .functor OR 1, L_0x585c902ed270, L_0x585c902ed3e0, C4<0>, C4<0>;
L_0x585c902ed6e0 .functor NOT 1, L_0x585c902ed600, C4<0>, C4<0>, C4<0>;
L_0x585c902ed7d0 .functor OR 1, L_0x585c902ed560, L_0x585c902ed6e0, C4<0>, C4<0>;
L_0x585c902eda70 .functor OR 1, L_0x585c902ed8e0, L_0x585c902ed980, C4<0>, C4<0>;
L_0x585c902edbf0 .functor OR 1, L_0x585c902eda70, L_0x585c902ed7d0, C4<0>, C4<0>;
L_0x585c902edea0 .functor NOT 1, L_0x585c902edda0, C4<0>, C4<0>, C4<0>;
L_0x585c902edf60 .functor OR 1, L_0x585c902edd00, L_0x585c902edea0, C4<0>, C4<0>;
L_0x585c902ee070 .functor OR 1, L_0x585c902ed450, L_0x585c902ed160, C4<0>, C4<0>;
L_0x585c902ee1e0 .functor AND 1, L_0x585c902ee070, L_0x585c902edbf0, C4<1>, C4<1>;
L_0x585c902ee2a0 .functor NOT 1, L_0x585c902ee1e0, C4<0>, C4<0>, C4<0>;
L_0x585c902ee3d0 .functor AND 1, L_0x585c902edf60, L_0x585c902ed450, C4<1>, C4<1>;
L_0x585c902ee490 .functor OR 1, L_0x585c902ee3d0, L_0x585c902ed160, C4<0>, C4<0>;
L_0x585c902ee360 .functor NOT 1, L_0x585c902ee490, C4<0>, C4<0>, C4<0>;
L_0x585c902ee620 .functor NOT 1, L_0x585c902ee360, C4<0>, C4<0>, C4<0>;
L_0x585c902ee770 .functor AND 1, L_0x585c902edbf0, L_0x585c902ee620, C4<1>, C4<1>;
L_0x585c902ee970 .functor NOT 1, L_0x585c902ee770, C4<0>, C4<0>, C4<0>;
L_0x585c902eead0 .functor AND 1, L_0x585c902ee360, L_0x585c902ee970, C4<1>, C4<1>;
v0x585c902c05e0_0 .net "_00_", 0 0, L_0x585c902eda70;  1 drivers
v0x585c902eb490_0 .net "_01_", 0 0, L_0x585c902edbf0;  1 drivers
v0x585c902eb550_0 .net "_02_", 0 0, L_0x585c902edf60;  1 drivers
v0x585c902eb5f0_0 .net "_03_", 0 0, L_0x585c902ee360;  1 drivers
v0x585c902eb6b0_0 .net "_04_", 0 0, L_0x585c902ee770;  1 drivers
v0x585c902eb7c0_0 .net "_05_", 0 0, L_0x585c902ed160;  1 drivers
v0x585c902eb880_0 .net "_06_", 0 0, L_0x585c902ed450;  1 drivers
v0x585c902eb940_0 .net "_07_", 0 0, L_0x585c902ed7d0;  1 drivers
v0x585c902eba00_0 .net *"_ivl_1", 0 0, L_0x585c902ed020;  1 drivers
v0x585c902ebae0_0 .net *"_ivl_10", 0 0, L_0x585c902ed3e0;  1 drivers
v0x585c902ebbc0_0 .net *"_ivl_15", 0 0, L_0x585c902ed560;  1 drivers
v0x585c902ebca0_0 .net *"_ivl_17", 0 0, L_0x585c902ed600;  1 drivers
v0x585c902ebd80_0 .net *"_ivl_18", 0 0, L_0x585c902ed6e0;  1 drivers
v0x585c902ebe60_0 .net *"_ivl_23", 0 0, L_0x585c902ed8e0;  1 drivers
v0x585c902ebf40_0 .net *"_ivl_25", 0 0, L_0x585c902ed980;  1 drivers
v0x585c902ec020_0 .net *"_ivl_3", 0 0, L_0x585c902ed0c0;  1 drivers
v0x585c902ec100_0 .net *"_ivl_31", 0 0, L_0x585c902edd00;  1 drivers
v0x585c902ec1e0_0 .net *"_ivl_33", 0 0, L_0x585c902edda0;  1 drivers
v0x585c902ec2c0_0 .net *"_ivl_34", 0 0, L_0x585c902edea0;  1 drivers
v0x585c902ec3a0_0 .net *"_ivl_40", 0 0, L_0x585c902ee070;  1 drivers
v0x585c902ec480_0 .net *"_ivl_42", 0 0, L_0x585c902ee1e0;  1 drivers
v0x585c902ec560_0 .net *"_ivl_44", 0 0, L_0x585c902ee2a0;  1 drivers
v0x585c902ec640_0 .net *"_ivl_46", 0 0, L_0x585c902ee3d0;  1 drivers
v0x585c902ec720_0 .net *"_ivl_48", 0 0, L_0x585c902ee490;  1 drivers
v0x585c902ec800_0 .net *"_ivl_52", 0 0, L_0x585c902ee620;  1 drivers
v0x585c902ec8e0_0 .net *"_ivl_59", 0 0, L_0x585c902ee970;  1 drivers
v0x585c902ec9c0_0 .net *"_ivl_61", 0 0, L_0x585c902eead0;  1 drivers
v0x585c902ecaa0_0 .net *"_ivl_7", 0 0, L_0x585c902ed270;  1 drivers
v0x585c902ecb80_0 .net *"_ivl_9", 0 0, L_0x585c902ed310;  1 drivers
v0x585c902ecc60_0 .net "d", 3 0, v0x585c902ecec0_0;  1 drivers
v0x585c902ecd60_0 .net "out", 1 0, L_0x585c902ee830;  alias, 1 drivers
L_0x585c902ed020 .part v0x585c902ecec0_0, 1, 1;
L_0x585c902ed0c0 .part v0x585c902ecec0_0, 0, 1;
L_0x585c902ed270 .part v0x585c902ecec0_0, 2, 1;
L_0x585c902ed310 .part v0x585c902ecec0_0, 3, 1;
L_0x585c902ed560 .part v0x585c902ecec0_0, 0, 1;
L_0x585c902ed600 .part v0x585c902ecec0_0, 1, 1;
L_0x585c902ed8e0 .part v0x585c902ecec0_0, 3, 1;
L_0x585c902ed980 .part v0x585c902ecec0_0, 2, 1;
L_0x585c902edd00 .part v0x585c902ecec0_0, 3, 1;
L_0x585c902edda0 .part v0x585c902ecec0_0, 2, 1;
L_0x585c902ee830 .concat8 [ 1 1 0 0], L_0x585c902ee2a0, L_0x585c902eead0;
    .scope S_0x585c902b1780;
T_0 ;
    %vpi_call 2 30 "$dumpfile", "vcd/encoder4x2_gl3.vcd" {0 0 0};
    %vpi_call 2 31 "$dumpvars", 32'sb00000000000000000000000000000000, S_0x585c902b1780 {0 0 0};
    %end;
    .thread T_0;
    .scope S_0x585c902b1780;
T_1 ;
    %pushi/vec4 0, 0, 4;
    %store/vec4 v0x585c902ecec0_0, 0, 4;
    %delay 5000, 0;
    %pushi/vec4 1, 0, 4;
    %store/vec4 v0x585c902ecec0_0, 0, 4;
    %delay 6000, 0;
    %pushi/vec4 2, 0, 4;
    %store/vec4 v0x585c902ecec0_0, 0, 4;
    %delay 2000, 0;
    %pushi/vec4 4, 0, 4;
    %store/vec4 v0x585c902ecec0_0, 0, 4;
    %delay 8000, 0;
    %pushi/vec4 8, 0, 4;
    %store/vec4 v0x585c902ecec0_0, 0, 4;
    %delay 5000, 0;
    %pushi/vec4 2, 0, 4;
    %store/vec4 v0x585c902ecec0_0, 0, 4;
    %delay 9000, 0;
    %pushi/vec4 4, 0, 4;
    %store/vec4 v0x585c902ecec0_0, 0, 4;
    %delay 5000, 0;
    %pushi/vec4 4, 0, 4;
    %store/vec4 v0x585c902ecec0_0, 0, 4;
    %delay 5000, 0;
    %pushi/vec4 1, 0, 4;
    %store/vec4 v0x585c902ecec0_0, 0, 4;
    %delay 10000, 0;
    %pushi/vec4 8, 0, 4;
    %store/vec4 v0x585c902ecec0_0, 0, 4;
    %delay 11000, 0;
    %vpi_call 2 54 "$finish" {0 0 0};
    %end;
    .thread T_1;
# The file index is used to find the file name in the following table.
:file_names 4;
    "N/A";
    "<interactive>";
    "tb/encoder4x2_tb3.v";
    "gl_netlist/encoder4x2_gl.v";
