#! /usr/bin/vvp
:ivl_version "11.0 (stable)";
:ivl_delay_selection "TYPICAL";
:vpi_time_precision - 12;
:vpi_module "/usr/lib/x86_64-linux-gnu/ivl/system.vpi";
:vpi_module "/usr/lib/x86_64-linux-gnu/ivl/vhdl_sys.vpi";
:vpi_module "/usr/lib/x86_64-linux-gnu/ivl/vhdl_textio.vpi";
:vpi_module "/usr/lib/x86_64-linux-gnu/ivl/v2005_math.vpi";
:vpi_module "/usr/lib/x86_64-linux-gnu/ivl/va_math.vpi";
S_0x5c9c34481780 .scope module, "encoder4x2_tb" "encoder4x2_tb" 2 23;
 .timescale -9 -12;
v0x5c9c344bcaa0_0 .var "d", 3 0;
v0x5c9c344bcb60_0 .net "out", 1 0, L_0x5c9c344be410;  1 drivers
S_0x5c9c34480fe0 .scope module, "dut" "encoder4x2" 2 27, 3 5 0, S_0x5c9c34481780;
 .timescale 0 0;
    .port_info 0 /INPUT 4 "d";
    .port_info 1 /OUTPUT 2 "out";
L_0x5c9c344bcd40 .functor OR 1, L_0x5c9c344bcc00, L_0x5c9c344bcca0, C4<0>, C4<0>;
L_0x5c9c344bcfc0 .functor NOT 1, L_0x5c9c344bcef0, C4<0>, C4<0>, C4<0>;
L_0x5c9c344bd030 .functor OR 1, L_0x5c9c344bce50, L_0x5c9c344bcfc0, C4<0>, C4<0>;
L_0x5c9c344bd2c0 .functor NOT 1, L_0x5c9c344bd1e0, C4<0>, C4<0>, C4<0>;
L_0x5c9c344bd3b0 .functor OR 1, L_0x5c9c344bd140, L_0x5c9c344bd2c0, C4<0>, C4<0>;
L_0x5c9c344bd650 .functor OR 1, L_0x5c9c344bd4c0, L_0x5c9c344bd560, C4<0>, C4<0>;
L_0x5c9c344bd7d0 .functor OR 1, L_0x5c9c344bd650, L_0x5c9c344bd3b0, C4<0>, C4<0>;
L_0x5c9c344bda80 .functor NOT 1, L_0x5c9c344bd980, C4<0>, C4<0>, C4<0>;
L_0x5c9c344bdb40 .functor OR 1, L_0x5c9c344bd8e0, L_0x5c9c344bda80, C4<0>, C4<0>;
L_0x5c9c344bdc50 .functor OR 1, L_0x5c9c344bd030, L_0x5c9c344bcd40, C4<0>, C4<0>;
L_0x5c9c344bddc0 .functor AND 1, L_0x5c9c344bdc50, L_0x5c9c344bd7d0, C4<1>, C4<1>;
L_0x5c9c344bde80 .functor NOT 1, L_0x5c9c344bddc0, C4<0>, C4<0>, C4<0>;
L_0x5c9c344bdfb0 .functor AND 1, L_0x5c9c344bdb40, L_0x5c9c344bd030, C4<1>, C4<1>;
L_0x5c9c344be070 .functor OR 1, L_0x5c9c344bdfb0, L_0x5c9c344bcd40, C4<0>, C4<0>;
L_0x5c9c344bdf40 .functor NOT 1, L_0x5c9c344be070, C4<0>, C4<0>, C4<0>;
L_0x5c9c344be200 .functor NOT 1, L_0x5c9c344bdf40, C4<0>, C4<0>, C4<0>;
L_0x5c9c344be350 .functor AND 1, L_0x5c9c344bd7d0, L_0x5c9c344be200, C4<1>, C4<1>;
L_0x5c9c344be550 .functor NOT 1, L_0x5c9c344be350, C4<0>, C4<0>, C4<0>;
L_0x5c9c344be6b0 .functor AND 1, L_0x5c9c344bdf40, L_0x5c9c344be550, C4<1>, C4<1>;
v0x5c9c344905e0_0 .net "_00_", 0 0, L_0x5c9c344bd650;  1 drivers
v0x5c9c344bb070_0 .net "_01_", 0 0, L_0x5c9c344bd7d0;  1 drivers
v0x5c9c344bb130_0 .net "_02_", 0 0, L_0x5c9c344bdb40;  1 drivers
v0x5c9c344bb1d0_0 .net "_03_", 0 0, L_0x5c9c344bdf40;  1 drivers
v0x5c9c344bb290_0 .net "_04_", 0 0, L_0x5c9c344be350;  1 drivers
v0x5c9c344bb3a0_0 .net "_05_", 0 0, L_0x5c9c344bcd40;  1 drivers
v0x5c9c344bb460_0 .net "_06_", 0 0, L_0x5c9c344bd030;  1 drivers
v0x5c9c344bb520_0 .net "_07_", 0 0, L_0x5c9c344bd3b0;  1 drivers
v0x5c9c344bb5e0_0 .net *"_ivl_1", 0 0, L_0x5c9c344bcc00;  1 drivers
v0x5c9c344bb6c0_0 .net *"_ivl_10", 0 0, L_0x5c9c344bcfc0;  1 drivers
v0x5c9c344bb7a0_0 .net *"_ivl_15", 0 0, L_0x5c9c344bd140;  1 drivers
v0x5c9c344bb880_0 .net *"_ivl_17", 0 0, L_0x5c9c344bd1e0;  1 drivers
v0x5c9c344bb960_0 .net *"_ivl_18", 0 0, L_0x5c9c344bd2c0;  1 drivers
v0x5c9c344bba40_0 .net *"_ivl_23", 0 0, L_0x5c9c344bd4c0;  1 drivers
v0x5c9c344bbb20_0 .net *"_ivl_25", 0 0, L_0x5c9c344bd560;  1 drivers
v0x5c9c344bbc00_0 .net *"_ivl_3", 0 0, L_0x5c9c344bcca0;  1 drivers
v0x5c9c344bbce0_0 .net *"_ivl_31", 0 0, L_0x5c9c344bd8e0;  1 drivers
v0x5c9c344bbdc0_0 .net *"_ivl_33", 0 0, L_0x5c9c344bd980;  1 drivers
v0x5c9c344bbea0_0 .net *"_ivl_34", 0 0, L_0x5c9c344bda80;  1 drivers
v0x5c9c344bbf80_0 .net *"_ivl_40", 0 0, L_0x5c9c344bdc50;  1 drivers
v0x5c9c344bc060_0 .net *"_ivl_42", 0 0, L_0x5c9c344bddc0;  1 drivers
v0x5c9c344bc140_0 .net *"_ivl_44", 0 0, L_0x5c9c344bde80;  1 drivers
v0x5c9c344bc220_0 .net *"_ivl_46", 0 0, L_0x5c9c344bdfb0;  1 drivers
v0x5c9c344bc300_0 .net *"_ivl_48", 0 0, L_0x5c9c344be070;  1 drivers
v0x5c9c344bc3e0_0 .net *"_ivl_52", 0 0, L_0x5c9c344be200;  1 drivers
v0x5c9c344bc4c0_0 .net *"_ivl_59", 0 0, L_0x5c9c344be550;  1 drivers
v0x5c9c344bc5a0_0 .net *"_ivl_61", 0 0, L_0x5c9c344be6b0;  1 drivers
v0x5c9c344bc680_0 .net *"_ivl_7", 0 0, L_0x5c9c344bce50;  1 drivers
v0x5c9c344bc760_0 .net *"_ivl_9", 0 0, L_0x5c9c344bcef0;  1 drivers
v0x5c9c344bc840_0 .net "d", 3 0, v0x5c9c344bcaa0_0;  1 drivers
v0x5c9c344bc940_0 .net "out", 1 0, L_0x5c9c344be410;  alias, 1 drivers
L_0x5c9c344bcc00 .part v0x5c9c344bcaa0_0, 1, 1;
L_0x5c9c344bcca0 .part v0x5c9c344bcaa0_0, 0, 1;
L_0x5c9c344bce50 .part v0x5c9c344bcaa0_0, 2, 1;
L_0x5c9c344bcef0 .part v0x5c9c344bcaa0_0, 3, 1;
L_0x5c9c344bd140 .part v0x5c9c344bcaa0_0, 0, 1;
L_0x5c9c344bd1e0 .part v0x5c9c344bcaa0_0, 1, 1;
L_0x5c9c344bd4c0 .part v0x5c9c344bcaa0_0, 3, 1;
L_0x5c9c344bd560 .part v0x5c9c344bcaa0_0, 2, 1;
L_0x5c9c344bd8e0 .part v0x5c9c344bcaa0_0, 3, 1;
L_0x5c9c344bd980 .part v0x5c9c344bcaa0_0, 2, 1;
L_0x5c9c344be410 .concat8 [ 1 1 0 0], L_0x5c9c344bde80, L_0x5c9c344be6b0;
    .scope S_0x5c9c34481780;
T_0 ;
    %vpi_call 2 30 "$dumpfile", "vcd/encoder4x2_gl.vcd" {0 0 0};
    %vpi_call 2 31 "$dumpvars", 32'sb00000000000000000000000000000000, S_0x5c9c34481780 {0 0 0};
    %end;
    .thread T_0;
    .scope S_0x5c9c34481780;
T_1 ;
    %pushi/vec4 0, 0, 4;
    %store/vec4 v0x5c9c344bcaa0_0, 0, 4;
    %delay 5000, 0;
    %pushi/vec4 1, 0, 4;
    %store/vec4 v0x5c9c344bcaa0_0, 0, 4;
    %delay 5000, 0;
    %pushi/vec4 2, 0, 4;
    %store/vec4 v0x5c9c344bcaa0_0, 0, 4;
    %delay 5000, 0;
    %pushi/vec4 4, 0, 4;
    %store/vec4 v0x5c9c344bcaa0_0, 0, 4;
    %delay 5000, 0;
    %pushi/vec4 8, 0, 4;
    %store/vec4 v0x5c9c344bcaa0_0, 0, 4;
    %delay 5000, 0;
    %pushi/vec4 2, 0, 4;
    %store/vec4 v0x5c9c344bcaa0_0, 0, 4;
    %delay 5000, 0;
    %pushi/vec4 4, 0, 4;
    %store/vec4 v0x5c9c344bcaa0_0, 0, 4;
    %delay 5000, 0;
    %pushi/vec4 2, 0, 4;
    %store/vec4 v0x5c9c344bcaa0_0, 0, 4;
    %delay 5000, 0;
    %pushi/vec4 8, 0, 4;
    %store/vec4 v0x5c9c344bcaa0_0, 0, 4;
    %delay 5000, 0;
    %vpi_call 2 52 "$finish" {0 0 0};
    %end;
    .thread T_1;
# The file index is used to find the file name in the following table.
:file_names 4;
    "N/A";
    "<interactive>";
    "tb/encoder4x2_tb.v";
    "gl_netlist/encoder4x2_gl.v";
