#! /usr/bin/vvp
:ivl_version "11.0 (stable)";
:ivl_delay_selection "TYPICAL";
:vpi_time_precision - 12;
:vpi_module "/usr/lib/x86_64-linux-gnu/ivl/system.vpi";
:vpi_module "/usr/lib/x86_64-linux-gnu/ivl/vhdl_sys.vpi";
:vpi_module "/usr/lib/x86_64-linux-gnu/ivl/vhdl_textio.vpi";
:vpi_module "/usr/lib/x86_64-linux-gnu/ivl/v2005_math.vpi";
:vpi_module "/usr/lib/x86_64-linux-gnu/ivl/va_math.vpi";
S_0x59a78aac0020 .scope module, "full_adder_tb3" "full_adder_tb3" 2 23;
 .timescale -9 -12;
v0x59a78aaeedc0_0 .var "a", 0 0;
v0x59a78aaeeed0_0 .var "b", 0 0;
v0x59a78aaeefe0_0 .var "c", 0 0;
v0x59a78aaef0d0_0 .net "carry", 0 0, L_0x59a78aaef2b0;  1 drivers
v0x59a78aaef170_0 .net "sum", 0 0, L_0x59a78aaef530;  1 drivers
S_0x59a78aac01b0 .scope module, "dut" "full_adder" 2 27, 3 5 0, S_0x59a78aac0020;
 .timescale 0 0;
    .port_info 0 /INPUT 1 "a";
    .port_info 1 /INPUT 1 "b";
    .port_info 2 /INPUT 1 "c";
    .port_info 3 /OUTPUT 1 "sum";
    .port_info 4 /OUTPUT 1 "carry";
L_0x59a78aaef2b0 .functor OR 1, L_0x59a78aaef670, L_0x59a78aaef4a0, C4<0>, C4<0>;
v0x59a78aaee660_0 .net "a", 0 0, v0x59a78aaeedc0_0;  1 drivers
v0x59a78aaee760_0 .net "b", 0 0, v0x59a78aaeeed0_0;  1 drivers
v0x59a78aaee830_0 .net "c", 0 0, v0x59a78aaeefe0_0;  1 drivers
v0x59a78aaee930_0 .net "carry", 0 0, L_0x59a78aaef2b0;  alias, 1 drivers
v0x59a78aaeea00_0 .net "sum", 0 0, L_0x59a78aaef530;  alias, 1 drivers
v0x59a78aaeeb10_0 .net "w1", 0 0, L_0x59a78aaef410;  1 drivers
v0x59a78aaeec00_0 .net "w2", 0 0, L_0x59a78aaef4a0;  1 drivers
v0x59a78aaeecc0_0 .net "w3", 0 0, L_0x59a78aaef670;  1 drivers
S_0x59a78aabec40 .scope module, "ha1" "half_adder" 3 25, 3 42 0, S_0x59a78aac01b0;
 .timescale 0 0;
    .port_info 0 /INPUT 1 "a";
    .port_info 1 /INPUT 1 "b";
    .port_info 2 /OUTPUT 1 "sum";
    .port_info 3 /OUTPUT 1 "carry";
L_0x59a78aaef410 .functor XOR 1, v0x59a78aaeeed0_0, v0x59a78aaeedc0_0, C4<0>, C4<0>;
L_0x59a78aaef4a0 .functor AND 1, v0x59a78aaeeed0_0, v0x59a78aaeedc0_0, C4<1>, C4<1>;
v0x59a78aac0390_0 .net "a", 0 0, v0x59a78aaeedc0_0;  alias, 1 drivers
v0x59a78aaedcc0_0 .net "b", 0 0, v0x59a78aaeeed0_0;  alias, 1 drivers
v0x59a78aaedda0_0 .net "carry", 0 0, L_0x59a78aaef4a0;  alias, 1 drivers
v0x59a78aaede60_0 .net "sum", 0 0, L_0x59a78aaef410;  alias, 1 drivers
S_0x59a78aaedfc0 .scope module, "ha2" "half_adder" 3 33, 3 42 0, S_0x59a78aac01b0;
 .timescale 0 0;
    .port_info 0 /INPUT 1 "a";
    .port_info 1 /INPUT 1 "b";
    .port_info 2 /OUTPUT 1 "sum";
    .port_info 3 /OUTPUT 1 "carry";
L_0x59a78aaef530 .functor XOR 1, v0x59a78aaeefe0_0, L_0x59a78aaef410, C4<0>, C4<0>;
L_0x59a78aaef670 .functor AND 1, v0x59a78aaeefe0_0, L_0x59a78aaef410, C4<1>, C4<1>;
v0x59a78aaee230_0 .net "a", 0 0, L_0x59a78aaef410;  alias, 1 drivers
v0x59a78aaee340_0 .net "b", 0 0, v0x59a78aaeefe0_0;  alias, 1 drivers
v0x59a78aaee410_0 .net "carry", 0 0, L_0x59a78aaef670;  alias, 1 drivers
v0x59a78aaee500_0 .net "sum", 0 0, L_0x59a78aaef530;  alias, 1 drivers
    .scope S_0x59a78aac0020;
T_0 ;
    %vpi_call 2 30 "$dumpfile", "vcd/full_adder_gl3.vcd" {0 0 0};
    %vpi_call 2 31 "$dumpvars", 32'sb00000000000000000000000000000000, S_0x59a78aac0020 {0 0 0};
    %end;
    .thread T_0;
    .scope S_0x59a78aac0020;
T_1 ;
    %pushi/vec4 0, 0, 1;
    %store/vec4 v0x59a78aaeedc0_0, 0, 1;
    %pushi/vec4 1, 0, 1;
    %store/vec4 v0x59a78aaeeed0_0, 0, 1;
    %pushi/vec4 0, 0, 1;
    %store/vec4 v0x59a78aaeefe0_0, 0, 1;
    %delay 5000, 0;
    %pushi/vec4 0, 0, 1;
    %store/vec4 v0x59a78aaeedc0_0, 0, 1;
    %pushi/vec4 1, 0, 1;
    %store/vec4 v0x59a78aaeeed0_0, 0, 1;
    %pushi/vec4 1, 0, 1;
    %store/vec4 v0x59a78aaeefe0_0, 0, 1;
    %delay 9000, 0;
    %pushi/vec4 0, 0, 1;
    %store/vec4 v0x59a78aaeedc0_0, 0, 1;
    %pushi/vec4 1, 0, 1;
    %store/vec4 v0x59a78aaeeed0_0, 0, 1;
    %pushi/vec4 0, 0, 1;
    %store/vec4 v0x59a78aaeefe0_0, 0, 1;
    %delay 5000, 0;
    %pushi/vec4 1, 0, 1;
    %store/vec4 v0x59a78aaeedc0_0, 0, 1;
    %pushi/vec4 1, 0, 1;
    %store/vec4 v0x59a78aaeeed0_0, 0, 1;
    %pushi/vec4 1, 0, 1;
    %store/vec4 v0x59a78aaeefe0_0, 0, 1;
    %delay 5000, 0;
    %pushi/vec4 0, 0, 1;
    %store/vec4 v0x59a78aaeedc0_0, 0, 1;
    %pushi/vec4 0, 0, 1;
    %store/vec4 v0x59a78aaeeed0_0, 0, 1;
    %pushi/vec4 0, 0, 1;
    %store/vec4 v0x59a78aaeefe0_0, 0, 1;
    %delay 7000, 0;
    %pushi/vec4 1, 0, 1;
    %store/vec4 v0x59a78aaeedc0_0, 0, 1;
    %pushi/vec4 1, 0, 1;
    %store/vec4 v0x59a78aaeeed0_0, 0, 1;
    %pushi/vec4 1, 0, 1;
    %store/vec4 v0x59a78aaeefe0_0, 0, 1;
    %delay 10000, 0;
    %pushi/vec4 1, 0, 1;
    %store/vec4 v0x59a78aaeedc0_0, 0, 1;
    %pushi/vec4 0, 0, 1;
    %store/vec4 v0x59a78aaeeed0_0, 0, 1;
    %pushi/vec4 1, 0, 1;
    %store/vec4 v0x59a78aaeefe0_0, 0, 1;
    %delay 5000, 0;
    %pushi/vec4 1, 0, 1;
    %store/vec4 v0x59a78aaeedc0_0, 0, 1;
    %pushi/vec4 0, 0, 1;
    %store/vec4 v0x59a78aaeeed0_0, 0, 1;
    %pushi/vec4 0, 0, 1;
    %store/vec4 v0x59a78aaeefe0_0, 0, 1;
    %delay 4000, 0;
    %vpi_call 2 50 "$finish" {0 0 0};
    %end;
    .thread T_1;
# The file index is used to find the file name in the following table.
:file_names 4;
    "N/A";
    "<interactive>";
    "tb/full_adder_tb3.v";
    "gl_netlist/full_adder_gl.v";
