#! /usr/bin/vvp
:ivl_version "11.0 (stable)";
:ivl_delay_selection "TYPICAL";
:vpi_time_precision - 12;
:vpi_module "/usr/lib/x86_64-linux-gnu/ivl/system.vpi";
:vpi_module "/usr/lib/x86_64-linux-gnu/ivl/vhdl_sys.vpi";
:vpi_module "/usr/lib/x86_64-linux-gnu/ivl/vhdl_textio.vpi";
:vpi_module "/usr/lib/x86_64-linux-gnu/ivl/v2005_math.vpi";
:vpi_module "/usr/lib/x86_64-linux-gnu/ivl/va_math.vpi";
S_0x604cd9529020 .scope module, "full_adder_tb2" "full_adder_tb2" 2 23;
 .timescale -9 -12;
v0x604cd9557480_0 .var "a", 0 0;
v0x604cd9557590_0 .var "b", 0 0;
v0x604cd95576a0_0 .var "c", 0 0;
v0x604cd9557790_0 .net "carry", 0 0, L_0x604cd9557970;  1 drivers
v0x604cd9557830_0 .net "sum", 0 0, L_0x604cd9557bf0;  1 drivers
S_0x604cd95291b0 .scope module, "dut" "full_adder" 2 27, 3 5 0, S_0x604cd9529020;
 .timescale 0 0;
    .port_info 0 /INPUT 1 "a";
    .port_info 1 /INPUT 1 "b";
    .port_info 2 /INPUT 1 "c";
    .port_info 3 /OUTPUT 1 "sum";
    .port_info 4 /OUTPUT 1 "carry";
L_0x604cd9557970 .functor OR 1, L_0x604cd9557d30, L_0x604cd9557b60, C4<0>, C4<0>;
v0x604cd9556d20_0 .net "a", 0 0, v0x604cd9557480_0;  1 drivers
v0x604cd9556e20_0 .net "b", 0 0, v0x604cd9557590_0;  1 drivers
v0x604cd9556ef0_0 .net "c", 0 0, v0x604cd95576a0_0;  1 drivers
v0x604cd9556ff0_0 .net "carry", 0 0, L_0x604cd9557970;  alias, 1 drivers
v0x604cd95570c0_0 .net "sum", 0 0, L_0x604cd9557bf0;  alias, 1 drivers
v0x604cd95571d0_0 .net "w1", 0 0, L_0x604cd9557ad0;  1 drivers
v0x604cd95572c0_0 .net "w2", 0 0, L_0x604cd9557b60;  1 drivers
v0x604cd9557380_0 .net "w3", 0 0, L_0x604cd9557d30;  1 drivers
S_0x604cd9527c40 .scope module, "ha1" "half_adder" 3 25, 3 42 0, S_0x604cd95291b0;
 .timescale 0 0;
    .port_info 0 /INPUT 1 "a";
    .port_info 1 /INPUT 1 "b";
    .port_info 2 /OUTPUT 1 "sum";
    .port_info 3 /OUTPUT 1 "carry";
L_0x604cd9557ad0 .functor XOR 1, v0x604cd9557590_0, v0x604cd9557480_0, C4<0>, C4<0>;
L_0x604cd9557b60 .functor AND 1, v0x604cd9557590_0, v0x604cd9557480_0, C4<1>, C4<1>;
v0x604cd9529390_0 .net "a", 0 0, v0x604cd9557480_0;  alias, 1 drivers
v0x604cd9556380_0 .net "b", 0 0, v0x604cd9557590_0;  alias, 1 drivers
v0x604cd9556460_0 .net "carry", 0 0, L_0x604cd9557b60;  alias, 1 drivers
v0x604cd9556520_0 .net "sum", 0 0, L_0x604cd9557ad0;  alias, 1 drivers
S_0x604cd9556680 .scope module, "ha2" "half_adder" 3 33, 3 42 0, S_0x604cd95291b0;
 .timescale 0 0;
    .port_info 0 /INPUT 1 "a";
    .port_info 1 /INPUT 1 "b";
    .port_info 2 /OUTPUT 1 "sum";
    .port_info 3 /OUTPUT 1 "carry";
L_0x604cd9557bf0 .functor XOR 1, v0x604cd95576a0_0, L_0x604cd9557ad0, C4<0>, C4<0>;
L_0x604cd9557d30 .functor AND 1, v0x604cd95576a0_0, L_0x604cd9557ad0, C4<1>, C4<1>;
v0x604cd95568f0_0 .net "a", 0 0, L_0x604cd9557ad0;  alias, 1 drivers
v0x604cd9556a00_0 .net "b", 0 0, v0x604cd95576a0_0;  alias, 1 drivers
v0x604cd9556ad0_0 .net "carry", 0 0, L_0x604cd9557d30;  alias, 1 drivers
v0x604cd9556bc0_0 .net "sum", 0 0, L_0x604cd9557bf0;  alias, 1 drivers
    .scope S_0x604cd9529020;
T_0 ;
    %vpi_call 2 30 "$dumpfile", "vcd/full_adder_gl2.vcd" {0 0 0};
    %vpi_call 2 31 "$dumpvars", 32'sb00000000000000000000000000000000, S_0x604cd9529020 {0 0 0};
    %end;
    .thread T_0;
    .scope S_0x604cd9529020;
T_1 ;
    %pushi/vec4 0, 0, 1;
    %store/vec4 v0x604cd9557480_0, 0, 1;
    %pushi/vec4 1, 0, 1;
    %store/vec4 v0x604cd9557590_0, 0, 1;
    %pushi/vec4 0, 0, 1;
    %store/vec4 v0x604cd95576a0_0, 0, 1;
    %delay 5000, 0;
    %pushi/vec4 0, 0, 1;
    %store/vec4 v0x604cd9557480_0, 0, 1;
    %pushi/vec4 1, 0, 1;
    %store/vec4 v0x604cd9557590_0, 0, 1;
    %pushi/vec4 1, 0, 1;
    %store/vec4 v0x604cd95576a0_0, 0, 1;
    %delay 11000, 0;
    %pushi/vec4 0, 0, 1;
    %store/vec4 v0x604cd9557480_0, 0, 1;
    %pushi/vec4 1, 0, 1;
    %store/vec4 v0x604cd9557590_0, 0, 1;
    %pushi/vec4 1, 0, 1;
    %store/vec4 v0x604cd95576a0_0, 0, 1;
    %delay 5000, 0;
    %pushi/vec4 0, 0, 1;
    %store/vec4 v0x604cd9557480_0, 0, 1;
    %pushi/vec4 1, 0, 1;
    %store/vec4 v0x604cd9557590_0, 0, 1;
    %pushi/vec4 0, 0, 1;
    %store/vec4 v0x604cd95576a0_0, 0, 1;
    %delay 5000, 0;
    %pushi/vec4 1, 0, 1;
    %store/vec4 v0x604cd9557480_0, 0, 1;
    %pushi/vec4 1, 0, 1;
    %store/vec4 v0x604cd9557590_0, 0, 1;
    %pushi/vec4 1, 0, 1;
    %store/vec4 v0x604cd95576a0_0, 0, 1;
    %delay 10000, 0;
    %pushi/vec4 1, 0, 1;
    %store/vec4 v0x604cd9557480_0, 0, 1;
    %pushi/vec4 0, 0, 1;
    %store/vec4 v0x604cd9557590_0, 0, 1;
    %pushi/vec4 0, 0, 1;
    %store/vec4 v0x604cd95576a0_0, 0, 1;
    %delay 7000, 0;
    %pushi/vec4 0, 0, 1;
    %store/vec4 v0x604cd9557480_0, 0, 1;
    %pushi/vec4 0, 0, 1;
    %store/vec4 v0x604cd9557590_0, 0, 1;
    %pushi/vec4 0, 0, 1;
    %store/vec4 v0x604cd95576a0_0, 0, 1;
    %delay 5000, 0;
    %vpi_call 2 48 "$finish" {0 0 0};
    %end;
    .thread T_1;
# The file index is used to find the file name in the following table.
:file_names 4;
    "N/A";
    "<interactive>";
    "tb/full_adder_tb2.v";
    "gl_netlist/full_adder_gl.v";
