#! /usr/bin/vvp
:ivl_version "11.0 (stable)";
:ivl_delay_selection "TYPICAL";
:vpi_time_precision - 12;
:vpi_module "/usr/lib/x86_64-linux-gnu/ivl/system.vpi";
:vpi_module "/usr/lib/x86_64-linux-gnu/ivl/vhdl_sys.vpi";
:vpi_module "/usr/lib/x86_64-linux-gnu/ivl/vhdl_textio.vpi";
:vpi_module "/usr/lib/x86_64-linux-gnu/ivl/v2005_math.vpi";
:vpi_module "/usr/lib/x86_64-linux-gnu/ivl/va_math.vpi";
S_0x612525a31020 .scope module, "full_adder_tb" "full_adder_tb" 2 23;
 .timescale -9 -12;
v0x612525a5e230_0 .var "a", 0 0;
v0x612525a5e340_0 .var "b", 0 0;
v0x612525a5e450_0 .var "c", 0 0;
v0x612525a5e540_0 .net "carry", 0 0, L_0x612525a5e720;  1 drivers
v0x612525a5e5e0_0 .net "sum", 0 0, L_0x612525a5e9a0;  1 drivers
S_0x612525a311b0 .scope module, "dut" "full_adder" 2 27, 3 5 0, S_0x612525a31020;
 .timescale 0 0;
    .port_info 0 /INPUT 1 "a";
    .port_info 1 /INPUT 1 "b";
    .port_info 2 /INPUT 1 "c";
    .port_info 3 /OUTPUT 1 "sum";
    .port_info 4 /OUTPUT 1 "carry";
L_0x612525a5e720 .functor OR 1, L_0x612525a5eae0, L_0x612525a5e910, C4<0>, C4<0>;
v0x612525a5dad0_0 .net "a", 0 0, v0x612525a5e230_0;  1 drivers
v0x612525a5dbd0_0 .net "b", 0 0, v0x612525a5e340_0;  1 drivers
v0x612525a5dca0_0 .net "c", 0 0, v0x612525a5e450_0;  1 drivers
v0x612525a5dda0_0 .net "carry", 0 0, L_0x612525a5e720;  alias, 1 drivers
v0x612525a5de70_0 .net "sum", 0 0, L_0x612525a5e9a0;  alias, 1 drivers
v0x612525a5df80_0 .net "w1", 0 0, L_0x612525a5e880;  1 drivers
v0x612525a5e070_0 .net "w2", 0 0, L_0x612525a5e910;  1 drivers
v0x612525a5e130_0 .net "w3", 0 0, L_0x612525a5eae0;  1 drivers
S_0x612525a2fc40 .scope module, "ha1" "half_adder" 3 25, 3 42 0, S_0x612525a311b0;
 .timescale 0 0;
    .port_info 0 /INPUT 1 "a";
    .port_info 1 /INPUT 1 "b";
    .port_info 2 /OUTPUT 1 "sum";
    .port_info 3 /OUTPUT 1 "carry";
L_0x612525a5e880 .functor XOR 1, v0x612525a5e340_0, v0x612525a5e230_0, C4<0>, C4<0>;
L_0x612525a5e910 .functor AND 1, v0x612525a5e340_0, v0x612525a5e230_0, C4<1>, C4<1>;
v0x612525a31390_0 .net "a", 0 0, v0x612525a5e230_0;  alias, 1 drivers
v0x612525a5d130_0 .net "b", 0 0, v0x612525a5e340_0;  alias, 1 drivers
v0x612525a5d210_0 .net "carry", 0 0, L_0x612525a5e910;  alias, 1 drivers
v0x612525a5d2d0_0 .net "sum", 0 0, L_0x612525a5e880;  alias, 1 drivers
S_0x612525a5d430 .scope module, "ha2" "half_adder" 3 33, 3 42 0, S_0x612525a311b0;
 .timescale 0 0;
    .port_info 0 /INPUT 1 "a";
    .port_info 1 /INPUT 1 "b";
    .port_info 2 /OUTPUT 1 "sum";
    .port_info 3 /OUTPUT 1 "carry";
L_0x612525a5e9a0 .functor XOR 1, v0x612525a5e450_0, L_0x612525a5e880, C4<0>, C4<0>;
L_0x612525a5eae0 .functor AND 1, v0x612525a5e450_0, L_0x612525a5e880, C4<1>, C4<1>;
v0x612525a5d6a0_0 .net "a", 0 0, L_0x612525a5e880;  alias, 1 drivers
v0x612525a5d7b0_0 .net "b", 0 0, v0x612525a5e450_0;  alias, 1 drivers
v0x612525a5d880_0 .net "carry", 0 0, L_0x612525a5eae0;  alias, 1 drivers
v0x612525a5d970_0 .net "sum", 0 0, L_0x612525a5e9a0;  alias, 1 drivers
    .scope S_0x612525a31020;
T_0 ;
    %vpi_call 2 30 "$dumpfile", "vcd/full_adder_gl.vcd" {0 0 0};
    %vpi_call 2 31 "$dumpvars", 32'sb00000000000000000000000000000000, S_0x612525a31020 {0 0 0};
    %end;
    .thread T_0;
    .scope S_0x612525a31020;
T_1 ;
    %pushi/vec4 0, 0, 1;
    %store/vec4 v0x612525a5e230_0, 0, 1;
    %pushi/vec4 1, 0, 1;
    %store/vec4 v0x612525a5e340_0, 0, 1;
    %pushi/vec4 0, 0, 1;
    %store/vec4 v0x612525a5e450_0, 0, 1;
    %delay 5000, 0;
    %pushi/vec4 0, 0, 1;
    %store/vec4 v0x612525a5e230_0, 0, 1;
    %pushi/vec4 1, 0, 1;
    %store/vec4 v0x612525a5e340_0, 0, 1;
    %pushi/vec4 1, 0, 1;
    %store/vec4 v0x612525a5e450_0, 0, 1;
    %delay 5000, 0;
    %pushi/vec4 0, 0, 1;
    %store/vec4 v0x612525a5e230_0, 0, 1;
    %pushi/vec4 1, 0, 1;
    %store/vec4 v0x612525a5e340_0, 0, 1;
    %pushi/vec4 0, 0, 1;
    %store/vec4 v0x612525a5e450_0, 0, 1;
    %delay 5000, 0;
    %pushi/vec4 1, 0, 1;
    %store/vec4 v0x612525a5e230_0, 0, 1;
    %pushi/vec4 1, 0, 1;
    %store/vec4 v0x612525a5e340_0, 0, 1;
    %pushi/vec4 1, 0, 1;
    %store/vec4 v0x612525a5e450_0, 0, 1;
    %delay 5000, 0;
    %pushi/vec4 0, 0, 1;
    %store/vec4 v0x612525a5e230_0, 0, 1;
    %pushi/vec4 0, 0, 1;
    %store/vec4 v0x612525a5e340_0, 0, 1;
    %pushi/vec4 0, 0, 1;
    %store/vec4 v0x612525a5e450_0, 0, 1;
    %delay 5000, 0;
    %vpi_call 2 44 "$finish" {0 0 0};
    %end;
    .thread T_1;
# The file index is used to find the file name in the following table.
:file_names 4;
    "N/A";
    "<interactive>";
    "tb/full_adder_tb.v";
    "gl_netlist/full_adder_gl.v";
