#! /usr/bin/vvp
:ivl_version "11.0 (stable)";
:ivl_delay_selection "TYPICAL";
:vpi_time_precision - 12;
:vpi_module "/usr/lib/x86_64-linux-gnu/ivl/system.vpi";
:vpi_module "/usr/lib/x86_64-linux-gnu/ivl/vhdl_sys.vpi";
:vpi_module "/usr/lib/x86_64-linux-gnu/ivl/vhdl_textio.vpi";
:vpi_module "/usr/lib/x86_64-linux-gnu/ivl/v2005_math.vpi";
:vpi_module "/usr/lib/x86_64-linux-gnu/ivl/va_math.vpi";
S_0x62b568fd91a0 .scope module, "jkff_tb" "jkff_tb" 2 23;
 .timescale -9 -12;
v0x62b568fff3d0_0 .var "clk", 0 0;
v0x62b568fff490_0 .var "jk", 1 0;
v0x62b568fff560_0 .net "q", 0 0, v0x62b568fff190_0;  1 drivers
v0x62b568fff660_0 .net "qb", 0 0, L_0x62b568fffb70;  1 drivers
S_0x62b568fd9330 .scope module, "dut" "jkff" 2 28, 3 5 0, S_0x62b568fd91a0;
 .timescale 0 0;
    .port_info 0 /INPUT 2 "jk";
    .port_info 1 /INPUT 1 "clk";
    .port_info 2 /OUTPUT 1 "q";
    .port_info 3 /OUTPUT 1 "qb";
L_0x62b568fff850 .functor NOT 1, L_0x62b568fff730, C4<0>, C4<0>, C4<0>;
L_0x62b568fffb70 .functor NOT 1, v0x62b568fff190_0, C4<0>, C4<0>, C4<0>;
v0x62b568fd94c0_0 .net "_0_", 0 0, L_0x62b568fff9b0;  1 drivers
v0x62b568ffed00_0 .net "_1_", 0 0, L_0x62b568fff850;  1 drivers
v0x62b568ffedc0_0 .net *"_ivl_1", 0 0, L_0x62b568fff730;  1 drivers
v0x62b568ffee80_0 .net *"_ivl_5", 0 0, L_0x62b568fff910;  1 drivers
v0x62b568ffef60_0 .net "clk", 0 0, v0x62b568fff3d0_0;  1 drivers
v0x62b568fff090_0 .net "jk", 1 0, v0x62b568fff490_0;  1 drivers
v0x62b568fff190_0 .var "q", 0 0;
v0x62b568fff270_0 .net "qb", 0 0, L_0x62b568fffb70;  alias, 1 drivers
E_0x62b568f9fe60 .event posedge, v0x62b568ffef60_0;
L_0x62b568fff730 .part v0x62b568fff490_0, 0, 1;
L_0x62b568fff910 .part v0x62b568fff490_0, 1, 1;
L_0x62b568fff9b0 .functor MUXZ 1, L_0x62b568fff910, L_0x62b568fff850, v0x62b568fff190_0, C4<>;
    .scope S_0x62b568fd9330;
T_0 ;
    %wait E_0x62b568f9fe60;
    %load/vec4 v0x62b568fd94c0_0;
    %assign/vec4 v0x62b568fff190_0, 0;
    %jmp T_0;
    .thread T_0;
    .scope S_0x62b568fd91a0;
T_1 ;
    %pushi/vec4 0, 0, 1;
    %store/vec4 v0x62b568fff3d0_0, 0, 1;
T_1.0 ;
    %delay 2000, 0;
    %load/vec4 v0x62b568fff3d0_0;
    %inv;
    %store/vec4 v0x62b568fff3d0_0, 0, 1;
    %jmp T_1.0;
    %end;
    .thread T_1;
    .scope S_0x62b568fd91a0;
T_2 ;
    %vpi_call 2 37 "$dumpfile", "vcd/jkff_gl.vcd" {0 0 0};
    %vpi_call 2 38 "$dumpvars", 32'sb00000000000000000000000000000000, S_0x62b568fd91a0 {0 0 0};
    %end;
    .thread T_2;
    .scope S_0x62b568fd91a0;
T_3 ;
    %pushi/vec4 1, 0, 2;
    %store/vec4 v0x62b568fff490_0, 0, 2;
    %delay 5000, 0;
    %pushi/vec4 2, 0, 2;
    %store/vec4 v0x62b568fff490_0, 0, 2;
    %delay 9000, 0;
    %pushi/vec4 3, 0, 2;
    %store/vec4 v0x62b568fff490_0, 0, 2;
    %delay 10000, 0;
    %pushi/vec4 0, 0, 2;
    %store/vec4 v0x62b568fff490_0, 0, 2;
    %delay 5000, 0;
    %pushi/vec4 1, 0, 2;
    %store/vec4 v0x62b568fff490_0, 0, 2;
    %delay 12000, 0;
    %pushi/vec4 0, 0, 2;
    %store/vec4 v0x62b568fff490_0, 0, 2;
    %delay 8000, 0;
    %pushi/vec4 2, 0, 2;
    %store/vec4 v0x62b568fff490_0, 0, 2;
    %delay 10000, 0;
    %vpi_call 2 56 "$finish" {0 0 0};
    %end;
    .thread T_3;
# The file index is used to find the file name in the following table.
:file_names 4;
    "N/A";
    "<interactive>";
    "tb/jkff_tb.v";
    "gl_netlist/jkff_gl.v";
