#! /usr/bin/vvp
:ivl_version "11.0 (stable)";
:ivl_delay_selection "TYPICAL";
:vpi_time_precision - 12;
:vpi_module "/usr/lib/x86_64-linux-gnu/ivl/system.vpi";
:vpi_module "/usr/lib/x86_64-linux-gnu/ivl/vhdl_sys.vpi";
:vpi_module "/usr/lib/x86_64-linux-gnu/ivl/vhdl_textio.vpi";
:vpi_module "/usr/lib/x86_64-linux-gnu/ivl/v2005_math.vpi";
:vpi_module "/usr/lib/x86_64-linux-gnu/ivl/va_math.vpi";
S_0x5f3bfbf851a0 .scope module, "jkff_tb3" "jkff_tb3" 2 23;
 .timescale -9 -12;
v0x5f3bfbfab800_0 .var "clk", 0 0;
v0x5f3bfbfab8c0_0 .var "jk", 1 0;
v0x5f3bfbfab990_0 .net "q", 0 0, v0x5f3bfbfab5c0_0;  1 drivers
v0x5f3bfbfaba90_0 .net "qb", 0 0, L_0x5f3bfbfabfa0;  1 drivers
S_0x5f3bfbf85330 .scope module, "dut" "jkff" 2 28, 3 5 0, S_0x5f3bfbf851a0;
 .timescale 0 0;
    .port_info 0 /INPUT 2 "jk";
    .port_info 1 /INPUT 1 "clk";
    .port_info 2 /OUTPUT 1 "q";
    .port_info 3 /OUTPUT 1 "qb";
L_0x5f3bfbfabc80 .functor NOT 1, L_0x5f3bfbfabb60, C4<0>, C4<0>, C4<0>;
L_0x5f3bfbfabfa0 .functor NOT 1, v0x5f3bfbfab5c0_0, C4<0>, C4<0>, C4<0>;
v0x5f3bfbf854c0_0 .net "_0_", 0 0, L_0x5f3bfbfabde0;  1 drivers
v0x5f3bfbfab130_0 .net "_1_", 0 0, L_0x5f3bfbfabc80;  1 drivers
v0x5f3bfbfab1f0_0 .net *"_ivl_1", 0 0, L_0x5f3bfbfabb60;  1 drivers
v0x5f3bfbfab2b0_0 .net *"_ivl_5", 0 0, L_0x5f3bfbfabd40;  1 drivers
v0x5f3bfbfab390_0 .net "clk", 0 0, v0x5f3bfbfab800_0;  1 drivers
v0x5f3bfbfab4c0_0 .net "jk", 1 0, v0x5f3bfbfab8c0_0;  1 drivers
v0x5f3bfbfab5c0_0 .var "q", 0 0;
v0x5f3bfbfab6a0_0 .net "qb", 0 0, L_0x5f3bfbfabfa0;  alias, 1 drivers
E_0x5f3bfbf4be60 .event posedge, v0x5f3bfbfab390_0;
L_0x5f3bfbfabb60 .part v0x5f3bfbfab8c0_0, 0, 1;
L_0x5f3bfbfabd40 .part v0x5f3bfbfab8c0_0, 1, 1;
L_0x5f3bfbfabde0 .functor MUXZ 1, L_0x5f3bfbfabd40, L_0x5f3bfbfabc80, v0x5f3bfbfab5c0_0, C4<>;
    .scope S_0x5f3bfbf85330;
T_0 ;
    %wait E_0x5f3bfbf4be60;
    %load/vec4 v0x5f3bfbf854c0_0;
    %assign/vec4 v0x5f3bfbfab5c0_0, 0;
    %jmp T_0;
    .thread T_0;
    .scope S_0x5f3bfbf851a0;
T_1 ;
    %pushi/vec4 0, 0, 1;
    %store/vec4 v0x5f3bfbfab800_0, 0, 1;
T_1.0 ;
    %delay 2000, 0;
    %load/vec4 v0x5f3bfbfab800_0;
    %inv;
    %store/vec4 v0x5f3bfbfab800_0, 0, 1;
    %jmp T_1.0;
    %end;
    .thread T_1;
    .scope S_0x5f3bfbf851a0;
T_2 ;
    %vpi_call 2 37 "$dumpfile", "vcd/jkff_gl3.vcd" {0 0 0};
    %vpi_call 2 38 "$dumpvars", 32'sb00000000000000000000000000000000, S_0x5f3bfbf851a0 {0 0 0};
    %end;
    .thread T_2;
    .scope S_0x5f3bfbf851a0;
T_3 ;
    %pushi/vec4 1, 0, 2;
    %store/vec4 v0x5f3bfbfab8c0_0, 0, 2;
    %delay 4000, 0;
    %pushi/vec4 2, 0, 2;
    %store/vec4 v0x5f3bfbfab8c0_0, 0, 2;
    %delay 5000, 0;
    %pushi/vec4 3, 0, 2;
    %store/vec4 v0x5f3bfbfab8c0_0, 0, 2;
    %delay 6000, 0;
    %pushi/vec4 0, 0, 2;
    %store/vec4 v0x5f3bfbfab8c0_0, 0, 2;
    %delay 7000, 0;
    %pushi/vec4 1, 0, 2;
    %store/vec4 v0x5f3bfbfab8c0_0, 0, 2;
    %delay 5000, 0;
    %pushi/vec4 2, 0, 2;
    %store/vec4 v0x5f3bfbfab8c0_0, 0, 2;
    %delay 8000, 0;
    %pushi/vec4 3, 0, 2;
    %store/vec4 v0x5f3bfbfab8c0_0, 0, 2;
    %delay 5000, 0;
    %pushi/vec4 2, 0, 2;
    %store/vec4 v0x5f3bfbfab8c0_0, 0, 2;
    %delay 10000, 0;
    %vpi_call 2 58 "$finish" {0 0 0};
    %end;
    .thread T_3;
# The file index is used to find the file name in the following table.
:file_names 4;
    "N/A";
    "<interactive>";
    "tb/jkff_tb3.v";
    "gl_netlist/jkff_gl.v";
