#! /usr/bin/vvp
:ivl_version "10.3 (stable)";
:ivl_delay_selection "TYPICAL";
:vpi_time_precision + 0;
:vpi_module "system";
:vpi_module "vhdl_sys";
:vpi_module "v2005_math";
:vpi_module "va_math";
S_0x55a0575ddc30 .scope module, "MIPS_tb" "MIPS_tb" 2 6;
 .timescale 0 0;
v0x55a0576121a0_0 .var "clk1", 0 0;
v0x55a057612240_0 .var "clk2", 0 0;
v0x55a057612310_0 .var/i "cycle_count", 31 0;
S_0x55a0575dddb0 .scope module, "DUT" "MIPS_32" 2 11, 3 5 0, S_0x55a0575ddc30;
 .timescale 0 0;
    .port_info 0 /INPUT 1 "clk1"
    .port_info 1 /INPUT 1 "clk2"
L_0x7f034c0b5018 .functor BUFT 1, C4<1>, C4<0>, C4<0>, C4<0>;
v0x55a0575ecee0_0 .net "HALTED", 0 0, L_0x7f034c0b5018;  1 drivers
L_0x7f034c0b5060 .functor BUFT 1, C4<0>, C4<0>, C4<0>, C4<0>;
v0x55a057611ec0_0 .net "TAKEN_BRANCH", 0 0, L_0x7f034c0b5060;  1 drivers
v0x55a057611fa0_0 .net "clk1", 0 0, v0x55a0576121a0_0;  1 drivers
v0x55a057612060_0 .net "clk2", 0 0, v0x55a057612240_0;  1 drivers
    .scope S_0x55a0575ddc30;
T_0 ;
    %pushi/vec4 0, 0, 1;
    %store/vec4 v0x55a0576121a0_0, 0, 1;
    %pushi/vec4 0, 0, 1;
    %store/vec4 v0x55a057612240_0, 0, 1;
    %pushi/vec4 200, 0, 32;
T_0.0 %dup/vec4;
    %pushi/vec4 0, 0, 32;
    %cmp/s;
    %jmp/1xz T_0.1, 5;
    %jmp/1 T_0.1, 4;
    %pushi/vec4 1, 0, 32;
    %sub;
    %delay 5, 0;
    %pushi/vec4 1, 0, 1;
    %store/vec4 v0x55a0576121a0_0, 0, 1;
    %delay 5, 0;
    %pushi/vec4 0, 0, 1;
    %store/vec4 v0x55a0576121a0_0, 0, 1;
    %delay 5, 0;
    %pushi/vec4 1, 0, 1;
    %store/vec4 v0x55a057612240_0, 0, 1;
    %delay 5, 0;
    %pushi/vec4 0, 0, 1;
    %store/vec4 v0x55a057612240_0, 0, 1;
    %jmp T_0.0;
T_0.1 ;
    %pop/vec4 1;
    %end;
    .thread T_0;
    .scope S_0x55a0575ddc30;
T_1 ;
    %pushi/vec4 0, 0, 32;
    %store/vec4 v0x55a057612310_0, 0, 32;
    %vpi_call 2 29 "$dumpfile", "sim_gl/MIPS_gl.vcd" {0 0 0};
    %vpi_call 2 30 "$dumpvars", 32'sb00000000000000000000000000000000, S_0x55a0575ddc30 {0 0 0};
    %vpi_call 2 32 "$display", "Starting Gate-Level Simulation (no HALTED signal)..." {0 0 0};
    %vpi_call 2 33 "$display", "------------------------------------------------" {0 0 0};
    %delay 1000, 0;
    %vpi_call 2 36 "$display", "Simulation finished at time %t", $time {0 0 0};
    %vpi_call 2 37 "$display", "------------------------------------------------" {0 0 0};
    %vpi_call 2 39 "$finish" {0 0 0};
    %end;
    .thread T_1;
# The file index is used to find the file name in the following table.
:file_names 4;
    "N/A";
    "<interactive>";
    "tb/MIPS_gl_tb.v";
    "gl_netlist/MIPS_gl.v";
