#! /usr/bin/vvp
:ivl_version "11.0 (stable)";
:ivl_delay_selection "TYPICAL";
:vpi_time_precision - 12;
:vpi_module "/usr/lib/x86_64-linux-gnu/ivl/system.vpi";
:vpi_module "/usr/lib/x86_64-linux-gnu/ivl/vhdl_sys.vpi";
:vpi_module "/usr/lib/x86_64-linux-gnu/ivl/vhdl_textio.vpi";
:vpi_module "/usr/lib/x86_64-linux-gnu/ivl/v2005_math.vpi";
:vpi_module "/usr/lib/x86_64-linux-gnu/ivl/va_math.vpi";
S_0x58a25eabc2f0 .scope module, "mux2x1_tb3" "mux2x1_tb3" 2 23;
 .timescale -9 -12;
v0x58a25eae1e50_0 .var "a", 0 0;
v0x58a25eae1f10_0 .var "b", 0 0;
v0x58a25eae1fe0_0 .net "out", 0 0, L_0x58a25eae21b0;  1 drivers
v0x58a25eae20e0_0 .var "sel", 0 0;
S_0x58a25eabc480 .scope module, "dut" "mux2x1" 2 27, 3 5 0, S_0x58a25eabc2f0;
 .timescale 0 0;
    .port_info 0 /INPUT 1 "a";
    .port_info 1 /INPUT 1 "b";
    .port_info 2 /INPUT 1 "sel";
    .port_info 3 /OUTPUT 1 "out";
v0x58a25ea84ba0_0 .net "a", 0 0, v0x58a25eae1e50_0;  1 drivers
v0x58a25eae1af0_0 .net "b", 0 0, v0x58a25eae1f10_0;  1 drivers
v0x58a25eae1bd0_0 .net "out", 0 0, L_0x58a25eae21b0;  alias, 1 drivers
v0x58a25eae1cc0_0 .net "sel", 0 0, v0x58a25eae20e0_0;  1 drivers
L_0x58a25eae21b0 .functor MUXZ 1, v0x58a25eae1e50_0, v0x58a25eae1f10_0, v0x58a25eae20e0_0, C4<>;
    .scope S_0x58a25eabc2f0;
T_0 ;
    %vpi_call 2 29 "$dumpfile", "vcd/mux2x1_gl3.vcd" {0 0 0};
    %vpi_call 2 30 "$dumpvars", 32'sb00000000000000000000000000000000, S_0x58a25eabc2f0 {0 0 0};
    %end;
    .thread T_0;
    .scope S_0x58a25eabc2f0;
T_1 ;
    %pushi/vec4 0, 0, 1;
    %store/vec4 v0x58a25eae1e50_0, 0, 1;
    %pushi/vec4 1, 0, 1;
    %store/vec4 v0x58a25eae1f10_0, 0, 1;
    %pushi/vec4 0, 0, 1;
    %store/vec4 v0x58a25eae20e0_0, 0, 1;
    %delay 5000, 0;
    %pushi/vec4 1, 0, 1;
    %store/vec4 v0x58a25eae1e50_0, 0, 1;
    %pushi/vec4 0, 0, 1;
    %store/vec4 v0x58a25eae1f10_0, 0, 1;
    %pushi/vec4 1, 0, 1;
    %store/vec4 v0x58a25eae20e0_0, 0, 1;
    %delay 5000, 0;
    %pushi/vec4 1, 0, 1;
    %store/vec4 v0x58a25eae1e50_0, 0, 1;
    %pushi/vec4 0, 0, 1;
    %store/vec4 v0x58a25eae1f10_0, 0, 1;
    %pushi/vec4 0, 0, 1;
    %store/vec4 v0x58a25eae20e0_0, 0, 1;
    %delay 5000, 0;
    %pushi/vec4 1, 0, 1;
    %store/vec4 v0x58a25eae1e50_0, 0, 1;
    %pushi/vec4 1, 0, 1;
    %store/vec4 v0x58a25eae1f10_0, 0, 1;
    %pushi/vec4 1, 0, 1;
    %store/vec4 v0x58a25eae20e0_0, 0, 1;
    %delay 5000, 0;
    %pushi/vec4 0, 0, 1;
    %store/vec4 v0x58a25eae1e50_0, 0, 1;
    %pushi/vec4 0, 0, 1;
    %store/vec4 v0x58a25eae1f10_0, 0, 1;
    %pushi/vec4 1, 0, 1;
    %store/vec4 v0x58a25eae20e0_0, 0, 1;
    %delay 7000, 0;
    %pushi/vec4 1, 0, 1;
    %store/vec4 v0x58a25eae1e50_0, 0, 1;
    %pushi/vec4 1, 0, 1;
    %store/vec4 v0x58a25eae1f10_0, 0, 1;
    %pushi/vec4 1, 0, 1;
    %store/vec4 v0x58a25eae20e0_0, 0, 1;
    %delay 7000, 0;
    %pushi/vec4 1, 0, 1;
    %store/vec4 v0x58a25eae1e50_0, 0, 1;
    %pushi/vec4 0, 0, 1;
    %store/vec4 v0x58a25eae1f10_0, 0, 1;
    %pushi/vec4 0, 0, 1;
    %store/vec4 v0x58a25eae20e0_0, 0, 1;
    %delay 10000, 0;
    %vpi_call 2 47 "$finish" {0 0 0};
    %end;
    .thread T_1;
# The file index is used to find the file name in the following table.
:file_names 4;
    "N/A";
    "<interactive>";
    "tb/mux2x1_tb3.v";
    "gl_netlist/mux2x1_gl.v";
