#! /usr/bin/vvp
:ivl_version "10.3 (stable)";
:ivl_delay_selection "TYPICAL";
:vpi_time_precision + 0;
:vpi_module "system";
:vpi_module "vhdl_sys";
:vpi_module "v2005_math";
:vpi_module "va_math";
S_0x55ab43d1b2e0 .scope module, "ring_tb" "ring_tb" 2 1;
 .timescale 0 0;
v0x55ab43d48390_0 .var "clk", 0 0;
v0x55ab43d48430_0 .net "count", 7 0, v0x55ab43d48130_0;  1 drivers
v0x55ab43d484d0_0 .var "init", 0 0;
S_0x55ab43ce01b0 .scope module, "DUT" "ring_counter" 2 5, 3 5 0, S_0x55ab43d1b2e0;
 .timescale 0 0;
    .port_info 0 /INPUT 1 "clk"
    .port_info 1 /INPUT 1 "init"
    .port_info 2 /OUTPUT 8 "count"
L_0x55ab43d48610 .functor NOT 1, v0x55ab43d484d0_0, C4<0>, C4<0>, C4<0>;
L_0x55ab43d486d0 .functor AND 1, L_0x55ab43d48570, L_0x55ab43d48610, C4<1>, C4<1>;
L_0x55ab43d48880 .functor NOT 1, v0x55ab43d484d0_0, C4<0>, C4<0>, C4<0>;
L_0x55ab43d488f0 .functor AND 1, L_0x55ab43d487e0, L_0x55ab43d48880, C4<1>, C4<1>;
L_0x55ab43d48b00 .functor NOT 1, v0x55ab43d484d0_0, C4<0>, C4<0>, C4<0>;
L_0x55ab43d48b70 .functor AND 1, L_0x55ab43d48a60, L_0x55ab43d48b00, C4<1>, C4<1>;
L_0x55ab43d48d20 .functor NOT 1, v0x55ab43d484d0_0, C4<0>, C4<0>, C4<0>;
L_0x55ab43d48d90 .functor AND 1, L_0x55ab43d48c50, L_0x55ab43d48d20, C4<1>, C4<1>;
L_0x55ab43d48f90 .functor NOT 1, v0x55ab43d484d0_0, C4<0>, C4<0>, C4<0>;
L_0x55ab43d49000 .functor AND 1, L_0x55ab43d48ef0, L_0x55ab43d48f90, C4<1>, C4<1>;
L_0x55ab43d49280 .functor NOT 1, v0x55ab43d484d0_0, C4<0>, C4<0>, C4<0>;
L_0x55ab43d492f0 .functor AND 1, L_0x55ab43d491a0, L_0x55ab43d49280, C4<1>, C4<1>;
L_0x55ab43d494c0 .functor OR 1, L_0x55ab43d49420, v0x55ab43d484d0_0, C4<0>, C4<0>;
L_0x55ab43d49ad0 .functor NOT 1, v0x55ab43d484d0_0, C4<0>, C4<0>, C4<0>;
L_0x55ab43d493b0 .functor AND 1, L_0x55ab43d49a30, L_0x55ab43d49ad0, C4<1>, C4<1>;
v0x55ab43cf5310_0 .net "_00_", 7 0, L_0x55ab43d49690;  1 drivers
v0x55ab43cf4550_0 .net *"_s11", 0 0, L_0x55ab43d487e0;  1 drivers
v0x55ab43cf36d0_0 .net *"_s12", 0 0, L_0x55ab43d48880;  1 drivers
v0x55ab43d09310_0 .net *"_s14", 0 0, L_0x55ab43d488f0;  1 drivers
v0x55ab43d0c3f0_0 .net *"_s19", 0 0, L_0x55ab43d48a60;  1 drivers
v0x55ab43d0cc80_0 .net *"_s20", 0 0, L_0x55ab43d48b00;  1 drivers
v0x55ab43d0d510_0 .net *"_s22", 0 0, L_0x55ab43d48b70;  1 drivers
v0x55ab43d47170_0 .net *"_s27", 0 0, L_0x55ab43d48c50;  1 drivers
v0x55ab43d47250_0 .net *"_s28", 0 0, L_0x55ab43d48d20;  1 drivers
v0x55ab43d47330_0 .net *"_s3", 0 0, L_0x55ab43d48570;  1 drivers
v0x55ab43d47410_0 .net *"_s30", 0 0, L_0x55ab43d48d90;  1 drivers
v0x55ab43d474f0_0 .net *"_s35", 0 0, L_0x55ab43d48ef0;  1 drivers
v0x55ab43d475d0_0 .net *"_s36", 0 0, L_0x55ab43d48f90;  1 drivers
v0x55ab43d476b0_0 .net *"_s38", 0 0, L_0x55ab43d49000;  1 drivers
v0x55ab43d47790_0 .net *"_s4", 0 0, L_0x55ab43d48610;  1 drivers
v0x55ab43d47870_0 .net *"_s43", 0 0, L_0x55ab43d491a0;  1 drivers
v0x55ab43d47950_0 .net *"_s44", 0 0, L_0x55ab43d49280;  1 drivers
v0x55ab43d47a30_0 .net *"_s46", 0 0, L_0x55ab43d492f0;  1 drivers
v0x55ab43d47b10_0 .net *"_s51", 0 0, L_0x55ab43d49420;  1 drivers
v0x55ab43d47bf0_0 .net *"_s52", 0 0, L_0x55ab43d494c0;  1 drivers
v0x55ab43d47cd0_0 .net *"_s58", 0 0, L_0x55ab43d49a30;  1 drivers
v0x55ab43d47db0_0 .net *"_s59", 0 0, L_0x55ab43d49ad0;  1 drivers
v0x55ab43d47e90_0 .net *"_s6", 0 0, L_0x55ab43d486d0;  1 drivers
v0x55ab43d47f70_0 .net *"_s61", 0 0, L_0x55ab43d493b0;  1 drivers
v0x55ab43d48050_0 .net "clk", 0 0, v0x55ab43d48390_0;  1 drivers
v0x55ab43d48130_0 .var "count", 7 0;
v0x55ab43d48230_0 .net "init", 0 0, v0x55ab43d484d0_0;  1 drivers
E_0x55ab43d15d00 .event posedge, v0x55ab43d48050_0;
L_0x55ab43d48570 .part v0x55ab43d48130_0, 0, 1;
L_0x55ab43d487e0 .part v0x55ab43d48130_0, 1, 1;
L_0x55ab43d48a60 .part v0x55ab43d48130_0, 2, 1;
L_0x55ab43d48c50 .part v0x55ab43d48130_0, 3, 1;
L_0x55ab43d48ef0 .part v0x55ab43d48130_0, 4, 1;
L_0x55ab43d491a0 .part v0x55ab43d48130_0, 5, 1;
L_0x55ab43d49420 .part v0x55ab43d48130_0, 6, 1;
LS_0x55ab43d49690_0_0 .concat8 [ 1 1 1 1], L_0x55ab43d493b0, L_0x55ab43d486d0, L_0x55ab43d488f0, L_0x55ab43d48b70;
LS_0x55ab43d49690_0_4 .concat8 [ 1 1 1 1], L_0x55ab43d48d90, L_0x55ab43d49000, L_0x55ab43d492f0, L_0x55ab43d494c0;
L_0x55ab43d49690 .concat8 [ 4 4 0 0], LS_0x55ab43d49690_0_0, LS_0x55ab43d49690_0_4;
L_0x55ab43d49a30 .part v0x55ab43d48130_0, 7, 1;
    .scope S_0x55ab43ce01b0;
T_0 ;
    %wait E_0x55ab43d15d00;
    %load/vec4 v0x55ab43cf5310_0;
    %parti/s 1, 0, 2;
    %ix/load 4, 0, 0;
    %ix/load 5, 0, 0;
    %flag_set/imm 4, 0;
    %assign/vec4/off/d v0x55ab43d48130_0, 4, 5;
    %jmp T_0;
    .thread T_0;
    .scope S_0x55ab43ce01b0;
T_1 ;
    %wait E_0x55ab43d15d00;
    %load/vec4 v0x55ab43cf5310_0;
    %parti/s 1, 1, 2;
    %ix/load 4, 1, 0;
    %ix/load 5, 0, 0;
    %flag_set/imm 4, 0;
    %assign/vec4/off/d v0x55ab43d48130_0, 4, 5;
    %jmp T_1;
    .thread T_1;
    .scope S_0x55ab43ce01b0;
T_2 ;
    %wait E_0x55ab43d15d00;
    %load/vec4 v0x55ab43cf5310_0;
    %parti/s 1, 2, 3;
    %ix/load 4, 2, 0;
    %ix/load 5, 0, 0;
    %flag_set/imm 4, 0;
    %assign/vec4/off/d v0x55ab43d48130_0, 4, 5;
    %jmp T_2;
    .thread T_2;
    .scope S_0x55ab43ce01b0;
T_3 ;
    %wait E_0x55ab43d15d00;
    %load/vec4 v0x55ab43cf5310_0;
    %parti/s 1, 3, 3;
    %ix/load 4, 3, 0;
    %ix/load 5, 0, 0;
    %flag_set/imm 4, 0;
    %assign/vec4/off/d v0x55ab43d48130_0, 4, 5;
    %jmp T_3;
    .thread T_3;
    .scope S_0x55ab43ce01b0;
T_4 ;
    %wait E_0x55ab43d15d00;
    %load/vec4 v0x55ab43cf5310_0;
    %parti/s 1, 4, 4;
    %ix/load 4, 4, 0;
    %ix/load 5, 0, 0;
    %flag_set/imm 4, 0;
    %assign/vec4/off/d v0x55ab43d48130_0, 4, 5;
    %jmp T_4;
    .thread T_4;
    .scope S_0x55ab43ce01b0;
T_5 ;
    %wait E_0x55ab43d15d00;
    %load/vec4 v0x55ab43cf5310_0;
    %parti/s 1, 5, 4;
    %ix/load 4, 5, 0;
    %ix/load 5, 0, 0;
    %flag_set/imm 4, 0;
    %assign/vec4/off/d v0x55ab43d48130_0, 4, 5;
    %jmp T_5;
    .thread T_5;
    .scope S_0x55ab43ce01b0;
T_6 ;
    %wait E_0x55ab43d15d00;
    %load/vec4 v0x55ab43cf5310_0;
    %parti/s 1, 6, 4;
    %ix/load 4, 6, 0;
    %ix/load 5, 0, 0;
    %flag_set/imm 4, 0;
    %assign/vec4/off/d v0x55ab43d48130_0, 4, 5;
    %jmp T_6;
    .thread T_6;
    .scope S_0x55ab43ce01b0;
T_7 ;
    %wait E_0x55ab43d15d00;
    %load/vec4 v0x55ab43cf5310_0;
    %parti/s 1, 7, 4;
    %ix/load 4, 7, 0;
    %ix/load 5, 0, 0;
    %flag_set/imm 4, 0;
    %assign/vec4/off/d v0x55ab43d48130_0, 4, 5;
    %jmp T_7;
    .thread T_7;
    .scope S_0x55ab43d1b2e0;
T_8 ;
    %delay 1, 0;
    %load/vec4 v0x55ab43d48390_0;
    %inv;
    %store/vec4 v0x55ab43d48390_0, 0, 1;
    %jmp T_8;
    .thread T_8;
    .scope S_0x55ab43d1b2e0;
T_9 ;
    %vpi_call 2 9 "$dumpfile", "sim_gl/Ring_gl.vcd" {0 0 0};
    %vpi_call 2 10 "$dumpvars", 32'sb00000000000000000000000000000000, S_0x55ab43d1b2e0 {0 0 0};
    %pushi/vec4 1, 0, 1;
    %store/vec4 v0x55ab43d484d0_0, 0, 1;
    %pushi/vec4 0, 0, 1;
    %store/vec4 v0x55ab43d48390_0, 0, 1;
    %delay 5, 0;
    %pushi/vec4 0, 0, 1;
    %store/vec4 v0x55ab43d484d0_0, 0, 1;
    %delay 10, 0;
    %vpi_call 2 14 "$finish" {0 0 0};
    %end;
    .thread T_9;
# The file index is used to find the file name in the following table.
:file_names 4;
    "N/A";
    "<interactive>";
    "tb/Ring_tb.v";
    "gl_netlist/ring_counter_gl.v";
