#! /usr/bin/vvp
:ivl_version "10.3 (stable)";
:ivl_delay_selection "TYPICAL";
:vpi_time_precision + 0;
:vpi_module "system";
:vpi_module "vhdl_sys";
:vpi_module "v2005_math";
:vpi_module "va_math";
S_0x55f8fc6932e0 .scope module, "ring_tb" "ring_tb" 2 1;
 .timescale 0 0;
v0x55f8fc6c0190_0 .var "clk", 0 0;
v0x55f8fc6c0230_0 .net "count", 7 0, v0x55f8fc6bff30_0;  1 drivers
v0x55f8fc6c02d0_0 .var "init", 0 0;
S_0x55f8fc6581b0 .scope module, "DUT" "ring_counter" 2 5, 3 5 0, S_0x55f8fc6932e0;
 .timescale 0 0;
    .port_info 0 /INPUT 1 "clk"
    .port_info 1 /INPUT 1 "init"
    .port_info 2 /OUTPUT 8 "count"
L_0x55f8fc6c0410 .functor NOT 1, v0x55f8fc6c02d0_0, C4<0>, C4<0>, C4<0>;
L_0x55f8fc6c04d0 .functor AND 1, L_0x55f8fc6c0370, L_0x55f8fc6c0410, C4<1>, C4<1>;
L_0x55f8fc6c0680 .functor NOT 1, v0x55f8fc6c02d0_0, C4<0>, C4<0>, C4<0>;
L_0x55f8fc6c06f0 .functor AND 1, L_0x55f8fc6c05e0, L_0x55f8fc6c0680, C4<1>, C4<1>;
L_0x55f8fc6c0900 .functor NOT 1, v0x55f8fc6c02d0_0, C4<0>, C4<0>, C4<0>;
L_0x55f8fc6c0970 .functor AND 1, L_0x55f8fc6c0860, L_0x55f8fc6c0900, C4<1>, C4<1>;
L_0x55f8fc6c0b20 .functor NOT 1, v0x55f8fc6c02d0_0, C4<0>, C4<0>, C4<0>;
L_0x55f8fc6c0b90 .functor AND 1, L_0x55f8fc6c0a50, L_0x55f8fc6c0b20, C4<1>, C4<1>;
L_0x55f8fc6c0d90 .functor NOT 1, v0x55f8fc6c02d0_0, C4<0>, C4<0>, C4<0>;
L_0x55f8fc6c0e00 .functor AND 1, L_0x55f8fc6c0cf0, L_0x55f8fc6c0d90, C4<1>, C4<1>;
L_0x55f8fc6c1080 .functor NOT 1, v0x55f8fc6c02d0_0, C4<0>, C4<0>, C4<0>;
L_0x55f8fc6c10f0 .functor AND 1, L_0x55f8fc6c0fa0, L_0x55f8fc6c1080, C4<1>, C4<1>;
L_0x55f8fc6c12c0 .functor OR 1, L_0x55f8fc6c1220, v0x55f8fc6c02d0_0, C4<0>, C4<0>;
L_0x55f8fc6c18d0 .functor NOT 1, v0x55f8fc6c02d0_0, C4<0>, C4<0>, C4<0>;
L_0x55f8fc6c11b0 .functor AND 1, L_0x55f8fc6c1830, L_0x55f8fc6c18d0, C4<1>, C4<1>;
v0x55f8fc66d310_0 .net "_00_", 7 0, L_0x55f8fc6c1490;  1 drivers
v0x55f8fc66c550_0 .net *"_s11", 0 0, L_0x55f8fc6c05e0;  1 drivers
v0x55f8fc66b6d0_0 .net *"_s12", 0 0, L_0x55f8fc6c0680;  1 drivers
v0x55f8fc681310_0 .net *"_s14", 0 0, L_0x55f8fc6c06f0;  1 drivers
v0x55f8fc6843f0_0 .net *"_s19", 0 0, L_0x55f8fc6c0860;  1 drivers
v0x55f8fc684c80_0 .net *"_s20", 0 0, L_0x55f8fc6c0900;  1 drivers
v0x55f8fc685510_0 .net *"_s22", 0 0, L_0x55f8fc6c0970;  1 drivers
v0x55f8fc6bef70_0 .net *"_s27", 0 0, L_0x55f8fc6c0a50;  1 drivers
v0x55f8fc6bf050_0 .net *"_s28", 0 0, L_0x55f8fc6c0b20;  1 drivers
v0x55f8fc6bf130_0 .net *"_s3", 0 0, L_0x55f8fc6c0370;  1 drivers
v0x55f8fc6bf210_0 .net *"_s30", 0 0, L_0x55f8fc6c0b90;  1 drivers
v0x55f8fc6bf2f0_0 .net *"_s35", 0 0, L_0x55f8fc6c0cf0;  1 drivers
v0x55f8fc6bf3d0_0 .net *"_s36", 0 0, L_0x55f8fc6c0d90;  1 drivers
v0x55f8fc6bf4b0_0 .net *"_s38", 0 0, L_0x55f8fc6c0e00;  1 drivers
v0x55f8fc6bf590_0 .net *"_s4", 0 0, L_0x55f8fc6c0410;  1 drivers
v0x55f8fc6bf670_0 .net *"_s43", 0 0, L_0x55f8fc6c0fa0;  1 drivers
v0x55f8fc6bf750_0 .net *"_s44", 0 0, L_0x55f8fc6c1080;  1 drivers
v0x55f8fc6bf830_0 .net *"_s46", 0 0, L_0x55f8fc6c10f0;  1 drivers
v0x55f8fc6bf910_0 .net *"_s51", 0 0, L_0x55f8fc6c1220;  1 drivers
v0x55f8fc6bf9f0_0 .net *"_s52", 0 0, L_0x55f8fc6c12c0;  1 drivers
v0x55f8fc6bfad0_0 .net *"_s58", 0 0, L_0x55f8fc6c1830;  1 drivers
v0x55f8fc6bfbb0_0 .net *"_s59", 0 0, L_0x55f8fc6c18d0;  1 drivers
v0x55f8fc6bfc90_0 .net *"_s6", 0 0, L_0x55f8fc6c04d0;  1 drivers
v0x55f8fc6bfd70_0 .net *"_s61", 0 0, L_0x55f8fc6c11b0;  1 drivers
v0x55f8fc6bfe50_0 .net "clk", 0 0, v0x55f8fc6c0190_0;  1 drivers
v0x55f8fc6bff30_0 .var "count", 7 0;
v0x55f8fc6c0030_0 .net "init", 0 0, v0x55f8fc6c02d0_0;  1 drivers
E_0x55f8fc68dd00 .event posedge, v0x55f8fc6bfe50_0;
L_0x55f8fc6c0370 .part v0x55f8fc6bff30_0, 0, 1;
L_0x55f8fc6c05e0 .part v0x55f8fc6bff30_0, 1, 1;
L_0x55f8fc6c0860 .part v0x55f8fc6bff30_0, 2, 1;
L_0x55f8fc6c0a50 .part v0x55f8fc6bff30_0, 3, 1;
L_0x55f8fc6c0cf0 .part v0x55f8fc6bff30_0, 4, 1;
L_0x55f8fc6c0fa0 .part v0x55f8fc6bff30_0, 5, 1;
L_0x55f8fc6c1220 .part v0x55f8fc6bff30_0, 6, 1;
LS_0x55f8fc6c1490_0_0 .concat8 [ 1 1 1 1], L_0x55f8fc6c11b0, L_0x55f8fc6c04d0, L_0x55f8fc6c06f0, L_0x55f8fc6c0970;
LS_0x55f8fc6c1490_0_4 .concat8 [ 1 1 1 1], L_0x55f8fc6c0b90, L_0x55f8fc6c0e00, L_0x55f8fc6c10f0, L_0x55f8fc6c12c0;
L_0x55f8fc6c1490 .concat8 [ 4 4 0 0], LS_0x55f8fc6c1490_0_0, LS_0x55f8fc6c1490_0_4;
L_0x55f8fc6c1830 .part v0x55f8fc6bff30_0, 7, 1;
    .scope S_0x55f8fc6581b0;
T_0 ;
    %wait E_0x55f8fc68dd00;
    %load/vec4 v0x55f8fc66d310_0;
    %parti/s 1, 0, 2;
    %ix/load 4, 0, 0;
    %ix/load 5, 0, 0;
    %flag_set/imm 4, 0;
    %assign/vec4/off/d v0x55f8fc6bff30_0, 4, 5;
    %jmp T_0;
    .thread T_0;
    .scope S_0x55f8fc6581b0;
T_1 ;
    %wait E_0x55f8fc68dd00;
    %load/vec4 v0x55f8fc66d310_0;
    %parti/s 1, 1, 2;
    %ix/load 4, 1, 0;
    %ix/load 5, 0, 0;
    %flag_set/imm 4, 0;
    %assign/vec4/off/d v0x55f8fc6bff30_0, 4, 5;
    %jmp T_1;
    .thread T_1;
    .scope S_0x55f8fc6581b0;
T_2 ;
    %wait E_0x55f8fc68dd00;
    %load/vec4 v0x55f8fc66d310_0;
    %parti/s 1, 2, 3;
    %ix/load 4, 2, 0;
    %ix/load 5, 0, 0;
    %flag_set/imm 4, 0;
    %assign/vec4/off/d v0x55f8fc6bff30_0, 4, 5;
    %jmp T_2;
    .thread T_2;
    .scope S_0x55f8fc6581b0;
T_3 ;
    %wait E_0x55f8fc68dd00;
    %load/vec4 v0x55f8fc66d310_0;
    %parti/s 1, 3, 3;
    %ix/load 4, 3, 0;
    %ix/load 5, 0, 0;
    %flag_set/imm 4, 0;
    %assign/vec4/off/d v0x55f8fc6bff30_0, 4, 5;
    %jmp T_3;
    .thread T_3;
    .scope S_0x55f8fc6581b0;
T_4 ;
    %wait E_0x55f8fc68dd00;
    %load/vec4 v0x55f8fc66d310_0;
    %parti/s 1, 4, 4;
    %ix/load 4, 4, 0;
    %ix/load 5, 0, 0;
    %flag_set/imm 4, 0;
    %assign/vec4/off/d v0x55f8fc6bff30_0, 4, 5;
    %jmp T_4;
    .thread T_4;
    .scope S_0x55f8fc6581b0;
T_5 ;
    %wait E_0x55f8fc68dd00;
    %load/vec4 v0x55f8fc66d310_0;
    %parti/s 1, 5, 4;
    %ix/load 4, 5, 0;
    %ix/load 5, 0, 0;
    %flag_set/imm 4, 0;
    %assign/vec4/off/d v0x55f8fc6bff30_0, 4, 5;
    %jmp T_5;
    .thread T_5;
    .scope S_0x55f8fc6581b0;
T_6 ;
    %wait E_0x55f8fc68dd00;
    %load/vec4 v0x55f8fc66d310_0;
    %parti/s 1, 6, 4;
    %ix/load 4, 6, 0;
    %ix/load 5, 0, 0;
    %flag_set/imm 4, 0;
    %assign/vec4/off/d v0x55f8fc6bff30_0, 4, 5;
    %jmp T_6;
    .thread T_6;
    .scope S_0x55f8fc6581b0;
T_7 ;
    %wait E_0x55f8fc68dd00;
    %load/vec4 v0x55f8fc66d310_0;
    %parti/s 1, 7, 4;
    %ix/load 4, 7, 0;
    %ix/load 5, 0, 0;
    %flag_set/imm 4, 0;
    %assign/vec4/off/d v0x55f8fc6bff30_0, 4, 5;
    %jmp T_7;
    .thread T_7;
    .scope S_0x55f8fc6932e0;
T_8 ;
    %delay 1, 0;
    %load/vec4 v0x55f8fc6c0190_0;
    %inv;
    %store/vec4 v0x55f8fc6c0190_0, 0, 1;
    %jmp T_8;
    .thread T_8;
    .scope S_0x55f8fc6932e0;
T_9 ;
    %vpi_call 2 9 "$dumpfile", "sim_gl/Ring_gl_2.vcd" {0 0 0};
    %vpi_call 2 10 "$dumpvars", 32'sb00000000000000000000000000000000, S_0x55f8fc6932e0 {0 0 0};
    %pushi/vec4 1, 0, 1;
    %store/vec4 v0x55f8fc6c02d0_0, 0, 1;
    %pushi/vec4 0, 0, 1;
    %store/vec4 v0x55f8fc6c0190_0, 0, 1;
    %delay 7, 0;
    %pushi/vec4 0, 0, 1;
    %store/vec4 v0x55f8fc6c02d0_0, 0, 1;
    %delay 15, 0;
    %vpi_call 2 14 "$finish" {0 0 0};
    %end;
    .thread T_9;
# The file index is used to find the file name in the following table.
:file_names 4;
    "N/A";
    "<interactive>";
    "tb/Ring_tb2.v";
    "gl_netlist/ring_counter_gl.v";
