#! /usr/bin/vvp
:ivl_version "10.3 (stable)";
:ivl_delay_selection "TYPICAL";
:vpi_time_precision + 0;
:vpi_module "system";
:vpi_module "vhdl_sys";
:vpi_module "v2005_math";
:vpi_module "va_math";
S_0x55e367048510 .scope module, "seq_tb" "seq_tb" 2 1;
 .timescale 0 0;
v0x55e367071080_0 .var "clk", 0 0;
v0x55e367071140_0 .var "rst", 0 0;
v0x55e3670711e0_0 .var "x", 0 0;
v0x55e367071280_0 .net "z", 0 0, L_0x55e367071880;  1 drivers
S_0x55e36700f1c0 .scope module, "DUT" "seq_detector" 2 4, 3 5 0, S_0x55e367048510;
 .timescale 0 0;
    .port_info 0 /INPUT 1 "x"
    .port_info 1 /INPUT 1 "clk"
    .port_info 2 /INPUT 1 "rst"
    .port_info 3 /OUTPUT 1 "z"
L_0x55e367071350 .functor NOT 1, v0x55e3670711e0_0, C4<0>, C4<0>, C4<0>;
L_0x55e3670714c0 .functor AND 1, L_0x55e3670713f0, v0x55e3670711e0_0, C4<1>, C4<1>;
L_0x55e367071650 .functor AND 1, L_0x55e367071560, v0x55e3670711e0_0, C4<1>, C4<1>;
L_0x55e3670717b0 .functor NOT 1, v0x55e3670711e0_0, C4<0>, C4<0>, C4<0>;
L_0x55e367071880 .functor AND 1, L_0x55e367071710, L_0x55e3670717b0, C4<1>, C4<1>;
v0x55e367036ad0_0 .net "PS", 3 0, L_0x55e367071bd0;  1 drivers
v0x55e367036fd0_0 .var "PS_reg[1]", 0 0;
v0x55e3670370a0_0 .var "PS_reg[2]", 0 0;
v0x55e367048410_0 .var "PS_reg[3]", 0 0;
v0x55e367036260_0 .net "_0_", 0 0, L_0x55e367071650;  1 drivers
v0x55e367035d40_0 .net "_1_", 0 0, L_0x55e3670714c0;  1 drivers
v0x55e367035820_0 .net "_2_", 0 0, L_0x55e367071350;  1 drivers
v0x55e3670702f0_0 .net *"_s11", 0 0, L_0x55e367071710;  1 drivers
v0x55e3670703d0_0 .net *"_s12", 0 0, L_0x55e3670717b0;  1 drivers
v0x55e3670704b0_0 .net *"_s19", 0 0, v0x55e367036fd0_0;  1 drivers
v0x55e367070590_0 .net *"_s23", 0 0, v0x55e3670370a0_0;  1 drivers
v0x55e367070670_0 .net *"_s27", 0 0, v0x55e367048410_0;  1 drivers
v0x55e367070750_0 .net *"_s3", 0 0, L_0x55e3670713f0;  1 drivers
o0x7f66699da288 .functor BUFZ 1, C4<z>; HiZ drive
; Elide local net with no drivers, v0x55e367070830_0 name=_s39
v0x55e367070910_0 .net *"_s7", 0 0, L_0x55e367071560;  1 drivers
v0x55e3670709f0_0 .net "clk", 0 0, v0x55e367071080_0;  1 drivers
v0x55e367070d60_0 .net "rst", 0 0, v0x55e367071140_0;  1 drivers
v0x55e367070e40_0 .net "x", 0 0, v0x55e3670711e0_0;  1 drivers
v0x55e367070f20_0 .net "z", 0 0, L_0x55e367071880;  alias, 1 drivers
E_0x55e3670451a0 .event posedge, v0x55e367070d60_0, v0x55e3670709f0_0;
L_0x55e3670713f0 .part L_0x55e367071bd0, 1, 1;
L_0x55e367071560 .part L_0x55e367071bd0, 2, 1;
L_0x55e367071710 .part L_0x55e367071bd0, 3, 1;
L_0x55e367071bd0 .concat [ 1 1 1 1], o0x7f66699da288, v0x55e367036fd0_0, v0x55e3670370a0_0, v0x55e367048410_0;
    .scope S_0x55e36700f1c0;
T_0 ;
    %wait E_0x55e3670451a0;
    %load/vec4 v0x55e367070d60_0;
    %flag_set/vec4 8;
    %jmp/0xz  T_0.0, 8;
    %pushi/vec4 0, 0, 1;
    %assign/vec4 v0x55e367036fd0_0, 0;
    %jmp T_0.1;
T_0.0 ;
    %load/vec4 v0x55e367036260_0;
    %assign/vec4 v0x55e367036fd0_0, 0;
T_0.1 ;
    %jmp T_0;
    .thread T_0;
    .scope S_0x55e36700f1c0;
T_1 ;
    %wait E_0x55e3670451a0;
    %load/vec4 v0x55e367070d60_0;
    %flag_set/vec4 8;
    %jmp/0xz  T_1.0, 8;
    %pushi/vec4 0, 0, 1;
    %assign/vec4 v0x55e3670370a0_0, 0;
    %jmp T_1.1;
T_1.0 ;
    %load/vec4 v0x55e367035820_0;
    %assign/vec4 v0x55e3670370a0_0, 0;
T_1.1 ;
    %jmp T_1;
    .thread T_1;
    .scope S_0x55e36700f1c0;
T_2 ;
    %wait E_0x55e3670451a0;
    %load/vec4 v0x55e367070d60_0;
    %flag_set/vec4 8;
    %jmp/0xz  T_2.0, 8;
    %pushi/vec4 0, 0, 1;
    %assign/vec4 v0x55e367048410_0, 0;
    %jmp T_2.1;
T_2.0 ;
    %load/vec4 v0x55e367035d40_0;
    %assign/vec4 v0x55e367048410_0, 0;
T_2.1 ;
    %jmp T_2;
    .thread T_2;
    .scope S_0x55e367048510;
T_3 ;
    %delay 5, 0;
    %load/vec4 v0x55e367071080_0;
    %inv;
    %store/vec4 v0x55e367071080_0, 0, 1;
    %jmp T_3;
    .thread T_3;
    .scope S_0x55e367048510;
T_4 ;
    %vpi_call 2 8 "$dumpfile", "sim_rtl/seq_detector_rtl.vcd" {0 0 0};
    %vpi_call 2 9 "$dumpvars", 32'sb00000000000000000000000000000000, S_0x55e367048510 {0 0 0};
    %pushi/vec4 0, 0, 1;
    %store/vec4 v0x55e367071080_0, 0, 1;
    %pushi/vec4 1, 0, 1;
    %store/vec4 v0x55e367071140_0, 0, 1;
    %delay 15, 0;
    %pushi/vec4 0, 0, 1;
    %store/vec4 v0x55e367071140_0, 0, 1;
    %end;
    .thread T_4;
    .scope S_0x55e367048510;
T_5 ;
    %delay 12, 0;
    %pushi/vec4 0, 0, 1;
    %store/vec4 v0x55e3670711e0_0, 0, 1;
    %delay 10, 0;
    %pushi/vec4 1, 0, 1;
    %store/vec4 v0x55e3670711e0_0, 0, 1;
    %delay 10, 0;
    %pushi/vec4 1, 0, 1;
    %store/vec4 v0x55e3670711e0_0, 0, 1;
    %delay 10, 0;
    %pushi/vec4 0, 0, 1;
    %store/vec4 v0x55e3670711e0_0, 0, 1;
    %delay 10, 0;
    %pushi/vec4 1, 0, 1;
    %store/vec4 v0x55e3670711e0_0, 0, 1;
    %delay 2, 0;
    %vpi_call 2 17 "$finish" {0 0 0};
    %end;
    .thread T_5;
# The file index is used to find the file name in the following table.
:file_names 4;
    "N/A";
    "<interactive>";
    "tb/seq_tb.v";
    "gl_netlist/seq_detector_gl.v";
