#! /usr/bin/vvp
:ivl_version "10.3 (stable)";
:ivl_delay_selection "TYPICAL";
:vpi_time_precision + 0;
:vpi_module "system";
:vpi_module "vhdl_sys";
:vpi_module "v2005_math";
:vpi_module "va_math";
S_0x5646176ad510 .scope module, "seq_tb" "seq_tb" 2 1;
 .timescale 0 0;
v0x5646176d6100_0 .var "clk", 0 0;
v0x5646176d61c0_0 .var "rst", 0 0;
v0x5646176d6260_0 .var "x", 0 0;
v0x5646176d6300_0 .net "z", 0 0, L_0x5646176d6900;  1 drivers
S_0x5646176741c0 .scope module, "DUT" "seq_detector" 2 4, 3 5 0, S_0x5646176ad510;
 .timescale 0 0;
    .port_info 0 /INPUT 1 "x"
    .port_info 1 /INPUT 1 "clk"
    .port_info 2 /INPUT 1 "rst"
    .port_info 3 /OUTPUT 1 "z"
L_0x5646176d63d0 .functor NOT 1, v0x5646176d6260_0, C4<0>, C4<0>, C4<0>;
L_0x5646176d6540 .functor AND 1, L_0x5646176d6470, v0x5646176d6260_0, C4<1>, C4<1>;
L_0x5646176d66d0 .functor AND 1, L_0x5646176d65e0, v0x5646176d6260_0, C4<1>, C4<1>;
L_0x5646176d6830 .functor NOT 1, v0x5646176d6260_0, C4<0>, C4<0>, C4<0>;
L_0x5646176d6900 .functor AND 1, L_0x5646176d6790, L_0x5646176d6830, C4<1>, C4<1>;
v0x56461769bad0_0 .net "PS", 3 0, L_0x5646176d6c50;  1 drivers
v0x56461769bfd0_0 .var "PS_reg[1]", 0 0;
v0x56461769c0a0_0 .var "PS_reg[2]", 0 0;
v0x5646176ad410_0 .var "PS_reg[3]", 0 0;
v0x56461769b260_0 .net "_0_", 0 0, L_0x5646176d66d0;  1 drivers
v0x56461769ad40_0 .net "_1_", 0 0, L_0x5646176d6540;  1 drivers
v0x56461769a820_0 .net "_2_", 0 0, L_0x5646176d63d0;  1 drivers
v0x5646176d5370_0 .net *"_s11", 0 0, L_0x5646176d6790;  1 drivers
v0x5646176d5450_0 .net *"_s12", 0 0, L_0x5646176d6830;  1 drivers
v0x5646176d5530_0 .net *"_s19", 0 0, v0x56461769bfd0_0;  1 drivers
v0x5646176d5610_0 .net *"_s23", 0 0, v0x56461769c0a0_0;  1 drivers
v0x5646176d56f0_0 .net *"_s27", 0 0, v0x5646176ad410_0;  1 drivers
v0x5646176d57d0_0 .net *"_s3", 0 0, L_0x5646176d6470;  1 drivers
o0x7f1b04fbe288 .functor BUFZ 1, C4<z>; HiZ drive
; Elide local net with no drivers, v0x5646176d58b0_0 name=_s39
v0x5646176d5990_0 .net *"_s7", 0 0, L_0x5646176d65e0;  1 drivers
v0x5646176d5a70_0 .net "clk", 0 0, v0x5646176d6100_0;  1 drivers
v0x5646176d5de0_0 .net "rst", 0 0, v0x5646176d61c0_0;  1 drivers
v0x5646176d5ec0_0 .net "x", 0 0, v0x5646176d6260_0;  1 drivers
v0x5646176d5fa0_0 .net "z", 0 0, L_0x5646176d6900;  alias, 1 drivers
E_0x5646176aa1a0 .event posedge, v0x5646176d5de0_0, v0x5646176d5a70_0;
L_0x5646176d6470 .part L_0x5646176d6c50, 1, 1;
L_0x5646176d65e0 .part L_0x5646176d6c50, 2, 1;
L_0x5646176d6790 .part L_0x5646176d6c50, 3, 1;
L_0x5646176d6c50 .concat [ 1 1 1 1], o0x7f1b04fbe288, v0x56461769bfd0_0, v0x56461769c0a0_0, v0x5646176ad410_0;
    .scope S_0x5646176741c0;
T_0 ;
    %wait E_0x5646176aa1a0;
    %load/vec4 v0x5646176d5de0_0;
    %flag_set/vec4 8;
    %jmp/0xz  T_0.0, 8;
    %pushi/vec4 0, 0, 1;
    %assign/vec4 v0x56461769bfd0_0, 0;
    %jmp T_0.1;
T_0.0 ;
    %load/vec4 v0x56461769b260_0;
    %assign/vec4 v0x56461769bfd0_0, 0;
T_0.1 ;
    %jmp T_0;
    .thread T_0;
    .scope S_0x5646176741c0;
T_1 ;
    %wait E_0x5646176aa1a0;
    %load/vec4 v0x5646176d5de0_0;
    %flag_set/vec4 8;
    %jmp/0xz  T_1.0, 8;
    %pushi/vec4 0, 0, 1;
    %assign/vec4 v0x56461769c0a0_0, 0;
    %jmp T_1.1;
T_1.0 ;
    %load/vec4 v0x56461769a820_0;
    %assign/vec4 v0x56461769c0a0_0, 0;
T_1.1 ;
    %jmp T_1;
    .thread T_1;
    .scope S_0x5646176741c0;
T_2 ;
    %wait E_0x5646176aa1a0;
    %load/vec4 v0x5646176d5de0_0;
    %flag_set/vec4 8;
    %jmp/0xz  T_2.0, 8;
    %pushi/vec4 0, 0, 1;
    %assign/vec4 v0x5646176ad410_0, 0;
    %jmp T_2.1;
T_2.0 ;
    %load/vec4 v0x56461769ad40_0;
    %assign/vec4 v0x5646176ad410_0, 0;
T_2.1 ;
    %jmp T_2;
    .thread T_2;
    .scope S_0x5646176ad510;
T_3 ;
    %delay 5, 0;
    %load/vec4 v0x5646176d6100_0;
    %inv;
    %store/vec4 v0x5646176d6100_0, 0, 1;
    %jmp T_3;
    .thread T_3;
    .scope S_0x5646176ad510;
T_4 ;
    %vpi_call 2 8 "$dumpfile", "sim_rtl/seq_detector_rtl_1.vcd" {0 0 0};
    %vpi_call 2 9 "$dumpvars", 32'sb00000000000000000000000000000000, S_0x5646176ad510 {0 0 0};
    %pushi/vec4 0, 0, 1;
    %store/vec4 v0x5646176d6100_0, 0, 1;
    %pushi/vec4 1, 0, 1;
    %store/vec4 v0x5646176d61c0_0, 0, 1;
    %delay 10, 0;
    %pushi/vec4 0, 0, 1;
    %store/vec4 v0x5646176d61c0_0, 0, 1;
    %end;
    .thread T_4;
    .scope S_0x5646176ad510;
T_5 ;
    %delay 12, 0;
    %pushi/vec4 0, 0, 1;
    %store/vec4 v0x5646176d6260_0, 0, 1;
    %delay 10, 0;
    %pushi/vec4 1, 0, 1;
    %store/vec4 v0x5646176d6260_0, 0, 1;
    %delay 10, 0;
    %pushi/vec4 1, 0, 1;
    %store/vec4 v0x5646176d6260_0, 0, 1;
    %delay 5, 0;
    %pushi/vec4 0, 0, 1;
    %store/vec4 v0x5646176d6260_0, 0, 1;
    %delay 10, 0;
    %pushi/vec4 1, 0, 1;
    %store/vec4 v0x5646176d6260_0, 0, 1;
    %delay 20, 0;
    %vpi_call 2 17 "$finish" {0 0 0};
    %end;
    .thread T_5;
# The file index is used to find the file name in the following table.
:file_names 4;
    "N/A";
    "<interactive>";
    "tb/seq_tb1.v";
    "gl_netlist/seq_detector_gl.v";
