#! /usr/bin/vvp
:ivl_version "11.0 (stable)";
:ivl_delay_selection "TYPICAL";
:vpi_time_precision - 12;
:vpi_module "/usr/lib/x86_64-linux-gnu/ivl/system.vpi";
:vpi_module "/usr/lib/x86_64-linux-gnu/ivl/vhdl_sys.vpi";
:vpi_module "/usr/lib/x86_64-linux-gnu/ivl/vhdl_textio.vpi";
:vpi_module "/usr/lib/x86_64-linux-gnu/ivl/v2005_math.vpi";
:vpi_module "/usr/lib/x86_64-linux-gnu/ivl/va_math.vpi";
S_0x619a8635d9b0 .scope module, "srff_tb2" "srff_tb2" 2 23;
 .timescale -9 -12;
v0x619a86386210_0 .var "clk", 0 0;
v0x619a863862d0_0 .net "q", 0 0, v0x619a86385ed0_0;  1 drivers
v0x619a86386370_0 .net "qb", 0 0, L_0x619a86386540;  1 drivers
v0x619a86386470_0 .var "sr", 1 0;
S_0x619a8635db40 .scope module, "dut" "srff" 2 28, 3 5 0, S_0x619a8635d9b0;
 .timescale 0 0;
    .port_info 0 /INPUT 2 "sr";
    .port_info 1 /INPUT 1 "clk";
    .port_info 2 /OUTPUT 1 "q";
    .port_info 3 /OUTPUT 1 "qb";
L_0x619a86386540 .functor NOT 1, v0x619a86385ed0_0, C4<0>, C4<0>, C4<0>;
L_0x619a86386790 .functor XOR 1, L_0x619a86386600, L_0x619a863866f0, C4<0>, C4<0>;
L_0x619a86386a10 .functor NOT 1, L_0x619a86386940, C4<0>, C4<0>, C4<0>;
L_0x619a86386ab0 .functor OR 1, L_0x619a863868a0, L_0x619a86386a10, C4<0>, C4<0>;
L_0x619a86386bf0 .functor OR 1, L_0x619a86386790, L_0x619a86386540, C4<0>, C4<0>;
L_0x619a86386cb0 .functor AND 1, L_0x619a86386bf0, L_0x619a86386ab0, C4<1>, C4<1>;
L_0x619a86386e00 .functor NOT 1, L_0x619a86386cb0, C4<0>, C4<0>, C4<0>;
v0x619a8635dcd0_0 .net "_0_", 0 0, L_0x619a86386e00;  1 drivers
v0x619a86385670_0 .net "_1_", 0 0, L_0x619a86386790;  1 drivers
v0x619a86385730_0 .net "_2_", 0 0, L_0x619a86386ab0;  1 drivers
v0x619a863857d0_0 .net *"_ivl_11", 0 0, L_0x619a86386940;  1 drivers
v0x619a863858b0_0 .net *"_ivl_12", 0 0, L_0x619a86386a10;  1 drivers
v0x619a86385990_0 .net *"_ivl_16", 0 0, L_0x619a86386bf0;  1 drivers
v0x619a86385a70_0 .net *"_ivl_18", 0 0, L_0x619a86386cb0;  1 drivers
v0x619a86385b50_0 .net *"_ivl_3", 0 0, L_0x619a86386600;  1 drivers
v0x619a86385c30_0 .net *"_ivl_5", 0 0, L_0x619a863866f0;  1 drivers
v0x619a86385d10_0 .net *"_ivl_9", 0 0, L_0x619a863868a0;  1 drivers
v0x619a86385df0_0 .net "clk", 0 0, v0x619a86386210_0;  1 drivers
v0x619a86385ed0_0 .var "q", 0 0;
v0x619a86385fb0_0 .net "qb", 0 0, L_0x619a86386540;  alias, 1 drivers
v0x619a86386090_0 .net "sr", 1 0, v0x619a86386470_0;  1 drivers
E_0x619a86323e60 .event posedge, v0x619a86385df0_0;
L_0x619a86386600 .part v0x619a86386470_0, 1, 1;
L_0x619a863866f0 .part v0x619a86386470_0, 0, 1;
L_0x619a863868a0 .part v0x619a86386470_0, 0, 1;
L_0x619a86386940 .part v0x619a86386470_0, 1, 1;
    .scope S_0x619a8635db40;
T_0 ;
    %wait E_0x619a86323e60;
    %load/vec4 v0x619a8635dcd0_0;
    %assign/vec4 v0x619a86385ed0_0, 0;
    %jmp T_0;
    .thread T_0;
    .scope S_0x619a8635d9b0;
T_1 ;
    %pushi/vec4 0, 0, 1;
    %store/vec4 v0x619a86386210_0, 0, 1;
T_1.0 ;
    %delay 2000, 0;
    %load/vec4 v0x619a86386210_0;
    %inv;
    %store/vec4 v0x619a86386210_0, 0, 1;
    %jmp T_1.0;
    %end;
    .thread T_1;
    .scope S_0x619a8635d9b0;
T_2 ;
    %vpi_call 2 36 "$dumpfile", "vcd/srff_gl2.vcd" {0 0 0};
    %vpi_call 2 37 "$dumpvars", 32'sb00000000000000000000000000000000, S_0x619a8635d9b0 {0 0 0};
    %end;
    .thread T_2;
    .scope S_0x619a8635d9b0;
T_3 ;
    %pushi/vec4 0, 0, 2;
    %store/vec4 v0x619a86386470_0, 0, 2;
    %delay 6000, 0;
    %pushi/vec4 1, 0, 2;
    %store/vec4 v0x619a86386470_0, 0, 2;
    %delay 5000, 0;
    %pushi/vec4 2, 0, 2;
    %store/vec4 v0x619a86386470_0, 0, 2;
    %delay 3000, 0;
    %pushi/vec4 3, 0, 2;
    %store/vec4 v0x619a86386470_0, 0, 2;
    %delay 5000, 0;
    %pushi/vec4 2, 0, 2;
    %store/vec4 v0x619a86386470_0, 0, 2;
    %delay 10000, 0;
    %pushi/vec4 1, 0, 2;
    %store/vec4 v0x619a86386470_0, 0, 2;
    %delay 5000, 0;
    %pushi/vec4 2, 0, 2;
    %store/vec4 v0x619a86386470_0, 0, 2;
    %delay 5000, 0;
    %pushi/vec4 3, 0, 2;
    %store/vec4 v0x619a86386470_0, 0, 2;
    %delay 8000, 0;
    %pushi/vec4 1, 0, 2;
    %store/vec4 v0x619a86386470_0, 0, 2;
    %delay 5000, 0;
    %vpi_call 2 58 "$finish" {0 0 0};
    %end;
    .thread T_3;
# The file index is used to find the file name in the following table.
:file_names 4;
    "N/A";
    "<interactive>";
    "tb/srff_tb2.v";
    "gl_netlist/srff_gl.v";
