#! /usr/bin/vvp
:ivl_version "11.0 (stable)";
:ivl_delay_selection "TYPICAL";
:vpi_time_precision - 12;
:vpi_module "/usr/lib/x86_64-linux-gnu/ivl/system.vpi";
:vpi_module "/usr/lib/x86_64-linux-gnu/ivl/vhdl_sys.vpi";
:vpi_module "/usr/lib/x86_64-linux-gnu/ivl/vhdl_textio.vpi";
:vpi_module "/usr/lib/x86_64-linux-gnu/ivl/v2005_math.vpi";
:vpi_module "/usr/lib/x86_64-linux-gnu/ivl/va_math.vpi";
S_0x571f47d6c510 .scope module, "tff_tb2" "tff_tb2" 2 23;
 .timescale -9 -12;
v0x571f47da3b30_0 .var "clk", 0 0;
v0x571f47da3bf0_0 .net "q", 0 0, v0x571f47da37d0_0;  1 drivers
v0x571f47da3cc0_0 .net "qb", 0 0, L_0x571f47da3e90;  1 drivers
v0x571f47da3dc0_0 .var "t", 0 0;
S_0x571f47d7ed00 .scope module, "dut" "tff" 2 27, 3 5 0, S_0x571f47d6c510;
 .timescale 0 0;
    .port_info 0 /INPUT 1 "t";
    .port_info 1 /INPUT 1 "clk";
    .port_info 2 /OUTPUT 1 "q";
    .port_info 3 /OUTPUT 1 "qb";
L_0x571f47da3e90 .functor NOT 1, v0x571f47da37d0_0, C4<0>, C4<0>, C4<0>;
L_0x571f47da3fa0 .functor XOR 1, v0x571f47da3dc0_0, v0x571f47da37d0_0, C4<0>, C4<0>;
v0x571f47d7f020_0 .net "_0_", 0 0, L_0x571f47da3fa0;  1 drivers
v0x571f47da36f0_0 .net "clk", 0 0, v0x571f47da3b30_0;  1 drivers
v0x571f47da37d0_0 .var "q", 0 0;
v0x571f47da38a0_0 .net "qb", 0 0, L_0x571f47da3e90;  alias, 1 drivers
v0x571f47da3980_0 .net "t", 0 0, v0x571f47da3dc0_0;  1 drivers
E_0x571f47d45e60 .event posedge, v0x571f47da36f0_0;
    .scope S_0x571f47d7ed00;
T_0 ;
    %pushi/vec4 0, 0, 1;
    %store/vec4 v0x571f47da37d0_0, 0, 1;
    %end;
    .thread T_0;
    .scope S_0x571f47d7ed00;
T_1 ;
    %wait E_0x571f47d45e60;
    %load/vec4 v0x571f47d7f020_0;
    %assign/vec4 v0x571f47da37d0_0, 0;
    %jmp T_1;
    .thread T_1;
    .scope S_0x571f47d6c510;
T_2 ;
    %pushi/vec4 0, 0, 1;
    %store/vec4 v0x571f47da3b30_0, 0, 1;
T_2.0 ;
    %delay 1000, 0;
    %load/vec4 v0x571f47da3b30_0;
    %inv;
    %store/vec4 v0x571f47da3b30_0, 0, 1;
    %jmp T_2.0;
    %end;
    .thread T_2;
    .scope S_0x571f47d6c510;
T_3 ;
    %vpi_call 2 35 "$dumpfile", "vcd/tff_gl2.vcd" {0 0 0};
    %vpi_call 2 36 "$dumpvars", 32'sb00000000000000000000000000000000, S_0x571f47d6c510 {0 0 0};
    %end;
    .thread T_3;
    .scope S_0x571f47d6c510;
T_4 ;
    %pushi/vec4 1, 0, 1;
    %store/vec4 v0x571f47da3dc0_0, 0, 1;
    %delay 5000, 0;
    %pushi/vec4 1, 0, 1;
    %store/vec4 v0x571f47da3dc0_0, 0, 1;
    %delay 6000, 0;
    %pushi/vec4 0, 0, 1;
    %store/vec4 v0x571f47da3dc0_0, 0, 1;
    %delay 5000, 0;
    %pushi/vec4 0, 0, 1;
    %store/vec4 v0x571f47da3dc0_0, 0, 1;
    %delay 7000, 0;
    %pushi/vec4 1, 0, 1;
    %store/vec4 v0x571f47da3dc0_0, 0, 1;
    %delay 8000, 0;
    %pushi/vec4 1, 0, 1;
    %store/vec4 v0x571f47da3dc0_0, 0, 1;
    %delay 5000, 0;
    %pushi/vec4 0, 0, 1;
    %store/vec4 v0x571f47da3dc0_0, 0, 1;
    %delay 9000, 0;
    %vpi_call 2 54 "$finish" {0 0 0};
    %end;
    .thread T_4;
# The file index is used to find the file name in the following table.
:file_names 4;
    "N/A";
    "<interactive>";
    "tb/tff_tb2.v";
    "gl_netlist/tff_gl.v";
