#! /usr/bin/vvp
:ivl_version "10.3 (stable)";
:ivl_delay_selection "TYPICAL";
:vpi_time_precision - 12;
:vpi_module "system";
:vpi_module "vhdl_sys";
:vpi_module "v2005_math";
:vpi_module "va_math";
S_0x559526894b40 .scope module, "traffic_light_controller_tb" "traffic_light_controller_tb" 2 4;
 .timescale -9 -12;
v0x5595269064a0_0 .var "clk", 0 0;
v0x559526906560_0 .net "light_M1", 2 0, L_0x559526910be0;  1 drivers
v0x559526906600_0 .net "light_M2", 2 0, L_0x5595269137a0;  1 drivers
v0x5595269066a0_0 .net "light_MT", 2 0, L_0x5595269163f0;  1 drivers
v0x559526906740_0 .net "light_S", 2 0, L_0x55952690ee90;  1 drivers
v0x5595269067e0_0 .var "rst", 0 0;
S_0x559526892e30 .scope module, "dut" "traffic_light_controller" 2 10, 3 5 0, S_0x559526894b40;
 .timescale 0 0;
    .port_info 0 /INPUT 1 "clk"
    .port_info 1 /INPUT 1 "rst"
    .port_info 2 /OUTPUT 3 "light_M1"
    .port_info 3 /OUTPUT 3 "light_S"
    .port_info 4 /OUTPUT 3 "light_MT"
    .port_info 5 /OUTPUT 3 "light_M2"
L_0x5595269069b0 .functor NOT 1, L_0x5595269068b0, C4<0>, C4<0>, C4<0>;
L_0x559526906b40 .functor NOT 1, L_0x559526906a50, C4<0>, C4<0>, C4<0>;
L_0x559526906cd0 .functor NOT 1, L_0x559526906c00, C4<0>, C4<0>, C4<0>;
L_0x559526906f80 .functor OR 1, L_0x559526906dc0, L_0x559526906ee0, C4<0>, C4<0>;
L_0x5595269070f0 .functor NOT 1, L_0x559526906f80, C4<0>, C4<0>, C4<0>;
L_0x559526907330 .functor NOT 1, L_0x559526907290, C4<0>, C4<0>, C4<0>;
L_0x5595269073e0 .functor AND 1, L_0x5595269071b0, L_0x559526907330, C4<1>, C4<1>;
L_0x5595269074f0 .functor OR 1, L_0x5595269073e0, L_0x559526906cd0, C4<0>, C4<0>;
L_0x559526907650 .functor AND 1, L_0x5595269074f0, L_0x5595269070f0, C4<1>, C4<1>;
L_0x559526907760 .functor NOT 1, L_0x559526907650, C4<0>, C4<0>, C4<0>;
L_0x559526907a10 .functor OR 1, L_0x559526907880, L_0x559526907970, C4<0>, C4<0>;
L_0x559526907ad0 .functor NOT 1, L_0x559526907a10, C4<0>, C4<0>, C4<0>;
L_0x559526907c00 .functor AND 1, L_0x5595269073e0, L_0x559526907ad0, C4<1>, C4<1>;
L_0x559526907cc0 .functor OR 1, L_0x559526907c00, L_0x559526907760, C4<0>, C4<0>;
L_0x559526907b90 .functor NOT 1, L_0x559526907cc0, C4<0>, C4<0>, C4<0>;
L_0x559526907fe0 .functor NOT 1, L_0x559526907f40, C4<0>, C4<0>, C4<0>;
L_0x5595269080e0 .functor OR 1, L_0x559526907ea0, L_0x559526907fe0, C4<0>, C4<0>;
L_0x5595269083a0 .functor AND 1, L_0x5595269081f0, L_0x559526908300, C4<1>, C4<1>;
L_0x559526908290 .functor OR 1, L_0x559526908550, L_0x5595269069b0, C4<0>, C4<0>;
L_0x5595269087b0 .functor OR 1, L_0x559526907b90, L_0x559526906b40, C4<0>, C4<0>;
L_0x559526908970 .functor AND 1, L_0x559526908290, L_0x5595269087b0, C4<1>, C4<1>;
L_0x559526908a80 .functor NOT 1, L_0x559526908970, C4<0>, C4<0>, C4<0>;
L_0x559526908c00 .functor NOT 1, L_0x5595269084b0, C4<0>, C4<0>, C4<0>;
L_0x559526908df0 .functor AND 1, L_0x559526908550, L_0x559526908cc0, C4<1>, C4<1>;
L_0x559526908f30 .functor NOT 1, L_0x559526908df0, C4<0>, C4<0>, C4<0>;
L_0x559526908ff0 .functor OR 1, L_0x559526907cc0, L_0x559526908c00, C4<0>, C4<0>;
L_0x559526909190 .functor AND 1, L_0x559526908ff0, L_0x559526908f30, C4<1>, C4<1>;
L_0x5595269092a0 .functor NOT 1, L_0x559526909190, C4<0>, C4<0>, C4<0>;
L_0x5595269094f0 .functor NOT 1, L_0x559526909450, C4<0>, C4<0>, C4<0>;
L_0x559526909790 .functor AND 1, L_0x5595269095b0, L_0x5595269096f0, C4<1>, C4<1>;
L_0x559526909af0 .functor OR 1, L_0x559526909790, L_0x5595269099a0, C4<0>, C4<0>;
L_0x559526909c00 .functor NOT 1, L_0x559526909af0, C4<0>, C4<0>, C4<0>;
L_0x559526909f30 .functor NOT 1, L_0x559526909dd0, C4<0>, C4<0>, C4<0>;
L_0x559526909ff0 .functor OR 1, L_0x559526909650, L_0x559526909f30, C4<0>, C4<0>;
L_0x55952690a220 .functor OR 1, L_0x559526909ff0, L_0x5595269080e0, C4<0>, C4<0>;
L_0x55952690a2e0 .functor AND 1, L_0x55952690a220, L_0x559526909c00, C4<1>, C4<1>;
L_0x55952690a100 .functor NOT 1, L_0x55952690a2e0, C4<0>, C4<0>, C4<0>;
L_0x55952690a520 .functor OR 1, L_0x55952690a100, L_0x5595269094f0, C4<0>, C4<0>;
L_0x55952690a720 .functor OR 1, L_0x559526907b90, L_0x559526908c00, C4<0>, C4<0>;
L_0x55952690a790 .functor AND 1, L_0x55952690a520, L_0x55952690a720, C4<1>, C4<1>;
L_0x55952690a9f0 .functor NOT 1, L_0x55952690a790, C4<0>, C4<0>, C4<0>;
L_0x55952690ab50 .functor NOT 1, L_0x55952690aab0, C4<0>, C4<0>, C4<0>;
L_0x55952690aee0 .functor AND 1, L_0x55952690a100, L_0x55952690ad70, C4<1>, C4<1>;
L_0x55952690afa0 .functor NOT 1, L_0x55952690aee0, C4<0>, C4<0>, C4<0>;
L_0x55952690b1d0 .functor OR 1, L_0x559526907cc0, L_0x55952690ab50, C4<0>, C4<0>;
L_0x55952690b240 .functor AND 1, L_0x55952690b1d0, L_0x55952690afa0, C4<1>, C4<1>;
L_0x55952690b4d0 .functor NOT 1, L_0x55952690b240, C4<0>, C4<0>, C4<0>;
L_0x55952690b630 .functor NOT 1, L_0x55952690b590, C4<0>, C4<0>, C4<0>;
L_0x55952690b880 .functor OR 1, L_0x5595269083a0, L_0x559526907a10, C4<0>, C4<0>;
L_0x55952690b8f0 .functor OR 1, L_0x55952690b880, L_0x55952690b630, C4<0>, C4<0>;
L_0x55952690bb50 .functor OR 1, L_0x559526907b90, L_0x55952690ab50, C4<0>, C4<0>;
L_0x55952690bbc0 .functor AND 1, L_0x55952690b8f0, L_0x55952690bb50, C4<1>, C4<1>;
L_0x55952690be30 .functor NOT 1, L_0x55952690bbc0, C4<0>, C4<0>, C4<0>;
L_0x55952690c070 .functor AND 1, L_0x55952690b880, L_0x55952690bef0, C4<1>, C4<1>;
L_0x55952690c2f0 .functor NOT 1, L_0x55952690c070, C4<0>, C4<0>, C4<0>;
L_0x55952690c3b0 .functor OR 1, L_0x559526907cc0, L_0x559526906b40, C4<0>, C4<0>;
L_0x55952690c5f0 .functor AND 1, L_0x55952690c3b0, L_0x55952690c2f0, C4<1>, C4<1>;
L_0x55952690c700 .functor NOT 1, L_0x55952690c5f0, C4<0>, C4<0>, C4<0>;
L_0x55952690cbd0 .functor OR 1, L_0x55952690c9a0, L_0x55952690ca40, C4<0>, C4<0>;
L_0x55952690cd10 .functor NOT 1, L_0x55952690cbd0, C4<0>, C4<0>, C4<0>;
L_0x55952690d200 .functor OR 1, L_0x55952690cfc0, L_0x55952690d060, C4<0>, C4<0>;
L_0x55952690d340 .functor NOT 1, L_0x55952690d200, C4<0>, C4<0>, C4<0>;
L_0x55952690d850 .functor OR 1, L_0x55952690d600, L_0x55952690d6a0, C4<0>, C4<0>;
L_0x55952690d990 .functor NOT 1, L_0x55952690d850, C4<0>, C4<0>, C4<0>;
L_0x55952690dc60 .functor AND 1, L_0x55952690d990, L_0x55952690d340, C4<1>, C4<1>;
L_0x55952690dd70 .functor NOT 1, L_0x55952690dc60, C4<0>, C4<0>, C4<0>;
L_0x55952690e050 .functor NOT 1, L_0x55952690dd70, C4<0>, C4<0>, C4<0>;
L_0x55952690e110 .functor AND 1, L_0x55952690cd10, L_0x55952690e050, C4<1>, C4<1>;
L_0x55952690e4f0 .functor NOT 1, L_0x55952690e110, C4<0>, C4<0>, C4<0>;
L_0x55952690e5b0 .functor AND 1, L_0x55952690e450, L_0x55952690e4f0, C4<1>, C4<1>;
L_0x55952690eac0 .functor NOT 1, L_0x55952690e110, C4<0>, C4<0>, C4<0>;
L_0x55952690eb30 .functor AND 1, L_0x55952690e900, L_0x55952690eac0, C4<1>, C4<1>;
L_0x55952690f020 .functor NOT 1, L_0x55952690e110, C4<0>, C4<0>, C4<0>;
L_0x55952690f120 .functor AND 1, L_0x55952690dd70, L_0x55952690f020, C4<1>, C4<1>;
L_0x55952690ea40 .functor OR 1, L_0x55952690f440, L_0x55952690e9a0, C4<0>, C4<0>;
L_0x55952690f890 .functor NOT 1, L_0x55952690f6b0, C4<0>, C4<0>, C4<0>;
L_0x55952690fbc0 .functor AND 1, L_0x55952690cd10, L_0x55952690f890, C4<1>, C4<1>;
L_0x55952690fd20 .functor OR 1, L_0x55952690ea40, L_0x55952690fc80, C4<0>, C4<0>;
L_0x5595269100b0 .functor NOT 1, L_0x55952690ea40, C4<0>, C4<0>, C4<0>;
L_0x559526910120 .functor AND 1, L_0x5595269069b0, L_0x5595269100b0, C4<1>, C4<1>;
L_0x559526910470 .functor AND 1, L_0x55952690fbc0, L_0x559526910120, C4<1>, C4<1>;
L_0x559526910770 .functor NOT 1, L_0x559526910470, C4<0>, C4<0>, C4<0>;
L_0x559526910ad0 .functor AND 1, L_0x559526910580, L_0x559526910770, C4<1>, C4<1>;
L_0x559526910d70 .functor OR 1, L_0x559526910470, L_0x55952690cd10, C4<0>, C4<0>;
L_0x559526911120 .functor NOT 1, L_0x559526910d70, C4<0>, C4<0>, C4<0>;
L_0x559526911480 .functor OR 1, L_0x5595269111e0, L_0x5595269113e0, C4<0>, C4<0>;
L_0x559526911b00 .functor OR 1, L_0x559526911850, L_0x559526911a60, C4<0>, C4<0>;
L_0x559526911c10 .functor OR 1, L_0x559526911b00, L_0x559526911480, C4<0>, C4<0>;
L_0x559526911ff0 .functor NOT 1, L_0x559526911c10, C4<0>, C4<0>, C4<0>;
L_0x5595269120b0 .functor AND 1, L_0x559526908c00, L_0x559526911ff0, C4<1>, C4<1>;
L_0x5595269126b0 .functor NOT 1, L_0x559526912490, C4<0>, C4<0>, C4<0>;
L_0x559526912770 .functor AND 1, L_0x5595269120b0, L_0x5595269126b0, C4<1>, C4<1>;
L_0x559526912c10 .functor NOT 1, L_0x559526912770, C4<0>, C4<0>, C4<0>;
L_0x559526912cd0 .functor AND 1, L_0x559526912b70, L_0x559526912c10, C4<1>, C4<1>;
L_0x559526913310 .functor NOT 1, L_0x559526912770, C4<0>, C4<0>, C4<0>;
L_0x559526913380 .functor AND 1, L_0x5595269130e0, L_0x559526913310, C4<1>, C4<1>;
L_0x559526913930 .functor NOT 1, L_0x559526912770, C4<0>, C4<0>, C4<0>;
L_0x559526913a30 .functor AND 1, L_0x559526911c10, L_0x559526913930, C4<1>, C4<1>;
L_0x5595269140f0 .functor OR 1, L_0x559526913e10, L_0x559526914050, C4<0>, C4<0>;
L_0x5595269144f0 .functor OR 1, L_0x559526914200, L_0x559526914450, C4<0>, C4<0>;
L_0x559526914930 .functor OR 1, L_0x5595269144f0, L_0x5595269140f0, C4<0>, C4<0>;
L_0x559526914a40 .functor NOT 1, L_0x559526914930, C4<0>, C4<0>, C4<0>;
L_0x559526914e40 .functor AND 1, L_0x55952690ab50, L_0x559526914a40, C4<1>, C4<1>;
L_0x5595269151a0 .functor NOT 1, L_0x559526914f40, C4<0>, C4<0>, C4<0>;
L_0x5595269155b0 .functor AND 1, L_0x559526914e40, L_0x5595269151a0, C4<1>, C4<1>;
L_0x559526915760 .functor NOT 1, L_0x5595269155b0, C4<0>, C4<0>, C4<0>;
L_0x559526915b80 .functor AND 1, L_0x5595269156c0, L_0x559526915760, C4<1>, C4<1>;
L_0x559526915f00 .functor NOT 1, L_0x5595269155b0, C4<0>, C4<0>, C4<0>;
L_0x5595269162e0 .functor AND 1, L_0x559526915c90, L_0x559526915f00, C4<1>, C4<1>;
L_0x559526916580 .functor NOT 1, L_0x5595269155b0, C4<0>, C4<0>, C4<0>;
L_0x559526916a00 .functor AND 1, L_0x559526914930, L_0x559526916580, C4<1>, C4<1>;
L_0x559526916ac0 .functor NOT 1, L_0x559526911480, C4<0>, C4<0>, C4<0>;
L_0x559526916ec0 .functor AND 1, L_0x559526908c00, L_0x559526916ac0, C4<1>, C4<1>;
L_0x559526916f80 .functor AND 1, L_0x559526916ec0, L_0x55952690b630, C4<1>, C4<1>;
L_0x5595269173e0 .functor NOT 1, L_0x559526916f80, C4<0>, C4<0>, C4<0>;
L_0x5595269174a0 .functor NOT 1, L_0x5595269173e0, C4<0>, C4<0>, C4<0>;
L_0x559526917910 .functor AND 1, L_0x55952690d990, L_0x5595269174a0, C4<1>, C4<1>;
L_0x559526917c50 .functor OR 1, L_0x559526907cc0, L_0x5595269179d0, C4<0>, C4<0>;
L_0x559526918170 .functor OR 1, L_0x55952690b880, L_0x5595269180d0, C4<0>, C4<0>;
L_0x559526918270 .functor OR 1, L_0x559526918170, L_0x55952690b630, C4<0>, C4<0>;
L_0x559526918790 .functor OR 1, L_0x559526917c50, L_0x559526916ec0, C4<0>, C4<0>;
L_0x559526918800 .functor AND 1, L_0x559526918270, L_0x559526918790, C4<1>, C4<1>;
L_0x559526918cf0 .functor NOT 1, L_0x559526918800, C4<0>, C4<0>, C4<0>;
L_0x559526919040 .functor OR 1, L_0x55952690a100, L_0x559526918db0, C4<0>, C4<0>;
L_0x559526919620 .functor OR 1, L_0x559526908550, L_0x559526919580, C4<0>, C4<0>;
L_0x559526919720 .functor OR 1, L_0x559526919620, L_0x5595269069b0, C4<0>, C4<0>;
L_0x559526919c70 .functor OR 1, L_0x559526919040, L_0x5595269094f0, C4<0>, C4<0>;
L_0x559526919ce0 .functor AND 1, L_0x559526919720, L_0x559526919c70, C4<1>, C4<1>;
L_0x55952691a160 .functor NOT 1, L_0x559526919ce0, C4<0>, C4<0>, C4<0>;
L_0x55952691a220 .functor OR 1, L_0x55952691a160, L_0x559526918cf0, C4<0>, C4<0>;
L_0x55952691ab80 .functor NOT 1, L_0x5595269073e0, C4<0>, C4<0>, C4<0>;
L_0x55952691ac80 .functor AND 1, L_0x559526909ff0, L_0x55952691ab80, C4<1>, C4<1>;
L_0x55952691a330 .functor OR 1, L_0x55952691ac80, L_0x559526907cc0, C4<0>, C4<0>;
L_0x55952691a3f0 .functor OR 1, L_0x55952691ac80, L_0x55952690b880, C4<0>, C4<0>;
L_0x55952691a460 .functor OR 1, L_0x55952691a3f0, L_0x55952690b630, C4<0>, C4<0>;
L_0x55952691a520 .functor OR 1, L_0x55952691a330, L_0x559526916ec0, C4<0>, C4<0>;
L_0x55952691a670 .functor AND 1, L_0x55952691a460, L_0x55952691a520, C4<1>, C4<1>;
L_0x55952691b140 .functor NOT 1, L_0x55952691a670, C4<0>, C4<0>, C4<0>;
L_0x55952691acf0 .functor OR 1, L_0x55952691ac80, L_0x55952690a100, C4<0>, C4<0>;
L_0x55952691adf0 .functor OR 1, L_0x55952691ac80, L_0x559526908550, C4<0>, C4<0>;
L_0x55952691ae60 .functor OR 1, L_0x55952691adf0, L_0x5595269069b0, C4<0>, C4<0>;
L_0x55952691aed0 .functor OR 1, L_0x55952691acf0, L_0x5595269094f0, C4<0>, C4<0>;
L_0x55952691b020 .functor AND 1, L_0x55952691ae60, L_0x55952691aed0, C4<1>, C4<1>;
L_0x55952691b680 .functor NOT 1, L_0x55952691b020, C4<0>, C4<0>, C4<0>;
L_0x55952691b200 .functor OR 1, L_0x55952691b680, L_0x55952691b140, C4<0>, C4<0>;
L_0x55952691bf80 .functor AND 1, L_0x55952691bc20, L_0x55952691bee0, C4<1>, C4<1>;
L_0x55952691b6f0 .functor NOT 1, L_0x55952691bf80, C4<0>, C4<0>, C4<0>;
L_0x55952691ba80 .functor XOR 1, L_0x55952691b6f0, L_0x55952691b7b0, C4<0>, C4<0>;
L_0x55952691c090 .functor OR 1, L_0x55952691ba80, L_0x559526907cc0, C4<0>, C4<0>;
L_0x55952691c150 .functor OR 1, L_0x55952691ba80, L_0x55952690b880, C4<0>, C4<0>;
L_0x55952691c1c0 .functor OR 1, L_0x55952691c150, L_0x55952690b630, C4<0>, C4<0>;
L_0x55952691c280 .functor OR 1, L_0x55952691c090, L_0x559526916ec0, C4<0>, C4<0>;
L_0x55952691c340 .functor AND 1, L_0x55952691c1c0, L_0x55952691c280, C4<1>, C4<1>;
L_0x55952691c450 .functor NOT 1, L_0x55952691c340, C4<0>, C4<0>, C4<0>;
L_0x55952691ca60 .functor OR 1, L_0x55952691ba80, L_0x55952690a100, C4<0>, C4<0>;
L_0x55952691cad0 .functor OR 1, L_0x55952691ba80, L_0x559526908550, C4<0>, C4<0>;
L_0x55952691c580 .functor OR 1, L_0x55952691cad0, L_0x5595269069b0, C4<0>, C4<0>;
L_0x55952691c620 .functor OR 1, L_0x55952691ca60, L_0x5595269094f0, C4<0>, C4<0>;
L_0x55952691c6e0 .functor AND 1, L_0x55952691c580, L_0x55952691c620, C4<1>, C4<1>;
L_0x55952691c7f0 .functor NOT 1, L_0x55952691c6e0, C4<0>, C4<0>, C4<0>;
L_0x55952691c8b0 .functor OR 1, L_0x55952691c7f0, L_0x55952691c450, C4<0>, C4<0>;
L_0x55952691d4b0 .functor AND 1, L_0x5595269083a0, L_0x55952691d410, C4<1>, C4<1>;
L_0x55952691cb40 .functor NOT 1, L_0x55952691d4b0, C4<0>, C4<0>, C4<0>;
L_0x55952691cef0 .functor XOR 1, L_0x55952691cb40, L_0x55952691cc00, C4<0>, C4<0>;
L_0x55952691dae0 .functor OR 1, L_0x55952691cef0, L_0x559526907cc0, C4<0>, C4<0>;
L_0x55952691db50 .functor OR 1, L_0x55952691cef0, L_0x55952690b880, C4<0>, C4<0>;
L_0x55952691d5b0 .functor OR 1, L_0x55952691db50, L_0x55952690b630, C4<0>, C4<0>;
L_0x55952691d670 .functor OR 1, L_0x55952691dae0, L_0x559526916ec0, C4<0>, C4<0>;
L_0x55952691d730 .functor AND 1, L_0x55952691d5b0, L_0x55952691d670, C4<1>, C4<1>;
L_0x55952691d840 .functor NOT 1, L_0x55952691d730, C4<0>, C4<0>, C4<0>;
L_0x55952691d900 .functor OR 1, L_0x55952691cef0, L_0x55952690a100, C4<0>, C4<0>;
L_0x55952691da00 .functor OR 1, L_0x55952691cef0, L_0x559526908550, C4<0>, C4<0>;
L_0x55952691da70 .functor OR 1, L_0x55952691da00, L_0x5595269069b0, C4<0>, C4<0>;
L_0x55952691e130 .functor OR 1, L_0x55952691d900, L_0x5595269094f0, C4<0>, C4<0>;
L_0x55952691dbc0 .functor AND 1, L_0x55952691da70, L_0x55952691e130, C4<1>, C4<1>;
L_0x55952691dcd0 .functor NOT 1, L_0x55952691dbc0, C4<0>, C4<0>, C4<0>;
L_0x55952691dd90 .functor OR 1, L_0x55952691dcd0, L_0x55952691d840, C4<0>, C4<0>;
v0x5595268cfb80_0 .net "_000_", 3 0, L_0x55952691dea0;  1 drivers
v0x5595268cfc20_0 .net "_001_", 0 0, L_0x559526908a80;  1 drivers
v0x5595268d0960_0 .net "_002_", 0 0, L_0x55952690be30;  1 drivers
v0x5595268d0a00_0 .net "_003_", 0 0, L_0x55952690a9f0;  1 drivers
v0x5595268d1740_0 .net "_004_", 0 0, L_0x5595269092a0;  1 drivers
v0x5595268d17e0_0 .net "_005_", 0 0, L_0x55952690c700;  1 drivers
v0x5595268f83d0_0 .net "_006_", 0 0, L_0x55952690b4d0;  1 drivers
v0x5595268f8490_0 .net "_007_", 0 0, L_0x559526919040;  1 drivers
v0x5595268f8550_0 .net "_008_", 0 0, L_0x559526919620;  1 drivers
v0x5595268f8610_0 .net "_009_", 0 0, L_0x55952691a160;  1 drivers
v0x5595268f86d0_0 .net "_010_", 0 0, L_0x55952691a220;  1 drivers
v0x5595268f8790_0 .net "_011_", 0 0, L_0x55952691ac80;  1 drivers
v0x5595268f8850_0 .net "_012_", 0 0, L_0x55952691a330;  1 drivers
v0x5595268f8910_0 .net "_013_", 0 0, L_0x55952691a3f0;  1 drivers
v0x5595268f89d0_0 .net "_014_", 0 0, L_0x55952691b140;  1 drivers
v0x5595268f8a90_0 .net "_015_", 0 0, L_0x55952691acf0;  1 drivers
v0x5595268f8b50_0 .net "_016_", 0 0, L_0x55952691adf0;  1 drivers
v0x5595268f8c10_0 .net "_017_", 0 0, L_0x55952691b680;  1 drivers
v0x5595268f8cd0_0 .net "_018_", 0 0, L_0x55952691b200;  1 drivers
v0x5595268f8d90_0 .net "_019_", 0 0, L_0x55952691b6f0;  1 drivers
v0x5595268f8e50_0 .net "_020_", 0 0, L_0x55952691ba80;  1 drivers
v0x5595268f8f10_0 .net "_021_", 0 0, L_0x55952691c090;  1 drivers
v0x5595268f8fd0_0 .net "_022_", 0 0, L_0x55952691c150;  1 drivers
v0x5595268f9090_0 .net "_023_", 0 0, L_0x55952691c450;  1 drivers
v0x5595268f9150_0 .net "_024_", 0 0, L_0x55952691ca60;  1 drivers
v0x5595268f9210_0 .net "_025_", 0 0, L_0x55952691cad0;  1 drivers
v0x5595268f92d0_0 .net "_026_", 0 0, L_0x55952691c7f0;  1 drivers
v0x5595268f9390_0 .net "_027_", 0 0, L_0x55952691c8b0;  1 drivers
v0x5595268f9450_0 .net "_028_", 0 0, L_0x55952691cb40;  1 drivers
v0x5595268f9510_0 .net "_029_", 0 0, L_0x55952691cef0;  1 drivers
v0x5595268f95d0_0 .net "_030_", 0 0, L_0x55952691dae0;  1 drivers
v0x5595268f9690_0 .net "_031_", 0 0, L_0x55952691db50;  1 drivers
v0x5595268f9750_0 .net "_032_", 0 0, L_0x55952691d840;  1 drivers
v0x5595268f9a20_0 .net "_033_", 0 0, L_0x55952691d900;  1 drivers
v0x5595268f9ae0_0 .net "_034_", 0 0, L_0x55952691da00;  1 drivers
v0x5595268f9ba0_0 .net "_035_", 0 0, L_0x55952691dcd0;  1 drivers
v0x5595268f9c60_0 .net "_036_", 0 0, L_0x55952691dd90;  1 drivers
v0x5595268f9d20_0 .net "_037_", 0 0, L_0x5595269069b0;  1 drivers
v0x5595268f9de0_0 .net "_038_", 0 0, L_0x559526906b40;  1 drivers
v0x5595268f9ea0_0 .net "_039_", 0 0, L_0x559526906cd0;  1 drivers
v0x5595268f9f60_0 .net "_040_", 0 0, L_0x5595269070f0;  1 drivers
v0x5595268fa020_0 .net "_041_", 0 0, L_0x5595269073e0;  1 drivers
v0x5595268fa0e0_0 .net "_042_", 0 0, L_0x559526907760;  1 drivers
v0x5595268fa1a0_0 .net "_043_", 0 0, L_0x559526907a10;  1 drivers
v0x5595268fa260_0 .net "_044_", 0 0, L_0x559526907c00;  1 drivers
v0x5595268fa320_0 .net "_045_", 0 0, L_0x559526907cc0;  1 drivers
v0x5595268fa3e0_0 .net "_046_", 0 0, L_0x559526907b90;  1 drivers
v0x5595268fa4a0_0 .net "_047_", 0 0, L_0x5595269080e0;  1 drivers
v0x5595268fa560_0 .net "_048_", 0 0, L_0x5595269083a0;  1 drivers
v0x5595268fa620_0 .net "_049_", 0 0, L_0x559526908550;  1 drivers
v0x5595268fa6e0_0 .net "_050_", 0 0, L_0x559526908c00;  1 drivers
v0x5595268fa7a0_0 .net "_051_", 0 0, L_0x559526908f30;  1 drivers
v0x5595268fa860_0 .net "_052_", 0 0, L_0x5595269094f0;  1 drivers
v0x5595268fa920_0 .net "_053_", 0 0, L_0x559526909c00;  1 drivers
v0x5595268fa9e0_0 .net "_054_", 0 0, L_0x559526909ff0;  1 drivers
v0x5595268faaa0_0 .net "_055_", 0 0, L_0x55952690a100;  1 drivers
v0x5595268fab60_0 .net "_056_", 0 0, L_0x55952690ab50;  1 drivers
v0x5595268fac20_0 .net "_057_", 0 0, L_0x55952690afa0;  1 drivers
v0x5595268face0_0 .net "_058_", 0 0, L_0x55952690b630;  1 drivers
v0x5595268fada0_0 .net "_059_", 0 0, L_0x55952690b880;  1 drivers
v0x5595268fae60_0 .net "_060_", 0 0, L_0x55952690c2f0;  1 drivers
v0x5595268faf20_0 .net "_061_", 0 0, L_0x55952690cd10;  1 drivers
v0x5595268fafe0_0 .net "_062_", 0 0, L_0x55952690d340;  1 drivers
v0x5595268fb0a0_0 .net "_063_", 0 0, L_0x55952690d990;  1 drivers
v0x5595268fb160_0 .net "_064_", 0 0, L_0x55952690dd70;  1 drivers
v0x5595268fb630_0 .net "_065_", 0 0, L_0x55952690e110;  1 drivers
v0x5595268fb6f0_0 .net "_066_", 0 0, L_0x55952690ea40;  1 drivers
v0x5595268fb7b0_0 .net "_067_", 0 0, L_0x55952690fbc0;  1 drivers
v0x5595268fb870_0 .net "_068_", 0 0, L_0x559526910120;  1 drivers
v0x5595268fb930_0 .net "_069_", 0 0, L_0x559526910470;  1 drivers
v0x5595268fb9f0_0 .net "_070_", 0 0, L_0x559526911480;  1 drivers
v0x5595268fbab0_0 .net "_071_", 0 0, L_0x559526911b00;  1 drivers
v0x5595268fbb70_0 .net "_072_", 0 0, L_0x559526911c10;  1 drivers
v0x5595268fbc30_0 .net "_073_", 0 0, L_0x5595269120b0;  1 drivers
v0x5595268fbcf0_0 .net "_074_", 0 0, L_0x559526912770;  1 drivers
v0x5595268fbdb0_0 .net "_075_", 0 0, L_0x5595269140f0;  1 drivers
v0x5595268fbe70_0 .net "_076_", 0 0, L_0x5595269144f0;  1 drivers
v0x5595268fbf30_0 .net "_077_", 0 0, L_0x559526914930;  1 drivers
v0x5595268fbff0_0 .net "_078_", 0 0, L_0x559526914e40;  1 drivers
v0x5595268fc0b0_0 .net "_079_", 0 0, L_0x5595269155b0;  1 drivers
v0x5595268fc170_0 .net "_080_", 0 0, L_0x559526916ec0;  1 drivers
v0x5595268fc230_0 .net "_081_", 0 0, L_0x5595269173e0;  1 drivers
v0x5595268fc2f0_0 .net "_082_", 0 0, L_0x559526917910;  1 drivers
v0x5595268fc3b0_0 .net "_083_", 0 0, L_0x559526917c50;  1 drivers
v0x5595268fc470_0 .net "_084_", 0 0, L_0x559526918170;  1 drivers
v0x5595268fc530_0 .net "_085_", 0 0, L_0x559526918cf0;  1 drivers
v0x5595268fc5f0_0 .net *"_s1", 0 0, L_0x5595269068b0;  1 drivers
v0x5595268fc6d0_0 .net *"_s100", 0 0, L_0x559526909af0;  1 drivers
v0x5595268fc7b0_0 .net *"_s105", 0 0, L_0x559526909650;  1 drivers
v0x5595268fc890_0 .net *"_s107", 0 0, L_0x559526909dd0;  1 drivers
v0x5595268fc970_0 .net *"_s108", 0 0, L_0x559526909f30;  1 drivers
v0x5595268fca50_0 .net *"_s112", 0 0, L_0x55952690a220;  1 drivers
v0x5595268fcb30_0 .net *"_s114", 0 0, L_0x55952690a2e0;  1 drivers
v0x5595268fcc10_0 .net *"_s118", 0 0, L_0x55952690a520;  1 drivers
v0x5595268fccf0_0 .net *"_s120", 0 0, L_0x55952690a720;  1 drivers
v0x5595268fcdd0_0 .net *"_s122", 0 0, L_0x55952690a790;  1 drivers
v0x5595268fceb0_0 .net *"_s127", 0 0, L_0x55952690aab0;  1 drivers
v0x5595268fcf90_0 .net *"_s13", 0 0, L_0x559526906dc0;  1 drivers
v0x5595268fd070_0 .net *"_s131", 0 0, L_0x55952690ad70;  1 drivers
v0x5595268fd150_0 .net *"_s132", 0 0, L_0x55952690aee0;  1 drivers
v0x5595268fd230_0 .net *"_s136", 0 0, L_0x55952690b1d0;  1 drivers
v0x5595268fd310_0 .net *"_s138", 0 0, L_0x55952690b240;  1 drivers
v0x5595268fd3f0_0 .net *"_s143", 0 0, L_0x55952690b590;  1 drivers
v0x5595268fd4d0_0 .net *"_s148", 0 0, L_0x55952690b8f0;  1 drivers
v0x5595268fd5b0_0 .net *"_s15", 0 0, L_0x559526906ee0;  1 drivers
v0x5595268fd690_0 .net *"_s150", 0 0, L_0x55952690bb50;  1 drivers
v0x5595268fd770_0 .net *"_s152", 0 0, L_0x55952690bbc0;  1 drivers
v0x5595268fd850_0 .net *"_s157", 0 0, L_0x55952690bef0;  1 drivers
v0x5595268fd930_0 .net *"_s158", 0 0, L_0x55952690c070;  1 drivers
v0x5595268fda10_0 .net *"_s16", 0 0, L_0x559526906f80;  1 drivers
v0x5595268fdaf0_0 .net *"_s162", 0 0, L_0x55952690c3b0;  1 drivers
v0x5595268fdbd0_0 .net *"_s164", 0 0, L_0x55952690c5f0;  1 drivers
v0x5595268fdcb0_0 .net *"_s169", 0 0, L_0x55952690c9a0;  1 drivers
v0x5595268fdd90_0 .net *"_s171", 0 0, L_0x55952690ca40;  1 drivers
v0x5595268fde70_0 .net *"_s172", 0 0, L_0x55952690cbd0;  1 drivers
v0x5595268fdf50_0 .net *"_s177", 0 0, L_0x55952690cfc0;  1 drivers
v0x5595268fe030_0 .net *"_s179", 0 0, L_0x55952690d060;  1 drivers
v0x5595268fe110_0 .net *"_s180", 0 0, L_0x55952690d200;  1 drivers
v0x5595268fe1f0_0 .net *"_s185", 0 0, L_0x55952690d600;  1 drivers
v0x5595268fe2d0_0 .net *"_s187", 0 0, L_0x55952690d6a0;  1 drivers
v0x5595268fe3b0_0 .net *"_s188", 0 0, L_0x55952690d850;  1 drivers
v0x5595268fe490_0 .net *"_s192", 0 0, L_0x55952690dc60;  1 drivers
v0x5595268fe570_0 .net *"_s196", 0 0, L_0x55952690e050;  1 drivers
v0x5595268fe650_0 .net *"_s203", 0 0, L_0x55952690e450;  1 drivers
v0x5595268fe730_0 .net *"_s204", 0 0, L_0x55952690e4f0;  1 drivers
v0x5595268fe810_0 .net *"_s206", 0 0, L_0x55952690e5b0;  1 drivers
v0x5595268fe8f0_0 .net *"_s21", 0 0, L_0x5595269071b0;  1 drivers
v0x5595268fe9d0_0 .net *"_s211", 0 0, L_0x55952690e900;  1 drivers
v0x5595268feab0_0 .net *"_s212", 0 0, L_0x55952690eac0;  1 drivers
v0x5595268ff3a0_0 .net *"_s214", 0 0, L_0x55952690eb30;  1 drivers
v0x5595268ff480_0 .net *"_s219", 0 0, L_0x55952690f020;  1 drivers
v0x5595268ff560_0 .net *"_s221", 0 0, L_0x55952690f120;  1 drivers
v0x5595268ff640_0 .net *"_s224", 0 0, L_0x55952690f440;  1 drivers
v0x5595268ff720_0 .net *"_s226", 0 0, L_0x55952690e9a0;  1 drivers
v0x5595268ff800_0 .net *"_s23", 0 0, L_0x559526907290;  1 drivers
v0x5595268ff8e0_0 .net *"_s230", 0 0, L_0x55952690f6b0;  1 drivers
v0x5595268ff9c0_0 .net *"_s231", 0 0, L_0x55952690f890;  1 drivers
v0x5595268ffaa0_0 .net *"_s238", 0 0, L_0x55952690fc80;  1 drivers
v0x5595268ffb80_0 .net *"_s239", 0 0, L_0x55952690fd20;  1 drivers
v0x5595268ffc60_0 .net *"_s24", 0 0, L_0x559526907330;  1 drivers
v0x5595268ffd40_0 .net *"_s241", 0 0, L_0x5595269100b0;  1 drivers
v0x5595268ffe20_0 .net *"_s250", 0 0, L_0x559526910580;  1 drivers
v0x5595268fff00_0 .net *"_s251", 0 0, L_0x559526910770;  1 drivers
v0x5595268fffe0_0 .net *"_s253", 0 0, L_0x559526910ad0;  1 drivers
v0x5595269000c0_0 .net *"_s258", 0 0, L_0x559526910d70;  1 drivers
v0x5595269001a0_0 .net *"_s260", 0 0, L_0x559526911120;  1 drivers
v0x559526900280_0 .net *"_s263", 0 0, L_0x5595269111e0;  1 drivers
v0x559526900360_0 .net *"_s265", 0 0, L_0x5595269113e0;  1 drivers
v0x559526900440_0 .net *"_s269", 0 0, L_0x559526911850;  1 drivers
v0x559526900520_0 .net *"_s271", 0 0, L_0x559526911a60;  1 drivers
v0x559526900600_0 .net *"_s276", 0 0, L_0x559526911ff0;  1 drivers
v0x5595269006e0_0 .net *"_s28", 0 0, L_0x5595269074f0;  1 drivers
v0x5595269007c0_0 .net *"_s281", 0 0, L_0x559526912490;  1 drivers
v0x5595269008a0_0 .net *"_s282", 0 0, L_0x5595269126b0;  1 drivers
v0x559526900980_0 .net *"_s289", 0 0, L_0x559526912b70;  1 drivers
v0x559526900a60_0 .net *"_s290", 0 0, L_0x559526912c10;  1 drivers
v0x559526900b40_0 .net *"_s292", 0 0, L_0x559526912cd0;  1 drivers
v0x559526900c20_0 .net *"_s297", 0 0, L_0x5595269130e0;  1 drivers
v0x559526900d00_0 .net *"_s298", 0 0, L_0x559526913310;  1 drivers
v0x559526900de0_0 .net *"_s30", 0 0, L_0x559526907650;  1 drivers
v0x559526900ec0_0 .net *"_s300", 0 0, L_0x559526913380;  1 drivers
v0x559526900fa0_0 .net *"_s305", 0 0, L_0x559526913930;  1 drivers
v0x559526901080_0 .net *"_s307", 0 0, L_0x559526913a30;  1 drivers
v0x559526901160_0 .net *"_s310", 0 0, L_0x559526913e10;  1 drivers
v0x559526901240_0 .net *"_s312", 0 0, L_0x559526914050;  1 drivers
v0x559526901320_0 .net *"_s316", 0 0, L_0x559526914200;  1 drivers
v0x559526901400_0 .net *"_s318", 0 0, L_0x559526914450;  1 drivers
v0x5595269014e0_0 .net *"_s323", 0 0, L_0x559526914a40;  1 drivers
v0x5595269015c0_0 .net *"_s328", 0 0, L_0x559526914f40;  1 drivers
v0x5595269016a0_0 .net *"_s329", 0 0, L_0x5595269151a0;  1 drivers
v0x559526901780_0 .net *"_s336", 0 0, L_0x5595269156c0;  1 drivers
v0x559526901860_0 .net *"_s337", 0 0, L_0x559526915760;  1 drivers
v0x559526901940_0 .net *"_s339", 0 0, L_0x559526915b80;  1 drivers
v0x559526901a20_0 .net *"_s344", 0 0, L_0x559526915c90;  1 drivers
v0x559526901b00_0 .net *"_s345", 0 0, L_0x559526915f00;  1 drivers
v0x559526901be0_0 .net *"_s347", 0 0, L_0x5595269162e0;  1 drivers
v0x559526901cc0_0 .net *"_s35", 0 0, L_0x559526907880;  1 drivers
v0x559526901da0_0 .net *"_s352", 0 0, L_0x559526916580;  1 drivers
v0x559526901e80_0 .net *"_s354", 0 0, L_0x559526916a00;  1 drivers
v0x559526901f60_0 .net *"_s356", 0 0, L_0x559526916ac0;  1 drivers
v0x559526902040_0 .net *"_s360", 0 0, L_0x559526916f80;  1 drivers
v0x559526902120_0 .net *"_s364", 0 0, L_0x5595269174a0;  1 drivers
v0x559526902200_0 .net *"_s369", 0 0, L_0x5595269179d0;  1 drivers
v0x5595269022e0_0 .net *"_s37", 0 0, L_0x559526907970;  1 drivers
v0x5595269023c0_0 .net *"_s373", 0 0, L_0x5595269180d0;  1 drivers
v0x5595269024a0_0 .net *"_s376", 0 0, L_0x559526918270;  1 drivers
v0x559526902580_0 .net *"_s378", 0 0, L_0x559526918790;  1 drivers
v0x559526902660_0 .net *"_s380", 0 0, L_0x559526918800;  1 drivers
v0x559526902740_0 .net *"_s385", 0 0, L_0x559526918db0;  1 drivers
v0x559526902820_0 .net *"_s389", 0 0, L_0x559526919580;  1 drivers
v0x559526902900_0 .net *"_s392", 0 0, L_0x559526919720;  1 drivers
v0x5595269029e0_0 .net *"_s394", 0 0, L_0x559526919c70;  1 drivers
v0x559526902ac0_0 .net *"_s396", 0 0, L_0x559526919ce0;  1 drivers
v0x559526902ba0_0 .net *"_s40", 0 0, L_0x559526907ad0;  1 drivers
v0x559526902c80_0 .net *"_s405", 0 0, L_0x55952691a750;  1 drivers
v0x559526902d60_0 .net *"_s406", 0 0, L_0x55952691a9f0;  1 drivers
v0x559526902e40_0 .net *"_s408", 0 0, L_0x55952691ab80;  1 drivers
v0x559526902f20_0 .net *"_s416", 0 0, L_0x55952691a460;  1 drivers
v0x559526903000_0 .net *"_s418", 0 0, L_0x55952691a520;  1 drivers
v0x5595269030e0_0 .net *"_s420", 0 0, L_0x55952691a670;  1 drivers
v0x5595269031c0_0 .net *"_s428", 0 0, L_0x55952691ae60;  1 drivers
v0x5595269032a0_0 .net *"_s430", 0 0, L_0x55952691aed0;  1 drivers
v0x559526903380_0 .net *"_s432", 0 0, L_0x55952691b020;  1 drivers
v0x559526903460_0 .net *"_s441", 0 0, L_0x55952691b310;  1 drivers
v0x559526903540_0 .net *"_s442", 0 0, L_0x55952691b5c0;  1 drivers
v0x559526903620_0 .net *"_s445", 0 0, L_0x55952691bc20;  1 drivers
v0x559526903700_0 .net *"_s447", 0 0, L_0x55952691bee0;  1 drivers
v0x5595269037e0_0 .net *"_s448", 0 0, L_0x55952691bf80;  1 drivers
v0x5595269038c0_0 .net *"_s453", 0 0, L_0x55952691b7b0;  1 drivers
v0x5595269039a0_0 .net *"_s460", 0 0, L_0x55952691c1c0;  1 drivers
v0x559526903a80_0 .net *"_s462", 0 0, L_0x55952691c280;  1 drivers
v0x559526903b60_0 .net *"_s464", 0 0, L_0x55952691c340;  1 drivers
v0x559526903c40_0 .net *"_s472", 0 0, L_0x55952691c580;  1 drivers
v0x559526903d20_0 .net *"_s474", 0 0, L_0x55952691c620;  1 drivers
v0x559526903e00_0 .net *"_s476", 0 0, L_0x55952691c6e0;  1 drivers
v0x559526903ee0_0 .net *"_s485", 0 0, L_0x55952691c9c0;  1 drivers
v0x559526903fc0_0 .net *"_s486", 0 0, L_0x55952691d050;  1 drivers
v0x5595269040a0_0 .net *"_s489", 0 0, L_0x55952691d410;  1 drivers
v0x559526904180_0 .net *"_s49", 0 0, L_0x559526907ea0;  1 drivers
v0x559526904260_0 .net *"_s490", 0 0, L_0x55952691d4b0;  1 drivers
v0x559526904340_0 .net *"_s495", 0 0, L_0x55952691cc00;  1 drivers
v0x559526904420_0 .net *"_s5", 0 0, L_0x559526906a50;  1 drivers
v0x559526904500_0 .net *"_s502", 0 0, L_0x55952691d5b0;  1 drivers
v0x5595269045e0_0 .net *"_s504", 0 0, L_0x55952691d670;  1 drivers
v0x5595269046c0_0 .net *"_s506", 0 0, L_0x55952691d730;  1 drivers
v0x5595269047a0_0 .net *"_s51", 0 0, L_0x559526907f40;  1 drivers
v0x559526904880_0 .net *"_s514", 0 0, L_0x55952691da70;  1 drivers
v0x559526904960_0 .net *"_s516", 0 0, L_0x55952691e130;  1 drivers
v0x559526904a40_0 .net *"_s518", 0 0, L_0x55952691dbc0;  1 drivers
v0x559526904b20_0 .net *"_s52", 0 0, L_0x559526907fe0;  1 drivers
v0x559526904c00_0 .net *"_s528", 0 0, L_0x55952691e030;  1 drivers
v0x559526904ce0_0 .net *"_s529", 0 0, L_0x55952691e9e0;  1 drivers
v0x559526904dc0_0 .net *"_s57", 0 0, L_0x5595269081f0;  1 drivers
v0x559526904ea0_0 .net *"_s59", 0 0, L_0x559526908300;  1 drivers
v0x559526904f80_0 .net *"_s64", 0 0, L_0x559526908290;  1 drivers
v0x559526905060_0 .net *"_s66", 0 0, L_0x5595269087b0;  1 drivers
v0x559526905140_0 .net *"_s68", 0 0, L_0x559526908970;  1 drivers
v0x559526905220_0 .net *"_s73", 0 0, L_0x5595269084b0;  1 drivers
v0x559526905300_0 .net *"_s77", 0 0, L_0x559526908cc0;  1 drivers
v0x5595269053e0_0 .net *"_s78", 0 0, L_0x559526908df0;  1 drivers
v0x5595269054c0_0 .net *"_s82", 0 0, L_0x559526908ff0;  1 drivers
v0x5595269055a0_0 .net *"_s84", 0 0, L_0x559526909190;  1 drivers
v0x559526905680_0 .net *"_s89", 0 0, L_0x559526909450;  1 drivers
v0x559526905760_0 .net *"_s9", 0 0, L_0x559526906c00;  1 drivers
v0x559526905840_0 .net *"_s93", 0 0, L_0x5595269095b0;  1 drivers
v0x559526905920_0 .net *"_s95", 0 0, L_0x5595269096f0;  1 drivers
v0x559526905a00_0 .net *"_s96", 0 0, L_0x559526909790;  1 drivers
v0x559526905ae0_0 .net *"_s99", 0 0, L_0x5595269099a0;  1 drivers
v0x559526905bc0_0 .net "clk", 0 0, v0x5595269064a0_0;  1 drivers
v0x559526905cf0_0 .var "count", 3 0;
v0x559526905dd0_0 .net "light_M1", 2 0, L_0x559526910be0;  alias, 1 drivers
v0x559526905ed0_0 .net "light_M2", 2 0, L_0x5595269137a0;  alias, 1 drivers
v0x559526905fd0_0 .net "light_MT", 2 0, L_0x5595269163f0;  alias, 1 drivers
v0x5595269060d0_0 .net "light_S", 2 0, L_0x55952690ee90;  alias, 1 drivers
v0x559526906220_0 .var "ps", 5 0;
v0x559526906300_0 .net "rst", 0 0, v0x5595269067e0_0;  1 drivers
E_0x55952686c910 .event posedge, v0x559526906300_0, v0x559526905bc0_0;
L_0x5595269068b0 .part v0x559526906220_0, 0, 1;
L_0x559526906a50 .part v0x559526906220_0, 4, 1;
L_0x559526906c00 .part v0x559526905cf0_0, 1, 1;
L_0x559526906dc0 .part v0x559526905cf0_0, 3, 1;
L_0x559526906ee0 .part v0x559526905cf0_0, 2, 1;
L_0x5595269071b0 .part v0x559526905cf0_0, 1, 1;
L_0x559526907290 .part v0x559526905cf0_0, 0, 1;
L_0x559526907880 .part v0x559526905cf0_0, 3, 1;
L_0x559526907970 .part v0x559526905cf0_0, 2, 1;
L_0x559526907ea0 .part v0x559526905cf0_0, 3, 1;
L_0x559526907f40 .part v0x559526905cf0_0, 2, 1;
L_0x5595269081f0 .part v0x559526905cf0_0, 1, 1;
L_0x559526908300 .part v0x559526905cf0_0, 0, 1;
L_0x559526908550 .functor MUXZ 1, L_0x5595269083a0, L_0x559526907a10, L_0x5595269080e0, C4<>;
L_0x5595269084b0 .part v0x559526906220_0, 3, 1;
L_0x559526908cc0 .part v0x559526906220_0, 0, 1;
L_0x559526909450 .part v0x559526906220_0, 2, 1;
L_0x5595269095b0 .part v0x559526905cf0_0, 2, 1;
L_0x5595269096f0 .part v0x559526905cf0_0, 1, 1;
L_0x5595269099a0 .part v0x559526905cf0_0, 3, 1;
L_0x559526909650 .part v0x559526905cf0_0, 1, 1;
L_0x559526909dd0 .part v0x559526905cf0_0, 0, 1;
L_0x55952690aab0 .part v0x559526906220_0, 5, 1;
L_0x55952690ad70 .part v0x559526906220_0, 2, 1;
L_0x55952690b590 .part v0x559526906220_0, 1, 1;
L_0x55952690bef0 .part v0x559526906220_0, 1, 1;
L_0x55952690c9a0 .part v0x559526906220_0, 1, 1;
L_0x55952690ca40 .part v0x559526906220_0, 4, 1;
L_0x55952690cfc0 .part v0x559526906220_0, 5, 1;
L_0x55952690d060 .part v0x559526906220_0, 3, 1;
L_0x55952690d600 .part v0x559526906220_0, 0, 1;
L_0x55952690d6a0 .part v0x559526906220_0, 2, 1;
L_0x55952690e450 .part v0x559526906220_0, 1, 1;
L_0x55952690e900 .part v0x559526906220_0, 4, 1;
L_0x55952690ee90 .concat8 [ 1 1 1 0], L_0x55952690e5b0, L_0x55952690eb30, L_0x55952690f120;
L_0x55952690f440 .part v0x559526906220_0, 2, 1;
L_0x55952690e9a0 .part v0x559526906220_0, 3, 1;
L_0x55952690f6b0 .part v0x559526906220_0, 5, 1;
L_0x55952690fc80 .part v0x559526906220_0, 0, 1;
L_0x559526910580 .part v0x559526906220_0, 5, 1;
L_0x559526910be0 .concat8 [ 1 1 1 0], L_0x55952690fd20, L_0x559526910ad0, L_0x559526911120;
L_0x5595269111e0 .part v0x559526906220_0, 4, 1;
L_0x5595269113e0 .part v0x559526906220_0, 5, 1;
L_0x559526911850 .part v0x559526906220_0, 1, 1;
L_0x559526911a60 .part v0x559526906220_0, 2, 1;
L_0x559526912490 .part v0x559526906220_0, 0, 1;
L_0x559526912b70 .part v0x559526906220_0, 0, 1;
L_0x5595269130e0 .part v0x559526906220_0, 3, 1;
L_0x5595269137a0 .concat8 [ 1 1 1 0], L_0x559526912cd0, L_0x559526913380, L_0x559526913a30;
L_0x559526913e10 .part v0x559526906220_0, 4, 1;
L_0x559526914050 .part v0x559526906220_0, 3, 1;
L_0x559526914200 .part v0x559526906220_0, 1, 1;
L_0x559526914450 .part v0x559526906220_0, 0, 1;
L_0x559526914f40 .part v0x559526906220_0, 2, 1;
L_0x5595269156c0 .part v0x559526906220_0, 2, 1;
L_0x559526915c90 .part v0x559526906220_0, 5, 1;
L_0x5595269163f0 .concat8 [ 1 1 1 0], L_0x559526915b80, L_0x5595269162e0, L_0x559526916a00;
L_0x5595269179d0 .part v0x559526905cf0_0, 0, 1;
L_0x5595269180d0 .part v0x559526905cf0_0, 0, 1;
L_0x559526918db0 .part v0x559526905cf0_0, 0, 1;
L_0x559526919580 .part v0x559526905cf0_0, 0, 1;
L_0x55952691a750 .part v0x559526905cf0_0, 0, 1;
L_0x55952691a9f0 .functor MUXZ 1, L_0x55952691a220, L_0x55952691a750, L_0x559526917910, C4<>;
L_0x55952691b310 .part v0x559526905cf0_0, 1, 1;
L_0x55952691b5c0 .functor MUXZ 1, L_0x55952691b200, L_0x55952691b310, L_0x559526917910, C4<>;
L_0x55952691bc20 .part v0x559526905cf0_0, 1, 1;
L_0x55952691bee0 .part v0x559526905cf0_0, 0, 1;
L_0x55952691b7b0 .part v0x559526905cf0_0, 2, 1;
L_0x55952691c9c0 .part v0x559526905cf0_0, 2, 1;
L_0x55952691d050 .functor MUXZ 1, L_0x55952691c8b0, L_0x55952691c9c0, L_0x559526917910, C4<>;
L_0x55952691d410 .part v0x559526905cf0_0, 2, 1;
L_0x55952691cc00 .part v0x559526905cf0_0, 3, 1;
L_0x55952691dea0 .concat8 [ 1 1 1 1], L_0x55952691a9f0, L_0x55952691b5c0, L_0x55952691d050, L_0x55952691e9e0;
L_0x55952691e030 .part v0x559526905cf0_0, 3, 1;
L_0x55952691e9e0 .functor MUXZ 1, L_0x55952691dd90, L_0x55952691e030, L_0x559526917910, C4<>;
    .scope S_0x559526892e30;
T_0 ;
    %wait E_0x55952686c910;
    %load/vec4 v0x559526906300_0;
    %flag_set/vec4 8;
    %jmp/0xz  T_0.0, 8;
    %pushi/vec4 1, 0, 1;
    %ix/load 4, 0, 0;
    %ix/load 5, 0, 0;
    %flag_set/imm 4, 0;
    %assign/vec4/off/d v0x559526906220_0, 4, 5;
    %jmp T_0.1;
T_0.0 ;
    %load/vec4 v0x5595268cfc20_0;
    %ix/load 4, 0, 0;
    %ix/load 5, 0, 0;
    %flag_set/imm 4, 0;
    %assign/vec4/off/d v0x559526906220_0, 4, 5;
T_0.1 ;
    %jmp T_0;
    .thread T_0;
    .scope S_0x559526892e30;
T_1 ;
    %wait E_0x55952686c910;
    %load/vec4 v0x559526906300_0;
    %flag_set/vec4 8;
    %jmp/0xz  T_1.0, 8;
    %pushi/vec4 0, 0, 1;
    %ix/load 4, 1, 0;
    %ix/load 5, 0, 0;
    %flag_set/imm 4, 0;
    %assign/vec4/off/d v0x559526906220_0, 4, 5;
    %jmp T_1.1;
T_1.0 ;
    %load/vec4 v0x5595268d0960_0;
    %ix/load 4, 1, 0;
    %ix/load 5, 0, 0;
    %flag_set/imm 4, 0;
    %assign/vec4/off/d v0x559526906220_0, 4, 5;
T_1.1 ;
    %jmp T_1;
    .thread T_1;
    .scope S_0x559526892e30;
T_2 ;
    %wait E_0x55952686c910;
    %load/vec4 v0x559526906300_0;
    %flag_set/vec4 8;
    %jmp/0xz  T_2.0, 8;
    %pushi/vec4 0, 0, 1;
    %ix/load 4, 2, 0;
    %ix/load 5, 0, 0;
    %flag_set/imm 4, 0;
    %assign/vec4/off/d v0x559526906220_0, 4, 5;
    %jmp T_2.1;
T_2.0 ;
    %load/vec4 v0x5595268d0a00_0;
    %ix/load 4, 2, 0;
    %ix/load 5, 0, 0;
    %flag_set/imm 4, 0;
    %assign/vec4/off/d v0x559526906220_0, 4, 5;
T_2.1 ;
    %jmp T_2;
    .thread T_2;
    .scope S_0x559526892e30;
T_3 ;
    %wait E_0x55952686c910;
    %load/vec4 v0x559526906300_0;
    %flag_set/vec4 8;
    %jmp/0xz  T_3.0, 8;
    %pushi/vec4 0, 0, 1;
    %ix/load 4, 3, 0;
    %ix/load 5, 0, 0;
    %flag_set/imm 4, 0;
    %assign/vec4/off/d v0x559526906220_0, 4, 5;
    %jmp T_3.1;
T_3.0 ;
    %load/vec4 v0x5595268d1740_0;
    %ix/load 4, 3, 0;
    %ix/load 5, 0, 0;
    %flag_set/imm 4, 0;
    %assign/vec4/off/d v0x559526906220_0, 4, 5;
T_3.1 ;
    %jmp T_3;
    .thread T_3;
    .scope S_0x559526892e30;
T_4 ;
    %wait E_0x55952686c910;
    %load/vec4 v0x559526906300_0;
    %flag_set/vec4 8;
    %jmp/0xz  T_4.0, 8;
    %pushi/vec4 0, 0, 1;
    %ix/load 4, 4, 0;
    %ix/load 5, 0, 0;
    %flag_set/imm 4, 0;
    %assign/vec4/off/d v0x559526906220_0, 4, 5;
    %jmp T_4.1;
T_4.0 ;
    %load/vec4 v0x5595268d17e0_0;
    %ix/load 4, 4, 0;
    %ix/load 5, 0, 0;
    %flag_set/imm 4, 0;
    %assign/vec4/off/d v0x559526906220_0, 4, 5;
T_4.1 ;
    %jmp T_4;
    .thread T_4;
    .scope S_0x559526892e30;
T_5 ;
    %wait E_0x55952686c910;
    %load/vec4 v0x559526906300_0;
    %flag_set/vec4 8;
    %jmp/0xz  T_5.0, 8;
    %pushi/vec4 0, 0, 1;
    %ix/load 4, 5, 0;
    %ix/load 5, 0, 0;
    %flag_set/imm 4, 0;
    %assign/vec4/off/d v0x559526906220_0, 4, 5;
    %jmp T_5.1;
T_5.0 ;
    %load/vec4 v0x5595268f83d0_0;
    %ix/load 4, 5, 0;
    %ix/load 5, 0, 0;
    %flag_set/imm 4, 0;
    %assign/vec4/off/d v0x559526906220_0, 4, 5;
T_5.1 ;
    %jmp T_5;
    .thread T_5;
    .scope S_0x559526892e30;
T_6 ;
    %wait E_0x55952686c910;
    %load/vec4 v0x559526906300_0;
    %flag_set/vec4 8;
    %jmp/0xz  T_6.0, 8;
    %pushi/vec4 0, 0, 1;
    %ix/load 4, 0, 0;
    %ix/load 5, 0, 0;
    %flag_set/imm 4, 0;
    %assign/vec4/off/d v0x559526905cf0_0, 4, 5;
    %jmp T_6.1;
T_6.0 ;
    %load/vec4 v0x5595268cfb80_0;
    %parti/s 1, 0, 2;
    %ix/load 4, 0, 0;
    %ix/load 5, 0, 0;
    %flag_set/imm 4, 0;
    %assign/vec4/off/d v0x559526905cf0_0, 4, 5;
T_6.1 ;
    %jmp T_6;
    .thread T_6;
    .scope S_0x559526892e30;
T_7 ;
    %wait E_0x55952686c910;
    %load/vec4 v0x559526906300_0;
    %flag_set/vec4 8;
    %jmp/0xz  T_7.0, 8;
    %pushi/vec4 0, 0, 1;
    %ix/load 4, 1, 0;
    %ix/load 5, 0, 0;
    %flag_set/imm 4, 0;
    %assign/vec4/off/d v0x559526905cf0_0, 4, 5;
    %jmp T_7.1;
T_7.0 ;
    %load/vec4 v0x5595268cfb80_0;
    %parti/s 1, 1, 2;
    %ix/load 4, 1, 0;
    %ix/load 5, 0, 0;
    %flag_set/imm 4, 0;
    %assign/vec4/off/d v0x559526905cf0_0, 4, 5;
T_7.1 ;
    %jmp T_7;
    .thread T_7;
    .scope S_0x559526892e30;
T_8 ;
    %wait E_0x55952686c910;
    %load/vec4 v0x559526906300_0;
    %flag_set/vec4 8;
    %jmp/0xz  T_8.0, 8;
    %pushi/vec4 0, 0, 1;
    %ix/load 4, 2, 0;
    %ix/load 5, 0, 0;
    %flag_set/imm 4, 0;
    %assign/vec4/off/d v0x559526905cf0_0, 4, 5;
    %jmp T_8.1;
T_8.0 ;
    %load/vec4 v0x5595268cfb80_0;
    %parti/s 1, 2, 3;
    %ix/load 4, 2, 0;
    %ix/load 5, 0, 0;
    %flag_set/imm 4, 0;
    %assign/vec4/off/d v0x559526905cf0_0, 4, 5;
T_8.1 ;
    %jmp T_8;
    .thread T_8;
    .scope S_0x559526892e30;
T_9 ;
    %wait E_0x55952686c910;
    %load/vec4 v0x559526906300_0;
    %flag_set/vec4 8;
    %jmp/0xz  T_9.0, 8;
    %pushi/vec4 0, 0, 1;
    %ix/load 4, 3, 0;
    %ix/load 5, 0, 0;
    %flag_set/imm 4, 0;
    %assign/vec4/off/d v0x559526905cf0_0, 4, 5;
    %jmp T_9.1;
T_9.0 ;
    %load/vec4 v0x5595268cfb80_0;
    %parti/s 1, 3, 3;
    %ix/load 4, 3, 0;
    %ix/load 5, 0, 0;
    %flag_set/imm 4, 0;
    %assign/vec4/off/d v0x559526905cf0_0, 4, 5;
T_9.1 ;
    %jmp T_9;
    .thread T_9;
    .scope S_0x559526894b40;
T_10 ;
    %pushi/vec4 0, 0, 1;
    %store/vec4 v0x5595269064a0_0, 0, 1;
T_10.0 ;
    %delay 10000, 0;
    %load/vec4 v0x5595269064a0_0;
    %inv;
    %store/vec4 v0x5595269064a0_0, 0, 1;
    %jmp T_10.0;
    %end;
    .thread T_10;
    .scope S_0x559526894b40;
T_11 ;
    %pushi/vec4 1, 0, 1;
    %store/vec4 v0x5595269067e0_0, 0, 1;
    %delay 2000, 0;
    %pushi/vec4 0, 0, 1;
    %store/vec4 v0x5595269067e0_0, 0, 1;
    %end;
    .thread T_11;
    .scope S_0x559526894b40;
T_12 ;
    %vpi_call 2 23 "$dumpfile", "sim_gl/traffic_gl_2.vcd" {0 0 0};
    %vpi_call 2 24 "$dumpvars", 32'sb00000000000000000000000000000000, S_0x559526894b40 {0 0 0};
    %end;
    .thread T_12;
# The file index is used to find the file name in the following table.
:file_names 4;
    "N/A";
    "<interactive>";
    "tb/traffic_tb2.v";
    "gl_netlist/traffic_gl.v";
