#! /usr/bin/vvp
:ivl_version "10.3 (stable)";
:ivl_delay_selection "TYPICAL";
:vpi_time_precision - 12;
:vpi_module "system";
:vpi_module "vhdl_sys";
:vpi_module "v2005_math";
:vpi_module "va_math";
S_0x5576d93e9b40 .scope module, "traffic_light_controller_tb" "traffic_light_controller_tb" 2 3;
 .timescale -9 -12;
v0x5576d945b4a0_0 .var "clk", 0 0;
v0x5576d945b560_0 .net "light_M1", 2 0, L_0x5576d9465be0;  1 drivers
v0x5576d945b600_0 .net "light_M2", 2 0, L_0x5576d94687a0;  1 drivers
v0x5576d945b6a0_0 .net "light_MT", 2 0, L_0x5576d946b3f0;  1 drivers
v0x5576d945b740_0 .net "light_S", 2 0, L_0x5576d9463e90;  1 drivers
v0x5576d945b7e0_0 .var "rst", 0 0;
S_0x5576d93e7e30 .scope module, "dut" "traffic_light_controller" 2 9, 3 5 0, S_0x5576d93e9b40;
 .timescale 0 0;
    .port_info 0 /INPUT 1 "clk"
    .port_info 1 /INPUT 1 "rst"
    .port_info 2 /OUTPUT 3 "light_M1"
    .port_info 3 /OUTPUT 3 "light_S"
    .port_info 4 /OUTPUT 3 "light_MT"
    .port_info 5 /OUTPUT 3 "light_M2"
L_0x5576d945b9b0 .functor NOT 1, L_0x5576d945b8b0, C4<0>, C4<0>, C4<0>;
L_0x5576d945bb40 .functor NOT 1, L_0x5576d945ba50, C4<0>, C4<0>, C4<0>;
L_0x5576d945bcd0 .functor NOT 1, L_0x5576d945bc00, C4<0>, C4<0>, C4<0>;
L_0x5576d945bf80 .functor OR 1, L_0x5576d945bdc0, L_0x5576d945bee0, C4<0>, C4<0>;
L_0x5576d945c0f0 .functor NOT 1, L_0x5576d945bf80, C4<0>, C4<0>, C4<0>;
L_0x5576d945c330 .functor NOT 1, L_0x5576d945c290, C4<0>, C4<0>, C4<0>;
L_0x5576d945c3e0 .functor AND 1, L_0x5576d945c1b0, L_0x5576d945c330, C4<1>, C4<1>;
L_0x5576d945c4f0 .functor OR 1, L_0x5576d945c3e0, L_0x5576d945bcd0, C4<0>, C4<0>;
L_0x5576d945c650 .functor AND 1, L_0x5576d945c4f0, L_0x5576d945c0f0, C4<1>, C4<1>;
L_0x5576d945c760 .functor NOT 1, L_0x5576d945c650, C4<0>, C4<0>, C4<0>;
L_0x5576d945ca10 .functor OR 1, L_0x5576d945c880, L_0x5576d945c970, C4<0>, C4<0>;
L_0x5576d945cad0 .functor NOT 1, L_0x5576d945ca10, C4<0>, C4<0>, C4<0>;
L_0x5576d945cc00 .functor AND 1, L_0x5576d945c3e0, L_0x5576d945cad0, C4<1>, C4<1>;
L_0x5576d945ccc0 .functor OR 1, L_0x5576d945cc00, L_0x5576d945c760, C4<0>, C4<0>;
L_0x5576d945cb90 .functor NOT 1, L_0x5576d945ccc0, C4<0>, C4<0>, C4<0>;
L_0x5576d945cfe0 .functor NOT 1, L_0x5576d945cf40, C4<0>, C4<0>, C4<0>;
L_0x5576d945d0e0 .functor OR 1, L_0x5576d945cea0, L_0x5576d945cfe0, C4<0>, C4<0>;
L_0x5576d945d3a0 .functor AND 1, L_0x5576d945d1f0, L_0x5576d945d300, C4<1>, C4<1>;
L_0x5576d945d290 .functor OR 1, L_0x5576d945d550, L_0x5576d945b9b0, C4<0>, C4<0>;
L_0x5576d945d7b0 .functor OR 1, L_0x5576d945cb90, L_0x5576d945bb40, C4<0>, C4<0>;
L_0x5576d945d970 .functor AND 1, L_0x5576d945d290, L_0x5576d945d7b0, C4<1>, C4<1>;
L_0x5576d945da80 .functor NOT 1, L_0x5576d945d970, C4<0>, C4<0>, C4<0>;
L_0x5576d945dc00 .functor NOT 1, L_0x5576d945d4b0, C4<0>, C4<0>, C4<0>;
L_0x5576d945ddf0 .functor AND 1, L_0x5576d945d550, L_0x5576d945dcc0, C4<1>, C4<1>;
L_0x5576d945df30 .functor NOT 1, L_0x5576d945ddf0, C4<0>, C4<0>, C4<0>;
L_0x5576d945dff0 .functor OR 1, L_0x5576d945ccc0, L_0x5576d945dc00, C4<0>, C4<0>;
L_0x5576d945e190 .functor AND 1, L_0x5576d945dff0, L_0x5576d945df30, C4<1>, C4<1>;
L_0x5576d945e2a0 .functor NOT 1, L_0x5576d945e190, C4<0>, C4<0>, C4<0>;
L_0x5576d945e4f0 .functor NOT 1, L_0x5576d945e450, C4<0>, C4<0>, C4<0>;
L_0x5576d945e790 .functor AND 1, L_0x5576d945e5b0, L_0x5576d945e6f0, C4<1>, C4<1>;
L_0x5576d945eaf0 .functor OR 1, L_0x5576d945e790, L_0x5576d945e9a0, C4<0>, C4<0>;
L_0x5576d945ec00 .functor NOT 1, L_0x5576d945eaf0, C4<0>, C4<0>, C4<0>;
L_0x5576d945ef30 .functor NOT 1, L_0x5576d945edd0, C4<0>, C4<0>, C4<0>;
L_0x5576d945eff0 .functor OR 1, L_0x5576d945e650, L_0x5576d945ef30, C4<0>, C4<0>;
L_0x5576d945f220 .functor OR 1, L_0x5576d945eff0, L_0x5576d945d0e0, C4<0>, C4<0>;
L_0x5576d945f2e0 .functor AND 1, L_0x5576d945f220, L_0x5576d945ec00, C4<1>, C4<1>;
L_0x5576d945f100 .functor NOT 1, L_0x5576d945f2e0, C4<0>, C4<0>, C4<0>;
L_0x5576d945f520 .functor OR 1, L_0x5576d945f100, L_0x5576d945e4f0, C4<0>, C4<0>;
L_0x5576d945f720 .functor OR 1, L_0x5576d945cb90, L_0x5576d945dc00, C4<0>, C4<0>;
L_0x5576d945f790 .functor AND 1, L_0x5576d945f520, L_0x5576d945f720, C4<1>, C4<1>;
L_0x5576d945f9f0 .functor NOT 1, L_0x5576d945f790, C4<0>, C4<0>, C4<0>;
L_0x5576d945fb50 .functor NOT 1, L_0x5576d945fab0, C4<0>, C4<0>, C4<0>;
L_0x5576d945fee0 .functor AND 1, L_0x5576d945f100, L_0x5576d945fd70, C4<1>, C4<1>;
L_0x5576d945ffa0 .functor NOT 1, L_0x5576d945fee0, C4<0>, C4<0>, C4<0>;
L_0x5576d94601d0 .functor OR 1, L_0x5576d945ccc0, L_0x5576d945fb50, C4<0>, C4<0>;
L_0x5576d9460240 .functor AND 1, L_0x5576d94601d0, L_0x5576d945ffa0, C4<1>, C4<1>;
L_0x5576d94604d0 .functor NOT 1, L_0x5576d9460240, C4<0>, C4<0>, C4<0>;
L_0x5576d9460630 .functor NOT 1, L_0x5576d9460590, C4<0>, C4<0>, C4<0>;
L_0x5576d9460880 .functor OR 1, L_0x5576d945d3a0, L_0x5576d945ca10, C4<0>, C4<0>;
L_0x5576d94608f0 .functor OR 1, L_0x5576d9460880, L_0x5576d9460630, C4<0>, C4<0>;
L_0x5576d9460b50 .functor OR 1, L_0x5576d945cb90, L_0x5576d945fb50, C4<0>, C4<0>;
L_0x5576d9460bc0 .functor AND 1, L_0x5576d94608f0, L_0x5576d9460b50, C4<1>, C4<1>;
L_0x5576d9460e30 .functor NOT 1, L_0x5576d9460bc0, C4<0>, C4<0>, C4<0>;
L_0x5576d9461070 .functor AND 1, L_0x5576d9460880, L_0x5576d9460ef0, C4<1>, C4<1>;
L_0x5576d94612f0 .functor NOT 1, L_0x5576d9461070, C4<0>, C4<0>, C4<0>;
L_0x5576d94613b0 .functor OR 1, L_0x5576d945ccc0, L_0x5576d945bb40, C4<0>, C4<0>;
L_0x5576d94615f0 .functor AND 1, L_0x5576d94613b0, L_0x5576d94612f0, C4<1>, C4<1>;
L_0x5576d9461700 .functor NOT 1, L_0x5576d94615f0, C4<0>, C4<0>, C4<0>;
L_0x5576d9461bd0 .functor OR 1, L_0x5576d94619a0, L_0x5576d9461a40, C4<0>, C4<0>;
L_0x5576d9461d10 .functor NOT 1, L_0x5576d9461bd0, C4<0>, C4<0>, C4<0>;
L_0x5576d9462200 .functor OR 1, L_0x5576d9461fc0, L_0x5576d9462060, C4<0>, C4<0>;
L_0x5576d9462340 .functor NOT 1, L_0x5576d9462200, C4<0>, C4<0>, C4<0>;
L_0x5576d9462850 .functor OR 1, L_0x5576d9462600, L_0x5576d94626a0, C4<0>, C4<0>;
L_0x5576d9462990 .functor NOT 1, L_0x5576d9462850, C4<0>, C4<0>, C4<0>;
L_0x5576d9462c60 .functor AND 1, L_0x5576d9462990, L_0x5576d9462340, C4<1>, C4<1>;
L_0x5576d9462d70 .functor NOT 1, L_0x5576d9462c60, C4<0>, C4<0>, C4<0>;
L_0x5576d9463050 .functor NOT 1, L_0x5576d9462d70, C4<0>, C4<0>, C4<0>;
L_0x5576d9463110 .functor AND 1, L_0x5576d9461d10, L_0x5576d9463050, C4<1>, C4<1>;
L_0x5576d94634f0 .functor NOT 1, L_0x5576d9463110, C4<0>, C4<0>, C4<0>;
L_0x5576d94635b0 .functor AND 1, L_0x5576d9463450, L_0x5576d94634f0, C4<1>, C4<1>;
L_0x5576d9463ac0 .functor NOT 1, L_0x5576d9463110, C4<0>, C4<0>, C4<0>;
L_0x5576d9463b30 .functor AND 1, L_0x5576d9463900, L_0x5576d9463ac0, C4<1>, C4<1>;
L_0x5576d9464020 .functor NOT 1, L_0x5576d9463110, C4<0>, C4<0>, C4<0>;
L_0x5576d9464120 .functor AND 1, L_0x5576d9462d70, L_0x5576d9464020, C4<1>, C4<1>;
L_0x5576d9463a40 .functor OR 1, L_0x5576d9464440, L_0x5576d94639a0, C4<0>, C4<0>;
L_0x5576d9464890 .functor NOT 1, L_0x5576d94646b0, C4<0>, C4<0>, C4<0>;
L_0x5576d9464bc0 .functor AND 1, L_0x5576d9461d10, L_0x5576d9464890, C4<1>, C4<1>;
L_0x5576d9464d20 .functor OR 1, L_0x5576d9463a40, L_0x5576d9464c80, C4<0>, C4<0>;
L_0x5576d94650b0 .functor NOT 1, L_0x5576d9463a40, C4<0>, C4<0>, C4<0>;
L_0x5576d9465120 .functor AND 1, L_0x5576d945b9b0, L_0x5576d94650b0, C4<1>, C4<1>;
L_0x5576d9465470 .functor AND 1, L_0x5576d9464bc0, L_0x5576d9465120, C4<1>, C4<1>;
L_0x5576d9465770 .functor NOT 1, L_0x5576d9465470, C4<0>, C4<0>, C4<0>;
L_0x5576d9465ad0 .functor AND 1, L_0x5576d9465580, L_0x5576d9465770, C4<1>, C4<1>;
L_0x5576d9465d70 .functor OR 1, L_0x5576d9465470, L_0x5576d9461d10, C4<0>, C4<0>;
L_0x5576d9466120 .functor NOT 1, L_0x5576d9465d70, C4<0>, C4<0>, C4<0>;
L_0x5576d9466480 .functor OR 1, L_0x5576d94661e0, L_0x5576d94663e0, C4<0>, C4<0>;
L_0x5576d9466b00 .functor OR 1, L_0x5576d9466850, L_0x5576d9466a60, C4<0>, C4<0>;
L_0x5576d9466c10 .functor OR 1, L_0x5576d9466b00, L_0x5576d9466480, C4<0>, C4<0>;
L_0x5576d9466ff0 .functor NOT 1, L_0x5576d9466c10, C4<0>, C4<0>, C4<0>;
L_0x5576d94670b0 .functor AND 1, L_0x5576d945dc00, L_0x5576d9466ff0, C4<1>, C4<1>;
L_0x5576d94676b0 .functor NOT 1, L_0x5576d9467490, C4<0>, C4<0>, C4<0>;
L_0x5576d9467770 .functor AND 1, L_0x5576d94670b0, L_0x5576d94676b0, C4<1>, C4<1>;
L_0x5576d9467c10 .functor NOT 1, L_0x5576d9467770, C4<0>, C4<0>, C4<0>;
L_0x5576d9467cd0 .functor AND 1, L_0x5576d9467b70, L_0x5576d9467c10, C4<1>, C4<1>;
L_0x5576d9468310 .functor NOT 1, L_0x5576d9467770, C4<0>, C4<0>, C4<0>;
L_0x5576d9468380 .functor AND 1, L_0x5576d94680e0, L_0x5576d9468310, C4<1>, C4<1>;
L_0x5576d9468930 .functor NOT 1, L_0x5576d9467770, C4<0>, C4<0>, C4<0>;
L_0x5576d9468a30 .functor AND 1, L_0x5576d9466c10, L_0x5576d9468930, C4<1>, C4<1>;
L_0x5576d94690f0 .functor OR 1, L_0x5576d9468e10, L_0x5576d9469050, C4<0>, C4<0>;
L_0x5576d94694f0 .functor OR 1, L_0x5576d9469200, L_0x5576d9469450, C4<0>, C4<0>;
L_0x5576d9469930 .functor OR 1, L_0x5576d94694f0, L_0x5576d94690f0, C4<0>, C4<0>;
L_0x5576d9469a40 .functor NOT 1, L_0x5576d9469930, C4<0>, C4<0>, C4<0>;
L_0x5576d9469e40 .functor AND 1, L_0x5576d945fb50, L_0x5576d9469a40, C4<1>, C4<1>;
L_0x5576d946a1a0 .functor NOT 1, L_0x5576d9469f40, C4<0>, C4<0>, C4<0>;
L_0x5576d946a5b0 .functor AND 1, L_0x5576d9469e40, L_0x5576d946a1a0, C4<1>, C4<1>;
L_0x5576d946a760 .functor NOT 1, L_0x5576d946a5b0, C4<0>, C4<0>, C4<0>;
L_0x5576d946ab80 .functor AND 1, L_0x5576d946a6c0, L_0x5576d946a760, C4<1>, C4<1>;
L_0x5576d946af00 .functor NOT 1, L_0x5576d946a5b0, C4<0>, C4<0>, C4<0>;
L_0x5576d946b2e0 .functor AND 1, L_0x5576d946ac90, L_0x5576d946af00, C4<1>, C4<1>;
L_0x5576d946b580 .functor NOT 1, L_0x5576d946a5b0, C4<0>, C4<0>, C4<0>;
L_0x5576d946ba00 .functor AND 1, L_0x5576d9469930, L_0x5576d946b580, C4<1>, C4<1>;
L_0x5576d946bac0 .functor NOT 1, L_0x5576d9466480, C4<0>, C4<0>, C4<0>;
L_0x5576d946bec0 .functor AND 1, L_0x5576d945dc00, L_0x5576d946bac0, C4<1>, C4<1>;
L_0x5576d946bf80 .functor AND 1, L_0x5576d946bec0, L_0x5576d9460630, C4<1>, C4<1>;
L_0x5576d946c3e0 .functor NOT 1, L_0x5576d946bf80, C4<0>, C4<0>, C4<0>;
L_0x5576d946c4a0 .functor NOT 1, L_0x5576d946c3e0, C4<0>, C4<0>, C4<0>;
L_0x5576d946c910 .functor AND 1, L_0x5576d9462990, L_0x5576d946c4a0, C4<1>, C4<1>;
L_0x5576d946cc50 .functor OR 1, L_0x5576d945ccc0, L_0x5576d946c9d0, C4<0>, C4<0>;
L_0x5576d946d170 .functor OR 1, L_0x5576d9460880, L_0x5576d946d0d0, C4<0>, C4<0>;
L_0x5576d946d270 .functor OR 1, L_0x5576d946d170, L_0x5576d9460630, C4<0>, C4<0>;
L_0x5576d946d790 .functor OR 1, L_0x5576d946cc50, L_0x5576d946bec0, C4<0>, C4<0>;
L_0x5576d946d800 .functor AND 1, L_0x5576d946d270, L_0x5576d946d790, C4<1>, C4<1>;
L_0x5576d946dcf0 .functor NOT 1, L_0x5576d946d800, C4<0>, C4<0>, C4<0>;
L_0x5576d946e040 .functor OR 1, L_0x5576d945f100, L_0x5576d946ddb0, C4<0>, C4<0>;
L_0x5576d946e620 .functor OR 1, L_0x5576d945d550, L_0x5576d946e580, C4<0>, C4<0>;
L_0x5576d946e720 .functor OR 1, L_0x5576d946e620, L_0x5576d945b9b0, C4<0>, C4<0>;
L_0x5576d946ec70 .functor OR 1, L_0x5576d946e040, L_0x5576d945e4f0, C4<0>, C4<0>;
L_0x5576d946ece0 .functor AND 1, L_0x5576d946e720, L_0x5576d946ec70, C4<1>, C4<1>;
L_0x5576d946f160 .functor NOT 1, L_0x5576d946ece0, C4<0>, C4<0>, C4<0>;
L_0x5576d946f220 .functor OR 1, L_0x5576d946f160, L_0x5576d946dcf0, C4<0>, C4<0>;
L_0x5576d946fb80 .functor NOT 1, L_0x5576d945c3e0, C4<0>, C4<0>, C4<0>;
L_0x5576d946fc80 .functor AND 1, L_0x5576d945eff0, L_0x5576d946fb80, C4<1>, C4<1>;
L_0x5576d946f330 .functor OR 1, L_0x5576d946fc80, L_0x5576d945ccc0, C4<0>, C4<0>;
L_0x5576d946f3f0 .functor OR 1, L_0x5576d946fc80, L_0x5576d9460880, C4<0>, C4<0>;
L_0x5576d946f460 .functor OR 1, L_0x5576d946f3f0, L_0x5576d9460630, C4<0>, C4<0>;
L_0x5576d946f520 .functor OR 1, L_0x5576d946f330, L_0x5576d946bec0, C4<0>, C4<0>;
L_0x5576d946f670 .functor AND 1, L_0x5576d946f460, L_0x5576d946f520, C4<1>, C4<1>;
L_0x5576d9470140 .functor NOT 1, L_0x5576d946f670, C4<0>, C4<0>, C4<0>;
L_0x5576d946fcf0 .functor OR 1, L_0x5576d946fc80, L_0x5576d945f100, C4<0>, C4<0>;
L_0x5576d946fdf0 .functor OR 1, L_0x5576d946fc80, L_0x5576d945d550, C4<0>, C4<0>;
L_0x5576d946fe60 .functor OR 1, L_0x5576d946fdf0, L_0x5576d945b9b0, C4<0>, C4<0>;
L_0x5576d946fed0 .functor OR 1, L_0x5576d946fcf0, L_0x5576d945e4f0, C4<0>, C4<0>;
L_0x5576d9470020 .functor AND 1, L_0x5576d946fe60, L_0x5576d946fed0, C4<1>, C4<1>;
L_0x5576d9470680 .functor NOT 1, L_0x5576d9470020, C4<0>, C4<0>, C4<0>;
L_0x5576d9470200 .functor OR 1, L_0x5576d9470680, L_0x5576d9470140, C4<0>, C4<0>;
L_0x5576d9470f80 .functor AND 1, L_0x5576d9470c20, L_0x5576d9470ee0, C4<1>, C4<1>;
L_0x5576d94706f0 .functor NOT 1, L_0x5576d9470f80, C4<0>, C4<0>, C4<0>;
L_0x5576d9470a80 .functor XOR 1, L_0x5576d94706f0, L_0x5576d94707b0, C4<0>, C4<0>;
L_0x5576d9471090 .functor OR 1, L_0x5576d9470a80, L_0x5576d945ccc0, C4<0>, C4<0>;
L_0x5576d9471150 .functor OR 1, L_0x5576d9470a80, L_0x5576d9460880, C4<0>, C4<0>;
L_0x5576d94711c0 .functor OR 1, L_0x5576d9471150, L_0x5576d9460630, C4<0>, C4<0>;
L_0x5576d9471280 .functor OR 1, L_0x5576d9471090, L_0x5576d946bec0, C4<0>, C4<0>;
L_0x5576d9471340 .functor AND 1, L_0x5576d94711c0, L_0x5576d9471280, C4<1>, C4<1>;
L_0x5576d9471450 .functor NOT 1, L_0x5576d9471340, C4<0>, C4<0>, C4<0>;
L_0x5576d9471a60 .functor OR 1, L_0x5576d9470a80, L_0x5576d945f100, C4<0>, C4<0>;
L_0x5576d9471ad0 .functor OR 1, L_0x5576d9470a80, L_0x5576d945d550, C4<0>, C4<0>;
L_0x5576d9471580 .functor OR 1, L_0x5576d9471ad0, L_0x5576d945b9b0, C4<0>, C4<0>;
L_0x5576d9471620 .functor OR 1, L_0x5576d9471a60, L_0x5576d945e4f0, C4<0>, C4<0>;
L_0x5576d94716e0 .functor AND 1, L_0x5576d9471580, L_0x5576d9471620, C4<1>, C4<1>;
L_0x5576d94717f0 .functor NOT 1, L_0x5576d94716e0, C4<0>, C4<0>, C4<0>;
L_0x5576d94718b0 .functor OR 1, L_0x5576d94717f0, L_0x5576d9471450, C4<0>, C4<0>;
L_0x5576d94724b0 .functor AND 1, L_0x5576d945d3a0, L_0x5576d9472410, C4<1>, C4<1>;
L_0x5576d9471b40 .functor NOT 1, L_0x5576d94724b0, C4<0>, C4<0>, C4<0>;
L_0x5576d9471ef0 .functor XOR 1, L_0x5576d9471b40, L_0x5576d9471c00, C4<0>, C4<0>;
L_0x5576d9472ae0 .functor OR 1, L_0x5576d9471ef0, L_0x5576d945ccc0, C4<0>, C4<0>;
L_0x5576d9472b50 .functor OR 1, L_0x5576d9471ef0, L_0x5576d9460880, C4<0>, C4<0>;
L_0x5576d94725b0 .functor OR 1, L_0x5576d9472b50, L_0x5576d9460630, C4<0>, C4<0>;
L_0x5576d9472670 .functor OR 1, L_0x5576d9472ae0, L_0x5576d946bec0, C4<0>, C4<0>;
L_0x5576d9472730 .functor AND 1, L_0x5576d94725b0, L_0x5576d9472670, C4<1>, C4<1>;
L_0x5576d9472840 .functor NOT 1, L_0x5576d9472730, C4<0>, C4<0>, C4<0>;
L_0x5576d9472900 .functor OR 1, L_0x5576d9471ef0, L_0x5576d945f100, C4<0>, C4<0>;
L_0x5576d9472a00 .functor OR 1, L_0x5576d9471ef0, L_0x5576d945d550, C4<0>, C4<0>;
L_0x5576d9472a70 .functor OR 1, L_0x5576d9472a00, L_0x5576d945b9b0, C4<0>, C4<0>;
L_0x5576d9473130 .functor OR 1, L_0x5576d9472900, L_0x5576d945e4f0, C4<0>, C4<0>;
L_0x5576d9472bc0 .functor AND 1, L_0x5576d9472a70, L_0x5576d9473130, C4<1>, C4<1>;
L_0x5576d9472cd0 .functor NOT 1, L_0x5576d9472bc0, C4<0>, C4<0>, C4<0>;
L_0x5576d9472d90 .functor OR 1, L_0x5576d9472cd0, L_0x5576d9472840, C4<0>, C4<0>;
v0x5576d9424b80_0 .net "_000_", 3 0, L_0x5576d9472ea0;  1 drivers
v0x5576d9424c20_0 .net "_001_", 0 0, L_0x5576d945da80;  1 drivers
v0x5576d9425960_0 .net "_002_", 0 0, L_0x5576d9460e30;  1 drivers
v0x5576d9425a00_0 .net "_003_", 0 0, L_0x5576d945f9f0;  1 drivers
v0x5576d9426740_0 .net "_004_", 0 0, L_0x5576d945e2a0;  1 drivers
v0x5576d94267e0_0 .net "_005_", 0 0, L_0x5576d9461700;  1 drivers
v0x5576d944d3d0_0 .net "_006_", 0 0, L_0x5576d94604d0;  1 drivers
v0x5576d944d490_0 .net "_007_", 0 0, L_0x5576d946e040;  1 drivers
v0x5576d944d550_0 .net "_008_", 0 0, L_0x5576d946e620;  1 drivers
v0x5576d944d610_0 .net "_009_", 0 0, L_0x5576d946f160;  1 drivers
v0x5576d944d6d0_0 .net "_010_", 0 0, L_0x5576d946f220;  1 drivers
v0x5576d944d790_0 .net "_011_", 0 0, L_0x5576d946fc80;  1 drivers
v0x5576d944d850_0 .net "_012_", 0 0, L_0x5576d946f330;  1 drivers
v0x5576d944d910_0 .net "_013_", 0 0, L_0x5576d946f3f0;  1 drivers
v0x5576d944d9d0_0 .net "_014_", 0 0, L_0x5576d9470140;  1 drivers
v0x5576d944da90_0 .net "_015_", 0 0, L_0x5576d946fcf0;  1 drivers
v0x5576d944db50_0 .net "_016_", 0 0, L_0x5576d946fdf0;  1 drivers
v0x5576d944dc10_0 .net "_017_", 0 0, L_0x5576d9470680;  1 drivers
v0x5576d944dcd0_0 .net "_018_", 0 0, L_0x5576d9470200;  1 drivers
v0x5576d944dd90_0 .net "_019_", 0 0, L_0x5576d94706f0;  1 drivers
v0x5576d944de50_0 .net "_020_", 0 0, L_0x5576d9470a80;  1 drivers
v0x5576d944df10_0 .net "_021_", 0 0, L_0x5576d9471090;  1 drivers
v0x5576d944dfd0_0 .net "_022_", 0 0, L_0x5576d9471150;  1 drivers
v0x5576d944e090_0 .net "_023_", 0 0, L_0x5576d9471450;  1 drivers
v0x5576d944e150_0 .net "_024_", 0 0, L_0x5576d9471a60;  1 drivers
v0x5576d944e210_0 .net "_025_", 0 0, L_0x5576d9471ad0;  1 drivers
v0x5576d944e2d0_0 .net "_026_", 0 0, L_0x5576d94717f0;  1 drivers
v0x5576d944e390_0 .net "_027_", 0 0, L_0x5576d94718b0;  1 drivers
v0x5576d944e450_0 .net "_028_", 0 0, L_0x5576d9471b40;  1 drivers
v0x5576d944e510_0 .net "_029_", 0 0, L_0x5576d9471ef0;  1 drivers
v0x5576d944e5d0_0 .net "_030_", 0 0, L_0x5576d9472ae0;  1 drivers
v0x5576d944e690_0 .net "_031_", 0 0, L_0x5576d9472b50;  1 drivers
v0x5576d944e750_0 .net "_032_", 0 0, L_0x5576d9472840;  1 drivers
v0x5576d944ea20_0 .net "_033_", 0 0, L_0x5576d9472900;  1 drivers
v0x5576d944eae0_0 .net "_034_", 0 0, L_0x5576d9472a00;  1 drivers
v0x5576d944eba0_0 .net "_035_", 0 0, L_0x5576d9472cd0;  1 drivers
v0x5576d944ec60_0 .net "_036_", 0 0, L_0x5576d9472d90;  1 drivers
v0x5576d944ed20_0 .net "_037_", 0 0, L_0x5576d945b9b0;  1 drivers
v0x5576d944ede0_0 .net "_038_", 0 0, L_0x5576d945bb40;  1 drivers
v0x5576d944eea0_0 .net "_039_", 0 0, L_0x5576d945bcd0;  1 drivers
v0x5576d944ef60_0 .net "_040_", 0 0, L_0x5576d945c0f0;  1 drivers
v0x5576d944f020_0 .net "_041_", 0 0, L_0x5576d945c3e0;  1 drivers
v0x5576d944f0e0_0 .net "_042_", 0 0, L_0x5576d945c760;  1 drivers
v0x5576d944f1a0_0 .net "_043_", 0 0, L_0x5576d945ca10;  1 drivers
v0x5576d944f260_0 .net "_044_", 0 0, L_0x5576d945cc00;  1 drivers
v0x5576d944f320_0 .net "_045_", 0 0, L_0x5576d945ccc0;  1 drivers
v0x5576d944f3e0_0 .net "_046_", 0 0, L_0x5576d945cb90;  1 drivers
v0x5576d944f4a0_0 .net "_047_", 0 0, L_0x5576d945d0e0;  1 drivers
v0x5576d944f560_0 .net "_048_", 0 0, L_0x5576d945d3a0;  1 drivers
v0x5576d944f620_0 .net "_049_", 0 0, L_0x5576d945d550;  1 drivers
v0x5576d944f6e0_0 .net "_050_", 0 0, L_0x5576d945dc00;  1 drivers
v0x5576d944f7a0_0 .net "_051_", 0 0, L_0x5576d945df30;  1 drivers
v0x5576d944f860_0 .net "_052_", 0 0, L_0x5576d945e4f0;  1 drivers
v0x5576d944f920_0 .net "_053_", 0 0, L_0x5576d945ec00;  1 drivers
v0x5576d944f9e0_0 .net "_054_", 0 0, L_0x5576d945eff0;  1 drivers
v0x5576d944faa0_0 .net "_055_", 0 0, L_0x5576d945f100;  1 drivers
v0x5576d944fb60_0 .net "_056_", 0 0, L_0x5576d945fb50;  1 drivers
v0x5576d944fc20_0 .net "_057_", 0 0, L_0x5576d945ffa0;  1 drivers
v0x5576d944fce0_0 .net "_058_", 0 0, L_0x5576d9460630;  1 drivers
v0x5576d944fda0_0 .net "_059_", 0 0, L_0x5576d9460880;  1 drivers
v0x5576d944fe60_0 .net "_060_", 0 0, L_0x5576d94612f0;  1 drivers
v0x5576d944ff20_0 .net "_061_", 0 0, L_0x5576d9461d10;  1 drivers
v0x5576d944ffe0_0 .net "_062_", 0 0, L_0x5576d9462340;  1 drivers
v0x5576d94500a0_0 .net "_063_", 0 0, L_0x5576d9462990;  1 drivers
v0x5576d9450160_0 .net "_064_", 0 0, L_0x5576d9462d70;  1 drivers
v0x5576d9450630_0 .net "_065_", 0 0, L_0x5576d9463110;  1 drivers
v0x5576d94506f0_0 .net "_066_", 0 0, L_0x5576d9463a40;  1 drivers
v0x5576d94507b0_0 .net "_067_", 0 0, L_0x5576d9464bc0;  1 drivers
v0x5576d9450870_0 .net "_068_", 0 0, L_0x5576d9465120;  1 drivers
v0x5576d9450930_0 .net "_069_", 0 0, L_0x5576d9465470;  1 drivers
v0x5576d94509f0_0 .net "_070_", 0 0, L_0x5576d9466480;  1 drivers
v0x5576d9450ab0_0 .net "_071_", 0 0, L_0x5576d9466b00;  1 drivers
v0x5576d9450b70_0 .net "_072_", 0 0, L_0x5576d9466c10;  1 drivers
v0x5576d9450c30_0 .net "_073_", 0 0, L_0x5576d94670b0;  1 drivers
v0x5576d9450cf0_0 .net "_074_", 0 0, L_0x5576d9467770;  1 drivers
v0x5576d9450db0_0 .net "_075_", 0 0, L_0x5576d94690f0;  1 drivers
v0x5576d9450e70_0 .net "_076_", 0 0, L_0x5576d94694f0;  1 drivers
v0x5576d9450f30_0 .net "_077_", 0 0, L_0x5576d9469930;  1 drivers
v0x5576d9450ff0_0 .net "_078_", 0 0, L_0x5576d9469e40;  1 drivers
v0x5576d94510b0_0 .net "_079_", 0 0, L_0x5576d946a5b0;  1 drivers
v0x5576d9451170_0 .net "_080_", 0 0, L_0x5576d946bec0;  1 drivers
v0x5576d9451230_0 .net "_081_", 0 0, L_0x5576d946c3e0;  1 drivers
v0x5576d94512f0_0 .net "_082_", 0 0, L_0x5576d946c910;  1 drivers
v0x5576d94513b0_0 .net "_083_", 0 0, L_0x5576d946cc50;  1 drivers
v0x5576d9451470_0 .net "_084_", 0 0, L_0x5576d946d170;  1 drivers
v0x5576d9451530_0 .net "_085_", 0 0, L_0x5576d946dcf0;  1 drivers
v0x5576d94515f0_0 .net *"_s1", 0 0, L_0x5576d945b8b0;  1 drivers
v0x5576d94516d0_0 .net *"_s100", 0 0, L_0x5576d945eaf0;  1 drivers
v0x5576d94517b0_0 .net *"_s105", 0 0, L_0x5576d945e650;  1 drivers
v0x5576d9451890_0 .net *"_s107", 0 0, L_0x5576d945edd0;  1 drivers
v0x5576d9451970_0 .net *"_s108", 0 0, L_0x5576d945ef30;  1 drivers
v0x5576d9451a50_0 .net *"_s112", 0 0, L_0x5576d945f220;  1 drivers
v0x5576d9451b30_0 .net *"_s114", 0 0, L_0x5576d945f2e0;  1 drivers
v0x5576d9451c10_0 .net *"_s118", 0 0, L_0x5576d945f520;  1 drivers
v0x5576d9451cf0_0 .net *"_s120", 0 0, L_0x5576d945f720;  1 drivers
v0x5576d9451dd0_0 .net *"_s122", 0 0, L_0x5576d945f790;  1 drivers
v0x5576d9451eb0_0 .net *"_s127", 0 0, L_0x5576d945fab0;  1 drivers
v0x5576d9451f90_0 .net *"_s13", 0 0, L_0x5576d945bdc0;  1 drivers
v0x5576d9452070_0 .net *"_s131", 0 0, L_0x5576d945fd70;  1 drivers
v0x5576d9452150_0 .net *"_s132", 0 0, L_0x5576d945fee0;  1 drivers
v0x5576d9452230_0 .net *"_s136", 0 0, L_0x5576d94601d0;  1 drivers
v0x5576d9452310_0 .net *"_s138", 0 0, L_0x5576d9460240;  1 drivers
v0x5576d94523f0_0 .net *"_s143", 0 0, L_0x5576d9460590;  1 drivers
v0x5576d94524d0_0 .net *"_s148", 0 0, L_0x5576d94608f0;  1 drivers
v0x5576d94525b0_0 .net *"_s15", 0 0, L_0x5576d945bee0;  1 drivers
v0x5576d9452690_0 .net *"_s150", 0 0, L_0x5576d9460b50;  1 drivers
v0x5576d9452770_0 .net *"_s152", 0 0, L_0x5576d9460bc0;  1 drivers
v0x5576d9452850_0 .net *"_s157", 0 0, L_0x5576d9460ef0;  1 drivers
v0x5576d9452930_0 .net *"_s158", 0 0, L_0x5576d9461070;  1 drivers
v0x5576d9452a10_0 .net *"_s16", 0 0, L_0x5576d945bf80;  1 drivers
v0x5576d9452af0_0 .net *"_s162", 0 0, L_0x5576d94613b0;  1 drivers
v0x5576d9452bd0_0 .net *"_s164", 0 0, L_0x5576d94615f0;  1 drivers
v0x5576d9452cb0_0 .net *"_s169", 0 0, L_0x5576d94619a0;  1 drivers
v0x5576d9452d90_0 .net *"_s171", 0 0, L_0x5576d9461a40;  1 drivers
v0x5576d9452e70_0 .net *"_s172", 0 0, L_0x5576d9461bd0;  1 drivers
v0x5576d9452f50_0 .net *"_s177", 0 0, L_0x5576d9461fc0;  1 drivers
v0x5576d9453030_0 .net *"_s179", 0 0, L_0x5576d9462060;  1 drivers
v0x5576d9453110_0 .net *"_s180", 0 0, L_0x5576d9462200;  1 drivers
v0x5576d94531f0_0 .net *"_s185", 0 0, L_0x5576d9462600;  1 drivers
v0x5576d94532d0_0 .net *"_s187", 0 0, L_0x5576d94626a0;  1 drivers
v0x5576d94533b0_0 .net *"_s188", 0 0, L_0x5576d9462850;  1 drivers
v0x5576d9453490_0 .net *"_s192", 0 0, L_0x5576d9462c60;  1 drivers
v0x5576d9453570_0 .net *"_s196", 0 0, L_0x5576d9463050;  1 drivers
v0x5576d9453650_0 .net *"_s203", 0 0, L_0x5576d9463450;  1 drivers
v0x5576d9453730_0 .net *"_s204", 0 0, L_0x5576d94634f0;  1 drivers
v0x5576d9453810_0 .net *"_s206", 0 0, L_0x5576d94635b0;  1 drivers
v0x5576d94538f0_0 .net *"_s21", 0 0, L_0x5576d945c1b0;  1 drivers
v0x5576d94539d0_0 .net *"_s211", 0 0, L_0x5576d9463900;  1 drivers
v0x5576d9453ab0_0 .net *"_s212", 0 0, L_0x5576d9463ac0;  1 drivers
v0x5576d94543a0_0 .net *"_s214", 0 0, L_0x5576d9463b30;  1 drivers
v0x5576d9454480_0 .net *"_s219", 0 0, L_0x5576d9464020;  1 drivers
v0x5576d9454560_0 .net *"_s221", 0 0, L_0x5576d9464120;  1 drivers
v0x5576d9454640_0 .net *"_s224", 0 0, L_0x5576d9464440;  1 drivers
v0x5576d9454720_0 .net *"_s226", 0 0, L_0x5576d94639a0;  1 drivers
v0x5576d9454800_0 .net *"_s23", 0 0, L_0x5576d945c290;  1 drivers
v0x5576d94548e0_0 .net *"_s230", 0 0, L_0x5576d94646b0;  1 drivers
v0x5576d94549c0_0 .net *"_s231", 0 0, L_0x5576d9464890;  1 drivers
v0x5576d9454aa0_0 .net *"_s238", 0 0, L_0x5576d9464c80;  1 drivers
v0x5576d9454b80_0 .net *"_s239", 0 0, L_0x5576d9464d20;  1 drivers
v0x5576d9454c60_0 .net *"_s24", 0 0, L_0x5576d945c330;  1 drivers
v0x5576d9454d40_0 .net *"_s241", 0 0, L_0x5576d94650b0;  1 drivers
v0x5576d9454e20_0 .net *"_s250", 0 0, L_0x5576d9465580;  1 drivers
v0x5576d9454f00_0 .net *"_s251", 0 0, L_0x5576d9465770;  1 drivers
v0x5576d9454fe0_0 .net *"_s253", 0 0, L_0x5576d9465ad0;  1 drivers
v0x5576d94550c0_0 .net *"_s258", 0 0, L_0x5576d9465d70;  1 drivers
v0x5576d94551a0_0 .net *"_s260", 0 0, L_0x5576d9466120;  1 drivers
v0x5576d9455280_0 .net *"_s263", 0 0, L_0x5576d94661e0;  1 drivers
v0x5576d9455360_0 .net *"_s265", 0 0, L_0x5576d94663e0;  1 drivers
v0x5576d9455440_0 .net *"_s269", 0 0, L_0x5576d9466850;  1 drivers
v0x5576d9455520_0 .net *"_s271", 0 0, L_0x5576d9466a60;  1 drivers
v0x5576d9455600_0 .net *"_s276", 0 0, L_0x5576d9466ff0;  1 drivers
v0x5576d94556e0_0 .net *"_s28", 0 0, L_0x5576d945c4f0;  1 drivers
v0x5576d94557c0_0 .net *"_s281", 0 0, L_0x5576d9467490;  1 drivers
v0x5576d94558a0_0 .net *"_s282", 0 0, L_0x5576d94676b0;  1 drivers
v0x5576d9455980_0 .net *"_s289", 0 0, L_0x5576d9467b70;  1 drivers
v0x5576d9455a60_0 .net *"_s290", 0 0, L_0x5576d9467c10;  1 drivers
v0x5576d9455b40_0 .net *"_s292", 0 0, L_0x5576d9467cd0;  1 drivers
v0x5576d9455c20_0 .net *"_s297", 0 0, L_0x5576d94680e0;  1 drivers
v0x5576d9455d00_0 .net *"_s298", 0 0, L_0x5576d9468310;  1 drivers
v0x5576d9455de0_0 .net *"_s30", 0 0, L_0x5576d945c650;  1 drivers
v0x5576d9455ec0_0 .net *"_s300", 0 0, L_0x5576d9468380;  1 drivers
v0x5576d9455fa0_0 .net *"_s305", 0 0, L_0x5576d9468930;  1 drivers
v0x5576d9456080_0 .net *"_s307", 0 0, L_0x5576d9468a30;  1 drivers
v0x5576d9456160_0 .net *"_s310", 0 0, L_0x5576d9468e10;  1 drivers
v0x5576d9456240_0 .net *"_s312", 0 0, L_0x5576d9469050;  1 drivers
v0x5576d9456320_0 .net *"_s316", 0 0, L_0x5576d9469200;  1 drivers
v0x5576d9456400_0 .net *"_s318", 0 0, L_0x5576d9469450;  1 drivers
v0x5576d94564e0_0 .net *"_s323", 0 0, L_0x5576d9469a40;  1 drivers
v0x5576d94565c0_0 .net *"_s328", 0 0, L_0x5576d9469f40;  1 drivers
v0x5576d94566a0_0 .net *"_s329", 0 0, L_0x5576d946a1a0;  1 drivers
v0x5576d9456780_0 .net *"_s336", 0 0, L_0x5576d946a6c0;  1 drivers
v0x5576d9456860_0 .net *"_s337", 0 0, L_0x5576d946a760;  1 drivers
v0x5576d9456940_0 .net *"_s339", 0 0, L_0x5576d946ab80;  1 drivers
v0x5576d9456a20_0 .net *"_s344", 0 0, L_0x5576d946ac90;  1 drivers
v0x5576d9456b00_0 .net *"_s345", 0 0, L_0x5576d946af00;  1 drivers
v0x5576d9456be0_0 .net *"_s347", 0 0, L_0x5576d946b2e0;  1 drivers
v0x5576d9456cc0_0 .net *"_s35", 0 0, L_0x5576d945c880;  1 drivers
v0x5576d9456da0_0 .net *"_s352", 0 0, L_0x5576d946b580;  1 drivers
v0x5576d9456e80_0 .net *"_s354", 0 0, L_0x5576d946ba00;  1 drivers
v0x5576d9456f60_0 .net *"_s356", 0 0, L_0x5576d946bac0;  1 drivers
v0x5576d9457040_0 .net *"_s360", 0 0, L_0x5576d946bf80;  1 drivers
v0x5576d9457120_0 .net *"_s364", 0 0, L_0x5576d946c4a0;  1 drivers
v0x5576d9457200_0 .net *"_s369", 0 0, L_0x5576d946c9d0;  1 drivers
v0x5576d94572e0_0 .net *"_s37", 0 0, L_0x5576d945c970;  1 drivers
v0x5576d94573c0_0 .net *"_s373", 0 0, L_0x5576d946d0d0;  1 drivers
v0x5576d94574a0_0 .net *"_s376", 0 0, L_0x5576d946d270;  1 drivers
v0x5576d9457580_0 .net *"_s378", 0 0, L_0x5576d946d790;  1 drivers
v0x5576d9457660_0 .net *"_s380", 0 0, L_0x5576d946d800;  1 drivers
v0x5576d9457740_0 .net *"_s385", 0 0, L_0x5576d946ddb0;  1 drivers
v0x5576d9457820_0 .net *"_s389", 0 0, L_0x5576d946e580;  1 drivers
v0x5576d9457900_0 .net *"_s392", 0 0, L_0x5576d946e720;  1 drivers
v0x5576d94579e0_0 .net *"_s394", 0 0, L_0x5576d946ec70;  1 drivers
v0x5576d9457ac0_0 .net *"_s396", 0 0, L_0x5576d946ece0;  1 drivers
v0x5576d9457ba0_0 .net *"_s40", 0 0, L_0x5576d945cad0;  1 drivers
v0x5576d9457c80_0 .net *"_s405", 0 0, L_0x5576d946f750;  1 drivers
v0x5576d9457d60_0 .net *"_s406", 0 0, L_0x5576d946f9f0;  1 drivers
v0x5576d9457e40_0 .net *"_s408", 0 0, L_0x5576d946fb80;  1 drivers
v0x5576d9457f20_0 .net *"_s416", 0 0, L_0x5576d946f460;  1 drivers
v0x5576d9458000_0 .net *"_s418", 0 0, L_0x5576d946f520;  1 drivers
v0x5576d94580e0_0 .net *"_s420", 0 0, L_0x5576d946f670;  1 drivers
v0x5576d94581c0_0 .net *"_s428", 0 0, L_0x5576d946fe60;  1 drivers
v0x5576d94582a0_0 .net *"_s430", 0 0, L_0x5576d946fed0;  1 drivers
v0x5576d9458380_0 .net *"_s432", 0 0, L_0x5576d9470020;  1 drivers
v0x5576d9458460_0 .net *"_s441", 0 0, L_0x5576d9470310;  1 drivers
v0x5576d9458540_0 .net *"_s442", 0 0, L_0x5576d94705c0;  1 drivers
v0x5576d9458620_0 .net *"_s445", 0 0, L_0x5576d9470c20;  1 drivers
v0x5576d9458700_0 .net *"_s447", 0 0, L_0x5576d9470ee0;  1 drivers
v0x5576d94587e0_0 .net *"_s448", 0 0, L_0x5576d9470f80;  1 drivers
v0x5576d94588c0_0 .net *"_s453", 0 0, L_0x5576d94707b0;  1 drivers
v0x5576d94589a0_0 .net *"_s460", 0 0, L_0x5576d94711c0;  1 drivers
v0x5576d9458a80_0 .net *"_s462", 0 0, L_0x5576d9471280;  1 drivers
v0x5576d9458b60_0 .net *"_s464", 0 0, L_0x5576d9471340;  1 drivers
v0x5576d9458c40_0 .net *"_s472", 0 0, L_0x5576d9471580;  1 drivers
v0x5576d9458d20_0 .net *"_s474", 0 0, L_0x5576d9471620;  1 drivers
v0x5576d9458e00_0 .net *"_s476", 0 0, L_0x5576d94716e0;  1 drivers
v0x5576d9458ee0_0 .net *"_s485", 0 0, L_0x5576d94719c0;  1 drivers
v0x5576d9458fc0_0 .net *"_s486", 0 0, L_0x5576d9472050;  1 drivers
v0x5576d94590a0_0 .net *"_s489", 0 0, L_0x5576d9472410;  1 drivers
v0x5576d9459180_0 .net *"_s49", 0 0, L_0x5576d945cea0;  1 drivers
v0x5576d9459260_0 .net *"_s490", 0 0, L_0x5576d94724b0;  1 drivers
v0x5576d9459340_0 .net *"_s495", 0 0, L_0x5576d9471c00;  1 drivers
v0x5576d9459420_0 .net *"_s5", 0 0, L_0x5576d945ba50;  1 drivers
v0x5576d9459500_0 .net *"_s502", 0 0, L_0x5576d94725b0;  1 drivers
v0x5576d94595e0_0 .net *"_s504", 0 0, L_0x5576d9472670;  1 drivers
v0x5576d94596c0_0 .net *"_s506", 0 0, L_0x5576d9472730;  1 drivers
v0x5576d94597a0_0 .net *"_s51", 0 0, L_0x5576d945cf40;  1 drivers
v0x5576d9459880_0 .net *"_s514", 0 0, L_0x5576d9472a70;  1 drivers
v0x5576d9459960_0 .net *"_s516", 0 0, L_0x5576d9473130;  1 drivers
v0x5576d9459a40_0 .net *"_s518", 0 0, L_0x5576d9472bc0;  1 drivers
v0x5576d9459b20_0 .net *"_s52", 0 0, L_0x5576d945cfe0;  1 drivers
v0x5576d9459c00_0 .net *"_s528", 0 0, L_0x5576d9473030;  1 drivers
v0x5576d9459ce0_0 .net *"_s529", 0 0, L_0x5576d94739e0;  1 drivers
v0x5576d9459dc0_0 .net *"_s57", 0 0, L_0x5576d945d1f0;  1 drivers
v0x5576d9459ea0_0 .net *"_s59", 0 0, L_0x5576d945d300;  1 drivers
v0x5576d9459f80_0 .net *"_s64", 0 0, L_0x5576d945d290;  1 drivers
v0x5576d945a060_0 .net *"_s66", 0 0, L_0x5576d945d7b0;  1 drivers
v0x5576d945a140_0 .net *"_s68", 0 0, L_0x5576d945d970;  1 drivers
v0x5576d945a220_0 .net *"_s73", 0 0, L_0x5576d945d4b0;  1 drivers
v0x5576d945a300_0 .net *"_s77", 0 0, L_0x5576d945dcc0;  1 drivers
v0x5576d945a3e0_0 .net *"_s78", 0 0, L_0x5576d945ddf0;  1 drivers
v0x5576d945a4c0_0 .net *"_s82", 0 0, L_0x5576d945dff0;  1 drivers
v0x5576d945a5a0_0 .net *"_s84", 0 0, L_0x5576d945e190;  1 drivers
v0x5576d945a680_0 .net *"_s89", 0 0, L_0x5576d945e450;  1 drivers
v0x5576d945a760_0 .net *"_s9", 0 0, L_0x5576d945bc00;  1 drivers
v0x5576d945a840_0 .net *"_s93", 0 0, L_0x5576d945e5b0;  1 drivers
v0x5576d945a920_0 .net *"_s95", 0 0, L_0x5576d945e6f0;  1 drivers
v0x5576d945aa00_0 .net *"_s96", 0 0, L_0x5576d945e790;  1 drivers
v0x5576d945aae0_0 .net *"_s99", 0 0, L_0x5576d945e9a0;  1 drivers
v0x5576d945abc0_0 .net "clk", 0 0, v0x5576d945b4a0_0;  1 drivers
v0x5576d945acf0_0 .var "count", 3 0;
v0x5576d945add0_0 .net "light_M1", 2 0, L_0x5576d9465be0;  alias, 1 drivers
v0x5576d945aed0_0 .net "light_M2", 2 0, L_0x5576d94687a0;  alias, 1 drivers
v0x5576d945afd0_0 .net "light_MT", 2 0, L_0x5576d946b3f0;  alias, 1 drivers
v0x5576d945b0d0_0 .net "light_S", 2 0, L_0x5576d9463e90;  alias, 1 drivers
v0x5576d945b220_0 .var "ps", 5 0;
v0x5576d945b300_0 .net "rst", 0 0, v0x5576d945b7e0_0;  1 drivers
E_0x5576d93c1910 .event posedge, v0x5576d945b300_0, v0x5576d945abc0_0;
L_0x5576d945b8b0 .part v0x5576d945b220_0, 0, 1;
L_0x5576d945ba50 .part v0x5576d945b220_0, 4, 1;
L_0x5576d945bc00 .part v0x5576d945acf0_0, 1, 1;
L_0x5576d945bdc0 .part v0x5576d945acf0_0, 3, 1;
L_0x5576d945bee0 .part v0x5576d945acf0_0, 2, 1;
L_0x5576d945c1b0 .part v0x5576d945acf0_0, 1, 1;
L_0x5576d945c290 .part v0x5576d945acf0_0, 0, 1;
L_0x5576d945c880 .part v0x5576d945acf0_0, 3, 1;
L_0x5576d945c970 .part v0x5576d945acf0_0, 2, 1;
L_0x5576d945cea0 .part v0x5576d945acf0_0, 3, 1;
L_0x5576d945cf40 .part v0x5576d945acf0_0, 2, 1;
L_0x5576d945d1f0 .part v0x5576d945acf0_0, 1, 1;
L_0x5576d945d300 .part v0x5576d945acf0_0, 0, 1;
L_0x5576d945d550 .functor MUXZ 1, L_0x5576d945d3a0, L_0x5576d945ca10, L_0x5576d945d0e0, C4<>;
L_0x5576d945d4b0 .part v0x5576d945b220_0, 3, 1;
L_0x5576d945dcc0 .part v0x5576d945b220_0, 0, 1;
L_0x5576d945e450 .part v0x5576d945b220_0, 2, 1;
L_0x5576d945e5b0 .part v0x5576d945acf0_0, 2, 1;
L_0x5576d945e6f0 .part v0x5576d945acf0_0, 1, 1;
L_0x5576d945e9a0 .part v0x5576d945acf0_0, 3, 1;
L_0x5576d945e650 .part v0x5576d945acf0_0, 1, 1;
L_0x5576d945edd0 .part v0x5576d945acf0_0, 0, 1;
L_0x5576d945fab0 .part v0x5576d945b220_0, 5, 1;
L_0x5576d945fd70 .part v0x5576d945b220_0, 2, 1;
L_0x5576d9460590 .part v0x5576d945b220_0, 1, 1;
L_0x5576d9460ef0 .part v0x5576d945b220_0, 1, 1;
L_0x5576d94619a0 .part v0x5576d945b220_0, 1, 1;
L_0x5576d9461a40 .part v0x5576d945b220_0, 4, 1;
L_0x5576d9461fc0 .part v0x5576d945b220_0, 5, 1;
L_0x5576d9462060 .part v0x5576d945b220_0, 3, 1;
L_0x5576d9462600 .part v0x5576d945b220_0, 0, 1;
L_0x5576d94626a0 .part v0x5576d945b220_0, 2, 1;
L_0x5576d9463450 .part v0x5576d945b220_0, 1, 1;
L_0x5576d9463900 .part v0x5576d945b220_0, 4, 1;
L_0x5576d9463e90 .concat8 [ 1 1 1 0], L_0x5576d94635b0, L_0x5576d9463b30, L_0x5576d9464120;
L_0x5576d9464440 .part v0x5576d945b220_0, 2, 1;
L_0x5576d94639a0 .part v0x5576d945b220_0, 3, 1;
L_0x5576d94646b0 .part v0x5576d945b220_0, 5, 1;
L_0x5576d9464c80 .part v0x5576d945b220_0, 0, 1;
L_0x5576d9465580 .part v0x5576d945b220_0, 5, 1;
L_0x5576d9465be0 .concat8 [ 1 1 1 0], L_0x5576d9464d20, L_0x5576d9465ad0, L_0x5576d9466120;
L_0x5576d94661e0 .part v0x5576d945b220_0, 4, 1;
L_0x5576d94663e0 .part v0x5576d945b220_0, 5, 1;
L_0x5576d9466850 .part v0x5576d945b220_0, 1, 1;
L_0x5576d9466a60 .part v0x5576d945b220_0, 2, 1;
L_0x5576d9467490 .part v0x5576d945b220_0, 0, 1;
L_0x5576d9467b70 .part v0x5576d945b220_0, 0, 1;
L_0x5576d94680e0 .part v0x5576d945b220_0, 3, 1;
L_0x5576d94687a0 .concat8 [ 1 1 1 0], L_0x5576d9467cd0, L_0x5576d9468380, L_0x5576d9468a30;
L_0x5576d9468e10 .part v0x5576d945b220_0, 4, 1;
L_0x5576d9469050 .part v0x5576d945b220_0, 3, 1;
L_0x5576d9469200 .part v0x5576d945b220_0, 1, 1;
L_0x5576d9469450 .part v0x5576d945b220_0, 0, 1;
L_0x5576d9469f40 .part v0x5576d945b220_0, 2, 1;
L_0x5576d946a6c0 .part v0x5576d945b220_0, 2, 1;
L_0x5576d946ac90 .part v0x5576d945b220_0, 5, 1;
L_0x5576d946b3f0 .concat8 [ 1 1 1 0], L_0x5576d946ab80, L_0x5576d946b2e0, L_0x5576d946ba00;
L_0x5576d946c9d0 .part v0x5576d945acf0_0, 0, 1;
L_0x5576d946d0d0 .part v0x5576d945acf0_0, 0, 1;
L_0x5576d946ddb0 .part v0x5576d945acf0_0, 0, 1;
L_0x5576d946e580 .part v0x5576d945acf0_0, 0, 1;
L_0x5576d946f750 .part v0x5576d945acf0_0, 0, 1;
L_0x5576d946f9f0 .functor MUXZ 1, L_0x5576d946f220, L_0x5576d946f750, L_0x5576d946c910, C4<>;
L_0x5576d9470310 .part v0x5576d945acf0_0, 1, 1;
L_0x5576d94705c0 .functor MUXZ 1, L_0x5576d9470200, L_0x5576d9470310, L_0x5576d946c910, C4<>;
L_0x5576d9470c20 .part v0x5576d945acf0_0, 1, 1;
L_0x5576d9470ee0 .part v0x5576d945acf0_0, 0, 1;
L_0x5576d94707b0 .part v0x5576d945acf0_0, 2, 1;
L_0x5576d94719c0 .part v0x5576d945acf0_0, 2, 1;
L_0x5576d9472050 .functor MUXZ 1, L_0x5576d94718b0, L_0x5576d94719c0, L_0x5576d946c910, C4<>;
L_0x5576d9472410 .part v0x5576d945acf0_0, 2, 1;
L_0x5576d9471c00 .part v0x5576d945acf0_0, 3, 1;
L_0x5576d9472ea0 .concat8 [ 1 1 1 1], L_0x5576d946f9f0, L_0x5576d94705c0, L_0x5576d9472050, L_0x5576d94739e0;
L_0x5576d9473030 .part v0x5576d945acf0_0, 3, 1;
L_0x5576d94739e0 .functor MUXZ 1, L_0x5576d9472d90, L_0x5576d9473030, L_0x5576d946c910, C4<>;
    .scope S_0x5576d93e7e30;
T_0 ;
    %wait E_0x5576d93c1910;
    %load/vec4 v0x5576d945b300_0;
    %flag_set/vec4 8;
    %jmp/0xz  T_0.0, 8;
    %pushi/vec4 1, 0, 1;
    %ix/load 4, 0, 0;
    %ix/load 5, 0, 0;
    %flag_set/imm 4, 0;
    %assign/vec4/off/d v0x5576d945b220_0, 4, 5;
    %jmp T_0.1;
T_0.0 ;
    %load/vec4 v0x5576d9424c20_0;
    %ix/load 4, 0, 0;
    %ix/load 5, 0, 0;
    %flag_set/imm 4, 0;
    %assign/vec4/off/d v0x5576d945b220_0, 4, 5;
T_0.1 ;
    %jmp T_0;
    .thread T_0;
    .scope S_0x5576d93e7e30;
T_1 ;
    %wait E_0x5576d93c1910;
    %load/vec4 v0x5576d945b300_0;
    %flag_set/vec4 8;
    %jmp/0xz  T_1.0, 8;
    %pushi/vec4 0, 0, 1;
    %ix/load 4, 1, 0;
    %ix/load 5, 0, 0;
    %flag_set/imm 4, 0;
    %assign/vec4/off/d v0x5576d945b220_0, 4, 5;
    %jmp T_1.1;
T_1.0 ;
    %load/vec4 v0x5576d9425960_0;
    %ix/load 4, 1, 0;
    %ix/load 5, 0, 0;
    %flag_set/imm 4, 0;
    %assign/vec4/off/d v0x5576d945b220_0, 4, 5;
T_1.1 ;
    %jmp T_1;
    .thread T_1;
    .scope S_0x5576d93e7e30;
T_2 ;
    %wait E_0x5576d93c1910;
    %load/vec4 v0x5576d945b300_0;
    %flag_set/vec4 8;
    %jmp/0xz  T_2.0, 8;
    %pushi/vec4 0, 0, 1;
    %ix/load 4, 2, 0;
    %ix/load 5, 0, 0;
    %flag_set/imm 4, 0;
    %assign/vec4/off/d v0x5576d945b220_0, 4, 5;
    %jmp T_2.1;
T_2.0 ;
    %load/vec4 v0x5576d9425a00_0;
    %ix/load 4, 2, 0;
    %ix/load 5, 0, 0;
    %flag_set/imm 4, 0;
    %assign/vec4/off/d v0x5576d945b220_0, 4, 5;
T_2.1 ;
    %jmp T_2;
    .thread T_2;
    .scope S_0x5576d93e7e30;
T_3 ;
    %wait E_0x5576d93c1910;
    %load/vec4 v0x5576d945b300_0;
    %flag_set/vec4 8;
    %jmp/0xz  T_3.0, 8;
    %pushi/vec4 0, 0, 1;
    %ix/load 4, 3, 0;
    %ix/load 5, 0, 0;
    %flag_set/imm 4, 0;
    %assign/vec4/off/d v0x5576d945b220_0, 4, 5;
    %jmp T_3.1;
T_3.0 ;
    %load/vec4 v0x5576d9426740_0;
    %ix/load 4, 3, 0;
    %ix/load 5, 0, 0;
    %flag_set/imm 4, 0;
    %assign/vec4/off/d v0x5576d945b220_0, 4, 5;
T_3.1 ;
    %jmp T_3;
    .thread T_3;
    .scope S_0x5576d93e7e30;
T_4 ;
    %wait E_0x5576d93c1910;
    %load/vec4 v0x5576d945b300_0;
    %flag_set/vec4 8;
    %jmp/0xz  T_4.0, 8;
    %pushi/vec4 0, 0, 1;
    %ix/load 4, 4, 0;
    %ix/load 5, 0, 0;
    %flag_set/imm 4, 0;
    %assign/vec4/off/d v0x5576d945b220_0, 4, 5;
    %jmp T_4.1;
T_4.0 ;
    %load/vec4 v0x5576d94267e0_0;
    %ix/load 4, 4, 0;
    %ix/load 5, 0, 0;
    %flag_set/imm 4, 0;
    %assign/vec4/off/d v0x5576d945b220_0, 4, 5;
T_4.1 ;
    %jmp T_4;
    .thread T_4;
    .scope S_0x5576d93e7e30;
T_5 ;
    %wait E_0x5576d93c1910;
    %load/vec4 v0x5576d945b300_0;
    %flag_set/vec4 8;
    %jmp/0xz  T_5.0, 8;
    %pushi/vec4 0, 0, 1;
    %ix/load 4, 5, 0;
    %ix/load 5, 0, 0;
    %flag_set/imm 4, 0;
    %assign/vec4/off/d v0x5576d945b220_0, 4, 5;
    %jmp T_5.1;
T_5.0 ;
    %load/vec4 v0x5576d944d3d0_0;
    %ix/load 4, 5, 0;
    %ix/load 5, 0, 0;
    %flag_set/imm 4, 0;
    %assign/vec4/off/d v0x5576d945b220_0, 4, 5;
T_5.1 ;
    %jmp T_5;
    .thread T_5;
    .scope S_0x5576d93e7e30;
T_6 ;
    %wait E_0x5576d93c1910;
    %load/vec4 v0x5576d945b300_0;
    %flag_set/vec4 8;
    %jmp/0xz  T_6.0, 8;
    %pushi/vec4 0, 0, 1;
    %ix/load 4, 0, 0;
    %ix/load 5, 0, 0;
    %flag_set/imm 4, 0;
    %assign/vec4/off/d v0x5576d945acf0_0, 4, 5;
    %jmp T_6.1;
T_6.0 ;
    %load/vec4 v0x5576d9424b80_0;
    %parti/s 1, 0, 2;
    %ix/load 4, 0, 0;
    %ix/load 5, 0, 0;
    %flag_set/imm 4, 0;
    %assign/vec4/off/d v0x5576d945acf0_0, 4, 5;
T_6.1 ;
    %jmp T_6;
    .thread T_6;
    .scope S_0x5576d93e7e30;
T_7 ;
    %wait E_0x5576d93c1910;
    %load/vec4 v0x5576d945b300_0;
    %flag_set/vec4 8;
    %jmp/0xz  T_7.0, 8;
    %pushi/vec4 0, 0, 1;
    %ix/load 4, 1, 0;
    %ix/load 5, 0, 0;
    %flag_set/imm 4, 0;
    %assign/vec4/off/d v0x5576d945acf0_0, 4, 5;
    %jmp T_7.1;
T_7.0 ;
    %load/vec4 v0x5576d9424b80_0;
    %parti/s 1, 1, 2;
    %ix/load 4, 1, 0;
    %ix/load 5, 0, 0;
    %flag_set/imm 4, 0;
    %assign/vec4/off/d v0x5576d945acf0_0, 4, 5;
T_7.1 ;
    %jmp T_7;
    .thread T_7;
    .scope S_0x5576d93e7e30;
T_8 ;
    %wait E_0x5576d93c1910;
    %load/vec4 v0x5576d945b300_0;
    %flag_set/vec4 8;
    %jmp/0xz  T_8.0, 8;
    %pushi/vec4 0, 0, 1;
    %ix/load 4, 2, 0;
    %ix/load 5, 0, 0;
    %flag_set/imm 4, 0;
    %assign/vec4/off/d v0x5576d945acf0_0, 4, 5;
    %jmp T_8.1;
T_8.0 ;
    %load/vec4 v0x5576d9424b80_0;
    %parti/s 1, 2, 3;
    %ix/load 4, 2, 0;
    %ix/load 5, 0, 0;
    %flag_set/imm 4, 0;
    %assign/vec4/off/d v0x5576d945acf0_0, 4, 5;
T_8.1 ;
    %jmp T_8;
    .thread T_8;
    .scope S_0x5576d93e7e30;
T_9 ;
    %wait E_0x5576d93c1910;
    %load/vec4 v0x5576d945b300_0;
    %flag_set/vec4 8;
    %jmp/0xz  T_9.0, 8;
    %pushi/vec4 0, 0, 1;
    %ix/load 4, 3, 0;
    %ix/load 5, 0, 0;
    %flag_set/imm 4, 0;
    %assign/vec4/off/d v0x5576d945acf0_0, 4, 5;
    %jmp T_9.1;
T_9.0 ;
    %load/vec4 v0x5576d9424b80_0;
    %parti/s 1, 3, 3;
    %ix/load 4, 3, 0;
    %ix/load 5, 0, 0;
    %flag_set/imm 4, 0;
    %assign/vec4/off/d v0x5576d945acf0_0, 4, 5;
T_9.1 ;
    %jmp T_9;
    .thread T_9;
    .scope S_0x5576d93e9b40;
T_10 ;
    %pushi/vec4 0, 0, 1;
    %store/vec4 v0x5576d945b4a0_0, 0, 1;
T_10.0 ;
    %delay 2000, 0;
    %load/vec4 v0x5576d945b4a0_0;
    %inv;
    %store/vec4 v0x5576d945b4a0_0, 0, 1;
    %jmp T_10.0;
    %end;
    .thread T_10;
    .scope S_0x5576d93e9b40;
T_11 ;
    %pushi/vec4 1, 0, 1;
    %store/vec4 v0x5576d945b7e0_0, 0, 1;
    %delay 2000, 0;
    %pushi/vec4 0, 0, 1;
    %store/vec4 v0x5576d945b7e0_0, 0, 1;
    %end;
    .thread T_11;
    .scope S_0x5576d93e9b40;
T_12 ;
    %vpi_call 2 22 "$dumpfile", "sim_gl/traffic_gl_1.vcd" {0 0 0};
    %vpi_call 2 23 "$dumpvars", 32'sb00000000000000000000000000000000, S_0x5576d93e9b40 {0 0 0};
    %end;
    .thread T_12;
# The file index is used to find the file name in the following table.
:file_names 4;
    "N/A";
    "<interactive>";
    "tb/traffic_tb1.v";
    "gl_netlist/traffic_gl.v";
