#! /usr/bin/vvp
:ivl_version "10.3 (stable)";
:ivl_delay_selection "TYPICAL";
:vpi_time_precision - 12;
:vpi_module "system";
:vpi_module "vhdl_sys";
:vpi_module "v2005_math";
:vpi_module "va_math";
S_0x556c3d7bbb30 .scope module, "traffic_light_controller_tb" "traffic_light_controller_tb" 2 4;
 .timescale -9 -12;
v0x556c3d82d410_0 .var "clk", 0 0;
v0x556c3d82d4d0_0 .net "light_M1", 2 0, L_0x556c3d837b50;  1 drivers
v0x556c3d82d570_0 .net "light_M2", 2 0, L_0x556c3d83a710;  1 drivers
v0x556c3d82d610_0 .net "light_MT", 2 0, L_0x556c3d83d360;  1 drivers
v0x556c3d82d6b0_0 .net "light_S", 2 0, L_0x556c3d835e00;  1 drivers
v0x556c3d82d750_0 .var "rst", 0 0;
S_0x556c3d7b9e20 .scope module, "dut" "traffic_light_controller" 2 10, 3 5 0, S_0x556c3d7bbb30;
 .timescale 0 0;
    .port_info 0 /INPUT 1 "clk"
    .port_info 1 /INPUT 1 "rst"
    .port_info 2 /OUTPUT 3 "light_M1"
    .port_info 3 /OUTPUT 3 "light_S"
    .port_info 4 /OUTPUT 3 "light_MT"
    .port_info 5 /OUTPUT 3 "light_M2"
L_0x556c3d82d920 .functor NOT 1, L_0x556c3d82d820, C4<0>, C4<0>, C4<0>;
L_0x556c3d82dab0 .functor NOT 1, L_0x556c3d82d9c0, C4<0>, C4<0>, C4<0>;
L_0x556c3d82dc40 .functor NOT 1, L_0x556c3d82db70, C4<0>, C4<0>, C4<0>;
L_0x556c3d82def0 .functor OR 1, L_0x556c3d82dd30, L_0x556c3d82de50, C4<0>, C4<0>;
L_0x556c3d82e060 .functor NOT 1, L_0x556c3d82def0, C4<0>, C4<0>, C4<0>;
L_0x556c3d82e2a0 .functor NOT 1, L_0x556c3d82e200, C4<0>, C4<0>, C4<0>;
L_0x556c3d82e350 .functor AND 1, L_0x556c3d82e120, L_0x556c3d82e2a0, C4<1>, C4<1>;
L_0x556c3d82e460 .functor OR 1, L_0x556c3d82e350, L_0x556c3d82dc40, C4<0>, C4<0>;
L_0x556c3d82e5c0 .functor AND 1, L_0x556c3d82e460, L_0x556c3d82e060, C4<1>, C4<1>;
L_0x556c3d82e6d0 .functor NOT 1, L_0x556c3d82e5c0, C4<0>, C4<0>, C4<0>;
L_0x556c3d82e980 .functor OR 1, L_0x556c3d82e7f0, L_0x556c3d82e8e0, C4<0>, C4<0>;
L_0x556c3d82ea40 .functor NOT 1, L_0x556c3d82e980, C4<0>, C4<0>, C4<0>;
L_0x556c3d82eb70 .functor AND 1, L_0x556c3d82e350, L_0x556c3d82ea40, C4<1>, C4<1>;
L_0x556c3d82ec30 .functor OR 1, L_0x556c3d82eb70, L_0x556c3d82e6d0, C4<0>, C4<0>;
L_0x556c3d82eb00 .functor NOT 1, L_0x556c3d82ec30, C4<0>, C4<0>, C4<0>;
L_0x556c3d82ef50 .functor NOT 1, L_0x556c3d82eeb0, C4<0>, C4<0>, C4<0>;
L_0x556c3d82f050 .functor OR 1, L_0x556c3d82ee10, L_0x556c3d82ef50, C4<0>, C4<0>;
L_0x556c3d82f310 .functor AND 1, L_0x556c3d82f160, L_0x556c3d82f270, C4<1>, C4<1>;
L_0x556c3d82f200 .functor OR 1, L_0x556c3d82f4c0, L_0x556c3d82d920, C4<0>, C4<0>;
L_0x556c3d82f720 .functor OR 1, L_0x556c3d82eb00, L_0x556c3d82dab0, C4<0>, C4<0>;
L_0x556c3d82f8e0 .functor AND 1, L_0x556c3d82f200, L_0x556c3d82f720, C4<1>, C4<1>;
L_0x556c3d82f9f0 .functor NOT 1, L_0x556c3d82f8e0, C4<0>, C4<0>, C4<0>;
L_0x556c3d82fb70 .functor NOT 1, L_0x556c3d82f420, C4<0>, C4<0>, C4<0>;
L_0x556c3d82fd60 .functor AND 1, L_0x556c3d82f4c0, L_0x556c3d82fc30, C4<1>, C4<1>;
L_0x556c3d82fea0 .functor NOT 1, L_0x556c3d82fd60, C4<0>, C4<0>, C4<0>;
L_0x556c3d82ff60 .functor OR 1, L_0x556c3d82ec30, L_0x556c3d82fb70, C4<0>, C4<0>;
L_0x556c3d830100 .functor AND 1, L_0x556c3d82ff60, L_0x556c3d82fea0, C4<1>, C4<1>;
L_0x556c3d830210 .functor NOT 1, L_0x556c3d830100, C4<0>, C4<0>, C4<0>;
L_0x556c3d830460 .functor NOT 1, L_0x556c3d8303c0, C4<0>, C4<0>, C4<0>;
L_0x556c3d830700 .functor AND 1, L_0x556c3d830520, L_0x556c3d830660, C4<1>, C4<1>;
L_0x556c3d830a60 .functor OR 1, L_0x556c3d830700, L_0x556c3d830910, C4<0>, C4<0>;
L_0x556c3d830b70 .functor NOT 1, L_0x556c3d830a60, C4<0>, C4<0>, C4<0>;
L_0x556c3d830ea0 .functor NOT 1, L_0x556c3d830d40, C4<0>, C4<0>, C4<0>;
L_0x556c3d830f60 .functor OR 1, L_0x556c3d8305c0, L_0x556c3d830ea0, C4<0>, C4<0>;
L_0x556c3d831190 .functor OR 1, L_0x556c3d830f60, L_0x556c3d82f050, C4<0>, C4<0>;
L_0x556c3d831250 .functor AND 1, L_0x556c3d831190, L_0x556c3d830b70, C4<1>, C4<1>;
L_0x556c3d831070 .functor NOT 1, L_0x556c3d831250, C4<0>, C4<0>, C4<0>;
L_0x556c3d831490 .functor OR 1, L_0x556c3d831070, L_0x556c3d830460, C4<0>, C4<0>;
L_0x556c3d831690 .functor OR 1, L_0x556c3d82eb00, L_0x556c3d82fb70, C4<0>, C4<0>;
L_0x556c3d831700 .functor AND 1, L_0x556c3d831490, L_0x556c3d831690, C4<1>, C4<1>;
L_0x556c3d831960 .functor NOT 1, L_0x556c3d831700, C4<0>, C4<0>, C4<0>;
L_0x556c3d831ac0 .functor NOT 1, L_0x556c3d831a20, C4<0>, C4<0>, C4<0>;
L_0x556c3d831e50 .functor AND 1, L_0x556c3d831070, L_0x556c3d831ce0, C4<1>, C4<1>;
L_0x556c3d831f10 .functor NOT 1, L_0x556c3d831e50, C4<0>, C4<0>, C4<0>;
L_0x556c3d832140 .functor OR 1, L_0x556c3d82ec30, L_0x556c3d831ac0, C4<0>, C4<0>;
L_0x556c3d8321b0 .functor AND 1, L_0x556c3d832140, L_0x556c3d831f10, C4<1>, C4<1>;
L_0x556c3d832440 .functor NOT 1, L_0x556c3d8321b0, C4<0>, C4<0>, C4<0>;
L_0x556c3d8325a0 .functor NOT 1, L_0x556c3d832500, C4<0>, C4<0>, C4<0>;
L_0x556c3d8327f0 .functor OR 1, L_0x556c3d82f310, L_0x556c3d82e980, C4<0>, C4<0>;
L_0x556c3d832860 .functor OR 1, L_0x556c3d8327f0, L_0x556c3d8325a0, C4<0>, C4<0>;
L_0x556c3d832ac0 .functor OR 1, L_0x556c3d82eb00, L_0x556c3d831ac0, C4<0>, C4<0>;
L_0x556c3d832b30 .functor AND 1, L_0x556c3d832860, L_0x556c3d832ac0, C4<1>, C4<1>;
L_0x556c3d832da0 .functor NOT 1, L_0x556c3d832b30, C4<0>, C4<0>, C4<0>;
L_0x556c3d832fe0 .functor AND 1, L_0x556c3d8327f0, L_0x556c3d832e60, C4<1>, C4<1>;
L_0x556c3d833260 .functor NOT 1, L_0x556c3d832fe0, C4<0>, C4<0>, C4<0>;
L_0x556c3d833320 .functor OR 1, L_0x556c3d82ec30, L_0x556c3d82dab0, C4<0>, C4<0>;
L_0x556c3d833560 .functor AND 1, L_0x556c3d833320, L_0x556c3d833260, C4<1>, C4<1>;
L_0x556c3d833670 .functor NOT 1, L_0x556c3d833560, C4<0>, C4<0>, C4<0>;
L_0x556c3d833b40 .functor OR 1, L_0x556c3d833910, L_0x556c3d8339b0, C4<0>, C4<0>;
L_0x556c3d833c80 .functor NOT 1, L_0x556c3d833b40, C4<0>, C4<0>, C4<0>;
L_0x556c3d834170 .functor OR 1, L_0x556c3d833f30, L_0x556c3d833fd0, C4<0>, C4<0>;
L_0x556c3d8342b0 .functor NOT 1, L_0x556c3d834170, C4<0>, C4<0>, C4<0>;
L_0x556c3d8347c0 .functor OR 1, L_0x556c3d834570, L_0x556c3d834610, C4<0>, C4<0>;
L_0x556c3d834900 .functor NOT 1, L_0x556c3d8347c0, C4<0>, C4<0>, C4<0>;
L_0x556c3d834bd0 .functor AND 1, L_0x556c3d834900, L_0x556c3d8342b0, C4<1>, C4<1>;
L_0x556c3d834ce0 .functor NOT 1, L_0x556c3d834bd0, C4<0>, C4<0>, C4<0>;
L_0x556c3d834fc0 .functor NOT 1, L_0x556c3d834ce0, C4<0>, C4<0>, C4<0>;
L_0x556c3d835080 .functor AND 1, L_0x556c3d833c80, L_0x556c3d834fc0, C4<1>, C4<1>;
L_0x556c3d835460 .functor NOT 1, L_0x556c3d835080, C4<0>, C4<0>, C4<0>;
L_0x556c3d835520 .functor AND 1, L_0x556c3d8353c0, L_0x556c3d835460, C4<1>, C4<1>;
L_0x556c3d835a30 .functor NOT 1, L_0x556c3d835080, C4<0>, C4<0>, C4<0>;
L_0x556c3d835aa0 .functor AND 1, L_0x556c3d835870, L_0x556c3d835a30, C4<1>, C4<1>;
L_0x556c3d835f90 .functor NOT 1, L_0x556c3d835080, C4<0>, C4<0>, C4<0>;
L_0x556c3d836090 .functor AND 1, L_0x556c3d834ce0, L_0x556c3d835f90, C4<1>, C4<1>;
L_0x556c3d8359b0 .functor OR 1, L_0x556c3d8363b0, L_0x556c3d835910, C4<0>, C4<0>;
L_0x556c3d836800 .functor NOT 1, L_0x556c3d836620, C4<0>, C4<0>, C4<0>;
L_0x556c3d836b30 .functor AND 1, L_0x556c3d833c80, L_0x556c3d836800, C4<1>, C4<1>;
L_0x556c3d836c90 .functor OR 1, L_0x556c3d8359b0, L_0x556c3d836bf0, C4<0>, C4<0>;
L_0x556c3d837020 .functor NOT 1, L_0x556c3d8359b0, C4<0>, C4<0>, C4<0>;
L_0x556c3d837090 .functor AND 1, L_0x556c3d82d920, L_0x556c3d837020, C4<1>, C4<1>;
L_0x556c3d8373e0 .functor AND 1, L_0x556c3d836b30, L_0x556c3d837090, C4<1>, C4<1>;
L_0x556c3d8376e0 .functor NOT 1, L_0x556c3d8373e0, C4<0>, C4<0>, C4<0>;
L_0x556c3d837a40 .functor AND 1, L_0x556c3d8374f0, L_0x556c3d8376e0, C4<1>, C4<1>;
L_0x556c3d837ce0 .functor OR 1, L_0x556c3d8373e0, L_0x556c3d833c80, C4<0>, C4<0>;
L_0x556c3d838090 .functor NOT 1, L_0x556c3d837ce0, C4<0>, C4<0>, C4<0>;
L_0x556c3d8383f0 .functor OR 1, L_0x556c3d838150, L_0x556c3d838350, C4<0>, C4<0>;
L_0x556c3d838a70 .functor OR 1, L_0x556c3d8387c0, L_0x556c3d8389d0, C4<0>, C4<0>;
L_0x556c3d838b80 .functor OR 1, L_0x556c3d838a70, L_0x556c3d8383f0, C4<0>, C4<0>;
L_0x556c3d838f60 .functor NOT 1, L_0x556c3d838b80, C4<0>, C4<0>, C4<0>;
L_0x556c3d839020 .functor AND 1, L_0x556c3d82fb70, L_0x556c3d838f60, C4<1>, C4<1>;
L_0x556c3d839620 .functor NOT 1, L_0x556c3d839400, C4<0>, C4<0>, C4<0>;
L_0x556c3d8396e0 .functor AND 1, L_0x556c3d839020, L_0x556c3d839620, C4<1>, C4<1>;
L_0x556c3d839b80 .functor NOT 1, L_0x556c3d8396e0, C4<0>, C4<0>, C4<0>;
L_0x556c3d839c40 .functor AND 1, L_0x556c3d839ae0, L_0x556c3d839b80, C4<1>, C4<1>;
L_0x556c3d83a280 .functor NOT 1, L_0x556c3d8396e0, C4<0>, C4<0>, C4<0>;
L_0x556c3d83a2f0 .functor AND 1, L_0x556c3d83a050, L_0x556c3d83a280, C4<1>, C4<1>;
L_0x556c3d83a8a0 .functor NOT 1, L_0x556c3d8396e0, C4<0>, C4<0>, C4<0>;
L_0x556c3d83a9a0 .functor AND 1, L_0x556c3d838b80, L_0x556c3d83a8a0, C4<1>, C4<1>;
L_0x556c3d83b060 .functor OR 1, L_0x556c3d83ad80, L_0x556c3d83afc0, C4<0>, C4<0>;
L_0x556c3d83b460 .functor OR 1, L_0x556c3d83b170, L_0x556c3d83b3c0, C4<0>, C4<0>;
L_0x556c3d83b8a0 .functor OR 1, L_0x556c3d83b460, L_0x556c3d83b060, C4<0>, C4<0>;
L_0x556c3d83b9b0 .functor NOT 1, L_0x556c3d83b8a0, C4<0>, C4<0>, C4<0>;
L_0x556c3d83bdb0 .functor AND 1, L_0x556c3d831ac0, L_0x556c3d83b9b0, C4<1>, C4<1>;
L_0x556c3d83c110 .functor NOT 1, L_0x556c3d83beb0, C4<0>, C4<0>, C4<0>;
L_0x556c3d83c520 .functor AND 1, L_0x556c3d83bdb0, L_0x556c3d83c110, C4<1>, C4<1>;
L_0x556c3d83c6d0 .functor NOT 1, L_0x556c3d83c520, C4<0>, C4<0>, C4<0>;
L_0x556c3d83caf0 .functor AND 1, L_0x556c3d83c630, L_0x556c3d83c6d0, C4<1>, C4<1>;
L_0x556c3d83ce70 .functor NOT 1, L_0x556c3d83c520, C4<0>, C4<0>, C4<0>;
L_0x556c3d83d250 .functor AND 1, L_0x556c3d83cc00, L_0x556c3d83ce70, C4<1>, C4<1>;
L_0x556c3d83d4f0 .functor NOT 1, L_0x556c3d83c520, C4<0>, C4<0>, C4<0>;
L_0x556c3d83d970 .functor AND 1, L_0x556c3d83b8a0, L_0x556c3d83d4f0, C4<1>, C4<1>;
L_0x556c3d83da30 .functor NOT 1, L_0x556c3d8383f0, C4<0>, C4<0>, C4<0>;
L_0x556c3d83de30 .functor AND 1, L_0x556c3d82fb70, L_0x556c3d83da30, C4<1>, C4<1>;
L_0x556c3d83def0 .functor AND 1, L_0x556c3d83de30, L_0x556c3d8325a0, C4<1>, C4<1>;
L_0x556c3d83e350 .functor NOT 1, L_0x556c3d83def0, C4<0>, C4<0>, C4<0>;
L_0x556c3d83e410 .functor NOT 1, L_0x556c3d83e350, C4<0>, C4<0>, C4<0>;
L_0x556c3d83e880 .functor AND 1, L_0x556c3d834900, L_0x556c3d83e410, C4<1>, C4<1>;
L_0x556c3d83ebc0 .functor OR 1, L_0x556c3d82ec30, L_0x556c3d83e940, C4<0>, C4<0>;
L_0x556c3d83f0e0 .functor OR 1, L_0x556c3d8327f0, L_0x556c3d83f040, C4<0>, C4<0>;
L_0x556c3d83f1e0 .functor OR 1, L_0x556c3d83f0e0, L_0x556c3d8325a0, C4<0>, C4<0>;
L_0x556c3d83f700 .functor OR 1, L_0x556c3d83ebc0, L_0x556c3d83de30, C4<0>, C4<0>;
L_0x556c3d83f770 .functor AND 1, L_0x556c3d83f1e0, L_0x556c3d83f700, C4<1>, C4<1>;
L_0x556c3d83fc60 .functor NOT 1, L_0x556c3d83f770, C4<0>, C4<0>, C4<0>;
L_0x556c3d83ffb0 .functor OR 1, L_0x556c3d831070, L_0x556c3d83fd20, C4<0>, C4<0>;
L_0x556c3d840590 .functor OR 1, L_0x556c3d82f4c0, L_0x556c3d8404f0, C4<0>, C4<0>;
L_0x556c3d840690 .functor OR 1, L_0x556c3d840590, L_0x556c3d82d920, C4<0>, C4<0>;
L_0x556c3d840be0 .functor OR 1, L_0x556c3d83ffb0, L_0x556c3d830460, C4<0>, C4<0>;
L_0x556c3d840c50 .functor AND 1, L_0x556c3d840690, L_0x556c3d840be0, C4<1>, C4<1>;
L_0x556c3d8410d0 .functor NOT 1, L_0x556c3d840c50, C4<0>, C4<0>, C4<0>;
L_0x556c3d841190 .functor OR 1, L_0x556c3d8410d0, L_0x556c3d83fc60, C4<0>, C4<0>;
L_0x556c3d841af0 .functor NOT 1, L_0x556c3d82e350, C4<0>, C4<0>, C4<0>;
L_0x556c3d841bf0 .functor AND 1, L_0x556c3d830f60, L_0x556c3d841af0, C4<1>, C4<1>;
L_0x556c3d8412a0 .functor OR 1, L_0x556c3d841bf0, L_0x556c3d82ec30, C4<0>, C4<0>;
L_0x556c3d841360 .functor OR 1, L_0x556c3d841bf0, L_0x556c3d8327f0, C4<0>, C4<0>;
L_0x556c3d8413d0 .functor OR 1, L_0x556c3d841360, L_0x556c3d8325a0, C4<0>, C4<0>;
L_0x556c3d841490 .functor OR 1, L_0x556c3d8412a0, L_0x556c3d83de30, C4<0>, C4<0>;
L_0x556c3d8415e0 .functor AND 1, L_0x556c3d8413d0, L_0x556c3d841490, C4<1>, C4<1>;
L_0x556c3d8420b0 .functor NOT 1, L_0x556c3d8415e0, C4<0>, C4<0>, C4<0>;
L_0x556c3d841c60 .functor OR 1, L_0x556c3d841bf0, L_0x556c3d831070, C4<0>, C4<0>;
L_0x556c3d841d60 .functor OR 1, L_0x556c3d841bf0, L_0x556c3d82f4c0, C4<0>, C4<0>;
L_0x556c3d841dd0 .functor OR 1, L_0x556c3d841d60, L_0x556c3d82d920, C4<0>, C4<0>;
L_0x556c3d841e40 .functor OR 1, L_0x556c3d841c60, L_0x556c3d830460, C4<0>, C4<0>;
L_0x556c3d841f90 .functor AND 1, L_0x556c3d841dd0, L_0x556c3d841e40, C4<1>, C4<1>;
L_0x556c3d8425f0 .functor NOT 1, L_0x556c3d841f90, C4<0>, C4<0>, C4<0>;
L_0x556c3d842170 .functor OR 1, L_0x556c3d8425f0, L_0x556c3d8420b0, C4<0>, C4<0>;
L_0x556c3d842ef0 .functor AND 1, L_0x556c3d842b90, L_0x556c3d842e50, C4<1>, C4<1>;
L_0x556c3d842660 .functor NOT 1, L_0x556c3d842ef0, C4<0>, C4<0>, C4<0>;
L_0x556c3d8429f0 .functor XOR 1, L_0x556c3d842660, L_0x556c3d842720, C4<0>, C4<0>;
L_0x556c3d843000 .functor OR 1, L_0x556c3d8429f0, L_0x556c3d82ec30, C4<0>, C4<0>;
L_0x556c3d8430c0 .functor OR 1, L_0x556c3d8429f0, L_0x556c3d8327f0, C4<0>, C4<0>;
L_0x556c3d843130 .functor OR 1, L_0x556c3d8430c0, L_0x556c3d8325a0, C4<0>, C4<0>;
L_0x556c3d8431f0 .functor OR 1, L_0x556c3d843000, L_0x556c3d83de30, C4<0>, C4<0>;
L_0x556c3d8432b0 .functor AND 1, L_0x556c3d843130, L_0x556c3d8431f0, C4<1>, C4<1>;
L_0x556c3d8433c0 .functor NOT 1, L_0x556c3d8432b0, C4<0>, C4<0>, C4<0>;
L_0x556c3d8439d0 .functor OR 1, L_0x556c3d8429f0, L_0x556c3d831070, C4<0>, C4<0>;
L_0x556c3d843a40 .functor OR 1, L_0x556c3d8429f0, L_0x556c3d82f4c0, C4<0>, C4<0>;
L_0x556c3d8434f0 .functor OR 1, L_0x556c3d843a40, L_0x556c3d82d920, C4<0>, C4<0>;
L_0x556c3d843590 .functor OR 1, L_0x556c3d8439d0, L_0x556c3d830460, C4<0>, C4<0>;
L_0x556c3d843650 .functor AND 1, L_0x556c3d8434f0, L_0x556c3d843590, C4<1>, C4<1>;
L_0x556c3d843760 .functor NOT 1, L_0x556c3d843650, C4<0>, C4<0>, C4<0>;
L_0x556c3d843820 .functor OR 1, L_0x556c3d843760, L_0x556c3d8433c0, C4<0>, C4<0>;
L_0x556c3d844420 .functor AND 1, L_0x556c3d82f310, L_0x556c3d844380, C4<1>, C4<1>;
L_0x556c3d843ab0 .functor NOT 1, L_0x556c3d844420, C4<0>, C4<0>, C4<0>;
L_0x556c3d843e60 .functor XOR 1, L_0x556c3d843ab0, L_0x556c3d843b70, C4<0>, C4<0>;
L_0x556c3d844a50 .functor OR 1, L_0x556c3d843e60, L_0x556c3d82ec30, C4<0>, C4<0>;
L_0x556c3d844ac0 .functor OR 1, L_0x556c3d843e60, L_0x556c3d8327f0, C4<0>, C4<0>;
L_0x556c3d844520 .functor OR 1, L_0x556c3d844ac0, L_0x556c3d8325a0, C4<0>, C4<0>;
L_0x556c3d8445e0 .functor OR 1, L_0x556c3d844a50, L_0x556c3d83de30, C4<0>, C4<0>;
L_0x556c3d8446a0 .functor AND 1, L_0x556c3d844520, L_0x556c3d8445e0, C4<1>, C4<1>;
L_0x556c3d8447b0 .functor NOT 1, L_0x556c3d8446a0, C4<0>, C4<0>, C4<0>;
L_0x556c3d844870 .functor OR 1, L_0x556c3d843e60, L_0x556c3d831070, C4<0>, C4<0>;
L_0x556c3d844970 .functor OR 1, L_0x556c3d843e60, L_0x556c3d82f4c0, C4<0>, C4<0>;
L_0x556c3d8449e0 .functor OR 1, L_0x556c3d844970, L_0x556c3d82d920, C4<0>, C4<0>;
L_0x556c3d8450a0 .functor OR 1, L_0x556c3d844870, L_0x556c3d830460, C4<0>, C4<0>;
L_0x556c3d844b30 .functor AND 1, L_0x556c3d8449e0, L_0x556c3d8450a0, C4<1>, C4<1>;
L_0x556c3d844c40 .functor NOT 1, L_0x556c3d844b30, C4<0>, C4<0>, C4<0>;
L_0x556c3d844d00 .functor OR 1, L_0x556c3d844c40, L_0x556c3d8447b0, C4<0>, C4<0>;
v0x556c3d7f6b70_0 .net "_000_", 3 0, L_0x556c3d844e10;  1 drivers
v0x556c3d7f6c10_0 .net "_001_", 0 0, L_0x556c3d82f9f0;  1 drivers
v0x556c3d7f7950_0 .net "_002_", 0 0, L_0x556c3d832da0;  1 drivers
v0x556c3d7f79f0_0 .net "_003_", 0 0, L_0x556c3d831960;  1 drivers
v0x556c3d7f8730_0 .net "_004_", 0 0, L_0x556c3d830210;  1 drivers
v0x556c3d7f87d0_0 .net "_005_", 0 0, L_0x556c3d833670;  1 drivers
v0x556c3d81f340_0 .net "_006_", 0 0, L_0x556c3d832440;  1 drivers
v0x556c3d81f400_0 .net "_007_", 0 0, L_0x556c3d83ffb0;  1 drivers
v0x556c3d81f4c0_0 .net "_008_", 0 0, L_0x556c3d840590;  1 drivers
v0x556c3d81f580_0 .net "_009_", 0 0, L_0x556c3d8410d0;  1 drivers
v0x556c3d81f640_0 .net "_010_", 0 0, L_0x556c3d841190;  1 drivers
v0x556c3d81f700_0 .net "_011_", 0 0, L_0x556c3d841bf0;  1 drivers
v0x556c3d81f7c0_0 .net "_012_", 0 0, L_0x556c3d8412a0;  1 drivers
v0x556c3d81f880_0 .net "_013_", 0 0, L_0x556c3d841360;  1 drivers
v0x556c3d81f940_0 .net "_014_", 0 0, L_0x556c3d8420b0;  1 drivers
v0x556c3d81fa00_0 .net "_015_", 0 0, L_0x556c3d841c60;  1 drivers
v0x556c3d81fac0_0 .net "_016_", 0 0, L_0x556c3d841d60;  1 drivers
v0x556c3d81fb80_0 .net "_017_", 0 0, L_0x556c3d8425f0;  1 drivers
v0x556c3d81fc40_0 .net "_018_", 0 0, L_0x556c3d842170;  1 drivers
v0x556c3d81fd00_0 .net "_019_", 0 0, L_0x556c3d842660;  1 drivers
v0x556c3d81fdc0_0 .net "_020_", 0 0, L_0x556c3d8429f0;  1 drivers
v0x556c3d81fe80_0 .net "_021_", 0 0, L_0x556c3d843000;  1 drivers
v0x556c3d81ff40_0 .net "_022_", 0 0, L_0x556c3d8430c0;  1 drivers
v0x556c3d820000_0 .net "_023_", 0 0, L_0x556c3d8433c0;  1 drivers
v0x556c3d8200c0_0 .net "_024_", 0 0, L_0x556c3d8439d0;  1 drivers
v0x556c3d820180_0 .net "_025_", 0 0, L_0x556c3d843a40;  1 drivers
v0x556c3d820240_0 .net "_026_", 0 0, L_0x556c3d843760;  1 drivers
v0x556c3d820300_0 .net "_027_", 0 0, L_0x556c3d843820;  1 drivers
v0x556c3d8203c0_0 .net "_028_", 0 0, L_0x556c3d843ab0;  1 drivers
v0x556c3d820480_0 .net "_029_", 0 0, L_0x556c3d843e60;  1 drivers
v0x556c3d820540_0 .net "_030_", 0 0, L_0x556c3d844a50;  1 drivers
v0x556c3d820600_0 .net "_031_", 0 0, L_0x556c3d844ac0;  1 drivers
v0x556c3d8206c0_0 .net "_032_", 0 0, L_0x556c3d8447b0;  1 drivers
v0x556c3d820990_0 .net "_033_", 0 0, L_0x556c3d844870;  1 drivers
v0x556c3d820a50_0 .net "_034_", 0 0, L_0x556c3d844970;  1 drivers
v0x556c3d820b10_0 .net "_035_", 0 0, L_0x556c3d844c40;  1 drivers
v0x556c3d820bd0_0 .net "_036_", 0 0, L_0x556c3d844d00;  1 drivers
v0x556c3d820c90_0 .net "_037_", 0 0, L_0x556c3d82d920;  1 drivers
v0x556c3d820d50_0 .net "_038_", 0 0, L_0x556c3d82dab0;  1 drivers
v0x556c3d820e10_0 .net "_039_", 0 0, L_0x556c3d82dc40;  1 drivers
v0x556c3d820ed0_0 .net "_040_", 0 0, L_0x556c3d82e060;  1 drivers
v0x556c3d820f90_0 .net "_041_", 0 0, L_0x556c3d82e350;  1 drivers
v0x556c3d821050_0 .net "_042_", 0 0, L_0x556c3d82e6d0;  1 drivers
v0x556c3d821110_0 .net "_043_", 0 0, L_0x556c3d82e980;  1 drivers
v0x556c3d8211d0_0 .net "_044_", 0 0, L_0x556c3d82eb70;  1 drivers
v0x556c3d821290_0 .net "_045_", 0 0, L_0x556c3d82ec30;  1 drivers
v0x556c3d821350_0 .net "_046_", 0 0, L_0x556c3d82eb00;  1 drivers
v0x556c3d821410_0 .net "_047_", 0 0, L_0x556c3d82f050;  1 drivers
v0x556c3d8214d0_0 .net "_048_", 0 0, L_0x556c3d82f310;  1 drivers
v0x556c3d821590_0 .net "_049_", 0 0, L_0x556c3d82f4c0;  1 drivers
v0x556c3d821650_0 .net "_050_", 0 0, L_0x556c3d82fb70;  1 drivers
v0x556c3d821710_0 .net "_051_", 0 0, L_0x556c3d82fea0;  1 drivers
v0x556c3d8217d0_0 .net "_052_", 0 0, L_0x556c3d830460;  1 drivers
v0x556c3d821890_0 .net "_053_", 0 0, L_0x556c3d830b70;  1 drivers
v0x556c3d821950_0 .net "_054_", 0 0, L_0x556c3d830f60;  1 drivers
v0x556c3d821a10_0 .net "_055_", 0 0, L_0x556c3d831070;  1 drivers
v0x556c3d821ad0_0 .net "_056_", 0 0, L_0x556c3d831ac0;  1 drivers
v0x556c3d821b90_0 .net "_057_", 0 0, L_0x556c3d831f10;  1 drivers
v0x556c3d821c50_0 .net "_058_", 0 0, L_0x556c3d8325a0;  1 drivers
v0x556c3d821d10_0 .net "_059_", 0 0, L_0x556c3d8327f0;  1 drivers
v0x556c3d821dd0_0 .net "_060_", 0 0, L_0x556c3d833260;  1 drivers
v0x556c3d821e90_0 .net "_061_", 0 0, L_0x556c3d833c80;  1 drivers
v0x556c3d821f50_0 .net "_062_", 0 0, L_0x556c3d8342b0;  1 drivers
v0x556c3d822010_0 .net "_063_", 0 0, L_0x556c3d834900;  1 drivers
v0x556c3d8220d0_0 .net "_064_", 0 0, L_0x556c3d834ce0;  1 drivers
v0x556c3d8225a0_0 .net "_065_", 0 0, L_0x556c3d835080;  1 drivers
v0x556c3d822660_0 .net "_066_", 0 0, L_0x556c3d8359b0;  1 drivers
v0x556c3d822720_0 .net "_067_", 0 0, L_0x556c3d836b30;  1 drivers
v0x556c3d8227e0_0 .net "_068_", 0 0, L_0x556c3d837090;  1 drivers
v0x556c3d8228a0_0 .net "_069_", 0 0, L_0x556c3d8373e0;  1 drivers
v0x556c3d822960_0 .net "_070_", 0 0, L_0x556c3d8383f0;  1 drivers
v0x556c3d822a20_0 .net "_071_", 0 0, L_0x556c3d838a70;  1 drivers
v0x556c3d822ae0_0 .net "_072_", 0 0, L_0x556c3d838b80;  1 drivers
v0x556c3d822ba0_0 .net "_073_", 0 0, L_0x556c3d839020;  1 drivers
v0x556c3d822c60_0 .net "_074_", 0 0, L_0x556c3d8396e0;  1 drivers
v0x556c3d822d20_0 .net "_075_", 0 0, L_0x556c3d83b060;  1 drivers
v0x556c3d822de0_0 .net "_076_", 0 0, L_0x556c3d83b460;  1 drivers
v0x556c3d822ea0_0 .net "_077_", 0 0, L_0x556c3d83b8a0;  1 drivers
v0x556c3d822f60_0 .net "_078_", 0 0, L_0x556c3d83bdb0;  1 drivers
v0x556c3d823020_0 .net "_079_", 0 0, L_0x556c3d83c520;  1 drivers
v0x556c3d8230e0_0 .net "_080_", 0 0, L_0x556c3d83de30;  1 drivers
v0x556c3d8231a0_0 .net "_081_", 0 0, L_0x556c3d83e350;  1 drivers
v0x556c3d823260_0 .net "_082_", 0 0, L_0x556c3d83e880;  1 drivers
v0x556c3d823320_0 .net "_083_", 0 0, L_0x556c3d83ebc0;  1 drivers
v0x556c3d8233e0_0 .net "_084_", 0 0, L_0x556c3d83f0e0;  1 drivers
v0x556c3d8234a0_0 .net "_085_", 0 0, L_0x556c3d83fc60;  1 drivers
v0x556c3d823560_0 .net *"_s1", 0 0, L_0x556c3d82d820;  1 drivers
v0x556c3d823640_0 .net *"_s100", 0 0, L_0x556c3d830a60;  1 drivers
v0x556c3d823720_0 .net *"_s105", 0 0, L_0x556c3d8305c0;  1 drivers
v0x556c3d823800_0 .net *"_s107", 0 0, L_0x556c3d830d40;  1 drivers
v0x556c3d8238e0_0 .net *"_s108", 0 0, L_0x556c3d830ea0;  1 drivers
v0x556c3d8239c0_0 .net *"_s112", 0 0, L_0x556c3d831190;  1 drivers
v0x556c3d823aa0_0 .net *"_s114", 0 0, L_0x556c3d831250;  1 drivers
v0x556c3d823b80_0 .net *"_s118", 0 0, L_0x556c3d831490;  1 drivers
v0x556c3d823c60_0 .net *"_s120", 0 0, L_0x556c3d831690;  1 drivers
v0x556c3d823d40_0 .net *"_s122", 0 0, L_0x556c3d831700;  1 drivers
v0x556c3d823e20_0 .net *"_s127", 0 0, L_0x556c3d831a20;  1 drivers
v0x556c3d823f00_0 .net *"_s13", 0 0, L_0x556c3d82dd30;  1 drivers
v0x556c3d823fe0_0 .net *"_s131", 0 0, L_0x556c3d831ce0;  1 drivers
v0x556c3d8240c0_0 .net *"_s132", 0 0, L_0x556c3d831e50;  1 drivers
v0x556c3d8241a0_0 .net *"_s136", 0 0, L_0x556c3d832140;  1 drivers
v0x556c3d824280_0 .net *"_s138", 0 0, L_0x556c3d8321b0;  1 drivers
v0x556c3d824360_0 .net *"_s143", 0 0, L_0x556c3d832500;  1 drivers
v0x556c3d824440_0 .net *"_s148", 0 0, L_0x556c3d832860;  1 drivers
v0x556c3d824520_0 .net *"_s15", 0 0, L_0x556c3d82de50;  1 drivers
v0x556c3d824600_0 .net *"_s150", 0 0, L_0x556c3d832ac0;  1 drivers
v0x556c3d8246e0_0 .net *"_s152", 0 0, L_0x556c3d832b30;  1 drivers
v0x556c3d8247c0_0 .net *"_s157", 0 0, L_0x556c3d832e60;  1 drivers
v0x556c3d8248a0_0 .net *"_s158", 0 0, L_0x556c3d832fe0;  1 drivers
v0x556c3d824980_0 .net *"_s16", 0 0, L_0x556c3d82def0;  1 drivers
v0x556c3d824a60_0 .net *"_s162", 0 0, L_0x556c3d833320;  1 drivers
v0x556c3d824b40_0 .net *"_s164", 0 0, L_0x556c3d833560;  1 drivers
v0x556c3d824c20_0 .net *"_s169", 0 0, L_0x556c3d833910;  1 drivers
v0x556c3d824d00_0 .net *"_s171", 0 0, L_0x556c3d8339b0;  1 drivers
v0x556c3d824de0_0 .net *"_s172", 0 0, L_0x556c3d833b40;  1 drivers
v0x556c3d824ec0_0 .net *"_s177", 0 0, L_0x556c3d833f30;  1 drivers
v0x556c3d824fa0_0 .net *"_s179", 0 0, L_0x556c3d833fd0;  1 drivers
v0x556c3d825080_0 .net *"_s180", 0 0, L_0x556c3d834170;  1 drivers
v0x556c3d825160_0 .net *"_s185", 0 0, L_0x556c3d834570;  1 drivers
v0x556c3d825240_0 .net *"_s187", 0 0, L_0x556c3d834610;  1 drivers
v0x556c3d825320_0 .net *"_s188", 0 0, L_0x556c3d8347c0;  1 drivers
v0x556c3d825400_0 .net *"_s192", 0 0, L_0x556c3d834bd0;  1 drivers
v0x556c3d8254e0_0 .net *"_s196", 0 0, L_0x556c3d834fc0;  1 drivers
v0x556c3d8255c0_0 .net *"_s203", 0 0, L_0x556c3d8353c0;  1 drivers
v0x556c3d8256a0_0 .net *"_s204", 0 0, L_0x556c3d835460;  1 drivers
v0x556c3d825780_0 .net *"_s206", 0 0, L_0x556c3d835520;  1 drivers
v0x556c3d825860_0 .net *"_s21", 0 0, L_0x556c3d82e120;  1 drivers
v0x556c3d825940_0 .net *"_s211", 0 0, L_0x556c3d835870;  1 drivers
v0x556c3d825a20_0 .net *"_s212", 0 0, L_0x556c3d835a30;  1 drivers
v0x556c3d826310_0 .net *"_s214", 0 0, L_0x556c3d835aa0;  1 drivers
v0x556c3d8263f0_0 .net *"_s219", 0 0, L_0x556c3d835f90;  1 drivers
v0x556c3d8264d0_0 .net *"_s221", 0 0, L_0x556c3d836090;  1 drivers
v0x556c3d8265b0_0 .net *"_s224", 0 0, L_0x556c3d8363b0;  1 drivers
v0x556c3d826690_0 .net *"_s226", 0 0, L_0x556c3d835910;  1 drivers
v0x556c3d826770_0 .net *"_s23", 0 0, L_0x556c3d82e200;  1 drivers
v0x556c3d826850_0 .net *"_s230", 0 0, L_0x556c3d836620;  1 drivers
v0x556c3d826930_0 .net *"_s231", 0 0, L_0x556c3d836800;  1 drivers
v0x556c3d826a10_0 .net *"_s238", 0 0, L_0x556c3d836bf0;  1 drivers
v0x556c3d826af0_0 .net *"_s239", 0 0, L_0x556c3d836c90;  1 drivers
v0x556c3d826bd0_0 .net *"_s24", 0 0, L_0x556c3d82e2a0;  1 drivers
v0x556c3d826cb0_0 .net *"_s241", 0 0, L_0x556c3d837020;  1 drivers
v0x556c3d826d90_0 .net *"_s250", 0 0, L_0x556c3d8374f0;  1 drivers
v0x556c3d826e70_0 .net *"_s251", 0 0, L_0x556c3d8376e0;  1 drivers
v0x556c3d826f50_0 .net *"_s253", 0 0, L_0x556c3d837a40;  1 drivers
v0x556c3d827030_0 .net *"_s258", 0 0, L_0x556c3d837ce0;  1 drivers
v0x556c3d827110_0 .net *"_s260", 0 0, L_0x556c3d838090;  1 drivers
v0x556c3d8271f0_0 .net *"_s263", 0 0, L_0x556c3d838150;  1 drivers
v0x556c3d8272d0_0 .net *"_s265", 0 0, L_0x556c3d838350;  1 drivers
v0x556c3d8273b0_0 .net *"_s269", 0 0, L_0x556c3d8387c0;  1 drivers
v0x556c3d827490_0 .net *"_s271", 0 0, L_0x556c3d8389d0;  1 drivers
v0x556c3d827570_0 .net *"_s276", 0 0, L_0x556c3d838f60;  1 drivers
v0x556c3d827650_0 .net *"_s28", 0 0, L_0x556c3d82e460;  1 drivers
v0x556c3d827730_0 .net *"_s281", 0 0, L_0x556c3d839400;  1 drivers
v0x556c3d827810_0 .net *"_s282", 0 0, L_0x556c3d839620;  1 drivers
v0x556c3d8278f0_0 .net *"_s289", 0 0, L_0x556c3d839ae0;  1 drivers
v0x556c3d8279d0_0 .net *"_s290", 0 0, L_0x556c3d839b80;  1 drivers
v0x556c3d827ab0_0 .net *"_s292", 0 0, L_0x556c3d839c40;  1 drivers
v0x556c3d827b90_0 .net *"_s297", 0 0, L_0x556c3d83a050;  1 drivers
v0x556c3d827c70_0 .net *"_s298", 0 0, L_0x556c3d83a280;  1 drivers
v0x556c3d827d50_0 .net *"_s30", 0 0, L_0x556c3d82e5c0;  1 drivers
v0x556c3d827e30_0 .net *"_s300", 0 0, L_0x556c3d83a2f0;  1 drivers
v0x556c3d827f10_0 .net *"_s305", 0 0, L_0x556c3d83a8a0;  1 drivers
v0x556c3d827ff0_0 .net *"_s307", 0 0, L_0x556c3d83a9a0;  1 drivers
v0x556c3d8280d0_0 .net *"_s310", 0 0, L_0x556c3d83ad80;  1 drivers
v0x556c3d8281b0_0 .net *"_s312", 0 0, L_0x556c3d83afc0;  1 drivers
v0x556c3d828290_0 .net *"_s316", 0 0, L_0x556c3d83b170;  1 drivers
v0x556c3d828370_0 .net *"_s318", 0 0, L_0x556c3d83b3c0;  1 drivers
v0x556c3d828450_0 .net *"_s323", 0 0, L_0x556c3d83b9b0;  1 drivers
v0x556c3d828530_0 .net *"_s328", 0 0, L_0x556c3d83beb0;  1 drivers
v0x556c3d828610_0 .net *"_s329", 0 0, L_0x556c3d83c110;  1 drivers
v0x556c3d8286f0_0 .net *"_s336", 0 0, L_0x556c3d83c630;  1 drivers
v0x556c3d8287d0_0 .net *"_s337", 0 0, L_0x556c3d83c6d0;  1 drivers
v0x556c3d8288b0_0 .net *"_s339", 0 0, L_0x556c3d83caf0;  1 drivers
v0x556c3d828990_0 .net *"_s344", 0 0, L_0x556c3d83cc00;  1 drivers
v0x556c3d828a70_0 .net *"_s345", 0 0, L_0x556c3d83ce70;  1 drivers
v0x556c3d828b50_0 .net *"_s347", 0 0, L_0x556c3d83d250;  1 drivers
v0x556c3d828c30_0 .net *"_s35", 0 0, L_0x556c3d82e7f0;  1 drivers
v0x556c3d828d10_0 .net *"_s352", 0 0, L_0x556c3d83d4f0;  1 drivers
v0x556c3d828df0_0 .net *"_s354", 0 0, L_0x556c3d83d970;  1 drivers
v0x556c3d828ed0_0 .net *"_s356", 0 0, L_0x556c3d83da30;  1 drivers
v0x556c3d828fb0_0 .net *"_s360", 0 0, L_0x556c3d83def0;  1 drivers
v0x556c3d829090_0 .net *"_s364", 0 0, L_0x556c3d83e410;  1 drivers
v0x556c3d829170_0 .net *"_s369", 0 0, L_0x556c3d83e940;  1 drivers
v0x556c3d829250_0 .net *"_s37", 0 0, L_0x556c3d82e8e0;  1 drivers
v0x556c3d829330_0 .net *"_s373", 0 0, L_0x556c3d83f040;  1 drivers
v0x556c3d829410_0 .net *"_s376", 0 0, L_0x556c3d83f1e0;  1 drivers
v0x556c3d8294f0_0 .net *"_s378", 0 0, L_0x556c3d83f700;  1 drivers
v0x556c3d8295d0_0 .net *"_s380", 0 0, L_0x556c3d83f770;  1 drivers
v0x556c3d8296b0_0 .net *"_s385", 0 0, L_0x556c3d83fd20;  1 drivers
v0x556c3d829790_0 .net *"_s389", 0 0, L_0x556c3d8404f0;  1 drivers
v0x556c3d829870_0 .net *"_s392", 0 0, L_0x556c3d840690;  1 drivers
v0x556c3d829950_0 .net *"_s394", 0 0, L_0x556c3d840be0;  1 drivers
v0x556c3d829a30_0 .net *"_s396", 0 0, L_0x556c3d840c50;  1 drivers
v0x556c3d829b10_0 .net *"_s40", 0 0, L_0x556c3d82ea40;  1 drivers
v0x556c3d829bf0_0 .net *"_s405", 0 0, L_0x556c3d8416c0;  1 drivers
v0x556c3d829cd0_0 .net *"_s406", 0 0, L_0x556c3d841960;  1 drivers
v0x556c3d829db0_0 .net *"_s408", 0 0, L_0x556c3d841af0;  1 drivers
v0x556c3d829e90_0 .net *"_s416", 0 0, L_0x556c3d8413d0;  1 drivers
v0x556c3d829f70_0 .net *"_s418", 0 0, L_0x556c3d841490;  1 drivers
v0x556c3d82a050_0 .net *"_s420", 0 0, L_0x556c3d8415e0;  1 drivers
v0x556c3d82a130_0 .net *"_s428", 0 0, L_0x556c3d841dd0;  1 drivers
v0x556c3d82a210_0 .net *"_s430", 0 0, L_0x556c3d841e40;  1 drivers
v0x556c3d82a2f0_0 .net *"_s432", 0 0, L_0x556c3d841f90;  1 drivers
v0x556c3d82a3d0_0 .net *"_s441", 0 0, L_0x556c3d842280;  1 drivers
v0x556c3d82a4b0_0 .net *"_s442", 0 0, L_0x556c3d842530;  1 drivers
v0x556c3d82a590_0 .net *"_s445", 0 0, L_0x556c3d842b90;  1 drivers
v0x556c3d82a670_0 .net *"_s447", 0 0, L_0x556c3d842e50;  1 drivers
v0x556c3d82a750_0 .net *"_s448", 0 0, L_0x556c3d842ef0;  1 drivers
v0x556c3d82a830_0 .net *"_s453", 0 0, L_0x556c3d842720;  1 drivers
v0x556c3d82a910_0 .net *"_s460", 0 0, L_0x556c3d843130;  1 drivers
v0x556c3d82a9f0_0 .net *"_s462", 0 0, L_0x556c3d8431f0;  1 drivers
v0x556c3d82aad0_0 .net *"_s464", 0 0, L_0x556c3d8432b0;  1 drivers
v0x556c3d82abb0_0 .net *"_s472", 0 0, L_0x556c3d8434f0;  1 drivers
v0x556c3d82ac90_0 .net *"_s474", 0 0, L_0x556c3d843590;  1 drivers
v0x556c3d82ad70_0 .net *"_s476", 0 0, L_0x556c3d843650;  1 drivers
v0x556c3d82ae50_0 .net *"_s485", 0 0, L_0x556c3d843930;  1 drivers
v0x556c3d82af30_0 .net *"_s486", 0 0, L_0x556c3d843fc0;  1 drivers
v0x556c3d82b010_0 .net *"_s489", 0 0, L_0x556c3d844380;  1 drivers
v0x556c3d82b0f0_0 .net *"_s49", 0 0, L_0x556c3d82ee10;  1 drivers
v0x556c3d82b1d0_0 .net *"_s490", 0 0, L_0x556c3d844420;  1 drivers
v0x556c3d82b2b0_0 .net *"_s495", 0 0, L_0x556c3d843b70;  1 drivers
v0x556c3d82b390_0 .net *"_s5", 0 0, L_0x556c3d82d9c0;  1 drivers
v0x556c3d82b470_0 .net *"_s502", 0 0, L_0x556c3d844520;  1 drivers
v0x556c3d82b550_0 .net *"_s504", 0 0, L_0x556c3d8445e0;  1 drivers
v0x556c3d82b630_0 .net *"_s506", 0 0, L_0x556c3d8446a0;  1 drivers
v0x556c3d82b710_0 .net *"_s51", 0 0, L_0x556c3d82eeb0;  1 drivers
v0x556c3d82b7f0_0 .net *"_s514", 0 0, L_0x556c3d8449e0;  1 drivers
v0x556c3d82b8d0_0 .net *"_s516", 0 0, L_0x556c3d8450a0;  1 drivers
v0x556c3d82b9b0_0 .net *"_s518", 0 0, L_0x556c3d844b30;  1 drivers
v0x556c3d82ba90_0 .net *"_s52", 0 0, L_0x556c3d82ef50;  1 drivers
v0x556c3d82bb70_0 .net *"_s528", 0 0, L_0x556c3d844fa0;  1 drivers
v0x556c3d82bc50_0 .net *"_s529", 0 0, L_0x556c3d845950;  1 drivers
v0x556c3d82bd30_0 .net *"_s57", 0 0, L_0x556c3d82f160;  1 drivers
v0x556c3d82be10_0 .net *"_s59", 0 0, L_0x556c3d82f270;  1 drivers
v0x556c3d82bef0_0 .net *"_s64", 0 0, L_0x556c3d82f200;  1 drivers
v0x556c3d82bfd0_0 .net *"_s66", 0 0, L_0x556c3d82f720;  1 drivers
v0x556c3d82c0b0_0 .net *"_s68", 0 0, L_0x556c3d82f8e0;  1 drivers
v0x556c3d82c190_0 .net *"_s73", 0 0, L_0x556c3d82f420;  1 drivers
v0x556c3d82c270_0 .net *"_s77", 0 0, L_0x556c3d82fc30;  1 drivers
v0x556c3d82c350_0 .net *"_s78", 0 0, L_0x556c3d82fd60;  1 drivers
v0x556c3d82c430_0 .net *"_s82", 0 0, L_0x556c3d82ff60;  1 drivers
v0x556c3d82c510_0 .net *"_s84", 0 0, L_0x556c3d830100;  1 drivers
v0x556c3d82c5f0_0 .net *"_s89", 0 0, L_0x556c3d8303c0;  1 drivers
v0x556c3d82c6d0_0 .net *"_s9", 0 0, L_0x556c3d82db70;  1 drivers
v0x556c3d82c7b0_0 .net *"_s93", 0 0, L_0x556c3d830520;  1 drivers
v0x556c3d82c890_0 .net *"_s95", 0 0, L_0x556c3d830660;  1 drivers
v0x556c3d82c970_0 .net *"_s96", 0 0, L_0x556c3d830700;  1 drivers
v0x556c3d82ca50_0 .net *"_s99", 0 0, L_0x556c3d830910;  1 drivers
v0x556c3d82cb30_0 .net "clk", 0 0, v0x556c3d82d410_0;  1 drivers
v0x556c3d82cc60_0 .var "count", 3 0;
v0x556c3d82cd40_0 .net "light_M1", 2 0, L_0x556c3d837b50;  alias, 1 drivers
v0x556c3d82ce40_0 .net "light_M2", 2 0, L_0x556c3d83a710;  alias, 1 drivers
v0x556c3d82cf40_0 .net "light_MT", 2 0, L_0x556c3d83d360;  alias, 1 drivers
v0x556c3d82d040_0 .net "light_S", 2 0, L_0x556c3d835e00;  alias, 1 drivers
v0x556c3d82d190_0 .var "ps", 5 0;
v0x556c3d82d270_0 .net "rst", 0 0, v0x556c3d82d750_0;  1 drivers
E_0x556c3d793910 .event posedge, v0x556c3d82d270_0, v0x556c3d82cb30_0;
L_0x556c3d82d820 .part v0x556c3d82d190_0, 0, 1;
L_0x556c3d82d9c0 .part v0x556c3d82d190_0, 4, 1;
L_0x556c3d82db70 .part v0x556c3d82cc60_0, 1, 1;
L_0x556c3d82dd30 .part v0x556c3d82cc60_0, 3, 1;
L_0x556c3d82de50 .part v0x556c3d82cc60_0, 2, 1;
L_0x556c3d82e120 .part v0x556c3d82cc60_0, 1, 1;
L_0x556c3d82e200 .part v0x556c3d82cc60_0, 0, 1;
L_0x556c3d82e7f0 .part v0x556c3d82cc60_0, 3, 1;
L_0x556c3d82e8e0 .part v0x556c3d82cc60_0, 2, 1;
L_0x556c3d82ee10 .part v0x556c3d82cc60_0, 3, 1;
L_0x556c3d82eeb0 .part v0x556c3d82cc60_0, 2, 1;
L_0x556c3d82f160 .part v0x556c3d82cc60_0, 1, 1;
L_0x556c3d82f270 .part v0x556c3d82cc60_0, 0, 1;
L_0x556c3d82f4c0 .functor MUXZ 1, L_0x556c3d82f310, L_0x556c3d82e980, L_0x556c3d82f050, C4<>;
L_0x556c3d82f420 .part v0x556c3d82d190_0, 3, 1;
L_0x556c3d82fc30 .part v0x556c3d82d190_0, 0, 1;
L_0x556c3d8303c0 .part v0x556c3d82d190_0, 2, 1;
L_0x556c3d830520 .part v0x556c3d82cc60_0, 2, 1;
L_0x556c3d830660 .part v0x556c3d82cc60_0, 1, 1;
L_0x556c3d830910 .part v0x556c3d82cc60_0, 3, 1;
L_0x556c3d8305c0 .part v0x556c3d82cc60_0, 1, 1;
L_0x556c3d830d40 .part v0x556c3d82cc60_0, 0, 1;
L_0x556c3d831a20 .part v0x556c3d82d190_0, 5, 1;
L_0x556c3d831ce0 .part v0x556c3d82d190_0, 2, 1;
L_0x556c3d832500 .part v0x556c3d82d190_0, 1, 1;
L_0x556c3d832e60 .part v0x556c3d82d190_0, 1, 1;
L_0x556c3d833910 .part v0x556c3d82d190_0, 1, 1;
L_0x556c3d8339b0 .part v0x556c3d82d190_0, 4, 1;
L_0x556c3d833f30 .part v0x556c3d82d190_0, 5, 1;
L_0x556c3d833fd0 .part v0x556c3d82d190_0, 3, 1;
L_0x556c3d834570 .part v0x556c3d82d190_0, 0, 1;
L_0x556c3d834610 .part v0x556c3d82d190_0, 2, 1;
L_0x556c3d8353c0 .part v0x556c3d82d190_0, 1, 1;
L_0x556c3d835870 .part v0x556c3d82d190_0, 4, 1;
L_0x556c3d835e00 .concat8 [ 1 1 1 0], L_0x556c3d835520, L_0x556c3d835aa0, L_0x556c3d836090;
L_0x556c3d8363b0 .part v0x556c3d82d190_0, 2, 1;
L_0x556c3d835910 .part v0x556c3d82d190_0, 3, 1;
L_0x556c3d836620 .part v0x556c3d82d190_0, 5, 1;
L_0x556c3d836bf0 .part v0x556c3d82d190_0, 0, 1;
L_0x556c3d8374f0 .part v0x556c3d82d190_0, 5, 1;
L_0x556c3d837b50 .concat8 [ 1 1 1 0], L_0x556c3d836c90, L_0x556c3d837a40, L_0x556c3d838090;
L_0x556c3d838150 .part v0x556c3d82d190_0, 4, 1;
L_0x556c3d838350 .part v0x556c3d82d190_0, 5, 1;
L_0x556c3d8387c0 .part v0x556c3d82d190_0, 1, 1;
L_0x556c3d8389d0 .part v0x556c3d82d190_0, 2, 1;
L_0x556c3d839400 .part v0x556c3d82d190_0, 0, 1;
L_0x556c3d839ae0 .part v0x556c3d82d190_0, 0, 1;
L_0x556c3d83a050 .part v0x556c3d82d190_0, 3, 1;
L_0x556c3d83a710 .concat8 [ 1 1 1 0], L_0x556c3d839c40, L_0x556c3d83a2f0, L_0x556c3d83a9a0;
L_0x556c3d83ad80 .part v0x556c3d82d190_0, 4, 1;
L_0x556c3d83afc0 .part v0x556c3d82d190_0, 3, 1;
L_0x556c3d83b170 .part v0x556c3d82d190_0, 1, 1;
L_0x556c3d83b3c0 .part v0x556c3d82d190_0, 0, 1;
L_0x556c3d83beb0 .part v0x556c3d82d190_0, 2, 1;
L_0x556c3d83c630 .part v0x556c3d82d190_0, 2, 1;
L_0x556c3d83cc00 .part v0x556c3d82d190_0, 5, 1;
L_0x556c3d83d360 .concat8 [ 1 1 1 0], L_0x556c3d83caf0, L_0x556c3d83d250, L_0x556c3d83d970;
L_0x556c3d83e940 .part v0x556c3d82cc60_0, 0, 1;
L_0x556c3d83f040 .part v0x556c3d82cc60_0, 0, 1;
L_0x556c3d83fd20 .part v0x556c3d82cc60_0, 0, 1;
L_0x556c3d8404f0 .part v0x556c3d82cc60_0, 0, 1;
L_0x556c3d8416c0 .part v0x556c3d82cc60_0, 0, 1;
L_0x556c3d841960 .functor MUXZ 1, L_0x556c3d841190, L_0x556c3d8416c0, L_0x556c3d83e880, C4<>;
L_0x556c3d842280 .part v0x556c3d82cc60_0, 1, 1;
L_0x556c3d842530 .functor MUXZ 1, L_0x556c3d842170, L_0x556c3d842280, L_0x556c3d83e880, C4<>;
L_0x556c3d842b90 .part v0x556c3d82cc60_0, 1, 1;
L_0x556c3d842e50 .part v0x556c3d82cc60_0, 0, 1;
L_0x556c3d842720 .part v0x556c3d82cc60_0, 2, 1;
L_0x556c3d843930 .part v0x556c3d82cc60_0, 2, 1;
L_0x556c3d843fc0 .functor MUXZ 1, L_0x556c3d843820, L_0x556c3d843930, L_0x556c3d83e880, C4<>;
L_0x556c3d844380 .part v0x556c3d82cc60_0, 2, 1;
L_0x556c3d843b70 .part v0x556c3d82cc60_0, 3, 1;
L_0x556c3d844e10 .concat8 [ 1 1 1 1], L_0x556c3d841960, L_0x556c3d842530, L_0x556c3d843fc0, L_0x556c3d845950;
L_0x556c3d844fa0 .part v0x556c3d82cc60_0, 3, 1;
L_0x556c3d845950 .functor MUXZ 1, L_0x556c3d844d00, L_0x556c3d844fa0, L_0x556c3d83e880, C4<>;
    .scope S_0x556c3d7b9e20;
T_0 ;
    %wait E_0x556c3d793910;
    %load/vec4 v0x556c3d82d270_0;
    %flag_set/vec4 8;
    %jmp/0xz  T_0.0, 8;
    %pushi/vec4 1, 0, 1;
    %ix/load 4, 0, 0;
    %ix/load 5, 0, 0;
    %flag_set/imm 4, 0;
    %assign/vec4/off/d v0x556c3d82d190_0, 4, 5;
    %jmp T_0.1;
T_0.0 ;
    %load/vec4 v0x556c3d7f6c10_0;
    %ix/load 4, 0, 0;
    %ix/load 5, 0, 0;
    %flag_set/imm 4, 0;
    %assign/vec4/off/d v0x556c3d82d190_0, 4, 5;
T_0.1 ;
    %jmp T_0;
    .thread T_0;
    .scope S_0x556c3d7b9e20;
T_1 ;
    %wait E_0x556c3d793910;
    %load/vec4 v0x556c3d82d270_0;
    %flag_set/vec4 8;
    %jmp/0xz  T_1.0, 8;
    %pushi/vec4 0, 0, 1;
    %ix/load 4, 1, 0;
    %ix/load 5, 0, 0;
    %flag_set/imm 4, 0;
    %assign/vec4/off/d v0x556c3d82d190_0, 4, 5;
    %jmp T_1.1;
T_1.0 ;
    %load/vec4 v0x556c3d7f7950_0;
    %ix/load 4, 1, 0;
    %ix/load 5, 0, 0;
    %flag_set/imm 4, 0;
    %assign/vec4/off/d v0x556c3d82d190_0, 4, 5;
T_1.1 ;
    %jmp T_1;
    .thread T_1;
    .scope S_0x556c3d7b9e20;
T_2 ;
    %wait E_0x556c3d793910;
    %load/vec4 v0x556c3d82d270_0;
    %flag_set/vec4 8;
    %jmp/0xz  T_2.0, 8;
    %pushi/vec4 0, 0, 1;
    %ix/load 4, 2, 0;
    %ix/load 5, 0, 0;
    %flag_set/imm 4, 0;
    %assign/vec4/off/d v0x556c3d82d190_0, 4, 5;
    %jmp T_2.1;
T_2.0 ;
    %load/vec4 v0x556c3d7f79f0_0;
    %ix/load 4, 2, 0;
    %ix/load 5, 0, 0;
    %flag_set/imm 4, 0;
    %assign/vec4/off/d v0x556c3d82d190_0, 4, 5;
T_2.1 ;
    %jmp T_2;
    .thread T_2;
    .scope S_0x556c3d7b9e20;
T_3 ;
    %wait E_0x556c3d793910;
    %load/vec4 v0x556c3d82d270_0;
    %flag_set/vec4 8;
    %jmp/0xz  T_3.0, 8;
    %pushi/vec4 0, 0, 1;
    %ix/load 4, 3, 0;
    %ix/load 5, 0, 0;
    %flag_set/imm 4, 0;
    %assign/vec4/off/d v0x556c3d82d190_0, 4, 5;
    %jmp T_3.1;
T_3.0 ;
    %load/vec4 v0x556c3d7f8730_0;
    %ix/load 4, 3, 0;
    %ix/load 5, 0, 0;
    %flag_set/imm 4, 0;
    %assign/vec4/off/d v0x556c3d82d190_0, 4, 5;
T_3.1 ;
    %jmp T_3;
    .thread T_3;
    .scope S_0x556c3d7b9e20;
T_4 ;
    %wait E_0x556c3d793910;
    %load/vec4 v0x556c3d82d270_0;
    %flag_set/vec4 8;
    %jmp/0xz  T_4.0, 8;
    %pushi/vec4 0, 0, 1;
    %ix/load 4, 4, 0;
    %ix/load 5, 0, 0;
    %flag_set/imm 4, 0;
    %assign/vec4/off/d v0x556c3d82d190_0, 4, 5;
    %jmp T_4.1;
T_4.0 ;
    %load/vec4 v0x556c3d7f87d0_0;
    %ix/load 4, 4, 0;
    %ix/load 5, 0, 0;
    %flag_set/imm 4, 0;
    %assign/vec4/off/d v0x556c3d82d190_0, 4, 5;
T_4.1 ;
    %jmp T_4;
    .thread T_4;
    .scope S_0x556c3d7b9e20;
T_5 ;
    %wait E_0x556c3d793910;
    %load/vec4 v0x556c3d82d270_0;
    %flag_set/vec4 8;
    %jmp/0xz  T_5.0, 8;
    %pushi/vec4 0, 0, 1;
    %ix/load 4, 5, 0;
    %ix/load 5, 0, 0;
    %flag_set/imm 4, 0;
    %assign/vec4/off/d v0x556c3d82d190_0, 4, 5;
    %jmp T_5.1;
T_5.0 ;
    %load/vec4 v0x556c3d81f340_0;
    %ix/load 4, 5, 0;
    %ix/load 5, 0, 0;
    %flag_set/imm 4, 0;
    %assign/vec4/off/d v0x556c3d82d190_0, 4, 5;
T_5.1 ;
    %jmp T_5;
    .thread T_5;
    .scope S_0x556c3d7b9e20;
T_6 ;
    %wait E_0x556c3d793910;
    %load/vec4 v0x556c3d82d270_0;
    %flag_set/vec4 8;
    %jmp/0xz  T_6.0, 8;
    %pushi/vec4 0, 0, 1;
    %ix/load 4, 0, 0;
    %ix/load 5, 0, 0;
    %flag_set/imm 4, 0;
    %assign/vec4/off/d v0x556c3d82cc60_0, 4, 5;
    %jmp T_6.1;
T_6.0 ;
    %load/vec4 v0x556c3d7f6b70_0;
    %parti/s 1, 0, 2;
    %ix/load 4, 0, 0;
    %ix/load 5, 0, 0;
    %flag_set/imm 4, 0;
    %assign/vec4/off/d v0x556c3d82cc60_0, 4, 5;
T_6.1 ;
    %jmp T_6;
    .thread T_6;
    .scope S_0x556c3d7b9e20;
T_7 ;
    %wait E_0x556c3d793910;
    %load/vec4 v0x556c3d82d270_0;
    %flag_set/vec4 8;
    %jmp/0xz  T_7.0, 8;
    %pushi/vec4 0, 0, 1;
    %ix/load 4, 1, 0;
    %ix/load 5, 0, 0;
    %flag_set/imm 4, 0;
    %assign/vec4/off/d v0x556c3d82cc60_0, 4, 5;
    %jmp T_7.1;
T_7.0 ;
    %load/vec4 v0x556c3d7f6b70_0;
    %parti/s 1, 1, 2;
    %ix/load 4, 1, 0;
    %ix/load 5, 0, 0;
    %flag_set/imm 4, 0;
    %assign/vec4/off/d v0x556c3d82cc60_0, 4, 5;
T_7.1 ;
    %jmp T_7;
    .thread T_7;
    .scope S_0x556c3d7b9e20;
T_8 ;
    %wait E_0x556c3d793910;
    %load/vec4 v0x556c3d82d270_0;
    %flag_set/vec4 8;
    %jmp/0xz  T_8.0, 8;
    %pushi/vec4 0, 0, 1;
    %ix/load 4, 2, 0;
    %ix/load 5, 0, 0;
    %flag_set/imm 4, 0;
    %assign/vec4/off/d v0x556c3d82cc60_0, 4, 5;
    %jmp T_8.1;
T_8.0 ;
    %load/vec4 v0x556c3d7f6b70_0;
    %parti/s 1, 2, 3;
    %ix/load 4, 2, 0;
    %ix/load 5, 0, 0;
    %flag_set/imm 4, 0;
    %assign/vec4/off/d v0x556c3d82cc60_0, 4, 5;
T_8.1 ;
    %jmp T_8;
    .thread T_8;
    .scope S_0x556c3d7b9e20;
T_9 ;
    %wait E_0x556c3d793910;
    %load/vec4 v0x556c3d82d270_0;
    %flag_set/vec4 8;
    %jmp/0xz  T_9.0, 8;
    %pushi/vec4 0, 0, 1;
    %ix/load 4, 3, 0;
    %ix/load 5, 0, 0;
    %flag_set/imm 4, 0;
    %assign/vec4/off/d v0x556c3d82cc60_0, 4, 5;
    %jmp T_9.1;
T_9.0 ;
    %load/vec4 v0x556c3d7f6b70_0;
    %parti/s 1, 3, 3;
    %ix/load 4, 3, 0;
    %ix/load 5, 0, 0;
    %flag_set/imm 4, 0;
    %assign/vec4/off/d v0x556c3d82cc60_0, 4, 5;
T_9.1 ;
    %jmp T_9;
    .thread T_9;
    .scope S_0x556c3d7bbb30;
T_10 ;
    %pushi/vec4 0, 0, 1;
    %store/vec4 v0x556c3d82d410_0, 0, 1;
T_10.0 ;
    %delay 5000, 0;
    %load/vec4 v0x556c3d82d410_0;
    %inv;
    %store/vec4 v0x556c3d82d410_0, 0, 1;
    %jmp T_10.0;
    %end;
    .thread T_10;
    .scope S_0x556c3d7bbb30;
T_11 ;
    %pushi/vec4 1, 0, 1;
    %store/vec4 v0x556c3d82d750_0, 0, 1;
    %delay 20000, 0;
    %pushi/vec4 0, 0, 1;
    %store/vec4 v0x556c3d82d750_0, 0, 1;
    %end;
    .thread T_11;
    .scope S_0x556c3d7bbb30;
T_12 ;
    %vpi_call 2 23 "$dumpfile", "sim_gl/traffic_gl.vcd" {0 0 0};
    %vpi_call 2 24 "$dumpvars", 32'sb00000000000000000000000000000000, S_0x556c3d7bbb30 {0 0 0};
    %end;
    .thread T_12;
# The file index is used to find the file name in the following table.
:file_names 4;
    "N/A";
    "<interactive>";
    "tb/traffic_tb.v";
    "gl_netlist/traffic_gl.v";
