#! /usr/bin/vvp
:ivl_version "10.3 (stable)";
:ivl_delay_selection "TYPICAL";
:vpi_time_precision - 12;
:vpi_module "system";
:vpi_module "vhdl_sys";
:vpi_module "v2005_math";
:vpi_module "va_math";
S_0x5594be8726c0 .scope module, "vm_tb" "vm_tb" 2 4;
 .timescale -9 -12;
v0x5594be8b7120_0 .net "change", 1 0, L_0x5594be8bafc0;  1 drivers
v0x5594be8b7200_0 .var "clk", 0 0;
v0x5594be8b72a0_0 .var "in", 1 0;
v0x5594be8b7340_0 .net "out", 0 0, L_0x5594be8baeb0;  1 drivers
v0x5594be8b7410_0 .var "reset", 0 0;
S_0x5594be871720 .scope module, "dut" "vm" 2 11, 3 5 0, S_0x5594be8726c0;
 .timescale 0 0;
    .port_info 0 /INPUT 1 "clk"
    .port_info 1 /INPUT 1 "reset"
    .port_info 2 /INPUT 2 "in"
    .port_info 3 /OUTPUT 1 "out"
    .port_info 4 /OUTPUT 2 "change"
L_0x5594be8b75b0 .functor NOT 1, L_0x5594be8b74b0, C4<0>, C4<0>, C4<0>;
L_0x5594be8b7790 .functor NOT 1, L_0x5594be8b76a0, C4<0>, C4<0>, C4<0>;
L_0x5594be8b7a10 .functor NOT 1, L_0x5594be8b7940, C4<0>, C4<0>, C4<0>;
L_0x5594be8b7b00 .functor OR 1, L_0x5594be8b7850, L_0x5594be8b7a10, C4<0>, C4<0>;
L_0x5594be8b7dc0 .functor AND 1, L_0x5594be8b7c40, L_0x5594be8b7ce0, C4<1>, C4<1>;
L_0x5594be8b7e80 .functor NOT 1, L_0x5594be8b7dc0, C4<0>, C4<0>, C4<0>;
L_0x5594be8b7f80 .functor OR 1, L_0x5594be8b7e80, L_0x5594be8b7790, C4<0>, C4<0>;
L_0x5594be8b8090 .functor OR 1, L_0x5594be8b7b00, L_0x5594be8b75b0, C4<0>, C4<0>;
L_0x5594be8b81f0 .functor AND 1, L_0x5594be8b7f80, L_0x5594be8b8090, C4<1>, C4<1>;
L_0x5594be8b8300 .functor NOT 1, L_0x5594be8b81f0, C4<0>, C4<0>, C4<0>;
L_0x5594be8b85b0 .functor NOT 1, L_0x5594be8b84c0, C4<0>, C4<0>, C4<0>;
L_0x5594be8b8620 .functor OR 1, L_0x5594be8b8420, L_0x5594be8b85b0, C4<0>, C4<0>;
L_0x5594be8b8840 .functor NOT 1, L_0x5594be8b8620, C4<0>, C4<0>, C4<0>;
L_0x5594be8b8900 .functor AND 1, L_0x5594be8b87a0, L_0x5594be8b8840, C4<1>, C4<1>;
L_0x5594be8b8730 .functor OR 1, L_0x5594be8b8900, L_0x5594be8b8300, C4<0>, C4<0>;
L_0x5594be8b8c30 .functor NOT 1, L_0x5594be8b8b30, C4<0>, C4<0>, C4<0>;
L_0x5594be8b8d30 .functor OR 1, L_0x5594be8b7e80, L_0x5594be8b75b0, C4<0>, C4<0>;
L_0x5594be8b8da0 .functor OR 1, L_0x5594be8b7b00, L_0x5594be8b8c30, C4<0>, C4<0>;
L_0x5594be8b8eb0 .functor AND 1, L_0x5594be8b8d30, L_0x5594be8b8da0, C4<1>, C4<1>;
L_0x5594be8b8fc0 .functor NOT 1, L_0x5594be8b8eb0, C4<0>, C4<0>, C4<0>;
L_0x5594be8b9240 .functor OR 1, L_0x5594be8b8e10, L_0x5594be8b9130, C4<0>, C4<0>;
L_0x5594be8b9350 .functor OR 1, L_0x5594be8b7e80, L_0x5594be8b8c30, C4<0>, C4<0>;
L_0x5594be8b9480 .functor AND 1, L_0x5594be8b9350, L_0x5594be8b9240, C4<1>, C4<1>;
L_0x5594be8b9540 .functor NOT 1, L_0x5594be8b9480, C4<0>, C4<0>, C4<0>;
L_0x5594be8b91d0 .functor OR 1, L_0x5594be8b96d0, L_0x5594be8b9770, C4<0>, C4<0>;
L_0x5594be8b9930 .functor NOT 1, L_0x5594be8b91d0, C4<0>, C4<0>, C4<0>;
L_0x5594be8b9ad0 .functor OR 1, L_0x5594be8b9930, L_0x5594be8b8620, C4<0>, C4<0>;
L_0x5594be8b9b90 .functor OR 1, L_0x5594be8b7b00, L_0x5594be8b7790, C4<0>, C4<0>;
L_0x5594be8b9cf0 .functor AND 1, L_0x5594be8b9ad0, L_0x5594be8b9b90, C4<1>, C4<1>;
L_0x5594be8b9db0 .functor NOT 1, L_0x5594be8b9cf0, C4<0>, C4<0>, C4<0>;
L_0x5594be8b9f70 .functor OR 1, L_0x5594be8b9db0, L_0x5594be8b9540, C4<0>, C4<0>;
L_0x5594be8ba080 .functor OR 1, L_0x5594be8b8620, L_0x5594be8b7790, C4<0>, C4<0>;
L_0x5594be8ba320 .functor OR 1, L_0x5594be8b9240, L_0x5594be8b75b0, C4<0>, C4<0>;
L_0x5594be8ba420 .functor AND 1, L_0x5594be8ba080, L_0x5594be8ba320, C4<1>, C4<1>;
L_0x5594be8ba5b0 .functor NOT 1, L_0x5594be8ba420, C4<0>, C4<0>, C4<0>;
L_0x5594be8ba7f0 .functor XOR 1, L_0x5594be8ba620, L_0x5594be8ba6c0, C4<0>, C4<0>;
L_0x5594be8ba490 .functor NOT 1, L_0x5594be8ba7f0, C4<0>, C4<0>, C4<0>;
L_0x5594be8baa30 .functor OR 1, L_0x5594be8ba490, L_0x5594be8b7790, C4<0>, C4<0>;
L_0x5594be8babe0 .functor OR 1, L_0x5594be8b8620, L_0x5594be8b75b0, C4<0>, C4<0>;
L_0x5594be8bac50 .functor AND 1, L_0x5594be8baa30, L_0x5594be8babe0, C4<1>, C4<1>;
L_0x5594be8baeb0 .functor NOT 1, L_0x5594be8bac50, C4<0>, C4<0>, C4<0>;
v0x5594be873110_0 .net "_00_", 0 0, L_0x5594be8b9f70;  1 drivers
v0x5594be876ce0_0 .net "_01_", 0 0, L_0x5594be8b8730;  1 drivers
v0x5594be883550_0 .net "_02_", 0 0, L_0x5594be8b8fc0;  1 drivers
v0x5594be8835f0_0 .net "_03_", 0 0, L_0x5594be8b75b0;  1 drivers
v0x5594be8b3c60_0 .net "_04_", 0 0, L_0x5594be8b7790;  1 drivers
v0x5594be8b3d70_0 .net "_05_", 0 0, L_0x5594be8b7b00;  1 drivers
v0x5594be8b3e30_0 .net "_06_", 0 0, L_0x5594be8b7e80;  1 drivers
v0x5594be8b3ef0_0 .net "_07_", 0 0, L_0x5594be8b8300;  1 drivers
v0x5594be8b3fb0_0 .net "_08_", 0 0, L_0x5594be8b8620;  1 drivers
v0x5594be8b4070_0 .net "_09_", 0 0, L_0x5594be8b8900;  1 drivers
v0x5594be8b4130_0 .net "_10_", 0 0, L_0x5594be8b8c30;  1 drivers
v0x5594be8b41f0_0 .net "_11_", 0 0, L_0x5594be8b9240;  1 drivers
v0x5594be8b42b0_0 .net "_12_", 0 0, L_0x5594be8b9540;  1 drivers
v0x5594be8b4370_0 .net "_13_", 0 0, L_0x5594be8b9930;  1 drivers
v0x5594be8b4430_0 .net "_14_", 0 0, L_0x5594be8b9db0;  1 drivers
v0x5594be8b44f0_0 .net "_15_", 0 0, L_0x5594be8ba490;  1 drivers
v0x5594be8b45b0_0 .net *"_s1", 0 0, L_0x5594be8b74b0;  1 drivers
v0x5594be8b4690_0 .net *"_s101", 0 0, L_0x5594be8ba620;  1 drivers
v0x5594be8b4770_0 .net *"_s103", 0 0, L_0x5594be8ba6c0;  1 drivers
v0x5594be8b4850_0 .net *"_s104", 0 0, L_0x5594be8ba7f0;  1 drivers
v0x5594be8b4930_0 .net *"_s108", 0 0, L_0x5594be8baa30;  1 drivers
v0x5594be8b4a10_0 .net *"_s11", 0 0, L_0x5594be8b7940;  1 drivers
v0x5594be8b4af0_0 .net *"_s110", 0 0, L_0x5594be8babe0;  1 drivers
v0x5594be8b4bd0_0 .net *"_s112", 0 0, L_0x5594be8bac50;  1 drivers
L_0x7f275c9ab018 .functor BUFT 1, C4<0>, C4<0>, C4<0>, C4<0>;
v0x5594be8b4cb0_0 .net/2u *"_s119", 0 0, L_0x7f275c9ab018;  1 drivers
v0x5594be8b4d90_0 .net *"_s12", 0 0, L_0x5594be8b7a10;  1 drivers
v0x5594be8b4e70_0 .net *"_s17", 0 0, L_0x5594be8b7c40;  1 drivers
v0x5594be8b4f50_0 .net *"_s19", 0 0, L_0x5594be8b7ce0;  1 drivers
v0x5594be8b5030_0 .net *"_s20", 0 0, L_0x5594be8b7dc0;  1 drivers
v0x5594be8b5110_0 .net *"_s24", 0 0, L_0x5594be8b7f80;  1 drivers
v0x5594be8b51f0_0 .net *"_s26", 0 0, L_0x5594be8b8090;  1 drivers
v0x5594be8b52d0_0 .net *"_s28", 0 0, L_0x5594be8b81f0;  1 drivers
v0x5594be8b53b0_0 .net *"_s33", 0 0, L_0x5594be8b8420;  1 drivers
v0x5594be8b5490_0 .net *"_s35", 0 0, L_0x5594be8b84c0;  1 drivers
v0x5594be8b5570_0 .net *"_s36", 0 0, L_0x5594be8b85b0;  1 drivers
v0x5594be8b5650_0 .net *"_s41", 0 0, L_0x5594be8b87a0;  1 drivers
v0x5594be8b5730_0 .net *"_s42", 0 0, L_0x5594be8b8840;  1 drivers
v0x5594be8b5810_0 .net *"_s49", 0 0, L_0x5594be8b8b30;  1 drivers
v0x5594be8b58f0_0 .net *"_s5", 0 0, L_0x5594be8b76a0;  1 drivers
v0x5594be8b59d0_0 .net *"_s52", 0 0, L_0x5594be8b8d30;  1 drivers
v0x5594be8b5ab0_0 .net *"_s54", 0 0, L_0x5594be8b8da0;  1 drivers
v0x5594be8b5b90_0 .net *"_s56", 0 0, L_0x5594be8b8eb0;  1 drivers
v0x5594be8b5c70_0 .net *"_s61", 0 0, L_0x5594be8b8e10;  1 drivers
v0x5594be8b5d50_0 .net *"_s63", 0 0, L_0x5594be8b9130;  1 drivers
v0x5594be8b5e30_0 .net *"_s66", 0 0, L_0x5594be8b9350;  1 drivers
v0x5594be8b5f10_0 .net *"_s68", 0 0, L_0x5594be8b9480;  1 drivers
v0x5594be8b5ff0_0 .net *"_s73", 0 0, L_0x5594be8b96d0;  1 drivers
v0x5594be8b60d0_0 .net *"_s75", 0 0, L_0x5594be8b9770;  1 drivers
v0x5594be8b61b0_0 .net *"_s76", 0 0, L_0x5594be8b91d0;  1 drivers
v0x5594be8b6290_0 .net *"_s80", 0 0, L_0x5594be8b9ad0;  1 drivers
v0x5594be8b6370_0 .net *"_s82", 0 0, L_0x5594be8b9b90;  1 drivers
v0x5594be8b6450_0 .net *"_s84", 0 0, L_0x5594be8b9cf0;  1 drivers
v0x5594be8b6530_0 .net *"_s9", 0 0, L_0x5594be8b7850;  1 drivers
v0x5594be8b6610_0 .net *"_s92", 0 0, L_0x5594be8ba080;  1 drivers
v0x5594be8b66f0_0 .net *"_s94", 0 0, L_0x5594be8ba320;  1 drivers
v0x5594be8b67d0_0 .net *"_s96", 0 0, L_0x5594be8ba420;  1 drivers
v0x5594be8b68b0_0 .net *"_s98", 0 0, L_0x5594be8ba5b0;  1 drivers
v0x5594be8b6990_0 .var "c_state", 2 0;
v0x5594be8b6a90_0 .net "change", 1 0, L_0x5594be8bafc0;  alias, 1 drivers
v0x5594be8b6ce0_0 .net "clk", 0 0, v0x5594be8b7200_0;  1 drivers
v0x5594be8b6dc0_0 .net "in", 1 0, v0x5594be8b72a0_0;  1 drivers
v0x5594be8b6ec0_0 .net "out", 0 0, L_0x5594be8baeb0;  alias, 1 drivers
v0x5594be8b6fa0_0 .net "reset", 0 0, v0x5594be8b7410_0;  1 drivers
E_0x5594be879980 .event posedge, v0x5594be8b6fa0_0, v0x5594be8b6ce0_0;
L_0x5594be8b74b0 .part v0x5594be8b6990_0, 2, 1;
L_0x5594be8b76a0 .part v0x5594be8b6990_0, 1, 1;
L_0x5594be8b7850 .part v0x5594be8b72a0_0, 1, 1;
L_0x5594be8b7940 .part v0x5594be8b72a0_0, 0, 1;
L_0x5594be8b7c40 .part v0x5594be8b72a0_0, 0, 1;
L_0x5594be8b7ce0 .part v0x5594be8b72a0_0, 1, 1;
L_0x5594be8b8420 .part v0x5594be8b72a0_0, 0, 1;
L_0x5594be8b84c0 .part v0x5594be8b72a0_0, 1, 1;
L_0x5594be8b87a0 .part v0x5594be8b6990_0, 0, 1;
L_0x5594be8b8b30 .part v0x5594be8b6990_0, 0, 1;
L_0x5594be8b8e10 .part v0x5594be8b72a0_0, 0, 1;
L_0x5594be8b9130 .part v0x5594be8b72a0_0, 1, 1;
L_0x5594be8b96d0 .part v0x5594be8b6990_0, 1, 1;
L_0x5594be8b9770 .part v0x5594be8b6990_0, 2, 1;
L_0x5594be8ba620 .part v0x5594be8b72a0_0, 0, 1;
L_0x5594be8ba6c0 .part v0x5594be8b72a0_0, 1, 1;
L_0x5594be8bafc0 .concat8 [ 1 1 0 0], L_0x5594be8ba5b0, L_0x7f275c9ab018;
    .scope S_0x5594be871720;
T_0 ;
    %wait E_0x5594be879980;
    %load/vec4 v0x5594be8b6fa0_0;
    %flag_set/vec4 8;
    %jmp/0xz  T_0.0, 8;
    %pushi/vec4 1, 0, 1;
    %ix/load 4, 0, 0;
    %ix/load 5, 0, 0;
    %flag_set/imm 4, 0;
    %assign/vec4/off/d v0x5594be8b6990_0, 4, 5;
    %jmp T_0.1;
T_0.0 ;
    %load/vec4 v0x5594be873110_0;
    %ix/load 4, 0, 0;
    %ix/load 5, 0, 0;
    %flag_set/imm 4, 0;
    %assign/vec4/off/d v0x5594be8b6990_0, 4, 5;
T_0.1 ;
    %jmp T_0;
    .thread T_0;
    .scope S_0x5594be871720;
T_1 ;
    %wait E_0x5594be879980;
    %load/vec4 v0x5594be8b6fa0_0;
    %flag_set/vec4 8;
    %jmp/0xz  T_1.0, 8;
    %pushi/vec4 0, 0, 1;
    %ix/load 4, 1, 0;
    %ix/load 5, 0, 0;
    %flag_set/imm 4, 0;
    %assign/vec4/off/d v0x5594be8b6990_0, 4, 5;
    %jmp T_1.1;
T_1.0 ;
    %load/vec4 v0x5594be876ce0_0;
    %ix/load 4, 1, 0;
    %ix/load 5, 0, 0;
    %flag_set/imm 4, 0;
    %assign/vec4/off/d v0x5594be8b6990_0, 4, 5;
T_1.1 ;
    %jmp T_1;
    .thread T_1;
    .scope S_0x5594be871720;
T_2 ;
    %wait E_0x5594be879980;
    %load/vec4 v0x5594be8b6fa0_0;
    %flag_set/vec4 8;
    %jmp/0xz  T_2.0, 8;
    %pushi/vec4 0, 0, 1;
    %ix/load 4, 2, 0;
    %ix/load 5, 0, 0;
    %flag_set/imm 4, 0;
    %assign/vec4/off/d v0x5594be8b6990_0, 4, 5;
    %jmp T_2.1;
T_2.0 ;
    %load/vec4 v0x5594be883550_0;
    %ix/load 4, 2, 0;
    %ix/load 5, 0, 0;
    %flag_set/imm 4, 0;
    %assign/vec4/off/d v0x5594be8b6990_0, 4, 5;
T_2.1 ;
    %jmp T_2;
    .thread T_2;
    .scope S_0x5594be8726c0;
T_3 ;
    %vpi_call 2 14 "$dumpfile", "sim_gl/vm_gl.vcd" {0 0 0};
    %vpi_call 2 15 "$dumpvars", 32'sb00000000000000000000000000000000, S_0x5594be8726c0 {0 0 0};
    %end;
    .thread T_3;
    .scope S_0x5594be8726c0;
T_4 ;
    %pushi/vec4 1, 0, 1;
    %store/vec4 v0x5594be8b7410_0, 0, 1;
    %pushi/vec4 0, 0, 1;
    %store/vec4 v0x5594be8b7200_0, 0, 1;
    %delay 6000, 0;
    %pushi/vec4 0, 0, 1;
    %store/vec4 v0x5594be8b7410_0, 0, 1;
    %pushi/vec4 1, 0, 2;
    %store/vec4 v0x5594be8b72a0_0, 0, 2;
    %delay 10000, 0;
    %pushi/vec4 1, 0, 2;
    %store/vec4 v0x5594be8b72a0_0, 0, 2;
    %delay 12000, 0;
    %pushi/vec4 2, 0, 2;
    %store/vec4 v0x5594be8b72a0_0, 0, 2;
    %delay 25000, 0;
    %vpi_call 2 26 "$finish" {0 0 0};
    %end;
    .thread T_4;
    .scope S_0x5594be8726c0;
T_5 ;
    %delay 5000, 0;
    %load/vec4 v0x5594be8b7200_0;
    %inv;
    %store/vec4 v0x5594be8b7200_0, 0, 1;
    %jmp T_5;
    .thread T_5;
# The file index is used to find the file name in the following table.
:file_names 4;
    "N/A";
    "<interactive>";
    "tb/vm_tb.v";
    "gl_netlist/vm_gl.v";
