#! /usr/bin/vvp
:ivl_version "10.3 (stable)";
:ivl_delay_selection "TYPICAL";
:vpi_time_precision - 12;
:vpi_module "system";
:vpi_module "vhdl_sys";
:vpi_module "v2005_math";
:vpi_module "va_math";
S_0x55b57e967800 .scope module, "vm_tb" "vm_tb" 2 3;
 .timescale -9 -12;
v0x55b57e97d380_0 .net "change", 1 0, v0x55b57e97cda0_0;  1 drivers
v0x55b57e97d460_0 .var "clk", 0 0;
v0x55b57e97d530_0 .var "in", 1 0;
v0x55b57e97d630_0 .net "out", 0 0, v0x55b57e97d160_0;  1 drivers
v0x55b57e97d700_0 .var "reset", 0 0;
S_0x55b57e967980 .scope module, "dut" "vm" 2 10, 3 3 0, S_0x55b57e967800;
 .timescale -9 -12;
    .port_info 0 /INPUT 1 "clk"
    .port_info 1 /INPUT 1 "reset"
    .port_info 2 /INPUT 2 "in"
    .port_info 3 /OUTPUT 1 "out"
    .port_info 4 /OUTPUT 2 "change"
P_0x55b57e92a050 .param/l "s0" 0 3 12, C4<00>;
P_0x55b57e92a090 .param/l "s1" 0 3 13, C4<01>;
P_0x55b57e92a0d0 .param/l "s2" 0 3 14, C4<10>;
v0x55b57e92a2b0_0 .var "c_state", 1 0;
v0x55b57e97cda0_0 .var "change", 1 0;
v0x55b57e97ce80_0 .net "clk", 0 0, v0x55b57e97d460_0;  1 drivers
v0x55b57e97cf50_0 .net "in", 1 0, v0x55b57e97d530_0;  1 drivers
v0x55b57e97d030_0 .var "n_state", 1 0;
v0x55b57e97d160_0 .var "out", 0 0;
v0x55b57e97d220_0 .net "reset", 0 0, v0x55b57e97d700_0;  1 drivers
E_0x55b57e95f4f0 .event edge, v0x55b57e92a2b0_0, v0x55b57e97cf50_0;
E_0x55b57e9602e0 .event posedge, v0x55b57e97d220_0, v0x55b57e97ce80_0;
    .scope S_0x55b57e967980;
T_0 ;
    %wait E_0x55b57e9602e0;
    %load/vec4 v0x55b57e97d220_0;
    %flag_set/vec4 8;
    %jmp/0xz  T_0.0, 8;
    %pushi/vec4 0, 0, 2;
    %assign/vec4 v0x55b57e92a2b0_0, 0;
    %jmp T_0.1;
T_0.0 ;
    %load/vec4 v0x55b57e97d030_0;
    %assign/vec4 v0x55b57e92a2b0_0, 0;
T_0.1 ;
    %jmp T_0;
    .thread T_0;
    .scope S_0x55b57e967980;
T_1 ;
    %wait E_0x55b57e95f4f0;
    %load/vec4 v0x55b57e92a2b0_0;
    %store/vec4 v0x55b57e97d030_0, 0, 2;
    %pushi/vec4 0, 0, 1;
    %store/vec4 v0x55b57e97d160_0, 0, 1;
    %pushi/vec4 0, 0, 2;
    %store/vec4 v0x55b57e97cda0_0, 0, 2;
    %load/vec4 v0x55b57e92a2b0_0;
    %dup/vec4;
    %pushi/vec4 0, 0, 2;
    %cmp/u;
    %jmp/1 T_1.0, 6;
    %dup/vec4;
    %pushi/vec4 1, 0, 2;
    %cmp/u;
    %jmp/1 T_1.1, 6;
    %dup/vec4;
    %pushi/vec4 2, 0, 2;
    %cmp/u;
    %jmp/1 T_1.2, 6;
    %jmp T_1.3;
T_1.0 ;
    %load/vec4 v0x55b57e97cf50_0;
    %cmpi/e 0, 0, 2;
    %jmp/0xz  T_1.4, 4;
    %pushi/vec4 0, 0, 2;
    %store/vec4 v0x55b57e97d030_0, 0, 2;
    %pushi/vec4 0, 0, 1;
    %store/vec4 v0x55b57e97d160_0, 0, 1;
    %pushi/vec4 0, 0, 2;
    %store/vec4 v0x55b57e97cda0_0, 0, 2;
    %jmp T_1.5;
T_1.4 ;
    %load/vec4 v0x55b57e97cf50_0;
    %cmpi/e 1, 0, 2;
    %jmp/0xz  T_1.6, 4;
    %pushi/vec4 1, 0, 2;
    %store/vec4 v0x55b57e97d030_0, 0, 2;
    %pushi/vec4 0, 0, 1;
    %store/vec4 v0x55b57e97d160_0, 0, 1;
    %pushi/vec4 0, 0, 2;
    %store/vec4 v0x55b57e97cda0_0, 0, 2;
    %jmp T_1.7;
T_1.6 ;
    %load/vec4 v0x55b57e97cf50_0;
    %cmpi/e 2, 0, 2;
    %jmp/0xz  T_1.8, 4;
    %pushi/vec4 2, 0, 2;
    %store/vec4 v0x55b57e97d030_0, 0, 2;
    %pushi/vec4 0, 0, 1;
    %store/vec4 v0x55b57e97d160_0, 0, 1;
    %pushi/vec4 0, 0, 2;
    %store/vec4 v0x55b57e97cda0_0, 0, 2;
T_1.8 ;
T_1.7 ;
T_1.5 ;
    %jmp T_1.3;
T_1.1 ;
    %load/vec4 v0x55b57e97cf50_0;
    %cmpi/e 0, 0, 2;
    %jmp/0xz  T_1.10, 4;
    %pushi/vec4 0, 0, 2;
    %store/vec4 v0x55b57e97d030_0, 0, 2;
    %pushi/vec4 0, 0, 1;
    %store/vec4 v0x55b57e97d160_0, 0, 1;
    %pushi/vec4 1, 0, 2;
    %store/vec4 v0x55b57e97cda0_0, 0, 2;
    %jmp T_1.11;
T_1.10 ;
    %load/vec4 v0x55b57e97cf50_0;
    %cmpi/e 1, 0, 2;
    %jmp/0xz  T_1.12, 4;
    %pushi/vec4 2, 0, 2;
    %store/vec4 v0x55b57e97d030_0, 0, 2;
    %pushi/vec4 0, 0, 1;
    %store/vec4 v0x55b57e97d160_0, 0, 1;
    %pushi/vec4 0, 0, 2;
    %store/vec4 v0x55b57e97cda0_0, 0, 2;
    %jmp T_1.13;
T_1.12 ;
    %load/vec4 v0x55b57e97cf50_0;
    %cmpi/e 2, 0, 2;
    %jmp/0xz  T_1.14, 4;
    %pushi/vec4 0, 0, 2;
    %store/vec4 v0x55b57e97d030_0, 0, 2;
    %pushi/vec4 1, 0, 1;
    %store/vec4 v0x55b57e97d160_0, 0, 1;
    %pushi/vec4 0, 0, 2;
    %store/vec4 v0x55b57e97cda0_0, 0, 2;
T_1.14 ;
T_1.13 ;
T_1.11 ;
    %jmp T_1.3;
T_1.2 ;
    %load/vec4 v0x55b57e97cf50_0;
    %cmpi/e 0, 0, 2;
    %jmp/0xz  T_1.16, 4;
    %pushi/vec4 0, 0, 2;
    %store/vec4 v0x55b57e97d030_0, 0, 2;
    %pushi/vec4 0, 0, 1;
    %store/vec4 v0x55b57e97d160_0, 0, 1;
    %pushi/vec4 0, 0, 2;
    %store/vec4 v0x55b57e97cda0_0, 0, 2;
    %jmp T_1.17;
T_1.16 ;
    %load/vec4 v0x55b57e97cf50_0;
    %cmpi/e 1, 0, 2;
    %jmp/0xz  T_1.18, 4;
    %pushi/vec4 0, 0, 2;
    %store/vec4 v0x55b57e97d030_0, 0, 2;
    %pushi/vec4 1, 0, 1;
    %store/vec4 v0x55b57e97d160_0, 0, 1;
    %pushi/vec4 0, 0, 2;
    %store/vec4 v0x55b57e97cda0_0, 0, 2;
    %jmp T_1.19;
T_1.18 ;
    %load/vec4 v0x55b57e97cf50_0;
    %cmpi/e 2, 0, 2;
    %jmp/0xz  T_1.20, 4;
    %pushi/vec4 0, 0, 2;
    %store/vec4 v0x55b57e97d030_0, 0, 2;
    %pushi/vec4 1, 0, 1;
    %store/vec4 v0x55b57e97d160_0, 0, 1;
    %pushi/vec4 1, 0, 2;
    %store/vec4 v0x55b57e97cda0_0, 0, 2;
T_1.20 ;
T_1.19 ;
T_1.17 ;
    %jmp T_1.3;
T_1.3 ;
    %pop/vec4 1;
    %jmp T_1;
    .thread T_1, $push;
    .scope S_0x55b57e967800;
T_2 ;
    %vpi_call 2 13 "$dumpfile", "sim_gl/vm_gl_2.vcd" {0 0 0};
    %vpi_call 2 14 "$dumpvars", 32'sb00000000000000000000000000000000, S_0x55b57e967800 {0 0 0};
    %end;
    .thread T_2;
    .scope S_0x55b57e967800;
T_3 ;
    %pushi/vec4 1, 0, 1;
    %store/vec4 v0x55b57e97d700_0, 0, 1;
    %pushi/vec4 0, 0, 1;
    %store/vec4 v0x55b57e97d460_0, 0, 1;
    %delay 6000, 0;
    %pushi/vec4 0, 0, 1;
    %store/vec4 v0x55b57e97d700_0, 0, 1;
    %pushi/vec4 1, 0, 2;
    %store/vec4 v0x55b57e97d530_0, 0, 2;
    %delay 10000, 0;
    %pushi/vec4 1, 0, 2;
    %store/vec4 v0x55b57e97d530_0, 0, 2;
    %delay 12000, 0;
    %pushi/vec4 3, 0, 2;
    %store/vec4 v0x55b57e97d530_0, 0, 2;
    %delay 25000, 0;
    %vpi_call 2 25 "$finish" {0 0 0};
    %end;
    .thread T_3;
    .scope S_0x55b57e967800;
T_4 ;
    %delay 7000, 0;
    %load/vec4 v0x55b57e97d460_0;
    %inv;
    %store/vec4 v0x55b57e97d460_0, 0, 1;
    %jmp T_4;
    .thread T_4;
# The file index is used to find the file name in the following table.
:file_names 4;
    "N/A";
    "<interactive>";
    "tb/vm_tb2.v";
    "rtl/vm.v";
