#! /usr/bin/vvp
:ivl_version "11.0 (stable)";
:ivl_delay_selection "TYPICAL";
:vpi_time_precision - 12;
:vpi_module "/usr/lib/x86_64-linux-gnu/ivl/system.vpi";
:vpi_module "/usr/lib/x86_64-linux-gnu/ivl/vhdl_sys.vpi";
:vpi_module "/usr/lib/x86_64-linux-gnu/ivl/vhdl_textio.vpi";
:vpi_module "/usr/lib/x86_64-linux-gnu/ivl/v2005_math.vpi";
:vpi_module "/usr/lib/x86_64-linux-gnu/ivl/va_math.vpi";
S_0x5d2125f9bfa0 .scope module, "decoder2x4_tb" "decoder2x4_tb" 2 23;
 .timescale -9 -12;
v0x5d2125fc2b70_0 .var "in", 1 0;
v0x5d2125fc2c30_0 .net "out", 3 0, L_0x5d2125fc3720;  1 drivers
S_0x5d2125f9c130 .scope module, "dut" "decoder2x4" 2 27, 3 5 0, S_0x5d2125f9bfa0;
 .timescale 0 0;
    .port_info 0 /INPUT 2 "in";
    .port_info 1 /OUTPUT 4 "out";
L_0x5d2125fc2e40 .functor OR 1, L_0x5d2125fc2cd0, L_0x5d2125fc2da0, C4<0>, C4<0>;
L_0x5d2125fc2f80 .functor NOT 1, L_0x5d2125fc2e40, C4<0>, C4<0>, C4<0>;
L_0x5d2125fc31b0 .functor NOT 1, L_0x5d2125fc30e0, C4<0>, C4<0>, C4<0>;
L_0x5d2125fc3250 .functor AND 1, L_0x5d2125fc3040, L_0x5d2125fc31b0, C4<1>, C4<1>;
L_0x5d2125fc3510 .functor NOT 1, L_0x5d2125fc3430, C4<0>, C4<0>, C4<0>;
L_0x5d2125fc35d0 .functor AND 1, L_0x5d2125fc3390, L_0x5d2125fc3510, C4<1>, C4<1>;
L_0x5d2125fc3a90 .functor AND 1, L_0x5d2125fc3900, L_0x5d2125fc39f0, C4<1>, C4<1>;
v0x5d2125f87aa0_0 .net *"_ivl_13", 0 0, L_0x5d2125fc3040;  1 drivers
v0x5d2125fc1ca0_0 .net *"_ivl_15", 0 0, L_0x5d2125fc30e0;  1 drivers
v0x5d2125fc1d80_0 .net *"_ivl_16", 0 0, L_0x5d2125fc31b0;  1 drivers
v0x5d2125fc1e40_0 .net *"_ivl_18", 0 0, L_0x5d2125fc3250;  1 drivers
v0x5d2125fc1f20_0 .net *"_ivl_23", 0 0, L_0x5d2125fc3390;  1 drivers
v0x5d2125fc2050_0 .net *"_ivl_25", 0 0, L_0x5d2125fc3430;  1 drivers
v0x5d2125fc2130_0 .net *"_ivl_26", 0 0, L_0x5d2125fc3510;  1 drivers
v0x5d2125fc2210_0 .net *"_ivl_28", 0 0, L_0x5d2125fc35d0;  1 drivers
v0x5d2125fc22f0_0 .net *"_ivl_3", 0 0, L_0x5d2125fc2cd0;  1 drivers
v0x5d2125fc23d0_0 .net *"_ivl_34", 0 0, L_0x5d2125fc3900;  1 drivers
v0x5d2125fc24b0_0 .net *"_ivl_36", 0 0, L_0x5d2125fc39f0;  1 drivers
v0x5d2125fc2590_0 .net *"_ivl_37", 0 0, L_0x5d2125fc3a90;  1 drivers
v0x5d2125fc2670_0 .net *"_ivl_5", 0 0, L_0x5d2125fc2da0;  1 drivers
v0x5d2125fc2750_0 .net *"_ivl_6", 0 0, L_0x5d2125fc2e40;  1 drivers
v0x5d2125fc2830_0 .net *"_ivl_8", 0 0, L_0x5d2125fc2f80;  1 drivers
v0x5d2125fc2910_0 .net "in", 1 0, v0x5d2125fc2b70_0;  1 drivers
v0x5d2125fc2a10_0 .net "out", 3 0, L_0x5d2125fc3720;  alias, 1 drivers
L_0x5d2125fc2cd0 .part v0x5d2125fc2b70_0, 1, 1;
L_0x5d2125fc2da0 .part v0x5d2125fc2b70_0, 0, 1;
L_0x5d2125fc3040 .part v0x5d2125fc2b70_0, 0, 1;
L_0x5d2125fc30e0 .part v0x5d2125fc2b70_0, 1, 1;
L_0x5d2125fc3390 .part v0x5d2125fc2b70_0, 1, 1;
L_0x5d2125fc3430 .part v0x5d2125fc2b70_0, 0, 1;
L_0x5d2125fc3720 .concat8 [ 1 1 1 1], L_0x5d2125fc2f80, L_0x5d2125fc3250, L_0x5d2125fc35d0, L_0x5d2125fc3a90;
L_0x5d2125fc3900 .part v0x5d2125fc2b70_0, 1, 1;
L_0x5d2125fc39f0 .part v0x5d2125fc2b70_0, 0, 1;
    .scope S_0x5d2125f9bfa0;
T_0 ;
    %vpi_call 2 30 "$dumpfile", "vcd/decoder2x4_gl.vcd" {0 0 0};
    %vpi_call 2 31 "$dumpvars", 32'sb00000000000000000000000000000000, S_0x5d2125f9bfa0 {0 0 0};
    %end;
    .thread T_0;
    .scope S_0x5d2125f9bfa0;
T_1 ;
    %pushi/vec4 0, 0, 2;
    %store/vec4 v0x5d2125fc2b70_0, 0, 2;
    %delay 5000, 0;
    %pushi/vec4 1, 0, 2;
    %store/vec4 v0x5d2125fc2b70_0, 0, 2;
    %delay 10000, 0;
    %pushi/vec4 2, 0, 2;
    %store/vec4 v0x5d2125fc2b70_0, 0, 2;
    %delay 6000, 0;
    %pushi/vec4 3, 0, 2;
    %store/vec4 v0x5d2125fc2b70_0, 0, 2;
    %delay 5000, 0;
    %vpi_call 2 42 "$finish" {0 0 0};
    %end;
    .thread T_1;
# The file index is used to find the file name in the following table.
:file_names 4;
    "N/A";
    "<interactive>";
    "tb/decoder2x4_tb.v";
    "gl_netlist/decoder2x4_gl.v";
