#! /usr/bin/vvp
:ivl_version "11.0 (stable)";
:ivl_delay_selection "TYPICAL";
:vpi_time_precision - 12;
:vpi_module "/usr/lib/x86_64-linux-gnu/ivl/system.vpi";
:vpi_module "/usr/lib/x86_64-linux-gnu/ivl/vhdl_sys.vpi";
:vpi_module "/usr/lib/x86_64-linux-gnu/ivl/vhdl_textio.vpi";
:vpi_module "/usr/lib/x86_64-linux-gnu/ivl/v2005_math.vpi";
:vpi_module "/usr/lib/x86_64-linux-gnu/ivl/va_math.vpi";
S_0x5cc7db3ba1a0 .scope module, "jkff_tb2" "jkff_tb2" 2 23;
 .timescale -9 -12;
v0x5cc7db3e0c00_0 .var "clk", 0 0;
v0x5cc7db3e0cc0_0 .var "jk", 1 0;
v0x5cc7db3e0d90_0 .net "q", 0 0, v0x5cc7db3e09c0_0;  1 drivers
v0x5cc7db3e0e90_0 .net "qb", 0 0, L_0x5cc7db3e13a0;  1 drivers
S_0x5cc7db3ba330 .scope module, "dut" "jkff" 2 28, 3 5 0, S_0x5cc7db3ba1a0;
 .timescale 0 0;
    .port_info 0 /INPUT 2 "jk";
    .port_info 1 /INPUT 1 "clk";
    .port_info 2 /OUTPUT 1 "q";
    .port_info 3 /OUTPUT 1 "qb";
L_0x5cc7db3e1080 .functor NOT 1, L_0x5cc7db3e0f60, C4<0>, C4<0>, C4<0>;
L_0x5cc7db3e13a0 .functor NOT 1, v0x5cc7db3e09c0_0, C4<0>, C4<0>, C4<0>;
v0x5cc7db3ba4c0_0 .net "_0_", 0 0, L_0x5cc7db3e11e0;  1 drivers
v0x5cc7db3e0530_0 .net "_1_", 0 0, L_0x5cc7db3e1080;  1 drivers
v0x5cc7db3e05f0_0 .net *"_ivl_1", 0 0, L_0x5cc7db3e0f60;  1 drivers
v0x5cc7db3e06b0_0 .net *"_ivl_5", 0 0, L_0x5cc7db3e1140;  1 drivers
v0x5cc7db3e0790_0 .net "clk", 0 0, v0x5cc7db3e0c00_0;  1 drivers
v0x5cc7db3e08c0_0 .net "jk", 1 0, v0x5cc7db3e0cc0_0;  1 drivers
v0x5cc7db3e09c0_0 .var "q", 0 0;
v0x5cc7db3e0aa0_0 .net "qb", 0 0, L_0x5cc7db3e13a0;  alias, 1 drivers
E_0x5cc7db380e60 .event posedge, v0x5cc7db3e0790_0;
L_0x5cc7db3e0f60 .part v0x5cc7db3e0cc0_0, 0, 1;
L_0x5cc7db3e1140 .part v0x5cc7db3e0cc0_0, 1, 1;
L_0x5cc7db3e11e0 .functor MUXZ 1, L_0x5cc7db3e1140, L_0x5cc7db3e1080, v0x5cc7db3e09c0_0, C4<>;
    .scope S_0x5cc7db3ba330;
T_0 ;
    %wait E_0x5cc7db380e60;
    %load/vec4 v0x5cc7db3ba4c0_0;
    %assign/vec4 v0x5cc7db3e09c0_0, 0;
    %jmp T_0;
    .thread T_0;
    .scope S_0x5cc7db3ba1a0;
T_1 ;
    %pushi/vec4 0, 0, 1;
    %store/vec4 v0x5cc7db3e0c00_0, 0, 1;
T_1.0 ;
    %delay 2000, 0;
    %load/vec4 v0x5cc7db3e0c00_0;
    %inv;
    %store/vec4 v0x5cc7db3e0c00_0, 0, 1;
    %jmp T_1.0;
    %end;
    .thread T_1;
    .scope S_0x5cc7db3ba1a0;
T_2 ;
    %vpi_call 2 37 "$dumpfile", "vcd/jkff_gl2.vcd" {0 0 0};
    %vpi_call 2 38 "$dumpvars", 32'sb00000000000000000000000000000000, S_0x5cc7db3ba1a0 {0 0 0};
    %end;
    .thread T_2;
    .scope S_0x5cc7db3ba1a0;
T_3 ;
    %pushi/vec4 1, 0, 2;
    %store/vec4 v0x5cc7db3e0cc0_0, 0, 2;
    %delay 5000, 0;
    %pushi/vec4 2, 0, 2;
    %store/vec4 v0x5cc7db3e0cc0_0, 0, 2;
    %delay 3000, 0;
    %pushi/vec4 3, 0, 2;
    %store/vec4 v0x5cc7db3e0cc0_0, 0, 2;
    %delay 5000, 0;
    %pushi/vec4 0, 0, 2;
    %store/vec4 v0x5cc7db3e0cc0_0, 0, 2;
    %delay 7000, 0;
    %pushi/vec4 1, 0, 2;
    %store/vec4 v0x5cc7db3e0cc0_0, 0, 2;
    %delay 5000, 0;
    %pushi/vec4 3, 0, 2;
    %store/vec4 v0x5cc7db3e0cc0_0, 0, 2;
    %delay 2000, 0;
    %pushi/vec4 1, 0, 2;
    %store/vec4 v0x5cc7db3e0cc0_0, 0, 2;
    %delay 10000, 0;
    %pushi/vec4 2, 0, 2;
    %store/vec4 v0x5cc7db3e0cc0_0, 0, 2;
    %delay 9000, 0;
    %pushi/vec4 0, 0, 2;
    %store/vec4 v0x5cc7db3e0cc0_0, 0, 2;
    %delay 5000, 0;
    %vpi_call 2 60 "$finish" {0 0 0};
    %end;
    .thread T_3;
# The file index is used to find the file name in the following table.
:file_names 4;
    "N/A";
    "<interactive>";
    "tb/jkff_tb2.v";
    "gl_netlist/jkff_gl.v";
