#! /usr/bin/vvp
:ivl_version "11.0 (stable)";
:ivl_delay_selection "TYPICAL";
:vpi_time_precision - 12;
:vpi_module "/usr/lib/x86_64-linux-gnu/ivl/system.vpi";
:vpi_module "/usr/lib/x86_64-linux-gnu/ivl/vhdl_sys.vpi";
:vpi_module "/usr/lib/x86_64-linux-gnu/ivl/vhdl_textio.vpi";
:vpi_module "/usr/lib/x86_64-linux-gnu/ivl/v2005_math.vpi";
:vpi_module "/usr/lib/x86_64-linux-gnu/ivl/va_math.vpi";
S_0x5c02bf53d290 .scope module, "mux4x1_tb3" "mux4x1_tb3" 2 23;
 .timescale -9 -12;
v0x5c02bf573c80_0 .var "a", 0 0;
v0x5c02bf573d90_0 .var "b", 0 0;
v0x5c02bf573ea0_0 .var "c", 0 0;
v0x5c02bf573f90_0 .var "d", 0 0;
v0x5c02bf574080_0 .net "out", 0 0, L_0x5c02bf5745f0;  1 drivers
v0x5c02bf5741c0_0 .var "sel", 1 0;
S_0x5c02bf53d420 .scope module, "dut" "mux4x1" 2 28, 3 18 0, S_0x5c02bf53d290;
 .timescale 0 0;
    .port_info 0 /INPUT 1 "a";
    .port_info 1 /INPUT 1 "b";
    .port_info 2 /INPUT 1 "c";
    .port_info 3 /INPUT 1 "d";
    .port_info 4 /INPUT 2 "sel";
    .port_info 5 /OUTPUT 1 "out";
v0x5c02bf573470_0 .net "a", 0 0, v0x5c02bf573c80_0;  1 drivers
v0x5c02bf573550_0 .net "b", 0 0, v0x5c02bf573d90_0;  1 drivers
v0x5c02bf573620_0 .net "c", 0 0, v0x5c02bf573ea0_0;  1 drivers
v0x5c02bf573720_0 .net "d", 0 0, v0x5c02bf573f90_0;  1 drivers
v0x5c02bf5737f0_0 .net "out", 0 0, L_0x5c02bf5745f0;  alias, 1 drivers
v0x5c02bf5738e0_0 .net "sel", 1 0, v0x5c02bf5741c0_0;  1 drivers
v0x5c02bf5739a0_0 .net "w1", 0 0, L_0x5c02bf574260;  1 drivers
v0x5c02bf573ab0_0 .net "w2", 0 0, L_0x5c02bf574440;  1 drivers
L_0x5c02bf574300 .part v0x5c02bf5741c0_0, 0, 1;
L_0x5c02bf574500 .part v0x5c02bf5741c0_0, 0, 1;
L_0x5c02bf5746b0 .part v0x5c02bf5741c0_0, 1, 1;
S_0x5c02bf540900 .scope module, "u1" "mux2x1" 3 37, 3 4 0, S_0x5c02bf53d420;
 .timescale 0 0;
    .port_info 0 /INPUT 1 "a";
    .port_info 1 /INPUT 1 "b";
    .port_info 2 /INPUT 1 "sel";
    .port_info 3 /OUTPUT 1 "out";
v0x5c02bf503cf0_0 .net "a", 0 0, v0x5c02bf573c80_0;  alias, 1 drivers
v0x5c02bf572480_0 .net "b", 0 0, v0x5c02bf573d90_0;  alias, 1 drivers
v0x5c02bf572560_0 .net "out", 0 0, L_0x5c02bf574260;  alias, 1 drivers
v0x5c02bf572620_0 .net "sel", 0 0, L_0x5c02bf574300;  1 drivers
L_0x5c02bf574260 .functor MUXZ 1, v0x5c02bf573c80_0, v0x5c02bf573d90_0, L_0x5c02bf574300, C4<>;
S_0x5c02bf572780 .scope module, "u2" "mux2x1" 3 45, 3 4 0, S_0x5c02bf53d420;
 .timescale 0 0;
    .port_info 0 /INPUT 1 "a";
    .port_info 1 /INPUT 1 "b";
    .port_info 2 /INPUT 1 "sel";
    .port_info 3 /OUTPUT 1 "out";
v0x5c02bf5729f0_0 .net "a", 0 0, v0x5c02bf573ea0_0;  alias, 1 drivers
v0x5c02bf572ad0_0 .net "b", 0 0, v0x5c02bf573f90_0;  alias, 1 drivers
v0x5c02bf572bb0_0 .net "out", 0 0, L_0x5c02bf574440;  alias, 1 drivers
v0x5c02bf572c70_0 .net "sel", 0 0, L_0x5c02bf574500;  1 drivers
L_0x5c02bf574440 .functor MUXZ 1, v0x5c02bf573ea0_0, v0x5c02bf573f90_0, L_0x5c02bf574500, C4<>;
S_0x5c02bf572dd0 .scope module, "u3" "mux2x1" 3 53, 3 4 0, S_0x5c02bf53d420;
 .timescale 0 0;
    .port_info 0 /INPUT 1 "a";
    .port_info 1 /INPUT 1 "b";
    .port_info 2 /INPUT 1 "sel";
    .port_info 3 /OUTPUT 1 "out";
v0x5c02bf573050_0 .net "a", 0 0, L_0x5c02bf574260;  alias, 1 drivers
v0x5c02bf573140_0 .net "b", 0 0, L_0x5c02bf574440;  alias, 1 drivers
v0x5c02bf573210_0 .net "out", 0 0, L_0x5c02bf5745f0;  alias, 1 drivers
v0x5c02bf5732e0_0 .net "sel", 0 0, L_0x5c02bf5746b0;  1 drivers
L_0x5c02bf5745f0 .functor MUXZ 1, L_0x5c02bf574260, L_0x5c02bf574440, L_0x5c02bf5746b0, C4<>;
    .scope S_0x5c02bf53d290;
T_0 ;
    %vpi_call 2 31 "$dumpfile", "vcd/mux4x1_gl3.vcd" {0 0 0};
    %vpi_call 2 32 "$dumpvars", 32'sb00000000000000000000000000000000, S_0x5c02bf53d290 {0 0 0};
    %end;
    .thread T_0;
    .scope S_0x5c02bf53d290;
T_1 ;
    %pushi/vec4 0, 0, 2;
    %store/vec4 v0x5c02bf5741c0_0, 0, 2;
    %pushi/vec4 1, 0, 1;
    %store/vec4 v0x5c02bf573c80_0, 0, 1;
    %pushi/vec4 0, 0, 1;
    %store/vec4 v0x5c02bf573d90_0, 0, 1;
    %pushi/vec4 1, 0, 1;
    %store/vec4 v0x5c02bf573ea0_0, 0, 1;
    %pushi/vec4 1, 0, 1;
    %store/vec4 v0x5c02bf573f90_0, 0, 1;
    %delay 5000, 0;
    %pushi/vec4 1, 0, 2;
    %store/vec4 v0x5c02bf5741c0_0, 0, 2;
    %pushi/vec4 1, 0, 1;
    %store/vec4 v0x5c02bf573c80_0, 0, 1;
    %pushi/vec4 1, 0, 1;
    %store/vec4 v0x5c02bf573d90_0, 0, 1;
    %pushi/vec4 0, 0, 1;
    %store/vec4 v0x5c02bf573ea0_0, 0, 1;
    %pushi/vec4 1, 0, 1;
    %store/vec4 v0x5c02bf573f90_0, 0, 1;
    %delay 5000, 0;
    %pushi/vec4 0, 0, 2;
    %store/vec4 v0x5c02bf5741c0_0, 0, 2;
    %pushi/vec4 0, 0, 1;
    %store/vec4 v0x5c02bf573c80_0, 0, 1;
    %pushi/vec4 0, 0, 1;
    %store/vec4 v0x5c02bf573d90_0, 0, 1;
    %pushi/vec4 1, 0, 1;
    %store/vec4 v0x5c02bf573ea0_0, 0, 1;
    %pushi/vec4 1, 0, 1;
    %store/vec4 v0x5c02bf573f90_0, 0, 1;
    %delay 5000, 0;
    %pushi/vec4 2, 0, 2;
    %store/vec4 v0x5c02bf5741c0_0, 0, 2;
    %pushi/vec4 1, 0, 1;
    %store/vec4 v0x5c02bf573c80_0, 0, 1;
    %pushi/vec4 1, 0, 1;
    %store/vec4 v0x5c02bf573d90_0, 0, 1;
    %pushi/vec4 1, 0, 1;
    %store/vec4 v0x5c02bf573ea0_0, 0, 1;
    %pushi/vec4 1, 0, 1;
    %store/vec4 v0x5c02bf573f90_0, 0, 1;
    %delay 5000, 0;
    %pushi/vec4 3, 0, 2;
    %store/vec4 v0x5c02bf5741c0_0, 0, 2;
    %pushi/vec4 1, 0, 1;
    %store/vec4 v0x5c02bf573c80_0, 0, 1;
    %pushi/vec4 0, 0, 1;
    %store/vec4 v0x5c02bf573d90_0, 0, 1;
    %pushi/vec4 1, 0, 1;
    %store/vec4 v0x5c02bf573ea0_0, 0, 1;
    %pushi/vec4 0, 0, 1;
    %store/vec4 v0x5c02bf573f90_0, 0, 1;
    %delay 5000, 0;
    %pushi/vec4 0, 0, 2;
    %store/vec4 v0x5c02bf5741c0_0, 0, 2;
    %pushi/vec4 0, 0, 1;
    %store/vec4 v0x5c02bf573c80_0, 0, 1;
    %pushi/vec4 0, 0, 1;
    %store/vec4 v0x5c02bf573d90_0, 0, 1;
    %pushi/vec4 1, 0, 1;
    %store/vec4 v0x5c02bf573ea0_0, 0, 1;
    %pushi/vec4 0, 0, 1;
    %store/vec4 v0x5c02bf573f90_0, 0, 1;
    %delay 5000, 0;
    %pushi/vec4 2, 0, 2;
    %store/vec4 v0x5c02bf5741c0_0, 0, 2;
    %pushi/vec4 1, 0, 1;
    %store/vec4 v0x5c02bf573c80_0, 0, 1;
    %pushi/vec4 0, 0, 1;
    %store/vec4 v0x5c02bf573d90_0, 0, 1;
    %pushi/vec4 0, 0, 1;
    %store/vec4 v0x5c02bf573ea0_0, 0, 1;
    %pushi/vec4 1, 0, 1;
    %store/vec4 v0x5c02bf573f90_0, 0, 1;
    %delay 15000, 0;
    %pushi/vec4 3, 0, 2;
    %store/vec4 v0x5c02bf5741c0_0, 0, 2;
    %pushi/vec4 1, 0, 1;
    %store/vec4 v0x5c02bf573c80_0, 0, 1;
    %pushi/vec4 1, 0, 1;
    %store/vec4 v0x5c02bf573d90_0, 0, 1;
    %pushi/vec4 1, 0, 1;
    %store/vec4 v0x5c02bf573ea0_0, 0, 1;
    %pushi/vec4 1, 0, 1;
    %store/vec4 v0x5c02bf573f90_0, 0, 1;
    %delay 5000, 0;
    %vpi_call 2 52 "$finish" {0 0 0};
    %end;
    .thread T_1;
# The file index is used to find the file name in the following table.
:file_names 4;
    "N/A";
    "<interactive>";
    "tb/mux4x1_tb3.v";
    "gl_netlist/mux4x1_gl.v";
