#! /usr/bin/vvp
:ivl_version "11.0 (stable)";
:ivl_delay_selection "TYPICAL";
:vpi_time_precision - 12;
:vpi_module "/usr/lib/x86_64-linux-gnu/ivl/system.vpi";
:vpi_module "/usr/lib/x86_64-linux-gnu/ivl/vhdl_sys.vpi";
:vpi_module "/usr/lib/x86_64-linux-gnu/ivl/vhdl_textio.vpi";
:vpi_module "/usr/lib/x86_64-linux-gnu/ivl/v2005_math.vpi";
:vpi_module "/usr/lib/x86_64-linux-gnu/ivl/va_math.vpi";
S_0x576dba1b59b0 .scope module, "srff_tb3" "srff_tb3" 2 23;
 .timescale -9 -12;
v0x576dba1de210_0 .var "clk", 0 0;
v0x576dba1de2d0_0 .net "q", 0 0, v0x576dba1dded0_0;  1 drivers
v0x576dba1de370_0 .net "qb", 0 0, L_0x576dba1de540;  1 drivers
v0x576dba1de470_0 .var "sr", 1 0;
S_0x576dba1b5b40 .scope module, "dut" "srff" 2 28, 3 5 0, S_0x576dba1b59b0;
 .timescale 0 0;
    .port_info 0 /INPUT 2 "sr";
    .port_info 1 /INPUT 1 "clk";
    .port_info 2 /OUTPUT 1 "q";
    .port_info 3 /OUTPUT 1 "qb";
L_0x576dba1de540 .functor NOT 1, v0x576dba1dded0_0, C4<0>, C4<0>, C4<0>;
L_0x576dba1de790 .functor XOR 1, L_0x576dba1de600, L_0x576dba1de6f0, C4<0>, C4<0>;
L_0x576dba1dea10 .functor NOT 1, L_0x576dba1de940, C4<0>, C4<0>, C4<0>;
L_0x576dba1deab0 .functor OR 1, L_0x576dba1de8a0, L_0x576dba1dea10, C4<0>, C4<0>;
L_0x576dba1debf0 .functor OR 1, L_0x576dba1de790, L_0x576dba1de540, C4<0>, C4<0>;
L_0x576dba1decb0 .functor AND 1, L_0x576dba1debf0, L_0x576dba1deab0, C4<1>, C4<1>;
L_0x576dba1dee00 .functor NOT 1, L_0x576dba1decb0, C4<0>, C4<0>, C4<0>;
v0x576dba1b5cd0_0 .net "_0_", 0 0, L_0x576dba1dee00;  1 drivers
v0x576dba1dd670_0 .net "_1_", 0 0, L_0x576dba1de790;  1 drivers
v0x576dba1dd730_0 .net "_2_", 0 0, L_0x576dba1deab0;  1 drivers
v0x576dba1dd7d0_0 .net *"_ivl_11", 0 0, L_0x576dba1de940;  1 drivers
v0x576dba1dd8b0_0 .net *"_ivl_12", 0 0, L_0x576dba1dea10;  1 drivers
v0x576dba1dd990_0 .net *"_ivl_16", 0 0, L_0x576dba1debf0;  1 drivers
v0x576dba1dda70_0 .net *"_ivl_18", 0 0, L_0x576dba1decb0;  1 drivers
v0x576dba1ddb50_0 .net *"_ivl_3", 0 0, L_0x576dba1de600;  1 drivers
v0x576dba1ddc30_0 .net *"_ivl_5", 0 0, L_0x576dba1de6f0;  1 drivers
v0x576dba1ddd10_0 .net *"_ivl_9", 0 0, L_0x576dba1de8a0;  1 drivers
v0x576dba1dddf0_0 .net "clk", 0 0, v0x576dba1de210_0;  1 drivers
v0x576dba1dded0_0 .var "q", 0 0;
v0x576dba1ddfb0_0 .net "qb", 0 0, L_0x576dba1de540;  alias, 1 drivers
v0x576dba1de090_0 .net "sr", 1 0, v0x576dba1de470_0;  1 drivers
E_0x576dba17be60 .event posedge, v0x576dba1dddf0_0;
L_0x576dba1de600 .part v0x576dba1de470_0, 1, 1;
L_0x576dba1de6f0 .part v0x576dba1de470_0, 0, 1;
L_0x576dba1de8a0 .part v0x576dba1de470_0, 0, 1;
L_0x576dba1de940 .part v0x576dba1de470_0, 1, 1;
    .scope S_0x576dba1b5b40;
T_0 ;
    %wait E_0x576dba17be60;
    %load/vec4 v0x576dba1b5cd0_0;
    %assign/vec4 v0x576dba1dded0_0, 0;
    %jmp T_0;
    .thread T_0;
    .scope S_0x576dba1b59b0;
T_1 ;
    %pushi/vec4 0, 0, 1;
    %store/vec4 v0x576dba1de210_0, 0, 1;
T_1.0 ;
    %delay 2000, 0;
    %load/vec4 v0x576dba1de210_0;
    %inv;
    %store/vec4 v0x576dba1de210_0, 0, 1;
    %jmp T_1.0;
    %end;
    .thread T_1;
    .scope S_0x576dba1b59b0;
T_2 ;
    %vpi_call 2 36 "$dumpfile", "vcd/srff_gl3.vcd" {0 0 0};
    %vpi_call 2 37 "$dumpvars", 32'sb00000000000000000000000000000000, S_0x576dba1b59b0 {0 0 0};
    %end;
    .thread T_2;
    .scope S_0x576dba1b59b0;
T_3 ;
    %pushi/vec4 2, 0, 2;
    %store/vec4 v0x576dba1de470_0, 0, 2;
    %delay 6000, 0;
    %pushi/vec4 3, 0, 2;
    %store/vec4 v0x576dba1de470_0, 0, 2;
    %delay 5000, 0;
    %pushi/vec4 1, 0, 2;
    %store/vec4 v0x576dba1de470_0, 0, 2;
    %delay 3000, 0;
    %pushi/vec4 3, 0, 2;
    %store/vec4 v0x576dba1de470_0, 0, 2;
    %delay 5000, 0;
    %pushi/vec4 2, 0, 2;
    %store/vec4 v0x576dba1de470_0, 0, 2;
    %delay 6000, 0;
    %pushi/vec4 1, 0, 2;
    %store/vec4 v0x576dba1de470_0, 0, 2;
    %delay 5000, 0;
    %pushi/vec4 2, 0, 2;
    %store/vec4 v0x576dba1de470_0, 0, 2;
    %delay 5000, 0;
    %pushi/vec4 0, 0, 2;
    %store/vec4 v0x576dba1de470_0, 0, 2;
    %delay 8000, 0;
    %pushi/vec4 1, 0, 2;
    %store/vec4 v0x576dba1de470_0, 0, 2;
    %delay 10000, 0;
    %vpi_call 2 58 "$finish" {0 0 0};
    %end;
    .thread T_3;
# The file index is used to find the file name in the following table.
:file_names 4;
    "N/A";
    "<interactive>";
    "tb/srff_tb3.v";
    "gl_netlist/srff_gl.v";
