#! /usr/bin/vvp
:ivl_version "11.0 (stable)";
:ivl_delay_selection "TYPICAL";
:vpi_time_precision - 12;
:vpi_module "/usr/lib/x86_64-linux-gnu/ivl/system.vpi";
:vpi_module "/usr/lib/x86_64-linux-gnu/ivl/vhdl_sys.vpi";
:vpi_module "/usr/lib/x86_64-linux-gnu/ivl/vhdl_textio.vpi";
:vpi_module "/usr/lib/x86_64-linux-gnu/ivl/v2005_math.vpi";
:vpi_module "/usr/lib/x86_64-linux-gnu/ivl/va_math.vpi";
S_0x605d43ccf9b0 .scope module, "srff_tb" "srff_tb" 2 23;
 .timescale -9 -12;
v0x605d43cf85b0_0 .var "clk", 0 0;
v0x605d43cf8670_0 .net "q", 0 0, v0x605d43cf8270_0;  1 drivers
v0x605d43cf8710_0 .net "qb", 0 0, L_0x605d43cf88e0;  1 drivers
v0x605d43cf8810_0 .var "sr", 1 0;
S_0x605d43ccfb40 .scope module, "dut" "srff" 2 28, 3 5 0, S_0x605d43ccf9b0;
 .timescale 0 0;
    .port_info 0 /INPUT 2 "sr";
    .port_info 1 /INPUT 1 "clk";
    .port_info 2 /OUTPUT 1 "q";
    .port_info 3 /OUTPUT 1 "qb";
L_0x605d43cf88e0 .functor NOT 1, v0x605d43cf8270_0, C4<0>, C4<0>, C4<0>;
L_0x605d43cf8b30 .functor XOR 1, L_0x605d43cf89a0, L_0x605d43cf8a90, C4<0>, C4<0>;
L_0x605d43cf8db0 .functor NOT 1, L_0x605d43cf8ce0, C4<0>, C4<0>, C4<0>;
L_0x605d43cf8e50 .functor OR 1, L_0x605d43cf8c40, L_0x605d43cf8db0, C4<0>, C4<0>;
L_0x605d43cf8f90 .functor OR 1, L_0x605d43cf8b30, L_0x605d43cf88e0, C4<0>, C4<0>;
L_0x605d43cf9050 .functor AND 1, L_0x605d43cf8f90, L_0x605d43cf8e50, C4<1>, C4<1>;
L_0x605d43cf91a0 .functor NOT 1, L_0x605d43cf9050, C4<0>, C4<0>, C4<0>;
v0x605d43ccfcd0_0 .net "_0_", 0 0, L_0x605d43cf91a0;  1 drivers
v0x605d43cf7a10_0 .net "_1_", 0 0, L_0x605d43cf8b30;  1 drivers
v0x605d43cf7ad0_0 .net "_2_", 0 0, L_0x605d43cf8e50;  1 drivers
v0x605d43cf7b70_0 .net *"_ivl_11", 0 0, L_0x605d43cf8ce0;  1 drivers
v0x605d43cf7c50_0 .net *"_ivl_12", 0 0, L_0x605d43cf8db0;  1 drivers
v0x605d43cf7d30_0 .net *"_ivl_16", 0 0, L_0x605d43cf8f90;  1 drivers
v0x605d43cf7e10_0 .net *"_ivl_18", 0 0, L_0x605d43cf9050;  1 drivers
v0x605d43cf7ef0_0 .net *"_ivl_3", 0 0, L_0x605d43cf89a0;  1 drivers
v0x605d43cf7fd0_0 .net *"_ivl_5", 0 0, L_0x605d43cf8a90;  1 drivers
v0x605d43cf80b0_0 .net *"_ivl_9", 0 0, L_0x605d43cf8c40;  1 drivers
v0x605d43cf8190_0 .net "clk", 0 0, v0x605d43cf85b0_0;  1 drivers
v0x605d43cf8270_0 .var "q", 0 0;
v0x605d43cf8350_0 .net "qb", 0 0, L_0x605d43cf88e0;  alias, 1 drivers
v0x605d43cf8430_0 .net "sr", 1 0, v0x605d43cf8810_0;  1 drivers
E_0x605d43c95e60 .event posedge, v0x605d43cf8190_0;
L_0x605d43cf89a0 .part v0x605d43cf8810_0, 1, 1;
L_0x605d43cf8a90 .part v0x605d43cf8810_0, 0, 1;
L_0x605d43cf8c40 .part v0x605d43cf8810_0, 0, 1;
L_0x605d43cf8ce0 .part v0x605d43cf8810_0, 1, 1;
    .scope S_0x605d43ccfb40;
T_0 ;
    %wait E_0x605d43c95e60;
    %load/vec4 v0x605d43ccfcd0_0;
    %assign/vec4 v0x605d43cf8270_0, 0;
    %jmp T_0;
    .thread T_0;
    .scope S_0x605d43ccf9b0;
T_1 ;
    %pushi/vec4 0, 0, 1;
    %store/vec4 v0x605d43cf85b0_0, 0, 1;
T_1.0 ;
    %delay 2000, 0;
    %load/vec4 v0x605d43cf85b0_0;
    %inv;
    %store/vec4 v0x605d43cf85b0_0, 0, 1;
    %jmp T_1.0;
    %end;
    .thread T_1;
    .scope S_0x605d43ccf9b0;
T_2 ;
    %vpi_call 2 36 "$dumpfile", "vcd/srff_gl.vcd" {0 0 0};
    %vpi_call 2 37 "$dumpvars", 32'sb00000000000000000000000000000000, S_0x605d43ccf9b0 {0 0 0};
    %end;
    .thread T_2;
    .scope S_0x605d43ccf9b0;
T_3 ;
    %pushi/vec4 0, 0, 2;
    %store/vec4 v0x605d43cf8810_0, 0, 2;
    %delay 6000, 0;
    %pushi/vec4 1, 0, 2;
    %store/vec4 v0x605d43cf8810_0, 0, 2;
    %delay 4000, 0;
    %pushi/vec4 2, 0, 2;
    %store/vec4 v0x605d43cf8810_0, 0, 2;
    %delay 5000, 0;
    %pushi/vec4 3, 0, 2;
    %store/vec4 v0x605d43cf8810_0, 0, 2;
    %delay 7000, 0;
    %pushi/vec4 2, 0, 2;
    %store/vec4 v0x605d43cf8810_0, 0, 2;
    %delay 5000, 0;
    %pushi/vec4 1, 0, 2;
    %store/vec4 v0x605d43cf8810_0, 0, 2;
    %delay 5000, 0;
    %pushi/vec4 0, 0, 2;
    %store/vec4 v0x605d43cf8810_0, 0, 2;
    %delay 8000, 0;
    %pushi/vec4 2, 0, 2;
    %store/vec4 v0x605d43cf8810_0, 0, 2;
    %delay 9000, 0;
    %pushi/vec4 3, 0, 2;
    %store/vec4 v0x605d43cf8810_0, 0, 2;
    %delay 10000, 0;
    %pushi/vec4 0, 0, 2;
    %store/vec4 v0x605d43cf8810_0, 0, 2;
    %delay 5000, 0;
    %vpi_call 2 60 "$finish" {0 0 0};
    %end;
    .thread T_3;
# The file index is used to find the file name in the following table.
:file_names 4;
    "N/A";
    "<interactive>";
    "tb/srff_tb.v";
    "gl_netlist/srff_gl.v";
